

================================================================
== Vitis HLS Report for 'vector_add'
================================================================
* Date:           Thu Feb 27 14:43:00 2025

* Version:        2024.2 (Build 5238294 on Nov  8 2024)
* Project:        prj
* Solution:       vector_add_sol (Vivado IP Flow Target)
* Product family: virtexuplus
* Target device:  xcvu19p-fsvb3824-2-e


================================================================
== Performance Estimates
================================================================
+ Timing: 
    * Summary: 
    +--------+---------+----------+------------+
    |  Clock |  Target | Estimated| Uncertainty|
    +--------+---------+----------+------------+
    |ap_clk  |  3.30 ns|  0.880 ns|     0.89 ns|
    +--------+---------+----------+------------+

+ Latency: 
    * Summary: 
    +---------+---------+----------+----------+-----+-----+---------+
    |  Latency (cycles) |  Latency (absolute) |  Interval | Pipeline|
    |   min   |   max   |    min   |    max   | min | max |   Type  |
    +---------+---------+----------+----------+-----+-----+---------+
    |        0|        0|      0 ns|      0 ns|    1|    1|       no|
    +---------+---------+----------+----------+-----+-----+---------+

    + Detail: 
        * Instance: 
        N/A

        * Loop: 
        N/A



================================================================
== Utilization Estimates
================================================================
* Summary: 
+---------------------+---------+------+---------+---------+-----+
|         Name        | BRAM_18K|  DSP |    FF   |   LUT   | URAM|
+---------------------+---------+------+---------+---------+-----+
|DSP                  |        -|     -|        -|        -|    -|
|Expression           |        -|     -|        0|       78|    -|
|FIFO                 |        -|     -|        -|        -|    -|
|Instance             |        -|     -|        -|        -|    -|
|Memory               |        -|     -|        -|        -|    -|
|Multiplexer          |        -|     -|        -|        -|    -|
|Register             |        -|     -|        -|        -|    -|
+---------------------+---------+------+---------+---------+-----+
|Total                |        0|     0|        0|       78|    0|
+---------------------+---------+------+---------+---------+-----+
|Available SLR        |     1080|   960|  2042880|  1021440|   80|
+---------------------+---------+------+---------+---------+-----+
|Utilization SLR (%)  |        0|     0|        0|       ~0|    0|
+---------------------+---------+------+---------+---------+-----+
|Available            |     4320|  3840|  8171520|  4085760|  320|
+---------------------+---------+------+---------+---------+-----+
|Utilization (%)      |        0|     0|        0|       ~0|    0|
+---------------------+---------+------+---------+---------+-----+

+ Detail: 
    * Instance: 
    N/A

    * DSP: 
    N/A

    * Memory: 
    N/A

    * FIFO: 
    N/A

    * Expression: 
    +--------------+----------+----+---+----+------------+------------+
    | Variable Name| Operation| DSP| FF| LUT| Bitwidth P0| Bitwidth P1|
    +--------------+----------+----+---+----+------------+------------+
    |vec_d1_x      |         +|   0|  0|  39|          32|          32|
    |vec_d1_y      |         +|   0|  0|  39|          32|          32|
    +--------------+----------+----+---+----+------------+------------+
    |Total         |          |   0|  0|  78|          64|          64|
    +--------------+----------+----+---+----+------------+------------+

    * Multiplexer: 
    N/A

    * Register: 
    N/A



================================================================
== Interface
================================================================
* Summary: 
+-----------------+-----+-----+------------+--------------+--------------+
|    RTL Ports    | Dir | Bits|  Protocol  | Source Object|    C Type    |
+-----------------+-----+-----+------------+--------------+--------------+
|ap_start         |   in|    1|  ap_ctrl_hs|    vector_add|  return value|
|ap_done          |  out|    1|  ap_ctrl_hs|    vector_add|  return value|
|ap_idle          |  out|    1|  ap_ctrl_hs|    vector_add|  return value|
|ap_ready         |  out|    1|  ap_ctrl_hs|    vector_add|  return value|
|ap_ce            |   in|    1|  ap_ctrl_hs|    vector_add|  return value|
|ap_rst           |   in|    1|  ap_ctrl_hs|    vector_add|  return value|
|ap_core          |   in|    8|     ap_none|       ap_core|        scalar|
|ap_part          |   in|    8|     ap_none|       ap_part|        scalar|
|ap_parent        |   in|    8|     ap_none|     ap_parent|        scalar|
|vec_d1_x         |  out|   32|      ap_vld|      vec_d1_x|       pointer|
|vec_d1_x_ap_vld  |  out|    1|      ap_vld|      vec_d1_x|       pointer|
|vec_d1_y         |  out|   32|      ap_vld|      vec_d1_y|       pointer|
|vec_d1_y_ap_vld  |  out|    1|      ap_vld|      vec_d1_y|       pointer|
|vec_s1_x         |   in|   32|     ap_none|      vec_s1_x|       pointer|
|vec_s1_y         |   in|   32|     ap_none|      vec_s1_y|       pointer|
|vec_s2_x         |   in|   32|     ap_none|      vec_s2_x|       pointer|
|vec_s2_y         |   in|   32|     ap_none|      vec_s2_y|       pointer|
+-----------------+-----+-----+------------+--------------+--------------+

============================================================
+ Verbose Summary: Synthesis Manager
============================================================
InlineROM: 1
ExposeGlobal: 0
============================================================
+ Verbose Summary: CDFG Model
============================================================
IsTopModel: 1
ResetActiveHigh: 1
IsCombinational: 1
IsDatapathOnly: 2
HasWiredReturn: 1
HasMFsm: 0
HasVarLatency: 0
IsPipeline: 0
IsRtlPipelined: 0
IsInstanceOverlapped: 0
IsDontTouch: 0
HasImplIP: 0
IsGatedGlobalClock: 0


============================================================
+ Verbose Summary: Schedule
============================================================
* Number of FSM states : 1
* Pipeline : 0
* Dataflow Pipeline: 0

* FSM state transitions: 
1 --> 

* FSM state operations: 

State 1 <SV = 0> <Delay = 0.88>
ST_1 : Operation 2 [1/1] (0.00ns)   --->   "%spectopmodule_ln34 = spectopmodule void @_ssdm_op_SpecTopModule, void @empty_1" [../tutorial_example/source/hls.cpp:34]   --->   Operation 2 'spectopmodule' 'spectopmodule_ln34' <Predicate = true> <Delay = 0.00>
ST_1 : Operation 3 [1/1] (0.00ns)   --->   "%specbitsmap_ln0 = specbitsmap void @_ssdm_op_SpecBitsMap, i8 %ap_core"   --->   Operation 3 'specbitsmap' 'specbitsmap_ln0' <Predicate = true> <Delay = 0.00>
ST_1 : Operation 4 [1/1] (0.00ns)   --->   "%specinterface_ln0 = specinterface void @_ssdm_op_SpecInterface, i8 %ap_core, void @empty, i32 0, i32 0, void @empty_0, i32 0, i32 0, void @empty_0, void @empty_0, void @empty_0, i32 0, i32 0, i32 0, i32 0, void @empty_0, void @empty_0, i32 4294967295, i32 0, i32 0"   --->   Operation 4 'specinterface' 'specinterface_ln0' <Predicate = true> <Delay = 0.00>
ST_1 : Operation 5 [1/1] (0.00ns)   --->   "%specbitsmap_ln0 = specbitsmap void @_ssdm_op_SpecBitsMap, i8 %ap_part"   --->   Operation 5 'specbitsmap' 'specbitsmap_ln0' <Predicate = true> <Delay = 0.00>
ST_1 : Operation 6 [1/1] (0.00ns)   --->   "%specinterface_ln0 = specinterface void @_ssdm_op_SpecInterface, i8 %ap_part, void @empty, i32 0, i32 0, void @empty_0, i32 0, i32 0, void @empty_0, void @empty_0, void @empty_0, i32 0, i32 0, i32 0, i32 0, void @empty_0, void @empty_0, i32 4294967295, i32 0, i32 0"   --->   Operation 6 'specinterface' 'specinterface_ln0' <Predicate = true> <Delay = 0.00>
ST_1 : Operation 7 [1/1] (0.00ns)   --->   "%specbitsmap_ln0 = specbitsmap void @_ssdm_op_SpecBitsMap, i8 %ap_parent"   --->   Operation 7 'specbitsmap' 'specbitsmap_ln0' <Predicate = true> <Delay = 0.00>
ST_1 : Operation 8 [1/1] (0.00ns)   --->   "%specinterface_ln0 = specinterface void @_ssdm_op_SpecInterface, i8 %ap_parent, void @empty, i32 0, i32 0, void @empty_0, i32 0, i32 0, void @empty_0, void @empty_0, void @empty_0, i32 0, i32 0, i32 0, i32 0, void @empty_0, void @empty_0, i32 4294967295, i32 0, i32 0"   --->   Operation 8 'specinterface' 'specinterface_ln0' <Predicate = true> <Delay = 0.00>
ST_1 : Operation 9 [1/1] (0.00ns)   --->   "%specbitsmap_ln0 = specbitsmap void @_ssdm_op_SpecBitsMap, i32 %vec_d1_x"   --->   Operation 9 'specbitsmap' 'specbitsmap_ln0' <Predicate = true> <Delay = 0.00>
ST_1 : Operation 10 [1/1] (0.00ns)   --->   "%specinterface_ln0 = specinterface void @_ssdm_op_SpecInterface, i32 %vec_d1_x, void @empty, i32 0, i32 0, void @empty_0, i32 0, i32 0, void @empty_0, void @empty_0, void @empty_0, i32 0, i32 0, i32 0, i32 0, void @empty_0, void @empty_0, i32 4294967295, i32 0, i32 0"   --->   Operation 10 'specinterface' 'specinterface_ln0' <Predicate = true> <Delay = 0.00>
ST_1 : Operation 11 [1/1] (0.00ns)   --->   "%specbitsmap_ln0 = specbitsmap void @_ssdm_op_SpecBitsMap, i32 %vec_d1_y"   --->   Operation 11 'specbitsmap' 'specbitsmap_ln0' <Predicate = true> <Delay = 0.00>
ST_1 : Operation 12 [1/1] (0.00ns)   --->   "%specinterface_ln0 = specinterface void @_ssdm_op_SpecInterface, i32 %vec_d1_y, void @empty, i32 0, i32 0, void @empty_0, i32 0, i32 0, void @empty_0, void @empty_0, void @empty_0, i32 0, i32 0, i32 0, i32 0, void @empty_0, void @empty_0, i32 4294967295, i32 0, i32 0"   --->   Operation 12 'specinterface' 'specinterface_ln0' <Predicate = true> <Delay = 0.00>
ST_1 : Operation 13 [1/1] (0.00ns)   --->   "%specbitsmap_ln0 = specbitsmap void @_ssdm_op_SpecBitsMap, i32 %vec_s1_x"   --->   Operation 13 'specbitsmap' 'specbitsmap_ln0' <Predicate = true> <Delay = 0.00>
ST_1 : Operation 14 [1/1] (0.00ns)   --->   "%specinterface_ln0 = specinterface void @_ssdm_op_SpecInterface, i32 %vec_s1_x, void @empty, i32 0, i32 0, void @empty_0, i32 0, i32 0, void @empty_0, void @empty_0, void @empty_0, i32 0, i32 0, i32 0, i32 0, void @empty_0, void @empty_0, i32 4294967295, i32 0, i32 0"   --->   Operation 14 'specinterface' 'specinterface_ln0' <Predicate = true> <Delay = 0.00>
ST_1 : Operation 15 [1/1] (0.00ns)   --->   "%specbitsmap_ln0 = specbitsmap void @_ssdm_op_SpecBitsMap, i32 %vec_s1_y"   --->   Operation 15 'specbitsmap' 'specbitsmap_ln0' <Predicate = true> <Delay = 0.00>
ST_1 : Operation 16 [1/1] (0.00ns)   --->   "%specinterface_ln0 = specinterface void @_ssdm_op_SpecInterface, i32 %vec_s1_y, void @empty, i32 0, i32 0, void @empty_0, i32 0, i32 0, void @empty_0, void @empty_0, void @empty_0, i32 0, i32 0, i32 0, i32 0, void @empty_0, void @empty_0, i32 4294967295, i32 0, i32 0"   --->   Operation 16 'specinterface' 'specinterface_ln0' <Predicate = true> <Delay = 0.00>
ST_1 : Operation 17 [1/1] (0.00ns)   --->   "%specbitsmap_ln0 = specbitsmap void @_ssdm_op_SpecBitsMap, i32 %vec_s2_x"   --->   Operation 17 'specbitsmap' 'specbitsmap_ln0' <Predicate = true> <Delay = 0.00>
ST_1 : Operation 18 [1/1] (0.00ns)   --->   "%specinterface_ln0 = specinterface void @_ssdm_op_SpecInterface, i32 %vec_s2_x, void @empty, i32 0, i32 0, void @empty_0, i32 0, i32 0, void @empty_0, void @empty_0, void @empty_0, i32 0, i32 0, i32 0, i32 0, void @empty_0, void @empty_0, i32 4294967295, i32 0, i32 0"   --->   Operation 18 'specinterface' 'specinterface_ln0' <Predicate = true> <Delay = 0.00>
ST_1 : Operation 19 [1/1] (0.00ns)   --->   "%specbitsmap_ln0 = specbitsmap void @_ssdm_op_SpecBitsMap, i32 %vec_s2_y"   --->   Operation 19 'specbitsmap' 'specbitsmap_ln0' <Predicate = true> <Delay = 0.00>
ST_1 : Operation 20 [1/1] (0.00ns)   --->   "%specinterface_ln0 = specinterface void @_ssdm_op_SpecInterface, i32 %vec_s2_y, void @empty, i32 0, i32 0, void @empty_0, i32 0, i32 0, void @empty_0, void @empty_0, void @empty_0, i32 0, i32 0, i32 0, i32 0, void @empty_0, void @empty_0, i32 4294967295, i32 0, i32 0"   --->   Operation 20 'specinterface' 'specinterface_ln0' <Predicate = true> <Delay = 0.00>
ST_1 : Operation 21 [1/1] (0.00ns)   --->   "%vec_s1_x_read = read i32 @_ssdm_op_Read.ap_auto.i32P0A, i32 %vec_s1_x" [../tutorial_example/source/hls.cpp:39]   --->   Operation 21 'read' 'vec_s1_x_read' <Predicate = true> <Delay = 0.00>
ST_1 : Operation 22 [1/1] (0.00ns)   --->   "%vec_s2_x_read = read i32 @_ssdm_op_Read.ap_auto.i32P0A, i32 %vec_s2_x" [../tutorial_example/source/hls.cpp:39]   --->   Operation 22 'read' 'vec_s2_x_read' <Predicate = true> <Delay = 0.00>
ST_1 : Operation 23 [1/1] (0.88ns)   --->   "%add_ln39 = add i32 %vec_s2_x_read, i32 %vec_s1_x_read" [../tutorial_example/source/hls.cpp:39]   --->   Operation 23 'add' 'add_ln39' <Predicate = true> <Delay = 0.88> <CoreInst = "Adder">   --->   Core 1 'Adder' <Latency = 0> <II = 1> <Delay = 0.88> <FuncUnit> <Opcode : 'add' 'sub'> <InPorts = 2> <OutPorts = 1>
ST_1 : Operation 24 [1/1] (0.00ns)   --->   "%write_ln39 = write void @_ssdm_op_Write.ap_auto.i32P0A, i32 %vec_d1_x, i32 %add_ln39" [../tutorial_example/source/hls.cpp:39]   --->   Operation 24 'write' 'write_ln39' <Predicate = true> <Delay = 0.00>
ST_1 : Operation 25 [1/1] (0.00ns)   --->   "%vec_s1_y_read = read i32 @_ssdm_op_Read.ap_auto.i32P0A, i32 %vec_s1_y" [../tutorial_example/source/hls.cpp:40]   --->   Operation 25 'read' 'vec_s1_y_read' <Predicate = true> <Delay = 0.00>
ST_1 : Operation 26 [1/1] (0.00ns)   --->   "%vec_s2_y_read = read i32 @_ssdm_op_Read.ap_auto.i32P0A, i32 %vec_s2_y" [../tutorial_example/source/hls.cpp:40]   --->   Operation 26 'read' 'vec_s2_y_read' <Predicate = true> <Delay = 0.00>
ST_1 : Operation 27 [1/1] (0.88ns)   --->   "%add_ln40 = add i32 %vec_s2_y_read, i32 %vec_s1_y_read" [../tutorial_example/source/hls.cpp:40]   --->   Operation 27 'add' 'add_ln40' <Predicate = true> <Delay = 0.88> <CoreInst = "Adder">   --->   Core 1 'Adder' <Latency = 0> <II = 1> <Delay = 0.88> <FuncUnit> <Opcode : 'add' 'sub'> <InPorts = 2> <OutPorts = 1>
ST_1 : Operation 28 [1/1] (0.00ns)   --->   "%write_ln40 = write void @_ssdm_op_Write.ap_auto.i32P0A, i32 %vec_d1_y, i32 %add_ln40" [../tutorial_example/source/hls.cpp:40]   --->   Operation 28 'write' 'write_ln40' <Predicate = true> <Delay = 0.00>
ST_1 : Operation 29 [1/1] (0.00ns)   --->   "%ret_ln41 = ret" [../tutorial_example/source/hls.cpp:41]   --->   Operation 29 'ret' 'ret_ln41' <Predicate = true> <Delay = 0.00>


============================================================
+ Verbose Summary: Binding
============================================================
STG Binding: 
---------------- STG Properties BEGIN ----------------
- Is combinational: 1
- Is one-state seq: 0
- Is datapath-only: 0
- Is pipelined: 0
- Is top level: 1
Port [ Return ] is wired: 1; IO mode=ap_ctrl_hs_ce:ce=1
Port [ ap_core]:  wired=1; compound=0; hidden=0; nouse=1; global=0; static=0; extern=0; dir=0; type=0; pingpong=0; private_global=0; IO mode=ap_none:ce=0
Port [ ap_part]:  wired=1; compound=0; hidden=0; nouse=1; global=0; static=0; extern=0; dir=0; type=0; pingpong=0; private_global=0; IO mode=ap_none:ce=0
Port [ ap_parent]:  wired=1; compound=0; hidden=0; nouse=1; global=0; static=0; extern=0; dir=0; type=0; pingpong=0; private_global=0; IO mode=ap_none:ce=0
Port [ vec_d1_x]:  wired=1; compound=0; hidden=0; nouse=0; global=0; static=0; extern=0; dir=1; type=0; pingpong=0; private_global=0; IO mode=ap_vld:ce=0
Port [ vec_d1_y]:  wired=1; compound=0; hidden=0; nouse=0; global=0; static=0; extern=0; dir=1; type=0; pingpong=0; private_global=0; IO mode=ap_vld:ce=0
Port [ vec_s1_x]:  wired=1; compound=0; hidden=0; nouse=0; global=0; static=0; extern=0; dir=0; type=0; pingpong=0; private_global=0; IO mode=ap_none:ce=0
Port [ vec_s1_y]:  wired=1; compound=0; hidden=0; nouse=0; global=0; static=0; extern=0; dir=0; type=0; pingpong=0; private_global=0; IO mode=ap_none:ce=0
Port [ vec_s2_x]:  wired=1; compound=0; hidden=0; nouse=0; global=0; static=0; extern=0; dir=0; type=0; pingpong=0; private_global=0; IO mode=ap_none:ce=0
Port [ vec_s2_y]:  wired=1; compound=0; hidden=0; nouse=0; global=0; static=0; extern=0; dir=0; type=0; pingpong=0; private_global=0; IO mode=ap_none:ce=0
---------------- STG Properties END ------------------

---------------- Datapath Model BEGIN ----------------

<LifeTime>
<method=bitvector/>
spectopmodule_ln34 (spectopmodule) [ 00]
specbitsmap_ln0    (specbitsmap  ) [ 00]
specinterface_ln0  (specinterface) [ 00]
specbitsmap_ln0    (specbitsmap  ) [ 00]
specinterface_ln0  (specinterface) [ 00]
specbitsmap_ln0    (specbitsmap  ) [ 00]
specinterface_ln0  (specinterface) [ 00]
specbitsmap_ln0    (specbitsmap  ) [ 00]
specinterface_ln0  (specinterface) [ 00]
specbitsmap_ln0    (specbitsmap  ) [ 00]
specinterface_ln0  (specinterface) [ 00]
specbitsmap_ln0    (specbitsmap  ) [ 00]
specinterface_ln0  (specinterface) [ 00]
specbitsmap_ln0    (specbitsmap  ) [ 00]
specinterface_ln0  (specinterface) [ 00]
specbitsmap_ln0    (specbitsmap  ) [ 00]
specinterface_ln0  (specinterface) [ 00]
specbitsmap_ln0    (specbitsmap  ) [ 00]
specinterface_ln0  (specinterface) [ 00]
vec_s1_x_read      (read         ) [ 00]
vec_s2_x_read      (read         ) [ 00]
add_ln39           (add          ) [ 00]
write_ln39         (write        ) [ 00]
vec_s1_y_read      (read         ) [ 00]
vec_s2_y_read      (read         ) [ 00]
add_ln40           (add          ) [ 00]
write_ln40         (write        ) [ 00]
ret_ln41           (ret          ) [ 00]
</LifeTime>

<model>

<comp_list>
<comp id="0" class="1000" name="ap_core">
<pin_list>
<pin id="1" dir="1" index="0" bw="1" slack="2147483647"/>
</pin_list>
<bind>
<StgValue><ssdm name="ap_core"/></StgValue>
</bind>
</comp>

<comp id="2" class="1000" name="ap_part">
<pin_list>
<pin id="3" dir="1" index="0" bw="1" slack="2147483647"/>
</pin_list>
<bind>
<StgValue><ssdm name="ap_part"/></StgValue>
</bind>
</comp>

<comp id="4" class="1000" name="ap_parent">
<pin_list>
<pin id="5" dir="1" index="0" bw="1" slack="2147483647"/>
</pin_list>
<bind>
<StgValue><ssdm name="ap_parent"/></StgValue>
</bind>
</comp>

<comp id="6" class="1000" name="vec_d1_x">
<pin_list>
<pin id="7" dir="1" index="0" bw="1" slack="0"/>
</pin_list>
<bind>
<StgValue><ssdm name="vec_d1_x"/></StgValue>
</bind>
</comp>

<comp id="8" class="1000" name="vec_d1_y">
<pin_list>
<pin id="9" dir="1" index="0" bw="1" slack="0"/>
</pin_list>
<bind>
<StgValue><ssdm name="vec_d1_y"/></StgValue>
</bind>
</comp>

<comp id="10" class="1000" name="vec_s1_x">
<pin_list>
<pin id="11" dir="1" index="0" bw="1" slack="0"/>
</pin_list>
<bind>
<StgValue><ssdm name="vec_s1_x"/></StgValue>
</bind>
</comp>

<comp id="12" class="1000" name="vec_s1_y">
<pin_list>
<pin id="13" dir="1" index="0" bw="1" slack="0"/>
</pin_list>
<bind>
<StgValue><ssdm name="vec_s1_y"/></StgValue>
</bind>
</comp>

<comp id="14" class="1000" name="vec_s2_x">
<pin_list>
<pin id="15" dir="1" index="0" bw="1" slack="0"/>
</pin_list>
<bind>
<StgValue><ssdm name="vec_s2_x"/></StgValue>
</bind>
</comp>

<comp id="16" class="1000" name="vec_s2_y">
<pin_list>
<pin id="17" dir="1" index="0" bw="1" slack="0"/>
</pin_list>
<bind>
<StgValue><ssdm name="vec_s2_y"/></StgValue>
</bind>
</comp>

<comp id="18" class="1001" name="const_18">
<pin_list>
<pin id="19" dir="1" index="0" bw="1" slack="2147483647"/>
</pin_list>
<bind>
<StgValue><ssdm name="_ssdm_op_SpecTopModule"/></StgValue>
</bind>
</comp>

<comp id="20" class="1001" name="const_20">
<pin_list>
<pin id="21" dir="1" index="0" bw="1" slack="2147483647"/>
</pin_list>
<bind>
<StgValue><ssdm name="empty_1"/></StgValue>
</bind>
</comp>

<comp id="22" class="1001" name="const_22">
<pin_list>
<pin id="23" dir="1" index="0" bw="1" slack="2147483647"/>
</pin_list>
<bind>
<StgValue><ssdm name="_ssdm_op_SpecBitsMap"/></StgValue>
</bind>
</comp>

<comp id="24" class="1001" name="const_24">
<pin_list>
<pin id="25" dir="1" index="0" bw="1" slack="2147483647"/>
</pin_list>
<bind>
<StgValue><ssdm name="_ssdm_op_SpecInterface"/></StgValue>
</bind>
</comp>

<comp id="26" class="1001" name="const_26">
<pin_list>
<pin id="27" dir="1" index="0" bw="1" slack="2147483647"/>
</pin_list>
<bind>
<StgValue><ssdm name="empty"/></StgValue>
</bind>
</comp>

<comp id="28" class="1001" name="const_28">
<pin_list>
<pin id="29" dir="1" index="0" bw="1" slack="2147483647"/>
</pin_list>
<bind>
<StgValue><ssdm name=""/></StgValue>
</bind>
</comp>

<comp id="30" class="1001" name="const_30">
<pin_list>
<pin id="31" dir="1" index="0" bw="1" slack="2147483647"/>
</pin_list>
<bind>
<StgValue><ssdm name="empty_0"/></StgValue>
</bind>
</comp>

<comp id="32" class="1001" name="const_32">
<pin_list>
<pin id="33" dir="1" index="0" bw="1" slack="2147483647"/>
</pin_list>
<bind>
<StgValue><ssdm name=""/></StgValue>
</bind>
</comp>

<comp id="34" class="1001" name="const_34">
<pin_list>
<pin id="35" dir="1" index="0" bw="1" slack="0"/>
</pin_list>
<bind>
<StgValue><ssdm name="_ssdm_op_Read.ap_auto.i32P0A"/></StgValue>
</bind>
</comp>

<comp id="36" class="1001" name="const_36">
<pin_list>
<pin id="37" dir="1" index="0" bw="1" slack="0"/>
</pin_list>
<bind>
<StgValue><ssdm name="_ssdm_op_Write.ap_auto.i32P0A"/></StgValue>
</bind>
</comp>

<comp id="38" class="1004" name="vec_s1_x_read_read_fu_38">
<pin_list>
<pin id="39" dir="0" index="0" bw="32" slack="0"/>
<pin id="40" dir="0" index="1" bw="32" slack="0"/>
<pin id="41" dir="1" index="2" bw="32" slack="0"/>
</pin_list>
<bind>
<opcode="read(1150) " fcode="read"/>
<opset="vec_s1_x_read/1 "/>
</bind>
</comp>

<comp id="44" class="1004" name="vec_s2_x_read_read_fu_44">
<pin_list>
<pin id="45" dir="0" index="0" bw="32" slack="0"/>
<pin id="46" dir="0" index="1" bw="32" slack="0"/>
<pin id="47" dir="1" index="2" bw="32" slack="0"/>
</pin_list>
<bind>
<opcode="read(1150) " fcode="read"/>
<opset="vec_s2_x_read/1 "/>
</bind>
</comp>

<comp id="50" class="1004" name="write_ln39_write_fu_50">
<pin_list>
<pin id="51" dir="0" index="0" bw="0" slack="0"/>
<pin id="52" dir="0" index="1" bw="32" slack="0"/>
<pin id="53" dir="0" index="2" bw="32" slack="0"/>
<pin id="54" dir="1" index="3" bw="0" slack="2147483647"/>
</pin_list>
<bind>
<opcode="write(1151) " fcode="write"/>
<opset="write_ln39/1 "/>
</bind>
</comp>

<comp id="57" class="1004" name="vec_s1_y_read_read_fu_57">
<pin_list>
<pin id="58" dir="0" index="0" bw="32" slack="0"/>
<pin id="59" dir="0" index="1" bw="32" slack="0"/>
<pin id="60" dir="1" index="2" bw="32" slack="0"/>
</pin_list>
<bind>
<opcode="read(1150) " fcode="read"/>
<opset="vec_s1_y_read/1 "/>
</bind>
</comp>

<comp id="63" class="1004" name="vec_s2_y_read_read_fu_63">
<pin_list>
<pin id="64" dir="0" index="0" bw="32" slack="0"/>
<pin id="65" dir="0" index="1" bw="32" slack="0"/>
<pin id="66" dir="1" index="2" bw="32" slack="0"/>
</pin_list>
<bind>
<opcode="read(1150) " fcode="read"/>
<opset="vec_s2_y_read/1 "/>
</bind>
</comp>

<comp id="69" class="1004" name="write_ln40_write_fu_69">
<pin_list>
<pin id="70" dir="0" index="0" bw="0" slack="0"/>
<pin id="71" dir="0" index="1" bw="32" slack="0"/>
<pin id="72" dir="0" index="2" bw="32" slack="0"/>
<pin id="73" dir="1" index="3" bw="0" slack="2147483647"/>
</pin_list>
<bind>
<opcode="write(1151) " fcode="write"/>
<opset="write_ln40/1 "/>
</bind>
</comp>

<comp id="76" class="1004" name="add_ln39_fu_76">
<pin_list>
<pin id="77" dir="0" index="0" bw="32" slack="0"/>
<pin id="78" dir="0" index="1" bw="32" slack="0"/>
<pin id="79" dir="1" index="2" bw="32" slack="0"/>
</pin_list>
<bind>
<opcode="add(8) " fcode="add"/>
<opset="add_ln39/1 "/>
</bind>
</comp>

<comp id="83" class="1004" name="add_ln40_fu_83">
<pin_list>
<pin id="84" dir="0" index="0" bw="32" slack="0"/>
<pin id="85" dir="0" index="1" bw="32" slack="0"/>
<pin id="86" dir="1" index="2" bw="32" slack="0"/>
</pin_list>
<bind>
<opcode="add(8) " fcode="add"/>
<opset="add_ln40/1 "/>
</bind>
</comp>

</comp_list>

<net_list>
<net id="42"><net_src comp="34" pin="0"/><net_sink comp="38" pin=0"/></net>

<net id="43"><net_src comp="10" pin="0"/><net_sink comp="38" pin=1"/></net>

<net id="48"><net_src comp="34" pin="0"/><net_sink comp="44" pin=0"/></net>

<net id="49"><net_src comp="14" pin="0"/><net_sink comp="44" pin=1"/></net>

<net id="55"><net_src comp="36" pin="0"/><net_sink comp="50" pin=0"/></net>

<net id="56"><net_src comp="6" pin="0"/><net_sink comp="50" pin=1"/></net>

<net id="61"><net_src comp="34" pin="0"/><net_sink comp="57" pin=0"/></net>

<net id="62"><net_src comp="12" pin="0"/><net_sink comp="57" pin=1"/></net>

<net id="67"><net_src comp="34" pin="0"/><net_sink comp="63" pin=0"/></net>

<net id="68"><net_src comp="16" pin="0"/><net_sink comp="63" pin=1"/></net>

<net id="74"><net_src comp="36" pin="0"/><net_sink comp="69" pin=0"/></net>

<net id="75"><net_src comp="8" pin="0"/><net_sink comp="69" pin=1"/></net>

<net id="80"><net_src comp="44" pin="2"/><net_sink comp="76" pin=0"/></net>

<net id="81"><net_src comp="38" pin="2"/><net_sink comp="76" pin=1"/></net>

<net id="82"><net_src comp="76" pin="2"/><net_sink comp="50" pin=2"/></net>

<net id="87"><net_src comp="63" pin="2"/><net_sink comp="83" pin=0"/></net>

<net id="88"><net_src comp="57" pin="2"/><net_sink comp="83" pin=1"/></net>

<net id="89"><net_src comp="83" pin="2"/><net_sink comp="69" pin=2"/></net>

</net_list>

</model> 
---------------- Datapath Model END ------------------

* FSMD analyzer results:
  - Output states:
	Port: vec_d1_x | {1 }
	Port: vec_d1_y | {1 }
 - Input state : 
	Port: vector_add : vec_s1_x | {1 }
	Port: vector_add : vec_s1_y | {1 }
	Port: vector_add : vec_s2_x | {1 }
	Port: vector_add : vec_s2_y | {1 }
  - Chain level:
	State 1
		write_ln39 : 1
		write_ln40 : 1


============================================================
+ Verbose Summary: Datapath Resource usage 
============================================================

* Functional unit list:
|----------|--------------------------|---------|---------|
| Operation|      Functional Unit     |    FF   |   LUT   |
|----------|--------------------------|---------|---------|
|    add   |      add_ln39_fu_76      |    0    |    39   |
|          |      add_ln40_fu_83      |    0    |    39   |
|----------|--------------------------|---------|---------|
|          | vec_s1_x_read_read_fu_38 |    0    |    0    |
|   read   | vec_s2_x_read_read_fu_44 |    0    |    0    |
|          | vec_s1_y_read_read_fu_57 |    0    |    0    |
|          | vec_s2_y_read_read_fu_63 |    0    |    0    |
|----------|--------------------------|---------|---------|
|   write  |  write_ln39_write_fu_50  |    0    |    0    |
|          |  write_ln40_write_fu_69  |    0    |    0    |
|----------|--------------------------|---------|---------|
|   Total  |                          |    0    |    78   |
|----------|--------------------------|---------|---------|

Memories:
N/A

* Register list:
N/A

* Multiplexer (MUX) list: 
|--------|------|------|------|--------|
|  Comp  |  Pin | Size |  BW  | S x BW |
|--------|------|------|------|--------|
|  Total |      |      |      |    0   |
|--------|------|------|------|--------|



* Summary:
+-----------+--------+--------+
|           |   FF   |   LUT  |
+-----------+--------+--------+
|  Function |    0   |   78   |
|   Memory  |    -   |    -   |
|Multiplexer|    -   |    -   |
|  Register |    -   |    -   |
+-----------+--------+--------+
|   Total   |    0   |   78   |
+-----------+--------+--------+
