INFO-FLOW: Workspace /home/duludulu/Documents/vishare_tools/vitis_batch_generate_rtl/prj/hevc_loop_filter_chroma_8bit_hls_sol opened at Thu Feb 27 14:43:27 CST 2025
Execute         send_msg_by_id INFO @200-1505@%s%s  vivado 
INFO: [HLS 200-1505] Using flow_target 'vivado'
Execute       set_part xcvu19p-fsvb3824-2-e 
INFO: [HLS 200-1510] Running: set_part xcvu19p-fsvb3824-2-e 
Execute         create_platform xcvu19p-fsvb3824-2-e -board  
Command         create_platform done; 0.14 sec.
Execute         source /tools/Xilinx/Vitis/2024.2/common/technology/xilinx/common/xilinx.gen 
Execute           source /tools/Xilinx/Vitis/2024.2/common/technology/xilinx/interface/plb46.gen 
Execute           source /tools/Xilinx/Vitis/2024.2/common/technology/xilinx/interface/axi4.gen 
Execute           source /tools/Xilinx/Vitis/2024.2/common/technology/xilinx/interface/nativeAXI4.gen 
Execute             source /tools/Xilinx/Vitis/2024.2/common/technology/xilinx/interface/saxilite.gen 
Execute           source /tools/Xilinx/Vitis/2024.2/common/technology/xilinx/scripts/xilinxcoregen.gen 
Execute           source /tools/Xilinx/Vitis/2024.2/common/technology/xilinx/interface/XilEDKCoreGen.gen 
Execute           source /tools/Xilinx/Vitis/2024.2/common/technology/xilinx/ip/util.gen 
Execute           source /tools/Xilinx/Vitis/2024.2/common/technology/xilinx/ip/xfft.gen 
Execute           source /tools/Xilinx/Vitis/2024.2/common/technology/xilinx/ip/xfir.gen 
Execute           source /tools/Xilinx/Vitis/2024.2/common/technology/xilinx/ip/dds_compiler.gen 
Execute           source /tools/Xilinx/Vitis/2024.2/common/technology/xilinx/DSP48/dsp48.gen 
Execute         ap_part_info -name xcvu19p-fsvb3824-2-e -data info 
Execute         config_compile -quiet -complex-mul-dsp=0 
Command       set_part done; 0.31 sec.
Execute       create_clock -period 3.3 -name default 
INFO: [HLS 200-1510] Running: create_clock -period 3.3 -name default 
Execute         ap_set_clock -name default -period 3.3 -unit ns -default=false 
INFO: [SYN 201-201] Setting up clock 'default' with a period of 3.3ns.
Execute       config_interface -clock_enable=true 
INFO: [HLS 200-1510] Running: config_interface -clock_enable=true 
Execute       csynth_design 
INFO: [HLS 200-1510] Running: csynth_design 
Execute         ::AP::init_summary_file csynth 
INFO-FLOW: Running SLX 'csynth' proc: ::SLX::run_csynth
Execute         elaborate -effort=medium -skip_syncheck=0 -keep_printf=0 -skip_cdt=0 -skip_transform=0 -ng=0 -g=0 -opt_fp=0 -from_csynth_design=1 
INFO: [HLS 200-111] Finished File checks and directory preparation: CPU user time: 0.08 seconds. CPU system time: 0.02 seconds. Elapsed time: 0.11 seconds; current allocated memory: 971.453 MB.
Execute           set_directive_top hevc_loop_filter_chroma_8bit_hls -name=hevc_loop_filter_chroma_8bit_hls 
INFO: [HLS 200-10] Analyzing design file '../tutorial_example/source/hls.cpp' ... 
INFO-FLOW: Compiling one TU...
INFO-FLOW: Handling ../tutorial_example/source/hls.cpp as C++
Execute           ap_part_info -name xcvu19p-fsvb3824-2-e -data info 
INFO-FLOW: Running: GCC PP 39
INFO-FLOW: Source preprocessing
INFO-FLOW: run_clang exec: /tools/Xilinx/Vitis/2024.2/lnx64/tools/clang-3.9-csynth/bin/clang ../tutorial_example/source/hls.cpp -foptimization-record-file=/home/duludulu/Documents/vishare_tools/vitis_batch_generate_rtl/prj/hevc_loop_filter_chroma_8bit_hls_sol/.autopilot/db/hls.cpp.clang.diag.yml -mllvm -pass-remarks-missed=reflow|pasta|unroll|inline -mllvm -pass-remarks=reflow|pasta|unroll|inline -fno-limit-debug-info --gcc-toolchain=/tools/Xilinx/Vitis/2024.2/tps/lnx64/gcc-8.3.0 -fhls -fno-exceptions -insert-hls-directive=/home/duludulu/Documents/vishare_tools/vitis_batch_generate_rtl/prj/hevc_loop_filter_chroma_8bit_hls_sol/.autopilot/db/all.directive.json -E -DTBCONFIG_HEVC_LOOP_FILTER_CHROMA_8BIT_HLS -DXMEM_ARRAY_LATENCY_3=1 -fno-math-errno -c -emit-llvm -mllvm -disable-llvm-optzns -Werror=implicit-function-declaration -Werror=implicit-hls-streams -Werror=return-type -Wpragmas -Wunused-parameter -Wdump-hls-pragmas -Wno-error=dump-hls-pragmas -hls-clock-period=3.3 -fno-threadsafe-statics -fno-use-cxa-atexit -std=gnu++14 -target fpga64-xilinx-linux-gnu -fno-threadsafe-statics -fno-use-cxa-atexit -D__VITIS_HLS__ -DAESL_SYN -D__SYNTHESIS__ -D__HLS_SYN__ -I /tools/Xilinx/Vitis/2024.2/common/technology/autopilot -I /tools/Xilinx/Vitis/2024.2/common/technology/autopilot/ap_sysc -include etc/autopilot_ssdm_op.h -D__DSP48E2__ -I /usr/include/x86_64-linux-gnu -o /home/duludulu/Documents/vishare_tools/vitis_batch_generate_rtl/prj/hevc_loop_filter_chroma_8bit_hls_sol/.autopilot/db/hls.pp.0.cpp -hls-platform-db-name=/tools/Xilinx/Vitis/2024.2/common/technology/xilinx/common/platform.db -hls-platform-name=virtexuplus_medium -device-resource-info=BRAM_4320.000000_DSP_3840.000000_FF_8171520.000000_LUT_4085760.000000_SLICE_510720.000000_SLR_4.000000_URAM_320.000000 -device-name-info=xcvu19p-fsvb3824-2-e > /home/duludulu/Documents/vishare_tools/vitis_batch_generate_rtl/prj/hevc_loop_filter_chroma_8bit_hls_sol/.autopilot/db/hls.cpp.clang.out.log 2> /home/duludulu/Documents/vishare_tools/vitis_batch_generate_rtl/prj/hevc_loop_filter_chroma_8bit_hls_sol/.autopilot/db/hls.cpp.clang.err.log
INFO-FLOW: Done: GCC PP 39 time: 0.2 seconds per iteration
INFO-FLOW: Source syntax check for synthesis
INFO-FLOW: run_clang exec: /tools/Xilinx/Vitis/2024.2/lnx64/tools/clang-3.9-csynth/bin/clang -foptimization-record-file=/home/duludulu/Documents/vishare_tools/vitis_batch_generate_rtl/prj/hevc_loop_filter_chroma_8bit_hls_sol/.autopilot/db/clang.diag.yml -mllvm -pass-remarks-missed=reflow|pasta|unroll|inline -mllvm -pass-remarks=reflow|pasta|unroll|inline -fsyntax-only -fhls -target fpga64-xilinx-linux-gnu /home/duludulu/Documents/vishare_tools/vitis_batch_generate_rtl/prj/hevc_loop_filter_chroma_8bit_hls_sol/.autopilot/db/hls.pp.0.cpp -hls-platform-db-name=/tools/Xilinx/Vitis/2024.2/common/technology/xilinx/common/platform.db -hls-platform-name=virtexuplus_medium -device-resource-info=BRAM_4320.000000_DSP_3840.000000_FF_8171520.000000_LUT_4085760.000000_SLICE_510720.000000_SLR_4.000000_URAM_320.000000 -device-name-info=xcvu19p-fsvb3824-2-e > /home/duludulu/Documents/vishare_tools/vitis_batch_generate_rtl/prj/hevc_loop_filter_chroma_8bit_hls_sol/.autopilot/db/clang.out.log 2> /home/duludulu/Documents/vishare_tools/vitis_batch_generate_rtl/prj/hevc_loop_filter_chroma_8bit_hls_sol/.autopilot/db/clang.err.log
Execute           clang_tidy xilinx-systemc-detector -desc systemc-detector /home/duludulu/Documents/vishare_tools/vitis_batch_generate_rtl/prj/hevc_loop_filter_chroma_8bit_hls_sol/.autopilot/db/hls.pp.0.cpp std=gnu++14 -target fpga  -directive=/home/duludulu/Documents/vishare_tools/vitis_batch_generate_rtl/prj/hevc_loop_filter_chroma_8bit_hls_sol/.autopilot/db/.systemc_flag 
INFO-FLOW: exec /tools/Xilinx/Vitis/2024.2/lnx64/tools/clang-3.9-csynth/bin/clang-tidy -header-filter=.* --checks=-*,xilinx-systemc-detector -import-directive=/home/duludulu/Documents/vishare_tools/vitis_batch_generate_rtl/prj/hevc_loop_filter_chroma_8bit_hls_sol/.autopilot/db/.systemc_flag -fix-errors /home/duludulu/Documents/vishare_tools/vitis_batch_generate_rtl/prj/hevc_loop_filter_chroma_8bit_hls_sol/.autopilot/db/hls.pp.0.cpp -- -std=gnu++14 -target fpga -fhls -ferror-limit=0
Command           clang_tidy done; 0.58 sec.
INFO-FLOW: Running: clang-tidy CDT preprocess 39
Execute           clang_tidy xilinx-directive2pragma -desc directive2pragma /home/duludulu/Documents/vishare_tools/vitis_batch_generate_rtl/prj/hevc_loop_filter_chroma_8bit_hls_sol/.autopilot/db/hls.pp.0.cpp std=gnu++14 -target fpga  -directive=/home/duludulu/Documents/vishare_tools/vitis_batch_generate_rtl/prj/hevc_loop_filter_chroma_8bit_hls_sol/.autopilot/db/all.directive.json 
INFO-FLOW: exec /tools/Xilinx/Vitis/2024.2/lnx64/tools/clang-3.9-csynth/bin/clang-tidy -header-filter=.* --checks=-*,xilinx-directive2pragma -import-directive=/home/duludulu/Documents/vishare_tools/vitis_batch_generate_rtl/prj/hevc_loop_filter_chroma_8bit_hls_sol/.autopilot/db/all.directive.json -fix-errors /home/duludulu/Documents/vishare_tools/vitis_batch_generate_rtl/prj/hevc_loop_filter_chroma_8bit_hls_sol/.autopilot/db/hls.pp.0.cpp -- -std=gnu++14 -target fpga -fhls -ferror-limit=0
Command           clang_tidy done; 1.91 sec.
INFO-FLOW: Done: clang-tidy CDT preprocess 39 time: 1.9 seconds per iteration
INFO-FLOW: Calling xilinx-label-all-loops ... 
INFO-FLOW: Calling xilinx-aggregate-on-hls-vector ... 
Execute           clang_tidy -errorcheck -desc loop-label xilinx-label-all-loops,xilinx-aggregate-on-hls-vector,,xilinx-warn-mayneed-no-ctor-attribute /home/duludulu/Documents/vishare_tools/vitis_batch_generate_rtl/prj/hevc_loop_filter_chroma_8bit_hls_sol/.autopilot/db/hls.pp.0.cpp std=gnu++14 -target fpga  
INFO-FLOW: run_clang exec: /tools/Xilinx/Vitis/2024.2/lnx64/tools/clang-3.9-csynth/bin/clang-tidy -export-fixes=/home/duludulu/Documents/vishare_tools/vitis_batch_generate_rtl/prj/hevc_loop_filter_chroma_8bit_hls_sol/.autopilot/db/hls.pp.0.cpp.clang-tidy.loop-label.diag.yml -header-filter=.* --checks=-*,xilinx-label-all-loops,xilinx-aggregate-on-hls-vector,,xilinx-warn-mayneed-no-ctor-attribute -fix-errors /home/duludulu/Documents/vishare_tools/vitis_batch_generate_rtl/prj/hevc_loop_filter_chroma_8bit_hls_sol/.autopilot/db/hls.pp.0.cpp -- -std=gnu++14 -target fpga -fhls -ferror-limit=0 > /home/duludulu/Documents/vishare_tools/vitis_batch_generate_rtl/prj/hevc_loop_filter_chroma_8bit_hls_sol/.autopilot/db/hls.pp.0.cpp.clang-tidy.loop-label.out.log 2> /home/duludulu/Documents/vishare_tools/vitis_batch_generate_rtl/prj/hevc_loop_filter_chroma_8bit_hls_sol/.autopilot/db/hls.pp.0.cpp.clang-tidy.loop-label.err.log
Command           clang_tidy done; 1.81 sec.
INFO-FLOW: run_clang exec: /tools/Xilinx/Vitis/2024.2/lnx64/tools/clang-3.9-csynth/bin/xilinx-dataflow-lawyer -export-fixes=/home/duludulu/Documents/vishare_tools/vitis_batch_generate_rtl/prj/hevc_loop_filter_chroma_8bit_hls_sol/.autopilot/db/hls.pp.0.cpp.xilinx-dataflow-lawyer.diag.yml /home/duludulu/Documents/vishare_tools/vitis_batch_generate_rtl/prj/hevc_loop_filter_chroma_8bit_hls_sol/.autopilot/db/hls.pp.0.cpp -- -std=gnu++14 -target fpga -fhls -ferror-limit=0 -fstrict-dataflow > /home/duludulu/Documents/vishare_tools/vitis_batch_generate_rtl/prj/hevc_loop_filter_chroma_8bit_hls_sol/.autopilot/db/hls.pp.0.cpp.xilinx-dataflow-lawyer.out.log 2> /home/duludulu/Documents/vishare_tools/vitis_batch_generate_rtl/prj/hevc_loop_filter_chroma_8bit_hls_sol/.autopilot/db/hls.pp.0.cpp.xilinx-dataflow-lawyer.err.log
Execute           ap_part_info -name xcvu19p-fsvb3824-2-e -data info 
INFO-FLOW: compiling source code to llvm bc
INFO-FLOW: run_clang exec: /tools/Xilinx/Vitis/2024.2/lnx64/tools/clang-3.9-csynth/bin/clang -foptimization-record-file=/home/duludulu/Documents/vishare_tools/vitis_batch_generate_rtl/prj/hevc_loop_filter_chroma_8bit_hls_sol/.autopilot/db/hls.pp.0.cpp.clang.diag.yml -mllvm -pass-remarks-missed=reflow|pasta|unroll|inline -mllvm -pass-remarks=reflow|pasta|unroll|inline -fno-limit-debug-info -fhls -flto -fno-exceptions -Wno-error=c++11-narrowing -hls-emit-hint-scope /home/duludulu/Documents/vishare_tools/vitis_batch_generate_rtl/prj/hevc_loop_filter_chroma_8bit_hls_sol/.autopilot/db/hls.pp.0.cpp -DTBCONFIG_HEVC_LOOP_FILTER_CHROMA_8BIT_HLS -DXMEM_ARRAY_LATENCY_3=1 -fno-math-errno -c -emit-llvm -mllvm -disable-llvm-optzns -Werror=implicit-function-declaration -Werror=implicit-hls-streams -Werror=return-type -Wpragmas -Wunused-parameter -Wdump-hls-pragmas -Wno-error=dump-hls-pragmas -hls-clock-period=3.3 -fno-threadsafe-statics -fno-use-cxa-atexit -std=gnu++14 -target fpga64-xilinx-linux-gnu -D__VITIS_HLS__ -DAESL_SYN -D__SYNTHESIS__ -D__HLS_SYN__ -I /tools/Xilinx/Vitis/2024.2/common/technology/autopilot -I /tools/Xilinx/Vitis/2024.2/common/technology/autopilot/ap_sysc -include etc/autopilot_ssdm_op.h -D__DSP48E2__ -g -o /home/duludulu/Documents/vishare_tools/vitis_batch_generate_rtl/prj/hevc_loop_filter_chroma_8bit_hls_sol/.autopilot/db/hls.bc -hls-platform-db-name=/tools/Xilinx/Vitis/2024.2/common/technology/xilinx/common/platform.db -hls-platform-name=virtexuplus_medium -device-resource-info=BRAM_4320.000000_DSP_3840.000000_FF_8171520.000000_LUT_4085760.000000_SLICE_510720.000000_SLR_4.000000_URAM_320.000000 -device-name-info=xcvu19p-fsvb3824-2-e > /home/duludulu/Documents/vishare_tools/vitis_batch_generate_rtl/prj/hevc_loop_filter_chroma_8bit_hls_sol/.autopilot/db/hls.pp.0.cpp.clang.out.log 2> /home/duludulu/Documents/vishare_tools/vitis_batch_generate_rtl/prj/hevc_loop_filter_chroma_8bit_hls_sol/.autopilot/db/hls.pp.0.cpp.clang.err.log
WARNING: [HLS 207-5292] unused parameter 'ap_core' (../tutorial_example/source/hls.cpp:11:28)
WARNING: [HLS 207-5292] unused parameter 'ap_part' (../tutorial_example/source/hls.cpp:11:45)
WARNING: [HLS 207-5292] unused parameter 'ap_parent' (../tutorial_example/source/hls.cpp:11:62)
WARNING: [HLS 207-5292] unused parameter 'ap_core' (../tutorial_example/source/hls.cpp:16:36)
WARNING: [HLS 207-5292] unused parameter 'ap_part' (../tutorial_example/source/hls.cpp:16:53)
WARNING: [HLS 207-5292] unused parameter 'ap_parent' (../tutorial_example/source/hls.cpp:16:70)
WARNING: [HLS 207-5292] unused parameter 'ap_core' (../tutorial_example/source/hls.cpp:25:24)
WARNING: [HLS 207-5292] unused parameter 'ap_part' (../tutorial_example/source/hls.cpp:25:41)
WARNING: [HLS 207-5292] unused parameter 'ap_parent' (../tutorial_example/source/hls.cpp:25:58)
WARNING: [HLS 207-5292] unused parameter 'ap_core' (../tutorial_example/source/hls.cpp:34:25)
WARNING: [HLS 207-5292] unused parameter 'ap_part' (../tutorial_example/source/hls.cpp:34:42)
WARNING: [HLS 207-5292] unused parameter 'ap_parent' (../tutorial_example/source/hls.cpp:34:59)
WARNING: [HLS 207-5292] unused parameter 'ap_core' (../tutorial_example/source/hls.cpp:44:25)
WARNING: [HLS 207-5292] unused parameter 'ap_part' (../tutorial_example/source/hls.cpp:44:42)
WARNING: [HLS 207-5292] unused parameter 'ap_parent' (../tutorial_example/source/hls.cpp:44:59)
WARNING: [HLS 207-5292] unused parameter 'ap_core' (../tutorial_example/source/hls.cpp:62:114)
WARNING: [HLS 207-5292] unused parameter 'ap_part' (../tutorial_example/source/hls.cpp:62:131)
WARNING: [HLS 207-5292] unused parameter 'ap_parent' (../tutorial_example/source/hls.cpp:62:148)
WARNING: [HLS 207-5292] unused parameter 'ap_core' (../tutorial_example/source/hls.cpp:117:22)
WARNING: [HLS 207-5292] unused parameter 'ap_part' (../tutorial_example/source/hls.cpp:117:39)
WARNING: [HLS 207-5292] unused parameter 'ap_parent' (../tutorial_example/source/hls.cpp:117:56)
INFO: [HLS 200-111] Finished Source Code Analysis and Preprocessing: CPU user time: 3.83 seconds. CPU system time: 2.78 seconds. Elapsed time: 6.63 seconds; current allocated memory: 971.453 MB.
INFO-FLOW: Linking Debug ...
INFO-FLOW: Linking dut bc code.
Execute           run_link_or_opt -out /home/duludulu/Documents/vishare_tools/vitis_batch_generate_rtl/prj/hevc_loop_filter_chroma_8bit_hls_sol/.autopilot/db/a.g.ld.0.bc -args  "/home/duludulu/Documents/vishare_tools/vitis_batch_generate_rtl/prj/hevc_loop_filter_chroma_8bit_hls_sol/.autopilot/db/hls.g.bc"  
INFO-FLOW: run_clang exec: /tools/Xilinx/Vitis/2024.2/lnx64/tools/clang-3.9-csynth/bin/llvm-link /home/duludulu/Documents/vishare_tools/vitis_batch_generate_rtl/prj/hevc_loop_filter_chroma_8bit_hls_sol/.autopilot/db/hls.g.bc -o /home/duludulu/Documents/vishare_tools/vitis_batch_generate_rtl/prj/hevc_loop_filter_chroma_8bit_hls_sol/.autopilot/db/a.g.ld.0.bc > /home/duludulu/Documents/vishare_tools/vitis_batch_generate_rtl/prj/hevc_loop_filter_chroma_8bit_hls_sol/.autopilot/db/a.g.ld.0.bc.llvm-link.out.log 2> /home/duludulu/Documents/vishare_tools/vitis_batch_generate_rtl/prj/hevc_loop_filter_chroma_8bit_hls_sol/.autopilot/db/a.g.ld.0.bc.llvm-link.err.log
Execute           run_link_or_opt -opt -out /home/duludulu/Documents/vishare_tools/vitis_batch_generate_rtl/prj/hevc_loop_filter_chroma_8bit_hls_sol/.autopilot/db/a.g.ld.1.lower.bc -args /home/duludulu/Documents/vishare_tools/vitis_batch_generate_rtl/prj/hevc_loop_filter_chroma_8bit_hls_sol/.autopilot/db/a.g.ld.0.bc -reflow-lower-math-intrinsics 
INFO-FLOW: run_clang exec: /tools/Xilinx/Vitis/2024.2/lnx64/tools/clang-3.9-csynth/bin/opt -pass-remarks-missed=reflow|pasta|unroll|inline -pass-remarks=reflow|pasta|unroll|inline -pass-remarks-output=/home/duludulu/Documents/vishare_tools/vitis_batch_generate_rtl/prj/hevc_loop_filter_chroma_8bit_hls_sol/.autopilot/db/a.g.ld.1.lower.bc.opt.diag.yml /home/duludulu/Documents/vishare_tools/vitis_batch_generate_rtl/prj/hevc_loop_filter_chroma_8bit_hls_sol/.autopilot/db/a.g.ld.0.bc -reflow-lower-math-intrinsics -o /home/duludulu/Documents/vishare_tools/vitis_batch_generate_rtl/prj/hevc_loop_filter_chroma_8bit_hls_sol/.autopilot/db/a.g.ld.1.lower.bc > /home/duludulu/Documents/vishare_tools/vitis_batch_generate_rtl/prj/hevc_loop_filter_chroma_8bit_hls_sol/.autopilot/db/a.g.ld.1.lower.bc.opt.out.log 2> /home/duludulu/Documents/vishare_tools/vitis_batch_generate_rtl/prj/hevc_loop_filter_chroma_8bit_hls_sol/.autopilot/db/a.g.ld.1.lower.bc.opt.err.log
INFO-FLOW: Running: gen_design_size_report post-opt
INFO-FLOW: Done: gen_design_size_report post-opt time: 0 seconds per iteration
INFO-FLOW: Linking math bc lib
Execute           run_link_or_opt -out /home/duludulu/Documents/vishare_tools/vitis_batch_generate_rtl/prj/hevc_loop_filter_chroma_8bit_hls_sol/.autopilot/db/a.g.ld.2.m1.bc -args /home/duludulu/Documents/vishare_tools/vitis_batch_generate_rtl/prj/hevc_loop_filter_chroma_8bit_hls_sol/.autopilot/db/a.g.ld.1.lower.bc -only-needed /tools/Xilinx/Vitis/2024.2/lnx64/lib/libhlsm_39.bc /tools/Xilinx/Vitis/2024.2/lnx64/lib/libhlsmc++_39.bc 
INFO-FLOW: run_clang exec: /tools/Xilinx/Vitis/2024.2/lnx64/tools/clang-3.9-csynth/bin/llvm-link /home/duludulu/Documents/vishare_tools/vitis_batch_generate_rtl/prj/hevc_loop_filter_chroma_8bit_hls_sol/.autopilot/db/a.g.ld.1.lower.bc -only-needed /tools/Xilinx/Vitis/2024.2/lnx64/lib/libhlsm_39.bc /tools/Xilinx/Vitis/2024.2/lnx64/lib/libhlsmc++_39.bc -o /home/duludulu/Documents/vishare_tools/vitis_batch_generate_rtl/prj/hevc_loop_filter_chroma_8bit_hls_sol/.autopilot/db/a.g.ld.2.m1.bc > /home/duludulu/Documents/vishare_tools/vitis_batch_generate_rtl/prj/hevc_loop_filter_chroma_8bit_hls_sol/.autopilot/db/a.g.ld.2.m1.bc.llvm-link.out.log 2> /home/duludulu/Documents/vishare_tools/vitis_batch_generate_rtl/prj/hevc_loop_filter_chroma_8bit_hls_sol/.autopilot/db/a.g.ld.2.m1.bc.llvm-link.err.log
Command           run_link_or_opt done; 1.72 sec.
Execute           run_link_or_opt -opt -out /home/duludulu/Documents/vishare_tools/vitis_batch_generate_rtl/prj/hevc_loop_filter_chroma_8bit_hls_sol/.autopilot/db/a.g.ld.3.fpc.bc -args /home/duludulu/Documents/vishare_tools/vitis_batch_generate_rtl/prj/hevc_loop_filter_chroma_8bit_hls_sol/.autopilot/db/a.g.ld.2.m1.bc -reflow-globaldce -hls-top-function-name=hevc_loop_filter_chroma_8bit_hls -reflow-float-conversion 
INFO-FLOW: run_clang exec: /tools/Xilinx/Vitis/2024.2/lnx64/tools/clang-3.9-csynth/bin/opt -pass-remarks-missed=reflow|pasta|unroll|inline -pass-remarks=reflow|pasta|unroll|inline -pass-remarks-output=/home/duludulu/Documents/vishare_tools/vitis_batch_generate_rtl/prj/hevc_loop_filter_chroma_8bit_hls_sol/.autopilot/db/a.g.ld.3.fpc.bc.opt.diag.yml /home/duludulu/Documents/vishare_tools/vitis_batch_generate_rtl/prj/hevc_loop_filter_chroma_8bit_hls_sol/.autopilot/db/a.g.ld.2.m1.bc -reflow-globaldce -hls-top-function-name=hevc_loop_filter_chroma_8bit_hls -reflow-float-conversion -o /home/duludulu/Documents/vishare_tools/vitis_batch_generate_rtl/prj/hevc_loop_filter_chroma_8bit_hls_sol/.autopilot/db/a.g.ld.3.fpc.bc > /home/duludulu/Documents/vishare_tools/vitis_batch_generate_rtl/prj/hevc_loop_filter_chroma_8bit_hls_sol/.autopilot/db/a.g.ld.3.fpc.bc.opt.out.log 2> /home/duludulu/Documents/vishare_tools/vitis_batch_generate_rtl/prj/hevc_loop_filter_chroma_8bit_hls_sol/.autopilot/db/a.g.ld.3.fpc.bc.opt.err.log
INFO-FLOW: Running: gen_design_size_report post-opt
INFO-FLOW: Done: gen_design_size_report post-opt time: 0 seconds per iteration
Command           run_link_or_opt done; 0.72 sec.
Execute           run_link_or_opt -out /home/duludulu/Documents/vishare_tools/vitis_batch_generate_rtl/prj/hevc_loop_filter_chroma_8bit_hls_sol/.autopilot/db/a.g.ld.4.m2.bc -args /home/duludulu/Documents/vishare_tools/vitis_batch_generate_rtl/prj/hevc_loop_filter_chroma_8bit_hls_sol/.autopilot/db/a.g.ld.3.fpc.bc -only-needed /tools/Xilinx/Vitis/2024.2/lnx64/lib/libfloatconversion_39.bc 
INFO-FLOW: run_clang exec: /tools/Xilinx/Vitis/2024.2/lnx64/tools/clang-3.9-csynth/bin/llvm-link /home/duludulu/Documents/vishare_tools/vitis_batch_generate_rtl/prj/hevc_loop_filter_chroma_8bit_hls_sol/.autopilot/db/a.g.ld.3.fpc.bc -only-needed /tools/Xilinx/Vitis/2024.2/lnx64/lib/libfloatconversion_39.bc -o /home/duludulu/Documents/vishare_tools/vitis_batch_generate_rtl/prj/hevc_loop_filter_chroma_8bit_hls_sol/.autopilot/db/a.g.ld.4.m2.bc > /home/duludulu/Documents/vishare_tools/vitis_batch_generate_rtl/prj/hevc_loop_filter_chroma_8bit_hls_sol/.autopilot/db/a.g.ld.4.m2.bc.llvm-link.out.log 2> /home/duludulu/Documents/vishare_tools/vitis_batch_generate_rtl/prj/hevc_loop_filter_chroma_8bit_hls_sol/.autopilot/db/a.g.ld.4.m2.bc.llvm-link.err.log
Execute           run_link_or_opt -opt -out /home/duludulu/Documents/vishare_tools/vitis_batch_generate_rtl/prj/hevc_loop_filter_chroma_8bit_hls_sol/.autopilot/db/a.g.ld.5.gdce.bc -args /home/duludulu/Documents/vishare_tools/vitis_batch_generate_rtl/prj/hevc_loop_filter_chroma_8bit_hls_sol/.autopilot/db/a.g.ld.4.m2.bc -reflow-globaldce -hls-top-function-name=hevc_loop_filter_chroma_8bit_hls 
INFO-FLOW: run_clang exec: /tools/Xilinx/Vitis/2024.2/lnx64/tools/clang-3.9-csynth/bin/opt -pass-remarks-missed=reflow|pasta|unroll|inline -pass-remarks=reflow|pasta|unroll|inline -pass-remarks-output=/home/duludulu/Documents/vishare_tools/vitis_batch_generate_rtl/prj/hevc_loop_filter_chroma_8bit_hls_sol/.autopilot/db/a.g.ld.5.gdce.bc.opt.diag.yml /home/duludulu/Documents/vishare_tools/vitis_batch_generate_rtl/prj/hevc_loop_filter_chroma_8bit_hls_sol/.autopilot/db/a.g.ld.4.m2.bc -reflow-globaldce -hls-top-function-name=hevc_loop_filter_chroma_8bit_hls -o /home/duludulu/Documents/vishare_tools/vitis_batch_generate_rtl/prj/hevc_loop_filter_chroma_8bit_hls_sol/.autopilot/db/a.g.ld.5.gdce.bc > /home/duludulu/Documents/vishare_tools/vitis_batch_generate_rtl/prj/hevc_loop_filter_chroma_8bit_hls_sol/.autopilot/db/a.g.ld.5.gdce.bc.opt.out.log 2> /home/duludulu/Documents/vishare_tools/vitis_batch_generate_rtl/prj/hevc_loop_filter_chroma_8bit_hls_sol/.autopilot/db/a.g.ld.5.gdce.bc.opt.err.log
INFO-FLOW: Running: gen_design_size_report post-opt
INFO-FLOW: Done: gen_design_size_report post-opt time: 0 seconds per iteration
Execute           send_msg_by_id INFO @200-777@%s Vivado 
INFO: [HLS 200-777] Using interface defaults for 'Vivado' flow target.
Execute           is_m_axi_addr64 
INFO-FLOW: Doing LTO.
INFO-FLOW: run_clang (background poll_ms 5000) exec: /tools/Xilinx/Vitis/2024.2/lnx64/tools/clang-3.9-csynth/bin/clang -foptimization-record-file=/home/duludulu/Documents/vishare_tools/vitis_batch_generate_rtl/prj/hevc_loop_filter_chroma_8bit_hls_sol/.autopilot/db/a.g.ld.0.bc.clang.reflow.diag.yml -mllvm -pass-remarks-missed=reflow|pasta|unroll|inline -mllvm -pass-remarks=reflow|pasta|unroll|inline -fhls -mllvm -hls-top-function-name=hevc_loop_filter_chroma_8bit_hls -mllvm -hls-db-dir -mllvm /home/duludulu/Documents/vishare_tools/vitis_batch_generate_rtl/prj/hevc_loop_filter_chroma_8bit_hls_sol/.autopilot/db -emit-llvm -c -target fpga64-xilinx-none -mllvm -xcl-xmlinfo=/home/duludulu/Documents/vishare_tools/vitis_batch_generate_rtl/prj/hevc_loop_filter_chroma_8bit_hls_sol/.autopilot/db/kernel.internal.xml -mllvm -top-io-mapping-info=/home/duludulu/Documents/vishare_tools/vitis_batch_generate_rtl/prj/hevc_loop_filter_chroma_8bit_hls_sol/.autopilot/db/top-io-fe.xml -mllvm -hls-bitcode-version=3.1 -mllvm -reflow-enable-slave-interface-default-setting=true -mllvm -gen-kernel-xml=false -mllvm -default-maxi-offset=slave -mllvm -maxi-latency=0 -mllvm -hls-maxi-data-size-in-bits=8 -mllvm -hls-maxi-max-data-size-in-bits=1024 -mllvm -hls-max-widen-size-in-bits=0 -mllvm -xcl-kernel-max-mem-ports=0 -mllvm -maxi-read-trans=16 -mllvm -maxi-write-trans=16 -mllvm -maxi-read-burst-len=16 -mllvm -maxi-write-burst-len=16 -mllvm -reflow-enable-saxi-64bits=0 -mllvm -reflow-basic-block-instr-threshold=200000 -mllvm -reflow-auto-pipeline-threshold=64 -mllvm -reflow-enable-maxi-auto-id-channel=0 -mllvm -reflow-bdd-simplify-threshold=1048576 -mllvm -reflow-fanout-threshold=16 -mllvm -reflow-complete-threshold=4 -mllvm -reflow-array-promotion-threshold=64 -mllvm -assume-maxi-align=1 -mllvm -reflow-enable-dataflow-strict-mode-checking=1 -ftime-report -mllvm -time-passes -mllvm -reflow-auto-array-partition-mode=default -mllvm -reflow-enable-auto-small-array-partition=true -mllvm -reflow-enable-auto-array-promotion=true -mllvm -reflow-enable-auto-array-partition-for-flatten=true -mllvm -reflow-enable-auto-parallel-performance-driven=true -mllvm -reflow-enable-partition-for-automation=true -mllvm -reflow-aggregate-bitwidth-threshold=4096 -mllvm -reflow-reserved-saxilite-registers=0 -mllvm -enable-reflow-auto-loop-pipeline -mllvm -reflow-max-unroll-threshold=409600 -mllvm -auto-unroll-tripcount-threshold=0 -mllvm -reflow-assume-no-address-wrap=true -mllvm -reflow-enable-occurrence-inference=true -mllvm -reflow-emit-hint-scope=true -mllvm -reflow-enable-codegen-with-if=true -mllvm -reflow-enable-dataflow-canon=true -mllvm -reflow-enable-dataflow-canon2=true -mllvm -hls -mllvm -disable-inlined-alloca-merging=true -mllvm -default-clock-period=3.3 -mllvm -use_read_first_ram_in_loop=1 -mllvm -default-clock-uncertainty=0.891 -x ir /home/duludulu/Documents/vishare_tools/vitis_batch_generate_rtl/prj/hevc_loop_filter_chroma_8bit_hls_sol/.autopilot/db/a.g.ld.5.gdce.bc -o /home/duludulu/Documents/vishare_tools/vitis_batch_generate_rtl/prj/hevc_loop_filter_chroma_8bit_hls_sol/.autopilot/db/a.g.lto.bc -hls-platform-db-name=/tools/Xilinx/Vitis/2024.2/common/technology/xilinx/common/platform.db -hls-platform-name=virtexuplus_medium -device-resource-info=BRAM_4320.000000_DSP_3840.000000_FF_8171520.000000_LUT_4085760.000000_SLICE_510720.000000_SLR_4.000000_URAM_320.000000 -device-name-info=xcvu19p-fsvb3824-2-e 2> /home/duludulu/Documents/vishare_tools/vitis_batch_generate_rtl/prj/hevc_loop_filter_chroma_8bit_hls_sol/.autopilot/db/a.g.ld.0.bc.clang.reflow.err.log bg_poll_cmd: ::AP::poll_clang_39_closed_source
Execute           send_msg_by_id INFO @200-1995@%s%s%s 152 Compile/Link /home/duludulu/Documents/vishare_tools/vitis_batch_generate_rtl/prj/hevc_loop_filter_chroma_8bit_hls_sol/syn/report/csynth_design_size.rpt 
INFO: [HLS 200-1995] There were 152 instructions in the design after the 'Compile/Link' phase of compilation. See the Design Size Report for more details: /home/duludulu/Documents/vishare_tools/vitis_batch_generate_rtl/prj/hevc_loop_filter_chroma_8bit_hls_sol/syn/report/csynth_design_size.rpt
Execute           send_msg_by_id INFO @200-1995@%s%s%s 129 Unroll/Inline (step 1) /home/duludulu/Documents/vishare_tools/vitis_batch_generate_rtl/prj/hevc_loop_filter_chroma_8bit_hls_sol/syn/report/csynth_design_size.rpt 
INFO: [HLS 200-1995] There were 129 instructions in the design after the 'Unroll/Inline (step 1)' phase of compilation. See the Design Size Report for more details: /home/duludulu/Documents/vishare_tools/vitis_batch_generate_rtl/prj/hevc_loop_filter_chroma_8bit_hls_sol/syn/report/csynth_design_size.rpt
Execute           send_msg_by_id INFO @200-1995@%s%s%s 95 Unroll/Inline (step 2) /home/duludulu/Documents/vishare_tools/vitis_batch_generate_rtl/prj/hevc_loop_filter_chroma_8bit_hls_sol/syn/report/csynth_design_size.rpt 
INFO: [HLS 200-1995] There were 95 instructions in the design after the 'Unroll/Inline (step 2)' phase of compilation. See the Design Size Report for more details: /home/duludulu/Documents/vishare_tools/vitis_batch_generate_rtl/prj/hevc_loop_filter_chroma_8bit_hls_sol/syn/report/csynth_design_size.rpt
Execute           send_msg_by_id INFO @200-1995@%s%s%s 97 Unroll/Inline (step 3) /home/duludulu/Documents/vishare_tools/vitis_batch_generate_rtl/prj/hevc_loop_filter_chroma_8bit_hls_sol/syn/report/csynth_design_size.rpt 
INFO: [HLS 200-1995] There were 97 instructions in the design after the 'Unroll/Inline (step 3)' phase of compilation. See the Design Size Report for more details: /home/duludulu/Documents/vishare_tools/vitis_batch_generate_rtl/prj/hevc_loop_filter_chroma_8bit_hls_sol/syn/report/csynth_design_size.rpt
Execute           send_msg_by_id INFO @200-1995@%s%s%s 97 Unroll/Inline (step 4) /home/duludulu/Documents/vishare_tools/vitis_batch_generate_rtl/prj/hevc_loop_filter_chroma_8bit_hls_sol/syn/report/csynth_design_size.rpt 
INFO: [HLS 200-1995] There were 97 instructions in the design after the 'Unroll/Inline (step 4)' phase of compilation. See the Design Size Report for more details: /home/duludulu/Documents/vishare_tools/vitis_batch_generate_rtl/prj/hevc_loop_filter_chroma_8bit_hls_sol/syn/report/csynth_design_size.rpt
Execute           send_msg_by_id INFO @200-1995@%s%s%s 104 Array/Struct (step 1) /home/duludulu/Documents/vishare_tools/vitis_batch_generate_rtl/prj/hevc_loop_filter_chroma_8bit_hls_sol/syn/report/csynth_design_size.rpt 
INFO: [HLS 200-1995] There were 104 instructions in the design after the 'Array/Struct (step 1)' phase of compilation. See the Design Size Report for more details: /home/duludulu/Documents/vishare_tools/vitis_batch_generate_rtl/prj/hevc_loop_filter_chroma_8bit_hls_sol/syn/report/csynth_design_size.rpt
Execute           send_msg_by_id INFO @200-1995@%s%s%s 104 Array/Struct (step 2) /home/duludulu/Documents/vishare_tools/vitis_batch_generate_rtl/prj/hevc_loop_filter_chroma_8bit_hls_sol/syn/report/csynth_design_size.rpt 
INFO: [HLS 200-1995] There were 104 instructions in the design after the 'Array/Struct (step 2)' phase of compilation. See the Design Size Report for more details: /home/duludulu/Documents/vishare_tools/vitis_batch_generate_rtl/prj/hevc_loop_filter_chroma_8bit_hls_sol/syn/report/csynth_design_size.rpt
Execute           send_msg_by_id INFO @200-1995@%s%s%s 104 Array/Struct (step 3) /home/duludulu/Documents/vishare_tools/vitis_batch_generate_rtl/prj/hevc_loop_filter_chroma_8bit_hls_sol/syn/report/csynth_design_size.rpt 
INFO: [HLS 200-1995] There were 104 instructions in the design after the 'Array/Struct (step 3)' phase of compilation. See the Design Size Report for more details: /home/duludulu/Documents/vishare_tools/vitis_batch_generate_rtl/prj/hevc_loop_filter_chroma_8bit_hls_sol/syn/report/csynth_design_size.rpt
Execute           send_msg_by_id INFO @200-1995@%s%s%s 104 Array/Struct (step 4) /home/duludulu/Documents/vishare_tools/vitis_batch_generate_rtl/prj/hevc_loop_filter_chroma_8bit_hls_sol/syn/report/csynth_design_size.rpt 
INFO: [HLS 200-1995] There were 104 instructions in the design after the 'Array/Struct (step 4)' phase of compilation. See the Design Size Report for more details: /home/duludulu/Documents/vishare_tools/vitis_batch_generate_rtl/prj/hevc_loop_filter_chroma_8bit_hls_sol/syn/report/csynth_design_size.rpt
Execute           send_msg_by_id INFO @200-1995@%s%s%s 104 Array/Struct (step 5) /home/duludulu/Documents/vishare_tools/vitis_batch_generate_rtl/prj/hevc_loop_filter_chroma_8bit_hls_sol/syn/report/csynth_design_size.rpt 
INFO: [HLS 200-1995] There were 104 instructions in the design after the 'Array/Struct (step 5)' phase of compilation. See the Design Size Report for more details: /home/duludulu/Documents/vishare_tools/vitis_batch_generate_rtl/prj/hevc_loop_filter_chroma_8bit_hls_sol/syn/report/csynth_design_size.rpt
Execute           send_msg_by_id INFO @200-1995@%s%s%s 104 Performance (step 1) /home/duludulu/Documents/vishare_tools/vitis_batch_generate_rtl/prj/hevc_loop_filter_chroma_8bit_hls_sol/syn/report/csynth_design_size.rpt 
INFO: [HLS 200-1995] There were 104 instructions in the design after the 'Performance (step 1)' phase of compilation. See the Design Size Report for more details: /home/duludulu/Documents/vishare_tools/vitis_batch_generate_rtl/prj/hevc_loop_filter_chroma_8bit_hls_sol/syn/report/csynth_design_size.rpt
Execute           send_msg_by_id INFO @200-1995@%s%s%s 104 Performance (step 2) /home/duludulu/Documents/vishare_tools/vitis_batch_generate_rtl/prj/hevc_loop_filter_chroma_8bit_hls_sol/syn/report/csynth_design_size.rpt 
INFO: [HLS 200-1995] There were 104 instructions in the design after the 'Performance (step 2)' phase of compilation. See the Design Size Report for more details: /home/duludulu/Documents/vishare_tools/vitis_batch_generate_rtl/prj/hevc_loop_filter_chroma_8bit_hls_sol/syn/report/csynth_design_size.rpt
Execute           send_msg_by_id INFO @200-1995@%s%s%s 104 Performance (step 3) /home/duludulu/Documents/vishare_tools/vitis_batch_generate_rtl/prj/hevc_loop_filter_chroma_8bit_hls_sol/syn/report/csynth_design_size.rpt 
INFO: [HLS 200-1995] There were 104 instructions in the design after the 'Performance (step 3)' phase of compilation. See the Design Size Report for more details: /home/duludulu/Documents/vishare_tools/vitis_batch_generate_rtl/prj/hevc_loop_filter_chroma_8bit_hls_sol/syn/report/csynth_design_size.rpt
Execute           send_msg_by_id INFO @200-1995@%s%s%s 104 Performance (step 4) /home/duludulu/Documents/vishare_tools/vitis_batch_generate_rtl/prj/hevc_loop_filter_chroma_8bit_hls_sol/syn/report/csynth_design_size.rpt 
INFO: [HLS 200-1995] There were 104 instructions in the design after the 'Performance (step 4)' phase of compilation. See the Design Size Report for more details: /home/duludulu/Documents/vishare_tools/vitis_batch_generate_rtl/prj/hevc_loop_filter_chroma_8bit_hls_sol/syn/report/csynth_design_size.rpt
Execute           send_msg_by_id INFO @200-1995@%s%s%s 130 HW Transforms (step 1) /home/duludulu/Documents/vishare_tools/vitis_batch_generate_rtl/prj/hevc_loop_filter_chroma_8bit_hls_sol/syn/report/csynth_design_size.rpt 
INFO: [HLS 200-1995] There were 130 instructions in the design after the 'HW Transforms (step 1)' phase of compilation. See the Design Size Report for more details: /home/duludulu/Documents/vishare_tools/vitis_batch_generate_rtl/prj/hevc_loop_filter_chroma_8bit_hls_sol/syn/report/csynth_design_size.rpt
Execute           send_msg_by_id INFO @200-1995@%s%s%s 138 HW Transforms (step 2) /home/duludulu/Documents/vishare_tools/vitis_batch_generate_rtl/prj/hevc_loop_filter_chroma_8bit_hls_sol/syn/report/csynth_design_size.rpt 
INFO: [HLS 200-1995] There were 138 instructions in the design after the 'HW Transforms (step 2)' phase of compilation. See the Design Size Report for more details: /home/duludulu/Documents/vishare_tools/vitis_batch_generate_rtl/prj/hevc_loop_filter_chroma_8bit_hls_sol/syn/report/csynth_design_size.rpt
INFO: [HLS 214-248] Applying array_partition to 'tc_arr': Complete partitioning on dimension 1. (../tutorial_example/source/hls.cpp:65:0)
INFO: [HLS 214-248] Applying array_partition to 'no_p_arr': Complete partitioning on dimension 1. (../tutorial_example/source/hls.cpp:65:0)
INFO: [HLS 214-248] Applying array_partition to 'no_q_arr': Complete partitioning on dimension 1. (../tutorial_example/source/hls.cpp:65:0)
INFO-FLOW: DBG:PUTS: copy_raw_kernel_xml ap_link_39: kernel.xml not generated: /home/duludulu/Documents/vishare_tools/vitis_batch_generate_rtl/prj/hevc_loop_filter_chroma_8bit_hls_sol/.autopilot/db/kernel.internal.xml
INFO: [HLS 200-111] Finished Compiling Optimization and Transform: CPU user time: 2.67 seconds. CPU system time: 0.58 seconds. Elapsed time: 7.85 seconds; current allocated memory: 971.453 MB.
INFO: [HLS 200-111] Finished Checking Pragmas: CPU user time: 0 seconds. CPU system time: 0 seconds. Elapsed time: 0 seconds; current allocated memory: 971.453 MB.
Execute           opt_and_import_c a -opt_level=2 -skip_syncheck=0 -ng=0 -keep_printf=0 
Execute             cleanup_all_models 
INFO: [HLS 200-10] Starting code transformations ...
INFO-FLOW: Running Standard Transforms...
Execute             transform -hls -share-std-xform -demangle-name -inline-byval-memcpy -always-inline -promote-dbg-pointer -interface-preproc -mem2reg -scalarrepl -mem2reg -keep-read-access -instcombine -dce -promote-dbg-pointer -bitop-raise -loop-simplify -indvarspre -indvars -loop-simplify -constprop -instcombine -simplifycfg -indvars -simplifycfg -dce -globaldce -basicaa -simplifycfg -mem2reg -globalopt -global-constprop -deadargelim -instcombine -simplifycfg -scalarrepl -instcombine -reassociate -licm -simplifycfg -loop-simplify -indvars -instcombine -simplifycfg -mem2reg -loop-simplify -indvars -instcombine -gvn -gvn -instcombine -adce -break-crit-edges -simplifycfg -loop-delete -global-array-opt -dce -dse -adce -find-syn-modules -top hevc_loop_filter_chroma_8bit_hls -deadargelim -mem2reg -instcombine -dce -presyn-prepare -interface-preproc -syn-check -check-rec-only -find-region -simplifycfg -func-extr -function-inline -globaldce -mem2reg -instcombine -dce -gvn -globaldce -adce -adse -constprop -instcombine -bit-constprop -instcombine -dce -simplifycfg -bitop-raise -simplifycfg -dce -loop-delete -reassociate -globalopt -global-privatize -mem2reg -dce -global-constprop -pointer-simplify -constprop -dce -promote-dbg-pointer -norm-name /home/duludulu/Documents/vishare_tools/vitis_batch_generate_rtl/prj/hevc_loop_filter_chroma_8bit_hls_sol/.autopilot/db/a.g.0.bc -o /home/duludulu/Documents/vishare_tools/vitis_batch_generate_rtl/prj/hevc_loop_filter_chroma_8bit_hls_sol/.autopilot/db/a.g.1.bc -f -phase std-opt 
INFO: [HLS 200-111] Finished Standard Transforms: CPU user time: 0.02 seconds. CPU system time: 0.01 seconds. Elapsed time: 0.03 seconds; current allocated memory: 971.453 MB.
INFO: [HLS 200-10] Checking synthesizability ...
INFO-FLOW: Checking Synthesizability 1/2..
Execute             transform -hls -syn-check -check-rec-only -scalarrepl -norm-name -dce -mem2reg -instcombine -directive-preproc -mem2reg -dse -dce -dce -pag -array-normalize -instcombine -dce -array-seg-normalize -instcombine -dce -data-pack -instcombine -dce -inst-simplify -array-flatten -instcombine -dce -array-burst -dce -deadargelim -promote-global-argument -simplifycfg -mem2reg -globaldce -dce -deadargelim -dce -instcombine -function-inline -globaldce -dce -doublePtrSimplify -doublePtrElim -dce -doublePtrSimplify -promote-dbg-pointer -dce -scalarrepl -dse -adse -instcombine -ptrLegalization -simplifycfg -dce -instcombine -pointer-simplify -ptrArgReplace -dce -instcombine -resolve-double-ptr -scalarrepl -norm-name -dce -mem2reg -instcombine -ptrLegalization -simplifycfg -deadargelim -instcombine -dce -inst-simplify -directive-preproc -mem2reg -dse -dce -globaldce /home/duludulu/Documents/vishare_tools/vitis_batch_generate_rtl/prj/hevc_loop_filter_chroma_8bit_hls_sol/.autopilot/db/a.g.1.bc -o /home/duludulu/Documents/vishare_tools/vitis_batch_generate_rtl/prj/hevc_loop_filter_chroma_8bit_hls_sol/.autopilot/db/a.g.2.prechk.bc -f 
INFO-FLOW: Checking Synthesizability 2/2..
Execute             transform -syn-check /home/duludulu/Documents/vishare_tools/vitis_batch_generate_rtl/prj/hevc_loop_filter_chroma_8bit_hls_sol/.autopilot/db/a.g.2.prechk.bc -o /home/duludulu/Documents/vishare_tools/vitis_batch_generate_rtl/prj/hevc_loop_filter_chroma_8bit_hls_sol/.autopilot/db/a.g.2.bc -f -phase syn-check 
INFO: [HLS 200-111] Finished Checking Synthesizability: CPU user time: 0.03 seconds. CPU system time: 0.01 seconds. Elapsed time: 0.03 seconds; current allocated memory: 971.453 MB.
INFO-FLOW: Compiler optimizing ...
INFO-FLOW: Share syncheck's 1.bc for syn flow: copy /home/duludulu/Documents/vishare_tools/vitis_batch_generate_rtl/prj/hevc_loop_filter_chroma_8bit_hls_sol/.autopilot/db/a.g.1.bc to /home/duludulu/Documents/vishare_tools/vitis_batch_generate_rtl/prj/hevc_loop_filter_chroma_8bit_hls_sol/.autopilot/db/a.o.1.bc
INFO-FLOW: Presyn 1...
Execute             transform -hls -tmp /home/duludulu/Documents/vishare_tools/vitis_batch_generate_rtl/prj/hevc_loop_filter_chroma_8bit_hls_sol/.autopilot/db -interface-port-rename -directive-preproc -mem2reg -dse -dce -scalarrepl -norm-name -deadargelim -dce -hls-dead-arg-elim -deadargelim -mem2reg -instcombine -dce -simplifycfg -dce -resource-proc -clib-intrinsic-prepare -dce -func-buffer -dce -pag -array-normalize -func-legal -instcombine -gvn -constprop -dce -simplifycfg -mem2reg -globaldce -resolve-double-ptr -dce -deadargelim -dce -instcombine -ptrArgReplace -mem2reg -dce -array-seg-normalize -deadargelim -instcombine -dce -directive-preproc -mem2reg -dse -dce -pointer-simplify -dce -port-alignment -dce -interface-preproc -data-pack -instcombine -dce -basicaa -aggr-aa -aggrmodref-aa -aggr-aa -gvn -gvn -basicaa -aggr-aa -aggrmodref-aa -aggr-aa -dse -adse -adce -loop-simplify -indvars -instcombine -gvn -loop-simplify -mem2reg -dce -find-region -instcombine -inst-simplify -interface-preproc -cfgopt -instcombine -indvars -loop-simplify -loop-bound -constprop -instcombine -simplifycfg -indvars -simplifycfg -dce -globaldce -clean-region -attach-range -gvn -inst-simplify -constprop -simplifycfg -dce -pointer-simplify -dce -globalopt -constprop -dce -ptrArgReplace -mem2reg -simplifycfg -dce -instcombine -dce -array-transform-check -array-reshape -instcombine -simplifycfg -dce -ptrArgReplace -deadargelim -mem2reg -instcombine -simplifycfg -dce -indvars -loop-simplify -loop-bound -constprop -instcombine -simplifycfg -indvars -simplifycfg -dce -globaldce -basicaa -aggr-aa -aggrmodref-aa -aggr-aa -dse -duplicate-dataflow-processes -globaldce -instcombine -array-partition -prepare-dynamic-array-partition -instcombine -simplifycfg -dce -ptrArgReplace -global-constprop -deadargelim -mem2reg -func-legal -dce -global-constprop -deadargelim -mem2reg -simplifycfg -dce -merge-param -deadargelim -globalopt -constprop -dce -ptrArgReplace -mem2reg -simplifycfg -dce -mem-intrinsic-preproc -dce -global-internalize -global-privatize -mem2reg -globaldce -lcssa -loop-simplify -phi-select-elim -promote-global-argument -ptrArgReplace -mem2reg -dce -globalopt -mergereturn -simplify-global-access -mem2reg -dce -pointer-simplify -dce -basicaa -aggr-aa -aggrmodref-aa -aggr-aa -functionattrs -basicaa -aggr-aa -aggrmodref-aa -aggr-aa -gvn -gvn -basicaa -aggr-aa -aggrmodref-aa -aggr-aa -dse -adse -adce -dce -norm-name -basicaa -aggr-aa -aggrmodref-aa -aggr-aa -accesses-merge -function-inline -complex-op-raise -inst-simplify -globaldce -func-legal -dce -loop-bound -arraycheck -bitwidthmin2 -bitwidthmin2 -on-by-dataflow -loop-delete -instcombine -simplifycfg -globaldce -dce -gvn -deadargelim -dce -loop-simplify -clean-region -simplifycfg -propagate-stable-arguments -instcombine -simplifycfg -dce -globaldce -duplicate-dataflow-processes -stream-intrinsic-preproc -dce -check-ap-stream -loop-simplify -eliminate-keepreads -extract-dataflow-in-loop -loop-simplify -dce -gvn -deadargelim -dse -duplicate-dataflow-processes -check-dataflow-syntax -legalize-stream-variable -globaldce -legalize-global -extract-subproc -dce -dead-channel-elimination -canonicalize-gep -globaldce -dce -gvn -hls-dead-arg-elim -deadargelim -directive-preproc -canonicalize-dataflow -dce -globaldce -scalar-preprocessing -scalar-propagation2 -scalar-stream -deadargelim -globaldce -mem2reg -check-dataflow-channels -function-stream -dce -globaldce -prop-fifo-spec -internal-stream-gen -canonicalize-gep -globaldce -dce -gvn -deadargelim -mergereturn -indvars -loop-simplify -instcombine -array-stream -array-seg-normalize -array-partition -clean-array-spec -func-legal -instcombine -simplifycfg -dce -bundle-memfifo-ops -deadargelim -directive-preproc -mem2reg -dse -dce -group-axi-access -licm -simplifycfg -dce -loop-delete -hls-display -norm-name /home/duludulu/Documents/vishare_tools/vitis_batch_generate_rtl/prj/hevc_loop_filter_chroma_8bit_hls_sol/.autopilot/db/a.o.1.bc -o /home/duludulu/Documents/vishare_tools/vitis_batch_generate_rtl/prj/hevc_loop_filter_chroma_8bit_hls_sol/.autopilot/db/a.o.1.tmp.bc -f 
WARNING: [XFORM 203-561] Updating loop lower bound from 0 to 2 for loop 'VITIS_LOOP_76_1' (../tutorial_example/source/hls.cpp:70:9) in function 'hevc_loop_filter_chroma_8bit_hls'.
INFO-FLOW: Presyn 2...
Execute             transform -hls -keep-callgraph -scalarrepl -mem2reg -port-alignment -attach-range -dce -pipe-mux-gen -indvars -loop-bound -inst-simplify -instcombine -dce -merge-array-access -mem2reg -dce -clean-region -mergereturn -if-conv -instcombine -dce -constprop -basicaa -aggr-aa -aggrmodref-aa -aggr-aa -gvn -gvn -basicaa -aggr-aa -aggrmodref-aa -aggr-aa -dse -adse -adce -scalarrepl -mem2reg -global-constprop -deadargelim -deadargelim -instcombine -dce -simplifycfg -ptrArgReplace -mem2reg -function-inline -globaldce -mem2reg -instcombine -dce -expr-balance -instcombine -dce -bitwidthmin2 -bitwidthmin2 -interface-preproc -directive-preproc -inst-rectify -instcombine -dce -basicaa -aggr-aa -aggrmodref-aa -aggr-aa -functionattrs -constprop -instcombine -bit-constprop -simplify-global-access -globalopt -globaldce -inst-simplify -instcombine -elimdeaddata -dce -loop-delete -simplifycfg -loop-simplify -barrier -norm-name /home/duludulu/Documents/vishare_tools/vitis_batch_generate_rtl/prj/hevc_loop_filter_chroma_8bit_hls_sol/.autopilot/db/a.o.1.tmp.bc -o /home/duludulu/Documents/vishare_tools/vitis_batch_generate_rtl/prj/hevc_loop_filter_chroma_8bit_hls_sol/.autopilot/db/a.o.2.bc -f -phase presyn 
INFO: [XFORM 203-401] Performing if-conversion on hyperblock from (../tutorial_example/source/hls.cpp:98:43) to (../tutorial_example/source/hls.cpp:99:13) in function 'hevc_loop_filter_chroma_8bit_hls'... converting 3 basic blocks.
INFO: [XFORM 203-401] Performing if-conversion on hyperblock from (../tutorial_example/source/hls.cpp:101:42) to (../tutorial_example/source/hls.cpp:102:13) in function 'hevc_loop_filter_chroma_8bit_hls'... converting 3 basic blocks.
INFO: [HLS 200-111] Finished Loop, function and other optimizations: CPU user time: 0.07 seconds. CPU system time: 0.02 seconds. Elapsed time: 0.09 seconds; current allocated memory: 993.703 MB.
Execute             transform -hls -auto-function-inline -globaldce -ptrArgReplace -mem2reg -dce -reset-lda -loop-simplify -indvars -aggr-aa -licm -loop-dep -loop-bound -licm -loop-simplify -loop-sink-hoist -flattenloopnest -array-flatten -gvn -instcombine -dce -array-map -dce -func-legal -gvn -adce -instcombine -cfgopt -simplifycfg-lite -loop-simplify -array-burst -promote-global-argument -dce -array-seg-normalize -basicaa -aggrmodref-aa -globalsmodref-aa -aggr-aa -gvn -gvn -basicaa -aggrmodref-aa -globalsmodref-aa -aggr-aa -dse -adse -adce -licm -inst-simplify -dce -globaldce -instcombine -array-stream -eliminate-keepreads -instcombine -dce -deadargelim -doublePtrSimplify -doublePtrElim -dce -doublePtrSimplify -promote-dbg-pointer -dce -scalarrepl -mem2reg -norm-name -mem2reg -instcombine -dse -adse -adce -ptrLegalization -dce -array-flatten -dce -instcombine -check-doubleptr -loop-rot -constprop -inst-simplify -cfgopt -simplifycfg-lite -loop-simplify -indvars -pointer-simplify -dce -loop-bound -loop-simplify -loop-preproc -constprop -global-constprop -gvn -mem2reg -instcombine -dce -loop-bound -loop-merge -dce -deadargelim -dce -canonicalize-dataflow -dce -deadargelim -globaldce -mem2reg -bram-byte-enable -inst-simplify -inst-rectify -instcombine -adce -deadargelim -load-elim -read-loop-dep -loop-simplify -loop-rewind-sink-hoist -loop-outline -hls-dead-arg-elim -directive-preproc -bitwidthmin2 -bitwidthmin2 -read-loop-dep -interface-preproc -directive-preproc -interface-gen -bram-byte-enable-spec-prop -mul2addshift -deadargelim -inst-simplify -dce -mem2reg -instcombine -gvn -dce -adse -loop-bound -instcombine -cfgopt -simplifycfg-lite -loop-simplify -clean-region -io-protocol -find-region -mem2reg -bitop-raise -complex-op-raise -inst-simplify -inst-rectify -instcombine -adce -deadargelim -float-op-raise -loop-simplify -phi-opt -bitop-raise -cfgopt -simplifycfg-lite -strip-dead-prototypes -interface-lower -bitop-lower -intrinsic-lower -auto-function-inline -basicaa -aggrmodref-aa -globalsmodref-aa -aggr-aa -inst-simplify -simplifycfg-lite -loop-simplify -mergereturn -inst-simplify -inst-rectify -globaldce -dce -load-elim -bitop-lower -float-op-raise -fma-raise -loop-rewind -pointer-simplify -dce -cfgopt -dce -loop-bound -loop-dep -read-loop-dep -dce -dyn-mem-reuse -dce -recurrence-min -dce -share-scalar-alloca -deadargelim -dce -check-stream -norm-name -legalize -inst-clarity -bitwidth -dce -validate-dataflow -dump-loop-dep-to-ir -check-all-ssdm -dump-complexity-metric /home/duludulu/Documents/vishare_tools/vitis_batch_generate_rtl/prj/hevc_loop_filter_chroma_8bit_hls_sol/.autopilot/db/a.o.2.bc -o /home/duludulu/Documents/vishare_tools/vitis_batch_generate_rtl/prj/hevc_loop_filter_chroma_8bit_hls_sol/.autopilot/db/a.o.3.bc -f -phase build-ssdm 
WARNING: [HLS 200-960] Cannot flatten loop 'VITIS_LOOP_76_1' (../tutorial_example/source/hls.cpp:76:22) in function 'hevc_loop_filter_chroma_8bit_hls' the outer loop is not a perfect loop because there is nontrivial logic before entering the inner loop.
Execute               auto_get_db
INFO-FLOW: Building ssdm...
Execute             transform -hls -cdfg-build /home/duludulu/Documents/vishare_tools/vitis_batch_generate_rtl/prj/hevc_loop_filter_chroma_8bit_hls_sol/.autopilot/db/a.o.3.bc -o /home/duludulu/Documents/vishare_tools/vitis_batch_generate_rtl/prj/hevc_loop_filter_chroma_8bit_hls_sol/.autopilot/db/a.o.3.bc -f -phase build-ssdm 
INFO: [HLS 200-111] Finished Architecture Synthesis: CPU user time: 0.06 seconds. CPU system time: 0.02 seconds. Elapsed time: 0.08 seconds; current allocated memory: 995.070 MB.
INFO-FLOW: Finish building internal data model.
Command           opt_and_import_c done; 0.25 sec.
Command         elaborate done; 14.74 sec.
Execute         ap_eval exec zip -j /home/duludulu/Documents/vishare_tools/vitis_batch_generate_rtl/prj/hevc_loop_filter_chroma_8bit_hls_sol/.autopilot/db/dut.hcp $dbDir/a.o.3.bc $dbDir/${topname}.rtl_wrap.cfg.tcl $dbDir/apatb_${topname}.cpp $dbDir/apatb_${topname}_util.cpp $dbDir/apatb_${topname}_ir.ll $dbDir/mapper_${topname}.cpp $dbDir/top-io-fe.xml $dbDir/kernel.internal.xml $workdir/../hls.app 
Execute         autosyn -from_csynth_design=1 
INFO: [HLS 200-10] Starting hardware synthesis ...
INFO-FLOW: Synthesizing C/C++ design ...
INFO: [HLS 200-10] Synthesizing 'hevc_loop_filter_chroma_8bit_hls' ...
Execute           ap_set_top_model hevc_loop_filter_chroma_8bit_hls 
Execute           get_model_list hevc_loop_filter_chroma_8bit_hls -filter all-wo-channel -topdown 
Execute           preproc_iomode -model hevc_loop_filter_chroma_8bit_hls 
Execute           preproc_iomode -model hevc_loop_filter_chroma_8bit_hls_Pipeline_VITIS_LOOP_87_2 
Execute           get_model_list hevc_loop_filter_chroma_8bit_hls -filter all-wo-channel 
INFO-FLOW: Model list for configure: hevc_loop_filter_chroma_8bit_hls_Pipeline_VITIS_LOOP_87_2 hevc_loop_filter_chroma_8bit_hls
INFO-FLOW: Configuring Module : hevc_loop_filter_chroma_8bit_hls_Pipeline_VITIS_LOOP_87_2 ...
Execute           set_default_model hevc_loop_filter_chroma_8bit_hls_Pipeline_VITIS_LOOP_87_2 
Execute           apply_spec_resource_limit hevc_loop_filter_chroma_8bit_hls_Pipeline_VITIS_LOOP_87_2 
INFO-FLOW: Configuring Module : hevc_loop_filter_chroma_8bit_hls ...
Execute           set_default_model hevc_loop_filter_chroma_8bit_hls 
Execute           apply_spec_resource_limit hevc_loop_filter_chroma_8bit_hls 
INFO-FLOW: Model list for preprocess: hevc_loop_filter_chroma_8bit_hls_Pipeline_VITIS_LOOP_87_2 hevc_loop_filter_chroma_8bit_hls
INFO-FLOW: Preprocessing Module: hevc_loop_filter_chroma_8bit_hls_Pipeline_VITIS_LOOP_87_2 ...
Execute           set_default_model hevc_loop_filter_chroma_8bit_hls_Pipeline_VITIS_LOOP_87_2 
Execute           cdfg_preprocess -model hevc_loop_filter_chroma_8bit_hls_Pipeline_VITIS_LOOP_87_2 
Execute           rtl_gen_preprocess hevc_loop_filter_chroma_8bit_hls_Pipeline_VITIS_LOOP_87_2 
INFO-FLOW: Preprocessing Module: hevc_loop_filter_chroma_8bit_hls ...
Execute           set_default_model hevc_loop_filter_chroma_8bit_hls 
Execute           cdfg_preprocess -model hevc_loop_filter_chroma_8bit_hls 
Execute           rtl_gen_preprocess hevc_loop_filter_chroma_8bit_hls 
INFO-FLOW: Model list for synthesis: hevc_loop_filter_chroma_8bit_hls_Pipeline_VITIS_LOOP_87_2 hevc_loop_filter_chroma_8bit_hls
INFO: [HLS 200-10] ----------------------------------------------------------------
INFO: [HLS 200-42] -- Implementing module 'hevc_loop_filter_chroma_8bit_hls_Pipeline_VITIS_LOOP_87_2' 
INFO: [HLS 200-10] ----------------------------------------------------------------
Execute           set_default_model hevc_loop_filter_chroma_8bit_hls_Pipeline_VITIS_LOOP_87_2 
Execute           schedule -model hevc_loop_filter_chroma_8bit_hls_Pipeline_VITIS_LOOP_87_2 
INFO: [SCHED 204-11] Starting scheduling ...
INFO: [SCHED 204-61] Pipelining loop 'VITIS_LOOP_87_2'.
WARNING: [HLS 200-880] The II Violation in module 'hevc_loop_filter_chroma_8bit_hls_Pipeline_VITIS_LOOP_87_2' (loop 'VITIS_LOOP_87_2'): Unable to enforce a carried dependence constraint (II = 1, distance = 1, offset = 1) between 'store' operation 0 bit ('pix_base_addr_1_write_ln98', ../tutorial_example/source/hls.cpp:98) of variable 'cond70', ../tutorial_example/source/hls.cpp:98 on array 'pix_base' and 'load' operation 8 bit ('pix_base_load_1', ../tutorial_example/source/hls.cpp:90) on array 'pix_base'.
WARNING: [HLS 200-880] The II Violation in module 'hevc_loop_filter_chroma_8bit_hls_Pipeline_VITIS_LOOP_87_2' (loop 'VITIS_LOOP_87_2'): Unable to enforce a carried dependence constraint (II = 2, distance = 1, offset = 1) between 'store' operation 0 bit ('pix_base_addr_1_write_ln98', ../tutorial_example/source/hls.cpp:98) of variable 'cond70', ../tutorial_example/source/hls.cpp:98 on array 'pix_base' and 'load' operation 8 bit ('pix_base_load_1', ../tutorial_example/source/hls.cpp:90) on array 'pix_base'.
WARNING: [HLS 200-880] The II Violation in module 'hevc_loop_filter_chroma_8bit_hls_Pipeline_VITIS_LOOP_87_2' (loop 'VITIS_LOOP_87_2'): Unable to enforce a carried dependence constraint (II = 3, distance = 1, offset = 1) between 'store' operation 0 bit ('pix_base_addr_1_write_ln98', ../tutorial_example/source/hls.cpp:98) of variable 'cond70', ../tutorial_example/source/hls.cpp:98 on array 'pix_base' and 'load' operation 8 bit ('pix_base_load_1', ../tutorial_example/source/hls.cpp:90) on array 'pix_base'.
WARNING: [HLS 200-880] The II Violation in module 'hevc_loop_filter_chroma_8bit_hls_Pipeline_VITIS_LOOP_87_2' (loop 'VITIS_LOOP_87_2'): Unable to enforce a carried dependence constraint (II = 4, distance = 1, offset = 1) between 'store' operation 0 bit ('pix_base_addr_1_write_ln98', ../tutorial_example/source/hls.cpp:98) of variable 'cond70', ../tutorial_example/source/hls.cpp:98 on array 'pix_base' and 'load' operation 8 bit ('pix_base_load_1', ../tutorial_example/source/hls.cpp:90) on array 'pix_base'.
WARNING: [HLS 200-880] The II Violation in module 'hevc_loop_filter_chroma_8bit_hls_Pipeline_VITIS_LOOP_87_2' (loop 'VITIS_LOOP_87_2'): Unable to enforce a carried dependence constraint (II = 5, distance = 1, offset = 1) between 'store' operation 0 bit ('pix_base_addr_2_write_ln101', ../tutorial_example/source/hls.cpp:101) of variable 'cond95', ../tutorial_example/source/hls.cpp:101 on array 'pix_base' and 'load' operation 8 bit ('pix_base_load_2', ../tutorial_example/source/hls.cpp:91) on array 'pix_base'.
WARNING: [HLS 200-885] The II Violation in module 'hevc_loop_filter_chroma_8bit_hls_Pipeline_VITIS_LOOP_87_2' (loop 'VITIS_LOOP_87_2'): Unable to schedule 'load' operation 8 bit ('pix_base_load', ../tutorial_example/source/hls.cpp:89) on array 'pix_base' due to limited memory ports (II = 6). Please consider using a memory core with more ports or partitioning the array 'pix_base'.
INFO: [HLS 200-1470] Pipelining result : Target II = NA, Final II = 7, Depth = 9, loop 'VITIS_LOOP_87_2'
INFO: [SCHED 204-11] Finished scheduling.
Command           schedule done; 0.12 sec.
INFO: [HLS 200-111] Finished Scheduling: CPU user time: 0.1 seconds. CPU system time: 0.08 seconds. Elapsed time: 0.18 seconds; current allocated memory: 996.113 MB.
Execute           syn_report -verbosereport -o /home/duludulu/Documents/vishare_tools/vitis_batch_generate_rtl/prj/hevc_loop_filter_chroma_8bit_hls_sol/.autopilot/db/hevc_loop_filter_chroma_8bit_hls_Pipeline_VITIS_LOOP_87_2.verbose.sched.rpt 
Execute             list_part -family xcvu19p-fsvb3824-2-e 
Execute               ap_family_info -name xcvu19p-fsvb3824-2-e -data names 
Execute               ap_part_info -quiet -name xcvu19p-fsvb3824-2-e -data family 
Execute           db_write -o /home/duludulu/Documents/vishare_tools/vitis_batch_generate_rtl/prj/hevc_loop_filter_chroma_8bit_hls_sol/.autopilot/db/hevc_loop_filter_chroma_8bit_hls_Pipeline_VITIS_LOOP_87_2.sched.adb -f 
INFO-FLOW: Finish scheduling hevc_loop_filter_chroma_8bit_hls_Pipeline_VITIS_LOOP_87_2.
Execute           set_default_model hevc_loop_filter_chroma_8bit_hls_Pipeline_VITIS_LOOP_87_2 
Execute           bind -model hevc_loop_filter_chroma_8bit_hls_Pipeline_VITIS_LOOP_87_2 
INFO: [BIND 205-100] Starting micro-architecture generation ...
INFO: [BIND 205-101] Performing variable lifetime analysis.
INFO: [BIND 205-101] Exploring resource sharing.
INFO: [BIND 205-101] Binding ...
INFO: [BIND 205-100] Finished micro-architecture generation.
INFO: [HLS 200-111] Finished Binding: CPU user time: 0.03 seconds. CPU system time: 0.03 seconds. Elapsed time: 0.06 seconds; current allocated memory: 996.113 MB.
Execute           syn_report -verbosereport -o /home/duludulu/Documents/vishare_tools/vitis_batch_generate_rtl/prj/hevc_loop_filter_chroma_8bit_hls_sol/.autopilot/db/hevc_loop_filter_chroma_8bit_hls_Pipeline_VITIS_LOOP_87_2.verbose.bind.rpt 
Execute             list_part -family xcvu19p-fsvb3824-2-e 
Execute               ap_family_info -name xcvu19p-fsvb3824-2-e -data names 
Execute               ap_part_info -quiet -name xcvu19p-fsvb3824-2-e -data family 
Execute           db_write -o /home/duludulu/Documents/vishare_tools/vitis_batch_generate_rtl/prj/hevc_loop_filter_chroma_8bit_hls_sol/.autopilot/db/hevc_loop_filter_chroma_8bit_hls_Pipeline_VITIS_LOOP_87_2.bind.adb -f 
INFO-FLOW: Finish binding hevc_loop_filter_chroma_8bit_hls_Pipeline_VITIS_LOOP_87_2.
INFO: [HLS 200-10] ----------------------------------------------------------------
INFO: [HLS 200-42] -- Implementing module 'hevc_loop_filter_chroma_8bit_hls' 
INFO: [HLS 200-10] ----------------------------------------------------------------
Execute           set_default_model hevc_loop_filter_chroma_8bit_hls 
Execute           schedule -model hevc_loop_filter_chroma_8bit_hls 
INFO: [SCHED 204-11] Starting scheduling ...
INFO: [SCHED 204-11] Finished scheduling.
INFO: [HLS 200-111] Finished Scheduling: CPU user time: 0.06 seconds. CPU system time: 0.01 seconds. Elapsed time: 0.07 seconds; current allocated memory: 996.113 MB.
Execute           syn_report -verbosereport -o /home/duludulu/Documents/vishare_tools/vitis_batch_generate_rtl/prj/hevc_loop_filter_chroma_8bit_hls_sol/.autopilot/db/hevc_loop_filter_chroma_8bit_hls.verbose.sched.rpt 
Execute             list_part -family xcvu19p-fsvb3824-2-e 
Execute               ap_family_info -name xcvu19p-fsvb3824-2-e -data names 
Execute               ap_part_info -quiet -name xcvu19p-fsvb3824-2-e -data family 
Execute           db_write -o /home/duludulu/Documents/vishare_tools/vitis_batch_generate_rtl/prj/hevc_loop_filter_chroma_8bit_hls_sol/.autopilot/db/hevc_loop_filter_chroma_8bit_hls.sched.adb -f 
INFO-FLOW: Finish scheduling hevc_loop_filter_chroma_8bit_hls.
Execute           set_default_model hevc_loop_filter_chroma_8bit_hls 
Execute           bind -model hevc_loop_filter_chroma_8bit_hls 
INFO: [BIND 205-100] Starting micro-architecture generation ...
INFO: [BIND 205-101] Performing variable lifetime analysis.
INFO: [BIND 205-101] Exploring resource sharing.
INFO: [BIND 205-101] Binding ...
INFO: [BIND 205-100] Finished micro-architecture generation.
INFO: [HLS 200-111] Finished Binding: CPU user time: 0.03 seconds. CPU system time: 0.02 seconds. Elapsed time: 0.04 seconds; current allocated memory: 996.113 MB.
Execute           syn_report -verbosereport -o /home/duludulu/Documents/vishare_tools/vitis_batch_generate_rtl/prj/hevc_loop_filter_chroma_8bit_hls_sol/.autopilot/db/hevc_loop_filter_chroma_8bit_hls.verbose.bind.rpt 
Execute             list_part -family xcvu19p-fsvb3824-2-e 
Execute               ap_family_info -name xcvu19p-fsvb3824-2-e -data names 
Execute               ap_part_info -quiet -name xcvu19p-fsvb3824-2-e -data family 
Execute           db_write -o /home/duludulu/Documents/vishare_tools/vitis_batch_generate_rtl/prj/hevc_loop_filter_chroma_8bit_hls_sol/.autopilot/db/hevc_loop_filter_chroma_8bit_hls.bind.adb -f 
INFO-FLOW: Finish binding hevc_loop_filter_chroma_8bit_hls.
Execute           get_model_list hevc_loop_filter_chroma_8bit_hls -filter all-wo-channel 
INFO-FLOW: Preprocessing for RTLGen ...
Execute           rtl_gen_preprocess hevc_loop_filter_chroma_8bit_hls_Pipeline_VITIS_LOOP_87_2 
Execute           rtl_gen_preprocess hevc_loop_filter_chroma_8bit_hls 
INFO-FLOW: Model list for RTL generation: hevc_loop_filter_chroma_8bit_hls_Pipeline_VITIS_LOOP_87_2 hevc_loop_filter_chroma_8bit_hls
INFO: [HLS 200-10] ----------------------------------------------------------------
INFO: [HLS 200-10] -- Generating RTL for module 'hevc_loop_filter_chroma_8bit_hls_Pipeline_VITIS_LOOP_87_2' 
INFO: [HLS 200-10] ----------------------------------------------------------------
Execute           create_rtl_model hevc_loop_filter_chroma_8bit_hls_Pipeline_VITIS_LOOP_87_2 -top_prefix hevc_loop_filter_chroma_8bit_hls_ -sub_prefix hevc_loop_filter_chroma_8bit_hls_ -mg_file /home/duludulu/Documents/vishare_tools/vitis_batch_generate_rtl/prj/hevc_loop_filter_chroma_8bit_hls_sol/.autopilot/db/hevc_loop_filter_chroma_8bit_hls_Pipeline_VITIS_LOOP_87_2.compgen.tcl 
INFO: [HLS 200-1030] Apply Unified Pipeline Control on module 'hevc_loop_filter_chroma_8bit_hls_Pipeline_VITIS_LOOP_87_2' pipeline 'VITIS_LOOP_87_2' pipeline type 'loop pipeline'
INFO: [RTGEN 206-100] Finished creating RTL model for 'hevc_loop_filter_chroma_8bit_hls_Pipeline_VITIS_LOOP_87_2'.
INFO: [HLS 200-111] Finished Creating RTL model: CPU user time: 0.05 seconds. CPU system time: 0.01 seconds. Elapsed time: 0.06 seconds; current allocated memory: 996.113 MB.
Execute           source /home/duludulu/Documents/vishare_tools/vitis_batch_generate_rtl/prj/hevc_loop_filter_chroma_8bit_hls_sol/.autopilot/db/hevc_loop_filter_chroma_8bit_hls.rtl_wrap.cfg.tcl 
Execute           gen_rtl hevc_loop_filter_chroma_8bit_hls_Pipeline_VITIS_LOOP_87_2 -style xilinx -f -lang vhdl -o /home/duludulu/Documents/vishare_tools/vitis_batch_generate_rtl/prj/hevc_loop_filter_chroma_8bit_hls_sol/syn/vhdl/hevc_loop_filter_chroma_8bit_hls_hevc_loop_filter_chroma_8bit_hls_Pipeline_VITIS_LOOP_87_2 
Execute           gen_rtl hevc_loop_filter_chroma_8bit_hls_Pipeline_VITIS_LOOP_87_2 -style xilinx -f -lang vlog -o /home/duludulu/Documents/vishare_tools/vitis_batch_generate_rtl/prj/hevc_loop_filter_chroma_8bit_hls_sol/syn/verilog/hevc_loop_filter_chroma_8bit_hls_hevc_loop_filter_chroma_8bit_hls_Pipeline_VITIS_LOOP_87_2 
Execute           syn_report -csynth -model hevc_loop_filter_chroma_8bit_hls_Pipeline_VITIS_LOOP_87_2 -o /home/duludulu/Documents/vishare_tools/vitis_batch_generate_rtl/prj/hevc_loop_filter_chroma_8bit_hls_sol/syn/report/hevc_loop_filter_chroma_8bit_hls_Pipeline_VITIS_LOOP_87_2_csynth.rpt 
Execute             list_part -family xcvu19p-fsvb3824-2-e 
Execute               ap_family_info -name xcvu19p-fsvb3824-2-e -data names 
Execute               ap_part_info -quiet -name xcvu19p-fsvb3824-2-e -data family 
Execute           syn_report -rtlxml -model hevc_loop_filter_chroma_8bit_hls_Pipeline_VITIS_LOOP_87_2 -o /home/duludulu/Documents/vishare_tools/vitis_batch_generate_rtl/prj/hevc_loop_filter_chroma_8bit_hls_sol/syn/report/hevc_loop_filter_chroma_8bit_hls_Pipeline_VITIS_LOOP_87_2_csynth.xml 
Execute             list_part -family xcvu19p-fsvb3824-2-e 
Execute               ap_family_info -name xcvu19p-fsvb3824-2-e -data names 
Execute               ap_part_info -quiet -name xcvu19p-fsvb3824-2-e -data family 
Execute           syn_report -verbosereport -model hevc_loop_filter_chroma_8bit_hls_Pipeline_VITIS_LOOP_87_2 -o /home/duludulu/Documents/vishare_tools/vitis_batch_generate_rtl/prj/hevc_loop_filter_chroma_8bit_hls_sol/.autopilot/db/hevc_loop_filter_chroma_8bit_hls_Pipeline_VITIS_LOOP_87_2.verbose.rpt 
Execute             list_part -family xcvu19p-fsvb3824-2-e 
Execute               ap_family_info -name xcvu19p-fsvb3824-2-e -data names 
Execute               ap_part_info -quiet -name xcvu19p-fsvb3824-2-e -data family 
Execute           db_write -model hevc_loop_filter_chroma_8bit_hls_Pipeline_VITIS_LOOP_87_2 -f -o /home/duludulu/Documents/vishare_tools/vitis_batch_generate_rtl/prj/hevc_loop_filter_chroma_8bit_hls_sol/.autopilot/db/hevc_loop_filter_chroma_8bit_hls_Pipeline_VITIS_LOOP_87_2.adb 
Execute           db_write -model hevc_loop_filter_chroma_8bit_hls_Pipeline_VITIS_LOOP_87_2 -bindview -o /home/duludulu/Documents/vishare_tools/vitis_batch_generate_rtl/prj/hevc_loop_filter_chroma_8bit_hls_sol/.autopilot/db/design.bindinfo.xml 
Execute           gen_tb_info hevc_loop_filter_chroma_8bit_hls_Pipeline_VITIS_LOOP_87_2 -p /home/duludulu/Documents/vishare_tools/vitis_batch_generate_rtl/prj/hevc_loop_filter_chroma_8bit_hls_sol/.autopilot/db -o /home/duludulu/Documents/vishare_tools/vitis_batch_generate_rtl/prj/hevc_loop_filter_chroma_8bit_hls_sol/.autopilot/db/hevc_loop_filter_chroma_8bit_hls_Pipeline_VITIS_LOOP_87_2 
INFO: [HLS 200-10] ----------------------------------------------------------------
INFO: [HLS 200-10] -- Generating RTL for module 'hevc_loop_filter_chroma_8bit_hls' 
INFO: [HLS 200-10] ----------------------------------------------------------------
Execute           create_rtl_model hevc_loop_filter_chroma_8bit_hls -top_prefix  -sub_prefix hevc_loop_filter_chroma_8bit_hls_ -mg_file /home/duludulu/Documents/vishare_tools/vitis_batch_generate_rtl/prj/hevc_loop_filter_chroma_8bit_hls_sol/.autopilot/db/hevc_loop_filter_chroma_8bit_hls.compgen.tcl 
INFO: [RTGEN 206-500] Setting interface mode on port 'hevc_loop_filter_chroma_8bit_hls/ap_core' to 'ap_none'.
INFO: [RTGEN 206-500] Setting interface mode on port 'hevc_loop_filter_chroma_8bit_hls/ap_part' to 'ap_none'.
INFO: [RTGEN 206-500] Setting interface mode on port 'hevc_loop_filter_chroma_8bit_hls/ap_parent' to 'ap_none'.
INFO: [RTGEN 206-500] Setting interface mode on port 'hevc_loop_filter_chroma_8bit_hls/pix_base' to 'ap_memory'.
INFO: [RTGEN 206-500] Setting interface mode on port 'hevc_loop_filter_chroma_8bit_hls/frame_offset' to 'ap_none'.
INFO: [RTGEN 206-500] Setting interface mode on port 'hevc_loop_filter_chroma_8bit_hls/xstride' to 'ap_none'.
INFO: [RTGEN 206-500] Setting interface mode on port 'hevc_loop_filter_chroma_8bit_hls/ystride' to 'ap_none'.
INFO: [RTGEN 206-500] Setting interface mode on port 'hevc_loop_filter_chroma_8bit_hls/tc_arr_0' to 'ap_none'.
INFO: [RTGEN 206-500] Setting interface mode on port 'hevc_loop_filter_chroma_8bit_hls/tc_arr_1' to 'ap_none'.
INFO: [RTGEN 206-500] Setting interface mode on port 'hevc_loop_filter_chroma_8bit_hls/no_p_arr_0' to 'ap_none'.
INFO: [RTGEN 206-500] Setting interface mode on port 'hevc_loop_filter_chroma_8bit_hls/no_p_arr_1' to 'ap_none'.
INFO: [RTGEN 206-500] Setting interface mode on port 'hevc_loop_filter_chroma_8bit_hls/no_q_arr_0' to 'ap_none'.
INFO: [RTGEN 206-500] Setting interface mode on port 'hevc_loop_filter_chroma_8bit_hls/no_q_arr_1' to 'ap_none'.
INFO: [RTGEN 206-500] Setting interface mode on function 'hevc_loop_filter_chroma_8bit_hls' to 'ap_ctrl_hs'.
WARNING: [RTGEN 206-101] Port 'hevc_loop_filter_chroma_8bit_hls/ap_core' has no fanin or fanout and is left dangling.
               Please use C simulation to confirm this function argument can be read from or written to.
WARNING: [RTGEN 206-101] Port 'hevc_loop_filter_chroma_8bit_hls/ap_part' has no fanin or fanout and is left dangling.
               Please use C simulation to confirm this function argument can be read from or written to.
WARNING: [RTGEN 206-101] Port 'hevc_loop_filter_chroma_8bit_hls/ap_parent' has no fanin or fanout and is left dangling.
               Please use C simulation to confirm this function argument can be read from or written to.
INFO: [RTGEN 206-100] Finished creating RTL model for 'hevc_loop_filter_chroma_8bit_hls'.
INFO: [HLS 200-111] Finished Creating RTL model: CPU user time: 0.11 seconds. CPU system time: 0.06 seconds. Elapsed time: 0.21 seconds; current allocated memory: 996.930 MB.
Execute           source /home/duludulu/Documents/vishare_tools/vitis_batch_generate_rtl/prj/hevc_loop_filter_chroma_8bit_hls_sol/.autopilot/db/hevc_loop_filter_chroma_8bit_hls.rtl_wrap.cfg.tcl 
Execute           gen_rtl hevc_loop_filter_chroma_8bit_hls -istop -style xilinx -f -lang vhdl -o /home/duludulu/Documents/vishare_tools/vitis_batch_generate_rtl/prj/hevc_loop_filter_chroma_8bit_hls_sol/syn/vhdl/hevc_loop_filter_chroma_8bit_hls 
Execute           gen_rtl hevc_loop_filter_chroma_8bit_hls -istop -style xilinx -f -lang vlog -o /home/duludulu/Documents/vishare_tools/vitis_batch_generate_rtl/prj/hevc_loop_filter_chroma_8bit_hls_sol/syn/verilog/hevc_loop_filter_chroma_8bit_hls 
Execute           syn_report -csynth -model hevc_loop_filter_chroma_8bit_hls -o /home/duludulu/Documents/vishare_tools/vitis_batch_generate_rtl/prj/hevc_loop_filter_chroma_8bit_hls_sol/syn/report/hevc_loop_filter_chroma_8bit_hls_csynth.rpt 
Execute             list_part -family xcvu19p-fsvb3824-2-e 
Execute               ap_family_info -name xcvu19p-fsvb3824-2-e -data names 
Execute               ap_part_info -quiet -name xcvu19p-fsvb3824-2-e -data family 
Execute           syn_report -rtlxml -model hevc_loop_filter_chroma_8bit_hls -o /home/duludulu/Documents/vishare_tools/vitis_batch_generate_rtl/prj/hevc_loop_filter_chroma_8bit_hls_sol/syn/report/hevc_loop_filter_chroma_8bit_hls_csynth.xml 
Execute             list_part -family xcvu19p-fsvb3824-2-e 
Execute               ap_family_info -name xcvu19p-fsvb3824-2-e -data names 
Execute               ap_part_info -quiet -name xcvu19p-fsvb3824-2-e -data family 
Execute           syn_report -verbosereport -model hevc_loop_filter_chroma_8bit_hls -o /home/duludulu/Documents/vishare_tools/vitis_batch_generate_rtl/prj/hevc_loop_filter_chroma_8bit_hls_sol/.autopilot/db/hevc_loop_filter_chroma_8bit_hls.verbose.rpt 
Execute             list_part -family xcvu19p-fsvb3824-2-e 
Execute               ap_family_info -name xcvu19p-fsvb3824-2-e -data names 
Execute               ap_part_info -quiet -name xcvu19p-fsvb3824-2-e -data family 
Execute           db_write -model hevc_loop_filter_chroma_8bit_hls -f -o /home/duludulu/Documents/vishare_tools/vitis_batch_generate_rtl/prj/hevc_loop_filter_chroma_8bit_hls_sol/.autopilot/db/hevc_loop_filter_chroma_8bit_hls.adb 
Execute           db_write -model hevc_loop_filter_chroma_8bit_hls -bindview -o /home/duludulu/Documents/vishare_tools/vitis_batch_generate_rtl/prj/hevc_loop_filter_chroma_8bit_hls_sol/.autopilot/db/design.bindinfo.xml 
Execute           gen_tb_info hevc_loop_filter_chroma_8bit_hls -p /home/duludulu/Documents/vishare_tools/vitis_batch_generate_rtl/prj/hevc_loop_filter_chroma_8bit_hls_sol/.autopilot/db -o /home/duludulu/Documents/vishare_tools/vitis_batch_generate_rtl/prj/hevc_loop_filter_chroma_8bit_hls_sol/.autopilot/db/hevc_loop_filter_chroma_8bit_hls 
Execute           export_constraint_db -f -tool general -o /home/duludulu/Documents/vishare_tools/vitis_batch_generate_rtl/prj/hevc_loop_filter_chroma_8bit_hls_sol/.autopilot/db/hevc_loop_filter_chroma_8bit_hls.constraint.tcl 
Execute           syn_report -designview -model hevc_loop_filter_chroma_8bit_hls -o /home/duludulu/Documents/vishare_tools/vitis_batch_generate_rtl/prj/hevc_loop_filter_chroma_8bit_hls_sol/.autopilot/db/hevc_loop_filter_chroma_8bit_hls.design.xml 
Execute           syn_report -csynthDesign -model hevc_loop_filter_chroma_8bit_hls -o /home/duludulu/Documents/vishare_tools/vitis_batch_generate_rtl/prj/hevc_loop_filter_chroma_8bit_hls_sol/syn/report/csynth.rpt -MHOut /home/duludulu/Documents/vishare_tools/vitis_batch_generate_rtl/prj/hevc_loop_filter_chroma_8bit_hls_sol/.autopilot/db/kernel_module_hierarchy.tcl 
Execute             list_part -family xcvu19p-fsvb3824-2-e 
Execute               ap_family_info -name xcvu19p-fsvb3824-2-e -data names 
Execute               ap_part_info -quiet -name xcvu19p-fsvb3824-2-e -data family 
Execute           syn_report -wcfg -model hevc_loop_filter_chroma_8bit_hls -o /home/duludulu/Documents/vishare_tools/vitis_batch_generate_rtl/prj/hevc_loop_filter_chroma_8bit_hls_sol/.autopilot/db/hevc_loop_filter_chroma_8bit_hls_dataflow_ana.wcfg 
Execute           syn_report -protoinst -model hevc_loop_filter_chroma_8bit_hls -o /home/duludulu/Documents/vishare_tools/vitis_batch_generate_rtl/prj/hevc_loop_filter_chroma_8bit_hls_sol/.autopilot/db/hevc_loop_filter_chroma_8bit_hls.protoinst 
Execute           sc_get_clocks hevc_loop_filter_chroma_8bit_hls 
Execute           sc_get_portdomain hevc_loop_filter_chroma_8bit_hls 
INFO-FLOW: Model list for RTL component generation: hevc_loop_filter_chroma_8bit_hls_Pipeline_VITIS_LOOP_87_2 hevc_loop_filter_chroma_8bit_hls
INFO-FLOW: Handling components in module [hevc_loop_filter_chroma_8bit_hls_Pipeline_VITIS_LOOP_87_2] ... 
Execute           source /home/duludulu/Documents/vishare_tools/vitis_batch_generate_rtl/prj/hevc_loop_filter_chroma_8bit_hls_sol/.autopilot/db/hevc_loop_filter_chroma_8bit_hls_Pipeline_VITIS_LOOP_87_2.compgen.tcl 
INFO-FLOW: Found component hevc_loop_filter_chroma_8bit_hls_flow_control_loop_pipe_sequential_init.
INFO-FLOW: Append model hevc_loop_filter_chroma_8bit_hls_flow_control_loop_pipe_sequential_init
INFO-FLOW: Handling components in module [hevc_loop_filter_chroma_8bit_hls] ... 
Execute           source /home/duludulu/Documents/vishare_tools/vitis_batch_generate_rtl/prj/hevc_loop_filter_chroma_8bit_hls_sol/.autopilot/db/hevc_loop_filter_chroma_8bit_hls.compgen.tcl 
INFO-FLOW: Append model hevc_loop_filter_chroma_8bit_hls_Pipeline_VITIS_LOOP_87_2
INFO-FLOW: Append model hevc_loop_filter_chroma_8bit_hls
INFO-FLOW: Generating RTL model list ...
INFO-FLOW: All models in this session: hevc_loop_filter_chroma_8bit_hls_flow_control_loop_pipe_sequential_init hevc_loop_filter_chroma_8bit_hls_Pipeline_VITIS_LOOP_87_2 hevc_loop_filter_chroma_8bit_hls
INFO-FLOW: Generating /home/duludulu/Documents/vishare_tools/vitis_batch_generate_rtl/prj/hevc_loop_filter_chroma_8bit_hls_sol/.autopilot/db/autopilot.rtl.models.txt file...
INFO-FLOW: To file: write model hevc_loop_filter_chroma_8bit_hls_flow_control_loop_pipe_sequential_init
INFO-FLOW: To file: write model hevc_loop_filter_chroma_8bit_hls_Pipeline_VITIS_LOOP_87_2
INFO-FLOW: To file: write model hevc_loop_filter_chroma_8bit_hls
INFO-FLOW: Generating /home/duludulu/Documents/vishare_tools/vitis_batch_generate_rtl/prj/hevc_loop_filter_chroma_8bit_hls_sol/.autopilot/db/autopilot.rtl.models.tcl file...
INFO-FLOW: Finished generating RTL model list.


INFO-FLOW: RTL Generation done.
INFO-FLOW: CAS Generation done.
INFO-FLOW: CBC Generation done.
INFO-FLOW: DBG:PROC: ::AESL_AUTOMG::auto_generate_csynth_design
INFO-FLOW: DBG:PUTS: read_platform_lib /home/duludulu/Documents/vishare_tools/vitis_batch_generate_rtl/prj/hevc_loop_filter_chroma_8bit_hls_sol/.autopilot/db/global.setting.tcl
Execute           source /tools/Xilinx/Vitis/2024.2/common/technology/generic/autopilot/common.gen 
Execute             source /tools/Xilinx/Vitis/2024.2/common/technology/generic/autopilot/APCoreGen.gen 
Execute           source /tools/Xilinx/Vitis/2024.2/common/technology/generic/autopilot/op.gen 
Execute           source /tools/Xilinx/Vitis/2024.2/common/technology/generic/autopilot/op_simcore.gen 
Execute           source /tools/Xilinx/Vitis/2024.2/common/technology/generic/autopilot/interface.gen 
Execute           source /home/duludulu/Documents/vishare_tools/vitis_batch_generate_rtl/prj/hevc_loop_filter_chroma_8bit_hls_sol/.autopilot/db/global.setting.tcl 
Execute           source /tools/Xilinx/Vitis/2024.2/common/technology/xilinx/common/xilinx.gen 
Execute             source /tools/Xilinx/Vitis/2024.2/common/technology/xilinx/interface/plb46.gen 
Execute             source /tools/Xilinx/Vitis/2024.2/common/technology/xilinx/interface/axi4.gen 
Execute             source /tools/Xilinx/Vitis/2024.2/common/technology/xilinx/interface/nativeAXI4.gen 
Execute               source /tools/Xilinx/Vitis/2024.2/common/technology/xilinx/interface/saxilite.gen 
Execute             source /tools/Xilinx/Vitis/2024.2/common/technology/xilinx/scripts/xilinxcoregen.gen 
Execute             source /tools/Xilinx/Vitis/2024.2/common/technology/xilinx/interface/XilEDKCoreGen.gen 
Execute             source /tools/Xilinx/Vitis/2024.2/common/technology/xilinx/ip/util.gen 
Execute             source /tools/Xilinx/Vitis/2024.2/common/technology/xilinx/ip/xfft.gen 
Execute             source /tools/Xilinx/Vitis/2024.2/common/technology/xilinx/ip/xfir.gen 
Execute             source /tools/Xilinx/Vitis/2024.2/common/technology/xilinx/ip/dds_compiler.gen 
Execute             source /tools/Xilinx/Vitis/2024.2/common/technology/xilinx/DSP48/dsp48.gen 
INFO-FLOW: DBG:PROC: ::AESL_AUTOMG::generate_ip_cores gen_sim_model='1' gen_fp_models='0' gen_for_export='0' dstSCDir='' dstVhdlDir='/home/duludulu/Documents/vishare_tools/vitis_batch_generate_rtl/prj/hevc_loop_filter_chroma_8bit_hls_sol/.autopilot/db/vhdl' dstVlogDir='/home/duludulu/Documents/vishare_tools/vitis_batch_generate_rtl/prj/hevc_loop_filter_chroma_8bit_hls_sol/.autopilot/db/vlog' tclDir='/home/duludulu/Documents/vishare_tools/vitis_batch_generate_rtl/prj/hevc_loop_filter_chroma_8bit_hls_sol/.autopilot/db' modelList='hevc_loop_filter_chroma_8bit_hls_flow_control_loop_pipe_sequential_init
hevc_loop_filter_chroma_8bit_hls_Pipeline_VITIS_LOOP_87_2
hevc_loop_filter_chroma_8bit_hls
' expOnly='0'
Execute           source /home/duludulu/Documents/vishare_tools/vitis_batch_generate_rtl/prj/hevc_loop_filter_chroma_8bit_hls_sol/.autopilot/db/global.setting.tcl 
Execute           source /home/duludulu/Documents/vishare_tools/vitis_batch_generate_rtl/prj/hevc_loop_filter_chroma_8bit_hls_sol/.autopilot/db/global.setting.tcl 
Execute           source /home/duludulu/Documents/vishare_tools/vitis_batch_generate_rtl/prj/hevc_loop_filter_chroma_8bit_hls_sol/.autopilot/db/hevc_loop_filter_chroma_8bit_hls_Pipeline_VITIS_LOOP_87_2.compgen.tcl 
Execute           source /home/duludulu/Documents/vishare_tools/vitis_batch_generate_rtl/prj/hevc_loop_filter_chroma_8bit_hls_sol/.autopilot/db/hevc_loop_filter_chroma_8bit_hls.compgen.tcl 
INFO: [HLS 200-111] Finished Generating all RTL models: CPU user time: 0.18 seconds. CPU system time: 0.06 seconds. Elapsed time: 0.23 seconds; current allocated memory: 999.750 MB.
INFO-FLOW: DBG:PROC: ::HLSREPORTS::create_csynth_xml bind_info_var='bind_info' RtlSubPrefix='hevc_loop_filter_chroma_8bit_hls_' outfile=''
INFO-FLOW: Running: create_csynth_xml read xml data
INFO-FLOW: Done: create_csynth_xml read xml data time: 0 seconds per iteration
INFO-FLOW: Running: create_csynth_xml bind info
INFO-FLOW: Done: create_csynth_xml bind info time: 0 seconds per iteration
INFO-FLOW: Running: create_csynth_xml config info
INFO-FLOW: Done: create_csynth_xml config info time: 0.1 seconds per iteration
INFO-FLOW: Running: create_csynth_xml write xml
INFO-FLOW: Done: create_csynth_xml write xml time: 0 seconds per iteration
INFO-FLOW: DBG:PUTS:      create_csynth_xml wrote csynth_xml=/home/duludulu/Documents/vishare_tools/vitis_batch_generate_rtl/prj/hevc_loop_filter_chroma_8bit_hls_sol/syn/report/csynth.xml
INFO-FLOW: DBG:PROC: ::AP::DESIGN_DATA::generate_json generate_bd_files='0' generate_xo_files='0' modelList='hevc_loop_filter_chroma_8bit_hls_flow_control_loop_pipe_sequential_init
hevc_loop_filter_chroma_8bit_hls_Pipeline_VITIS_LOOP_87_2
hevc_loop_filter_chroma_8bit_hls
' rtl_lang='both' bootstrap_tcl='false' outdir='' outfilename=''
Execute           source /home/duludulu/Documents/vishare_tools/vitis_batch_generate_rtl/prj/hevc_loop_filter_chroma_8bit_hls_sol/.autopilot/db/global.setting.tcl 
Execute           source /home/duludulu/Documents/vishare_tools/vitis_batch_generate_rtl/prj/hevc_loop_filter_chroma_8bit_hls_sol/.autopilot/db/global.setting.tcl 
Execute           source /home/duludulu/Documents/vishare_tools/vitis_batch_generate_rtl/prj/hevc_loop_filter_chroma_8bit_hls_sol/.autopilot/db/top-io-be.tcl 
Execute           source /home/duludulu/Documents/vishare_tools/vitis_batch_generate_rtl/prj/hevc_loop_filter_chroma_8bit_hls_sol/.autopilot/db/hevc_loop_filter_chroma_8bit_hls.tbgen.tcl 
Execute           source /home/duludulu/Documents/vishare_tools/vitis_batch_generate_rtl/prj/hevc_loop_filter_chroma_8bit_hls_sol/.autopilot/db/hevc_loop_filter_chroma_8bit_hls.rtl_wrap.cfg.tcl 
Execute           source /home/duludulu/Documents/vishare_tools/vitis_batch_generate_rtl/prj/hevc_loop_filter_chroma_8bit_hls_sol/.autopilot/db/hevc_loop_filter_chroma_8bit_hls.compgen.dataonly.tcl 
Execute           source /home/duludulu/Documents/vishare_tools/vitis_batch_generate_rtl/prj/hevc_loop_filter_chroma_8bit_hls_sol/.autopilot/db/hevc_loop_filter_chroma_8bit_hls_Pipeline_VITIS_LOOP_87_2.tbgen.tcl 
Execute           source /home/duludulu/Documents/vishare_tools/vitis_batch_generate_rtl/prj/hevc_loop_filter_chroma_8bit_hls_sol/.autopilot/db/hevc_loop_filter_chroma_8bit_hls.tbgen.tcl 
Execute           source /home/duludulu/Documents/vishare_tools/vitis_batch_generate_rtl/prj/hevc_loop_filter_chroma_8bit_hls_sol/.autopilot/db/global.setting.tcl 
Execute           ap_part_info -name xcvu19p-fsvb3824-2-e -data names -quiet 
Execute           ap_part_info -name xcvu19p-fsvb3824-2-e -data info -quiet 
Execute           source /home/duludulu/Documents/vishare_tools/vitis_batch_generate_rtl/prj/hevc_loop_filter_chroma_8bit_hls_sol/.autopilot/db/hevc_loop_filter_chroma_8bit_hls.constraint.tcl 
Execute           sc_get_clocks hevc_loop_filter_chroma_8bit_hls 
Execute           source /home/duludulu/Documents/vishare_tools/vitis_batch_generate_rtl/prj/hevc_loop_filter_chroma_8bit_hls_sol/.autopilot/db/global.setting.tcl 
INFO-FLOW: DBG:PROC: ::HLSREPORTS::add_csynth_report_sections bind_info_dict='adapter_nodes {} cache_nodes {} report_dict {TOPINST hevc_loop_filter_chroma_8bit_hls MODULE2INSTS {hevc_loop_filter_chroma_8bit_hls hevc_loop_filter_chroma_8bit_hls hevc_loop_filter_chroma_8bit_hls_Pipeline_VITIS_LOOP_87_2 grp_hevc_loop_filter_chroma_8bit_hls_Pipeline_VITIS_LOOP_87_2_fu_153} INST2MODULE {hevc_loop_filter_chroma_8bit_hls hevc_loop_filter_chroma_8bit_hls grp_hevc_loop_filter_chroma_8bit_hls_Pipeline_VITIS_LOOP_87_2_fu_153 hevc_loop_filter_chroma_8bit_hls_Pipeline_VITIS_LOOP_87_2} INSTDATA {hevc_loop_filter_chroma_8bit_hls {DEPTH 1 CHILDREN grp_hevc_loop_filter_chroma_8bit_hls_Pipeline_VITIS_LOOP_87_2_fu_153} grp_hevc_loop_filter_chroma_8bit_hls_Pipeline_VITIS_LOOP_87_2_fu_153 {DEPTH 2 CHILDREN {}}} MODULEDATA {hevc_loop_filter_chroma_8bit_hls_Pipeline_VITIS_LOOP_87_2 {BINDINFO {{BINDTYPE op ID {} IMPL auto LATENCY 0 OPTYPE seteq PRAGMA {} RTLNAME no_p_fu_198_p2 SOURCE ../tutorial_example/source/hls.cpp:84 VARIABLE no_p LOOP {} BUNDLEDNAME {} DSP 0 BRAM 0 URAM 0 STORAGESUBTYPE {} DISPNAME {bind_op seteq} VISIBLE false} {BINDTYPE op ID {} IMPL auto LATENCY 0 OPTYPE seteq PRAGMA {} RTLNAME no_q_fu_204_p2 SOURCE ../tutorial_example/source/hls.cpp:85 VARIABLE no_q LOOP {} BUNDLEDNAME {} DSP 0 BRAM 0 URAM 0 STORAGESUBTYPE {} DISPNAME {bind_op seteq} VISIBLE false} {BINDTYPE op ID {} IMPL auto LATENCY 0 OPTYPE seteq PRAGMA {} RTLNAME icmp_ln87_fu_223_p2 SOURCE ../tutorial_example/source/hls.cpp:87 VARIABLE icmp_ln87 LOOP VITIS_LOOP_87_2 BUNDLEDNAME {} DSP 0 BRAM 0 URAM 0 STORAGESUBTYPE {} DISPNAME {bind_op seteq} VISIBLE false} {BINDTYPE op ID {} IMPL fabric LATENCY 0 OPTYPE add PRAGMA {} RTLNAME d_2_fu_229_p2 SOURCE ../tutorial_example/source/hls.cpp:87 VARIABLE d_2 LOOP VITIS_LOOP_87_2 BUNDLEDNAME {} DSP 0 BRAM 0 URAM 0 STORAGESUBTYPE {} DISPNAME {bind_op add} VISIBLE true} {BINDTYPE op ID {} IMPL fabric LATENCY 0 OPTYPE add PRAGMA {} RTLNAME pix_fu_242_p2 SOURCE ../tutorial_example/source/hls.cpp:70 VARIABLE pix LOOP VITIS_LOOP_87_2 BUNDLEDNAME {} DSP 0 BRAM 0 URAM 0 STORAGESUBTYPE {} DISPNAME {bind_op add} VISIBLE true} {BINDTYPE op ID {} IMPL fabric LATENCY 0 OPTYPE add PRAGMA {} RTLNAME add_ln89_fu_252_p2 SOURCE ../tutorial_example/source/hls.cpp:89 VARIABLE add_ln89 LOOP VITIS_LOOP_87_2 BUNDLEDNAME {} DSP 0 BRAM 0 URAM 0 STORAGESUBTYPE {} DISPNAME {bind_op add} VISIBLE true} {BINDTYPE op ID {} IMPL fabric LATENCY 0 OPTYPE sub PRAGMA {} RTLNAME sub_ln90_fu_261_p2 SOURCE ../tutorial_example/source/hls.cpp:90 VARIABLE sub_ln90 LOOP VITIS_LOOP_87_2 BUNDLEDNAME {} DSP 0 BRAM 0 URAM 0 STORAGESUBTYPE {} DISPNAME {bind_op sub} VISIBLE true} {BINDTYPE op ID {} IMPL fabric LATENCY 0 OPTYPE add PRAGMA {} RTLNAME add_ln92_fu_274_p2 SOURCE ../tutorial_example/source/hls.cpp:92 VARIABLE add_ln92 LOOP VITIS_LOOP_87_2 BUNDLEDNAME {} DSP 0 BRAM 0 URAM 0 STORAGESUBTYPE {} DISPNAME {bind_op add} VISIBLE true} {BINDTYPE op ID {} IMPL fabric LATENCY 0 OPTYPE sub PRAGMA {} RTLNAME sub_ln95_fu_290_p2 SOURCE ../tutorial_example/source/hls.cpp:95 VARIABLE sub_ln95 LOOP VITIS_LOOP_87_2 BUNDLEDNAME {} DSP 0 BRAM 0 URAM 0 STORAGESUBTYPE {} DISPNAME {bind_op sub} VISIBLE true} {BINDTYPE op ID {} IMPL fabric LATENCY 0 OPTYPE add PRAGMA {} RTLNAME add_ln95_fu_300_p2 SOURCE ../tutorial_example/source/hls.cpp:95 VARIABLE add_ln95 LOOP VITIS_LOOP_87_2 BUNDLEDNAME {} DSP 0 BRAM 0 URAM 0 STORAGESUBTYPE {} DISPNAME {bind_op add} VISIBLE true} {BINDTYPE op ID {} IMPL auto LATENCY 0 OPTYPE setlt PRAGMA {} RTLNAME icmp_ln96_fu_349_p2 SOURCE ../tutorial_example/source/hls.cpp:96 VARIABLE icmp_ln96 LOOP VITIS_LOOP_87_2 BUNDLEDNAME {} DSP 0 BRAM 0 URAM 0 STORAGESUBTYPE {} DISPNAME {bind_op setlt} VISIBLE false} {BINDTYPE op ID {} IMPL auto LATENCY 0 OPTYPE setgt PRAGMA {} RTLNAME icmp_ln96_1_fu_354_p2 SOURCE ../tutorial_example/source/hls.cpp:96 VARIABLE icmp_ln96_1 LOOP VITIS_LOOP_87_2 BUNDLEDNAME {} DSP 0 BRAM 0 URAM 0 STORAGESUBTYPE {} DISPNAME {bind_op setgt} VISIBLE false} {BINDTYPE op ID {} IMPL auto_sel LATENCY 0 OPTYPE select PRAGMA {} RTLNAME select_ln96_fu_359_p3 SOURCE ../tutorial_example/source/hls.cpp:96 VARIABLE select_ln96 LOOP VITIS_LOOP_87_2 BUNDLEDNAME {} DSP 0 BRAM 0 URAM 0 STORAGESUBTYPE {} DISPNAME {bind_op select} VISIBLE false} {BINDTYPE op ID {} IMPL auto_sel LATENCY 0 OPTYPE select PRAGMA {} RTLNAME delta_fu_366_p3 SOURCE ../tutorial_example/source/hls.cpp:96 VARIABLE delta LOOP VITIS_LOOP_87_2 BUNDLEDNAME {} DSP 0 BRAM 0 URAM 0 STORAGESUBTYPE {} DISPNAME {bind_op select} VISIBLE false} {BINDTYPE op ID {} IMPL fabric LATENCY 0 OPTYPE add PRAGMA {} RTLNAME add_ln98_fu_383_p2 SOURCE ../tutorial_example/source/hls.cpp:98 VARIABLE add_ln98 LOOP VITIS_LOOP_87_2 BUNDLEDNAME {} DSP 0 BRAM 0 URAM 0 STORAGESUBTYPE {} DISPNAME {bind_op add} VISIBLE true} {BINDTYPE op ID {} IMPL auto LATENCY 0 OPTYPE setgt PRAGMA {} RTLNAME icmp_ln98_fu_407_p2 SOURCE ../tutorial_example/source/hls.cpp:98 VARIABLE icmp_ln98 LOOP VITIS_LOOP_87_2 BUNDLEDNAME {} DSP 0 BRAM 0 URAM 0 STORAGESUBTYPE {} DISPNAME {bind_op setgt} VISIBLE false} {BINDTYPE op ID {} IMPL fabric LATENCY 0 OPTYPE add PRAGMA {} RTLNAME add_ln98_1_fu_416_p2 SOURCE ../tutorial_example/source/hls.cpp:98 VARIABLE add_ln98_1 LOOP VITIS_LOOP_87_2 BUNDLEDNAME {} DSP 0 BRAM 0 URAM 0 STORAGESUBTYPE {} DISPNAME {bind_op add} VISIBLE true} {BINDTYPE op ID {} IMPL auto LATENCY 0 OPTYPE xor PRAGMA {} RTLNAME not_23_fu_421_p2 SOURCE ../tutorial_example/source/hls.cpp:98 VARIABLE not_23 LOOP VITIS_LOOP_87_2 BUNDLEDNAME {} DSP 0 BRAM 0 URAM 0 STORAGESUBTYPE {} DISPNAME {bind_op xor} VISIBLE false} {BINDTYPE op ID {} IMPL auto_sel LATENCY 0 OPTYPE select PRAGMA {} RTLNAME select_ln98_cast_fu_427_p3 SOURCE ../tutorial_example/source/hls.cpp:98 VARIABLE select_ln98_cast LOOP VITIS_LOOP_87_2 BUNDLEDNAME {} DSP 0 BRAM 0 URAM 0 STORAGESUBTYPE {} DISPNAME {bind_op select} VISIBLE false} {BINDTYPE op ID {} IMPL auto LATENCY 0 OPTYPE or PRAGMA {} RTLNAME empty_13_fu_435_p2 SOURCE ../tutorial_example/source/hls.cpp:98 VARIABLE empty_13 LOOP VITIS_LOOP_87_2 BUNDLEDNAME {} DSP 0 BRAM 0 URAM 0 STORAGESUBTYPE {} DISPNAME {bind_op or} VISIBLE false} {BINDTYPE op ID {} IMPL auto_sel LATENCY 0 OPTYPE select PRAGMA {} RTLNAME cond70_fu_441_p3 SOURCE ../tutorial_example/source/hls.cpp:98 VARIABLE cond70 LOOP VITIS_LOOP_87_2 BUNDLEDNAME {} DSP 0 BRAM 0 URAM 0 STORAGESUBTYPE {} DISPNAME {bind_op select} VISIBLE false} {BINDTYPE op ID {} IMPL fabric LATENCY 0 OPTYPE sub PRAGMA {} RTLNAME sub_ln101_fu_452_p2 SOURCE ../tutorial_example/source/hls.cpp:101 VARIABLE sub_ln101 LOOP VITIS_LOOP_87_2 BUNDLEDNAME {} DSP 0 BRAM 0 URAM 0 STORAGESUBTYPE {} DISPNAME {bind_op sub} VISIBLE true} {BINDTYPE op ID {} IMPL auto LATENCY 0 OPTYPE setgt PRAGMA {} RTLNAME icmp_ln101_fu_476_p2 SOURCE ../tutorial_example/source/hls.cpp:101 VARIABLE icmp_ln101 LOOP VITIS_LOOP_87_2 BUNDLEDNAME {} DSP 0 BRAM 0 URAM 0 STORAGESUBTYPE {} DISPNAME {bind_op setgt} VISIBLE false} {BINDTYPE op ID {} IMPL fabric LATENCY 0 OPTYPE sub PRAGMA {} RTLNAME sub_ln101_1_fu_485_p2 SOURCE ../tutorial_example/source/hls.cpp:101 VARIABLE sub_ln101_1 LOOP VITIS_LOOP_87_2 BUNDLEDNAME {} DSP 0 BRAM 0 URAM 0 STORAGESUBTYPE {} DISPNAME {bind_op sub} VISIBLE true} {BINDTYPE op ID {} IMPL auto LATENCY 0 OPTYPE xor PRAGMA {} RTLNAME not_s_fu_491_p2 SOURCE ../tutorial_example/source/hls.cpp:101 VARIABLE not_s LOOP VITIS_LOOP_87_2 BUNDLEDNAME {} DSP 0 BRAM 0 URAM 0 STORAGESUBTYPE {} DISPNAME {bind_op xor} VISIBLE false} {BINDTYPE op ID {} IMPL auto_sel LATENCY 0 OPTYPE select PRAGMA {} RTLNAME select_ln101_cast_fu_497_p3 SOURCE ../tutorial_example/source/hls.cpp:101 VARIABLE select_ln101_cast LOOP VITIS_LOOP_87_2 BUNDLEDNAME {} DSP 0 BRAM 0 URAM 0 STORAGESUBTYPE {} DISPNAME {bind_op select} VISIBLE false} {BINDTYPE op ID {} IMPL auto LATENCY 0 OPTYPE or PRAGMA {} RTLNAME empty_14_fu_505_p2 SOURCE ../tutorial_example/source/hls.cpp:101 VARIABLE empty_14 LOOP VITIS_LOOP_87_2 BUNDLEDNAME {} DSP 0 BRAM 0 URAM 0 STORAGESUBTYPE {} DISPNAME {bind_op or} VISIBLE false} {BINDTYPE op ID {} IMPL auto_sel LATENCY 0 OPTYPE select PRAGMA {} RTLNAME cond95_fu_511_p3 SOURCE ../tutorial_example/source/hls.cpp:101 VARIABLE cond95 LOOP VITIS_LOOP_87_2 BUNDLEDNAME {} DSP 0 BRAM 0 URAM 0 STORAGESUBTYPE {} DISPNAME {bind_op select} VISIBLE false} {BINDTYPE op ID {} IMPL fabric LATENCY 0 OPTYPE add PRAGMA {} RTLNAME add_ln103_fu_522_p2 SOURCE ../tutorial_example/source/hls.cpp:103 VARIABLE add_ln103 LOOP VITIS_LOOP_87_2 BUNDLEDNAME {} DSP 0 BRAM 0 URAM 0 STORAGESUBTYPE {} DISPNAME {bind_op add} VISIBLE true}} AREA {DSP 0 BRAM 0 URAM 0}} hevc_loop_filter_chroma_8bit_hls {BINDINFO {{BINDTYPE op ID {} IMPL fabric LATENCY 0 OPTYPE sub PRAGMA {} RTLNAME mul13_cast_fu_200_p2 SOURCE ../tutorial_example/source/hls.cpp:62 VARIABLE mul13_cast LOOP {} BUNDLEDNAME {} DSP 0 BRAM 0 URAM 0 STORAGESUBTYPE {} DISPNAME {bind_op sub} VISIBLE true} {BINDTYPE op ID {} IMPL auto LATENCY 0 OPTYPE seteq PRAGMA {} RTLNAME icmp_ln76_fu_227_p2 SOURCE ../tutorial_example/source/hls.cpp:76 VARIABLE icmp_ln76 LOOP VITIS_LOOP_76_1 BUNDLEDNAME {} DSP 0 BRAM 0 URAM 0 STORAGESUBTYPE {} DISPNAME {bind_op seteq} VISIBLE false} {BINDTYPE op ID {} IMPL fabric LATENCY 0 OPTYPE add PRAGMA {} RTLNAME add_ln76_1_fu_233_p2 SOURCE ../tutorial_example/source/hls.cpp:76 VARIABLE add_ln76_1 LOOP VITIS_LOOP_76_1 BUNDLEDNAME {} DSP 0 BRAM 0 URAM 0 STORAGESUBTYPE {} DISPNAME {bind_op add} VISIBLE true} {BINDTYPE op ID {} IMPL auto LATENCY 0 OPTYPE seteq PRAGMA {} RTLNAME icmp_ln79_fu_244_p2 SOURCE ../tutorial_example/source/hls.cpp:79 VARIABLE icmp_ln79 LOOP VITIS_LOOP_76_1 BUNDLEDNAME {} DSP 0 BRAM 0 URAM 0 STORAGESUBTYPE {} DISPNAME {bind_op seteq} VISIBLE false} {BINDTYPE op ID {} IMPL auto_sel LATENCY 0 OPTYPE select PRAGMA {} RTLNAME select_ln79_fu_250_p3 SOURCE ../tutorial_example/source/hls.cpp:79 VARIABLE select_ln79 LOOP VITIS_LOOP_76_1 BUNDLEDNAME {} DSP 0 BRAM 0 URAM 0 STORAGESUBTYPE {} DISPNAME {bind_op select} VISIBLE false} {BINDTYPE op ID {} IMPL auto LATENCY 0 OPTYPE setlt PRAGMA {} RTLNAME icmp_ln80_fu_265_p2 SOURCE ../tutorial_example/source/hls.cpp:80 VARIABLE icmp_ln80 LOOP VITIS_LOOP_76_1 BUNDLEDNAME {} DSP 0 BRAM 0 URAM 0 STORAGESUBTYPE {} DISPNAME {bind_op setlt} VISIBLE false} {BINDTYPE op ID {} IMPL auto_sel LATENCY 0 OPTYPE select PRAGMA {} RTLNAME select_ln84_fu_271_p3 SOURCE ../tutorial_example/source/hls.cpp:84 VARIABLE select_ln84 LOOP VITIS_LOOP_76_1 BUNDLEDNAME {} DSP 0 BRAM 0 URAM 0 STORAGESUBTYPE {} DISPNAME {bind_op select} VISIBLE false} {BINDTYPE op ID {} IMPL auto_sel LATENCY 0 OPTYPE select PRAGMA {} RTLNAME select_ln85_fu_278_p3 SOURCE ../tutorial_example/source/hls.cpp:85 VARIABLE select_ln85 LOOP VITIS_LOOP_76_1 BUNDLEDNAME {} DSP 0 BRAM 0 URAM 0 STORAGESUBTYPE {} DISPNAME {bind_op select} VISIBLE false} {BINDTYPE op ID {} IMPL fabric LATENCY 0 OPTYPE sub PRAGMA {} RTLNAME sub38_fu_285_p2 SOURCE ../tutorial_example/source/hls.cpp:79 VARIABLE sub38 LOOP VITIS_LOOP_76_1 BUNDLEDNAME {} DSP 0 BRAM 0 URAM 0 STORAGESUBTYPE {} DISPNAME {bind_op sub} VISIBLE true} {BINDTYPE op ID {} IMPL fabric LATENCY 0 OPTYPE add PRAGMA {} RTLNAME add_ln76_fu_296_p2 SOURCE ../tutorial_example/source/hls.cpp:76 VARIABLE add_ln76 LOOP VITIS_LOOP_76_1 BUNDLEDNAME {} DSP 0 BRAM 0 URAM 0 STORAGESUBTYPE {} DISPNAME {bind_op add} VISIBLE true}} AREA {DSP 0 BRAM 0 URAM 0}}}}'
INFO-FLOW: DBG:PUTS:      update_csynth_reports json2rpt_hw_sw_interfaces
INFO-FLOW: Running: gen_csynth_sec_pragma
INFO-FLOW: Done: gen_csynth_sec_pragma time: 0 seconds per iteration
INFO-FLOW: DBG:PUTS:      update_csynth_reports wrote xml
INFO-FLOW: DBG:PUTS:      update_csynth_reports appended to csynth rpt file
INFO: [HLS 200-111] Finished Updating report files: CPU user time: 0.34 seconds. CPU system time: 0.13 seconds. Elapsed time: 0.48 seconds; current allocated memory: 1003.066 MB.
INFO: [VHDL 208-304] Generating VHDL RTL for hevc_loop_filter_chroma_8bit_hls.
INFO: [VLOG 209-307] Generating Verilog RTL for hevc_loop_filter_chroma_8bit_hls.
Execute           syn_report -model hevc_loop_filter_chroma_8bit_hls -printsummary 
INFO: [HLS 200-790] **** Loop Constraint Status: All loop constraints were NOT satisfied.
INFO: [HLS 200-789] **** Estimated Fmax: 464.47 MHz
Command         autosyn done; 1.33 sec.
Command       csynth_design done; 16.22 sec.
INFO: [HLS 200-2161] Finished Command csynth_design Elapsed time: 00:00:16; Allocated memory: 31.613 MB.
Execute       close_solution 
INFO: [HLS 200-1510] Running: close_solution 
Execute         cleanup_all 
Execute         cleanup_all 
