================================================================
== Design Size Report
================================================================

* Total Instructions per Compilation Phase
+---------------+-----------------------------+--------------+----------------------------------------------------------------------------------------+
| Phase         | Step                        | Instructions | Description                                                                            |
+---------------+-----------------------------+--------------+----------------------------------------------------------------------------------------+
| Compile/Link  |                             | 113          | After all functions are compiled and linked into a single design                       |
|               |                             |              |                                                                                        |
| Unroll/Inline |                             |              | After user unroll and inline pragmas are applied                                       |
|               | (1) unroll                  | 108          | user unroll pragmas are applied                                                        |
|               | (2) simplification          |  74          | simplification of applied user unroll pragmas                                          |
|               | (3) inline                  |  88          | user inline pragmas are applied                                                        |
|               | (4) simplification          |  88          | simplification of applied user inline pragmas                                          |
|               |                             |              |                                                                                        |
| Array/Struct  |                             |              | After user array partition and struct aggregate/disaggregate pragmas are applied       |
|               | (1) array partition         |  83          | user array partition pragmas are applied                                               |
|               | (2) simplification          |  83          | simplification of applied user array partition & struct aggregate/disaggregate pragmas |
|               | (3) aggregate/disaggregate  |  83          | user struct aggregate/disaggregate pragmas are applied                                 |
|               | (4) array reshape           |  83          | apply array reshape pragmas                                                            |
|               | (5) access patterns         |  90          | array access pattern optmizations                                                      |
|               |                             |              |                                                                                        |
| Performance   |                             |              | After transformations are applied to meet performance pragma targets                   |
|               | (1) loop simplification     |  90          | loop and instruction simplification                                                    |
|               | (2) parallelization         |  86          | loops are unrolled or pipelined to meet performance targets                            |
|               | (3) array partition         |  82          | arrays are partitioned to meet performance targets                                     |
|               | (4) simplification          |  82          | simplification of design after performance transformations                             |
|               |                             |              |                                                                                        |
| HW Transforms |                             |              | After hardware transfomations                                                          |
|               | (1) lowering                | 144          | initial conversion to HW specific instructions                                         |
|               | (2) optimizations           | 153          | high level synthesis optimizations                                                     |
+---------------+-----------------------------+--------------+----------------------------------------------------------------------------------------+

* Instructions per Function for each Compilation Phase
+----------------------+-------------+--------------+---------------+--------------+-------------+---------------+
| Function             | Location    | Compile/Link | Unroll/Inline | Array/Struct | Performance | HW Transforms |
+----------------------+-------------+--------------+---------------+--------------+-------------+---------------+
| + max_pooling_fprop1 | hls.cpp:185 | 113          | 88            | 90           | 82          | 153           |
|    tan_h             | hls.cpp:8   |   7          |               |              |             |               |
+----------------------+-------------+--------------+---------------+--------------+-------------+---------------+

* Design Size Message Settings
+---------------------------------------------+--------+------------------------------------------------------------------+
| Message Setting                             | Value  | Description                                                      |
+---------------------------------------------+--------+------------------------------------------------------------------+
| config_compile -design_size_maximum_warning | 100000 | Show a warning when total design instructions exceeds this value |
+---------------------------------------------+--------+------------------------------------------------------------------+


