

================================================================
== Vitis HLS Report for 'conv_fprop'
================================================================
* Date:           Fri Mar  7 17:17:21 2025

* Version:        2024.2 (Build 5238294 on Nov  8 2024)
* Project:        prj
* Solution:       conv_fprop_sol (Vivado IP Flow Target)
* Product family: virtexuplus
* Target device:  xcvu19p-fsvb3824-2-e


================================================================
== Performance Estimates
================================================================
+ Timing: 
    * Summary: 
    +--------+---------+----------+------------+
    |  Clock |  Target | Estimated| Uncertainty|
    +--------+---------+----------+------------+
    |ap_clk  |  3.30 ns|  2.983 ns|     0.89 ns|
    +--------+---------+----------+------------+

+ Latency: 
    * Summary: 
    +---------+---------+----------+----------+-----+-----+---------+
    |  Latency (cycles) |  Latency (absolute) |  Interval | Pipeline|
    |   min   |   max   |    min   |    max   | min | max |   Type  |
    +---------+---------+----------+----------+-----+-----+---------+
    |        ?|        ?|         ?|         ?|    ?|    ?|       no|
    +---------+---------+----------+----------+-----+-----+---------+

    + Detail: 
        * Instance: 
        +----------------------------------------------------------------+-----------------------------------------------------+---------+---------+----------+----------+-----+-----+------------------------------------------------+
        |                                                                |                                                     |  Latency (cycles) |  Latency (absolute) |  Interval |                    Pipeline                    |
        |                            Instance                            |                        Module                       |   min   |   max   |    min   |    max   | min | max |                      Type                      |
        +----------------------------------------------------------------+-----------------------------------------------------+---------+---------+----------+----------+-----+-----+------------------------------------------------+
        |grp_conv_fprop_Pipeline_1_fu_235                                |conv_fprop_Pipeline_1                                |        2|        ?|  6.600 ns|         ?|    1|    0|  loop auto-rewind stp (delay=0 clock cycles(s))|
        |grp_conv_fprop_Pipeline_VITIS_LOOP_57_3_VITIS_LOOP_59_4_fu_242  |conv_fprop_Pipeline_VITIS_LOOP_57_3_VITIS_LOOP_59_4  |        ?|        ?|         ?|         ?|    0|    0|  loop auto-rewind stp (delay=0 clock cycles(s))|
        |grp_conv_fprop_Pipeline_VITIS_LOOP_106_3_fu_257                 |conv_fprop_Pipeline_VITIS_LOOP_106_3                 |        ?|        ?|         ?|         ?|    0|    0|  loop auto-rewind stp (delay=0 clock cycles(s))|
        +----------------------------------------------------------------+-----------------------------------------------------+---------+---------+----------+----------+-----+-----+------------------------------------------------+

        * Loop: 
        +------------------------+---------+---------+----------+-----------+-----------+------+----------+
        |                        |  Latency (cycles) | Iteration|  Initiation Interval  | Trip |          |
        |        Loop Name       |   min   |   max   |  Latency |  achieved |   target  | Count| Pipelined|
        +------------------------+---------+---------+----------+-----------+-----------+------+----------+
        |- VITIS_LOOP_89_1       |        ?|        ?|         ?|          -|          -|     ?|        no|
        | + VITIS_LOOP_92_2      |        ?|        ?|         ?|          -|          -|     ?|        no|
        |  ++ VITIS_LOOP_52_1    |        ?|        ?|         ?|          -|          -|     ?|        no|
        |   +++ VITIS_LOOP_54_2  |        ?|        ?|         ?|          -|          -|     ?|        no|
        +------------------------+---------+---------+----------+-----------+-----------+------+----------+



================================================================
== Utilization Estimates
================================================================
* Summary: 
+---------------------+---------+------+---------+---------+-----+
|         Name        | BRAM_18K|  DSP |    FF   |   LUT   | URAM|
+---------------------+---------+------+---------+---------+-----+
|DSP                  |        -|     1|        -|        -|    -|
|Expression           |        -|     -|        0|      514|    -|
|FIFO                 |        -|     -|        -|        -|    -|
|Instance             |        -|    81|     6960|     9089|    -|
|Memory               |        -|     -|        -|        -|    -|
|Multiplexer          |        -|     -|        0|      321|    -|
|Register             |        -|     -|     4219|        -|    -|
+---------------------+---------+------+---------+---------+-----+
|Total                |        0|    82|    11179|     9924|    0|
+---------------------+---------+------+---------+---------+-----+
|Available SLR        |     1080|   960|  2042880|  1021440|   80|
+---------------------+---------+------+---------+---------+-----+
|Utilization SLR (%)  |        0|     8|       ~0|       ~0|    0|
+---------------------+---------+------+---------+---------+-----+
|Available            |     4320|  3840|  8171520|  4085760|  320|
+---------------------+---------+------+---------+---------+-----+
|Utilization (%)      |        0|     2|       ~0|       ~0|    0|
+---------------------+---------+------+---------+---------+-----+

+ Detail: 
    * Instance: 
    +----------------------------------------------------------------+-----------------------------------------------------+---------+----+------+------+-----+
    |                            Instance                            |                        Module                       | BRAM_18K| DSP|  FF  |  LUT | URAM|
    +----------------------------------------------------------------+-----------------------------------------------------+---------+----+------+------+-----+
    |grp_conv_fprop_Pipeline_1_fu_235                                |conv_fprop_Pipeline_1                                |        0|   0|    13|    86|    0|
    |grp_conv_fprop_Pipeline_VITIS_LOOP_106_3_fu_257                 |conv_fprop_Pipeline_VITIS_LOOP_106_3                 |        0|  58|  4653|  5251|    0|
    |grp_conv_fprop_Pipeline_VITIS_LOOP_57_3_VITIS_LOOP_59_4_fu_242  |conv_fprop_Pipeline_VITIS_LOOP_57_3_VITIS_LOOP_59_4  |        0|  13|  1283|  2959|    0|
    |dadddsub_64ns_64ns_64_8_full_dsp_1_U34                          |dadddsub_64ns_64ns_64_8_full_dsp_1                   |        0|   3|   685|   635|    0|
    |mul_10s_10s_10_1_1_U37                                          |mul_10s_10s_10_1_1                                   |        0|   0|     0|    62|    0|
    |mul_31ns_31ns_62_2_1_U35                                        |mul_31ns_31ns_62_2_1                                 |        0|   4|   161|    47|    0|
    |mul_32s_32s_32_2_1_U36                                          |mul_32s_32s_32_2_1                                   |        0|   3|   165|    49|    0|
    +----------------------------------------------------------------+-----------------------------------------------------+---------+----+------+------+-----+
    |Total                                                           |                                                     |        0|  81|  6960|  9089|    0|
    +----------------------------------------------------------------+-----------------------------------------------------+---------+----+------+------+-----+

    * DSP: 
    +------------------------------------+--------------------------------+--------------+
    |              Instance              |             Module             |  Expression  |
    +------------------------------------+--------------------------------+--------------+
    |mac_muladd_11s_11s_11ns_11_4_1_U38  |mac_muladd_11s_11s_11ns_11_4_1  |  i0 * i1 + i2|
    +------------------------------------+--------------------------------+--------------+

    * Memory: 
    N/A

    * FIFO: 
    N/A

    * Expression: 
    +---------------------------------+----------+----+---+----+------------+------------+
    |          Variable Name          | Operation| DSP| FF| LUT| Bitwidth P0| Bitwidth P1|
    +---------------------------------+----------+----+---+----+------------+------------+
    |add_ln52_fu_433_p2               |         +|   0|  0|  38|          31|           1|
    |add_ln54_fu_461_p2               |         +|   0|  0|  38|          31|           1|
    |add_ln64_fu_476_p2               |         +|   0|  0|  17|          10|          10|
    |add_ln89_fu_312_p2               |         +|   0|  0|  38|          31|           1|
    |add_ln92_fu_395_p2               |         +|   0|  0|  38|          31|           1|
    |ap_block_state5_on_subcall_done  |       and|   0|  0|   2|           1|           1|
    |ap_condition_856                 |       and|   0|  0|   2|           1|           1|
    |ap_condition_859                 |       and|   0|  0|   2|           1|           1|
    |ap_predicate_op104_call_state4   |       and|   0|  0|   2|           1|           1|
    |empty_19_fu_346_p2               |      icmp|   0|  0|  39|          32|           1|
    |empty_20_fu_360_p2               |      icmp|   0|  0|  39|          32|           1|
    |empty_fu_291_p2                  |      icmp|   0|  0|  39|          32|           1|
    |icmp_ln52_fu_428_p2              |      icmp|   0|  0|  39|          32|          32|
    |icmp_ln54_fu_456_p2              |      icmp|   0|  0|  39|          32|          32|
    |icmp_ln89_fu_307_p2              |      icmp|   0|  0|  39|          32|          32|
    |icmp_ln92_fu_390_p2              |      icmp|   0|  0|  39|          32|          32|
    |layer_map_common_we0             |        or|   0|  0|   2|           1|           1|
    |smax1_fu_366_p3                  |    select|   0|  0|  31|           1|          31|
    |smax_fu_352_p3                   |    select|   0|  0|  31|           1|          31|
    +---------------------------------+----------+----+---+----+------------+------------+
    |Total                            |          |   0|  0| 514|         365|         212|
    +---------------------------------+----------+----+---+----+------------+------------+

    * Multiplexer: 
    +---------------------------------+-----+-----------+-----+-----------+
    |               Name              | LUT | Input Size| Bits| Total Bits|
    +---------------------------------+-----+-----------+-----+-----------+
    |ap_NS_fsm                        |  145|         29|    1|         29|
    |grp_fu_268_ce                    |   20|          4|    1|          4|
    |grp_fu_268_opcode                |   20|          4|    2|          8|
    |grp_fu_268_p0                    |   20|          4|   64|        256|
    |grp_fu_268_p1                    |   20|          4|   64|        256|
    |i_1_reg_213                      |    9|          2|   31|         62|
    |i_fu_100                         |    9|          2|   31|         62|
    |j_1_reg_224                      |    9|          2|   31|         62|
    |j_reg_202                        |    9|          2|   31|         62|
    |layer_map_common_address0        |   14|          3|   10|         30|
    |layer_map_common_address0_local  |   14|          3|   10|         30|
    |layer_map_common_ce0             |   14|          3|    1|          3|
    |layer_map_common_d0              |    9|          2|   64|        128|
    |layer_map_common_we0             |    9|          2|    1|          2|
    +---------------------------------+-----+-----------+-----+-----------+
    |Total                            |  321|         66|  342|        994|
    +---------------------------------+-----+-----------+-----+-----------+

    * Register: 
    +-----------------------------------------------------------------------------+------+----+------+-----------+
    |                                     Name                                    |  FF  | LUT| Bits | Const Bits|
    +-----------------------------------------------------------------------------+------+----+------+-----------+
    |add28_i_reg_725                                                              |    64|   0|    64|          0|
    |add_ln52_reg_679                                                             |    31|   0|    31|          0|
    |add_ln54_reg_697                                                             |    31|   0|    31|          0|
    |add_ln89_reg_568                                                             |    31|   0|    31|          0|
    |add_ln92_reg_627                                                             |    31|   0|    31|          0|
    |ap_CS_fsm                                                                    |    28|   0|    28|          0|
    |empty_18_reg_560                                                             |    11|   0|    11|          0|
    |empty_21_reg_689                                                             |    10|   0|    10|          0|
    |empty_22_reg_735                                                             |    64|   0|    64|          0|
    |empty_reg_551                                                                |     1|   0|     1|          0|
    |grp_conv_fprop_Pipeline_1_fu_235_ap_start_reg                                |     1|   0|     1|          0|
    |grp_conv_fprop_Pipeline_VITIS_LOOP_106_3_fu_257_ap_start_reg                 |     1|   0|     1|          0|
    |grp_conv_fprop_Pipeline_VITIS_LOOP_57_3_VITIS_LOOP_59_4_fu_242_ap_start_reg  |     1|   0|     1|          0|
    |i_1_reg_213                                                                  |    31|   0|    31|          0|
    |i_fu_100                                                                     |    31|   0|    31|          0|
    |j_1_reg_224                                                                  |    31|   0|    31|          0|
    |j_reg_202                                                                    |    31|   0|    31|          0|
    |layer_kernel_load_reg_671                                                    |  3200|   0|  3200|          0|
    |layer_kernel_w_read_reg_588                                                  |    32|   0|    32|          0|
    |layer_map_b_load_reg_730                                                     |    64|   0|    64|          0|
    |layer_map_common_addr_reg_707                                                |    10|   0|    10|          0|
    |layer_map_common_load_reg_712                                                |    64|   0|    64|          0|
    |layer_map_count_read_reg_546                                                 |    32|   0|    32|          0|
    |layer_map_h_read_reg_528                                                     |    32|   0|    32|          0|
    |layer_map_w_read_reg_522                                                     |    32|   0|    32|          0|
    |mul_ln101_reg_619                                                            |    62|   0|    62|          0|
    |pconnection_load_reg_662                                                     |     1|   0|     1|          0|
    |prev_layer_map_count_read_reg_555                                            |    32|   0|    32|          0|
    |size_reg_539                                                                 |    32|   0|    32|          0|
    |smax1_reg_599                                                                |    31|   0|    31|          0|
    |smax_reg_594                                                                 |    31|   0|    31|          0|
    |tmp_1_reg_657                                                                |     7|   0|    17|         10|
    |tmp_reg_578                                                                  |     7|   0|    17|         10|
    |trunc_ln52_1_reg_614                                                         |    17|   0|    17|          0|
    |trunc_ln52_2_reg_684                                                         |    17|   0|    17|          0|
    |trunc_ln54_reg_702                                                           |    17|   0|    17|          0|
    |trunc_ln89_2_reg_583                                                         |    11|   0|    11|          0|
    |trunc_ln89_reg_534                                                           |    10|   0|    10|          0|
    |trunc_ln92_reg_632                                                           |     7|   0|     7|          0|
    |zext_ln89_reg_573                                                            |    31|   0|    64|         33|
    |zext_ln95_reg_647                                                            |    11|   0|    64|         53|
    +-----------------------------------------------------------------------------+------+----+------+-----------+
    |Total                                                                        |  4219|   0|  4325|        106|
    +-----------------------------------------------------------------------------+------+----+------+-----------+



================================================================
== Interface
================================================================
* Summary: 
+--------------------------------+-----+------+------------+-------------------------+--------------+
|            RTL Ports           | Dir | Bits |  Protocol  |      Source Object      |    C Type    |
+--------------------------------+-----+------+------------+-------------------------+--------------+
|ap_clk                          |   in|     1|  ap_ctrl_hs|               conv_fprop|  return value|
|ap_rst                          |   in|     1|  ap_ctrl_hs|               conv_fprop|  return value|
|ap_start                        |   in|     1|  ap_ctrl_hs|               conv_fprop|  return value|
|ap_done                         |  out|     1|  ap_ctrl_hs|               conv_fprop|  return value|
|ap_idle                         |  out|     1|  ap_ctrl_hs|               conv_fprop|  return value|
|ap_ready                        |  out|     1|  ap_ctrl_hs|               conv_fprop|  return value|
|ap_ce                           |   in|     1|  ap_ctrl_hs|               conv_fprop|  return value|
|prev_layer_map_w                |   in|    32|     ap_none|         prev_layer_map_w|       pointer|
|prev_layer_map_h                |   in|    32|     ap_none|         prev_layer_map_h|       pointer|
|prev_layer_map_count            |   in|    32|     ap_none|     prev_layer_map_count|       pointer|
|prev_layer_map_data_address0    |  out|    17|   ap_memory|      prev_layer_map_data|         array|
|prev_layer_map_data_ce0         |  out|     1|   ap_memory|      prev_layer_map_data|         array|
|prev_layer_map_data_q0          |   in|    64|   ap_memory|      prev_layer_map_data|         array|
|prev_layer_map_error_address0   |  out|    17|   ap_memory|     prev_layer_map_error|         array|
|prev_layer_map_error_ce0        |  out|     1|   ap_memory|     prev_layer_map_error|         array|
|prev_layer_map_error_we0        |  out|     1|   ap_memory|     prev_layer_map_error|         array|
|prev_layer_map_error_d0         |  out|    64|   ap_memory|     prev_layer_map_error|         array|
|prev_layer_map_error_q0         |   in|    64|   ap_memory|     prev_layer_map_error|         array|
|prev_layer_map_error_address1   |  out|    17|   ap_memory|     prev_layer_map_error|         array|
|prev_layer_map_error_ce1        |  out|     1|   ap_memory|     prev_layer_map_error|         array|
|prev_layer_map_error_we1        |  out|     1|   ap_memory|     prev_layer_map_error|         array|
|prev_layer_map_error_d1         |  out|    64|   ap_memory|     prev_layer_map_error|         array|
|prev_layer_map_error_q1         |   in|    64|   ap_memory|     prev_layer_map_error|         array|
|prev_layer_map_b_address0       |  out|     7|   ap_memory|         prev_layer_map_b|         array|
|prev_layer_map_b_ce0            |  out|     1|   ap_memory|         prev_layer_map_b|         array|
|prev_layer_map_b_we0            |  out|     1|   ap_memory|         prev_layer_map_b|         array|
|prev_layer_map_b_d0             |  out|    64|   ap_memory|         prev_layer_map_b|         array|
|prev_layer_map_b_q0             |   in|    64|   ap_memory|         prev_layer_map_b|         array|
|prev_layer_map_b_address1       |  out|     7|   ap_memory|         prev_layer_map_b|         array|
|prev_layer_map_b_ce1            |  out|     1|   ap_memory|         prev_layer_map_b|         array|
|prev_layer_map_b_we1            |  out|     1|   ap_memory|         prev_layer_map_b|         array|
|prev_layer_map_b_d1             |  out|    64|   ap_memory|         prev_layer_map_b|         array|
|prev_layer_map_b_q1             |   in|    64|   ap_memory|         prev_layer_map_b|         array|
|prev_layer_map_db_address0      |  out|     7|   ap_memory|        prev_layer_map_db|         array|
|prev_layer_map_db_ce0           |  out|     1|   ap_memory|        prev_layer_map_db|         array|
|prev_layer_map_db_we0           |  out|     1|   ap_memory|        prev_layer_map_db|         array|
|prev_layer_map_db_d0            |  out|    64|   ap_memory|        prev_layer_map_db|         array|
|prev_layer_map_db_q0            |   in|    64|   ap_memory|        prev_layer_map_db|         array|
|prev_layer_map_db_address1      |  out|     7|   ap_memory|        prev_layer_map_db|         array|
|prev_layer_map_db_ce1           |  out|     1|   ap_memory|        prev_layer_map_db|         array|
|prev_layer_map_db_we1           |  out|     1|   ap_memory|        prev_layer_map_db|         array|
|prev_layer_map_db_d1            |  out|    64|   ap_memory|        prev_layer_map_db|         array|
|prev_layer_map_db_q1            |   in|    64|   ap_memory|        prev_layer_map_db|         array|
|prev_layer_kernel_w             |   in|    32|     ap_none|      prev_layer_kernel_w|       pointer|
|prev_layer_kernel_h             |   in|    32|     ap_none|      prev_layer_kernel_h|       pointer|
|prev_layer_kernel_count         |   in|    32|     ap_none|  prev_layer_kernel_count|       pointer|
|prev_layer_kernel_address0      |  out|    11|   ap_memory|        prev_layer_kernel|         array|
|prev_layer_kernel_ce0           |  out|     1|   ap_memory|        prev_layer_kernel|         array|
|prev_layer_kernel_we0           |  out|     1|   ap_memory|        prev_layer_kernel|         array|
|prev_layer_kernel_d0            |  out|  3200|   ap_memory|        prev_layer_kernel|         array|
|prev_layer_kernel_q0            |   in|  3200|   ap_memory|        prev_layer_kernel|         array|
|prev_layer_kernel_address1      |  out|    11|   ap_memory|        prev_layer_kernel|         array|
|prev_layer_kernel_ce1           |  out|     1|   ap_memory|        prev_layer_kernel|         array|
|prev_layer_kernel_we1           |  out|     1|   ap_memory|        prev_layer_kernel|         array|
|prev_layer_kernel_d1            |  out|  3200|   ap_memory|        prev_layer_kernel|         array|
|prev_layer_kernel_q1            |   in|  3200|   ap_memory|        prev_layer_kernel|         array|
|prev_layer_map_common_address0  |  out|    10|   ap_memory|    prev_layer_map_common|         array|
|prev_layer_map_common_ce0       |  out|     1|   ap_memory|    prev_layer_map_common|         array|
|prev_layer_map_common_we0       |  out|     1|   ap_memory|    prev_layer_map_common|         array|
|prev_layer_map_common_d0        |  out|    64|   ap_memory|    prev_layer_map_common|         array|
|prev_layer_map_common_q0        |   in|    64|   ap_memory|    prev_layer_map_common|         array|
|prev_layer_map_common_address1  |  out|    10|   ap_memory|    prev_layer_map_common|         array|
|prev_layer_map_common_ce1       |  out|     1|   ap_memory|    prev_layer_map_common|         array|
|prev_layer_map_common_we1       |  out|     1|   ap_memory|    prev_layer_map_common|         array|
|prev_layer_map_common_d1        |  out|    64|   ap_memory|    prev_layer_map_common|         array|
|prev_layer_map_common_q1        |   in|    64|   ap_memory|    prev_layer_map_common|         array|
|layer_map_w                     |   in|    32|     ap_none|              layer_map_w|       pointer|
|layer_map_h                     |   in|    32|     ap_none|              layer_map_h|       pointer|
|layer_map_count                 |   in|    32|     ap_none|          layer_map_count|       pointer|
|layer_map_data_address0         |  out|    17|   ap_memory|           layer_map_data|         array|
|layer_map_data_ce0              |  out|     1|   ap_memory|           layer_map_data|         array|
|layer_map_data_we0              |  out|     1|   ap_memory|           layer_map_data|         array|
|layer_map_data_d0               |  out|    64|   ap_memory|           layer_map_data|         array|
|layer_map_error_address0        |  out|    17|   ap_memory|          layer_map_error|         array|
|layer_map_error_ce0             |  out|     1|   ap_memory|          layer_map_error|         array|
|layer_map_error_we0             |  out|     1|   ap_memory|          layer_map_error|         array|
|layer_map_error_d0              |  out|    64|   ap_memory|          layer_map_error|         array|
|layer_map_error_q0              |   in|    64|   ap_memory|          layer_map_error|         array|
|layer_map_error_address1        |  out|    17|   ap_memory|          layer_map_error|         array|
|layer_map_error_ce1             |  out|     1|   ap_memory|          layer_map_error|         array|
|layer_map_error_we1             |  out|     1|   ap_memory|          layer_map_error|         array|
|layer_map_error_d1              |  out|    64|   ap_memory|          layer_map_error|         array|
|layer_map_error_q1              |   in|    64|   ap_memory|          layer_map_error|         array|
|layer_map_b_address0            |  out|     7|   ap_memory|              layer_map_b|         array|
|layer_map_b_ce0                 |  out|     1|   ap_memory|              layer_map_b|         array|
|layer_map_b_q0                  |   in|    64|   ap_memory|              layer_map_b|         array|
|layer_map_db_address0           |  out|     7|   ap_memory|             layer_map_db|         array|
|layer_map_db_ce0                |  out|     1|   ap_memory|             layer_map_db|         array|
|layer_map_db_we0                |  out|     1|   ap_memory|             layer_map_db|         array|
|layer_map_db_d0                 |  out|    64|   ap_memory|             layer_map_db|         array|
|layer_map_db_q0                 |   in|    64|   ap_memory|             layer_map_db|         array|
|layer_map_db_address1           |  out|     7|   ap_memory|             layer_map_db|         array|
|layer_map_db_ce1                |  out|     1|   ap_memory|             layer_map_db|         array|
|layer_map_db_we1                |  out|     1|   ap_memory|             layer_map_db|         array|
|layer_map_db_d1                 |  out|    64|   ap_memory|             layer_map_db|         array|
|layer_map_db_q1                 |   in|    64|   ap_memory|             layer_map_db|         array|
|layer_kernel_w                  |   in|    32|     ap_none|           layer_kernel_w|       pointer|
|layer_kernel_h                  |   in|    32|     ap_none|           layer_kernel_h|       pointer|
|layer_kernel_count              |   in|    32|     ap_none|       layer_kernel_count|       pointer|
|layer_kernel_address0           |  out|    11|   ap_memory|             layer_kernel|         array|
|layer_kernel_ce0                |  out|     1|   ap_memory|             layer_kernel|         array|
|layer_kernel_q0                 |   in|  3200|   ap_memory|             layer_kernel|         array|
|layer_map_common_address0       |  out|    10|   ap_memory|         layer_map_common|         array|
|layer_map_common_ce0            |  out|     1|   ap_memory|         layer_map_common|         array|
|layer_map_common_we0            |  out|     1|   ap_memory|         layer_map_common|         array|
|layer_map_common_d0             |  out|    64|   ap_memory|         layer_map_common|         array|
|layer_map_common_q0             |   in|    64|   ap_memory|         layer_map_common|         array|
|pconnection_address0            |  out|     7|   ap_memory|              pconnection|         array|
|pconnection_ce0                 |  out|     1|   ap_memory|              pconnection|         array|
|pconnection_q0                  |   in|     1|   ap_memory|              pconnection|         array|
+--------------------------------+-----+------+------------+-------------------------+--------------+

