

================================================================
== Synthesis Summary Report of 'conv_fprop'
================================================================
+ General Information: 
    * Date:           Fri Mar  7 17:17:21 2025
    * Version:        2024.2 (Build 5238294 on Nov  8 2024)
    * Project:        prj
    * Solution:       conv_fprop_sol (Vivado IP Flow Target)
    * Product family: virtexuplus
    * Target device:  xcvu19p-fsvb3824-2-e
    

+ Performance & Resource Estimates: 
    
    PS: '+' for module; 'o' for loop; '*' for dataflow
    +------------------------------------------------------------+--------+-------+---------+--------+----------+---------+------+----------+------+----------+-------------+------------+-----+
    |                           Modules                          |  Issue |       | Latency | Latency| Iteration|         | Trip |          |      |          |             |            |     |
    |                           & Loops                          |  Type  | Slack | (cycles)|  (ns)  |  Latency | Interval| Count| Pipelined| BRAM |    DSP   |      FF     |     LUT    | URAM|
    +------------------------------------------------------------+--------+-------+---------+--------+----------+---------+------+----------+------+----------+-------------+------------+-----+
    |+ conv_fprop                                                |  Timing|  -0.57|        -|       -|         -|        -|     -|        no|     -|   82 (2%)|  11179 (~0%)|  9924 (~0%)|    -|
    | o VITIS_LOOP_89_1                                          |       -|   2.41|        -|       -|         -|        -|     -|        no|     -|         -|            -|           -|    -|
    |  + conv_fprop_Pipeline_1                                   |       -|   0.41|        -|       -|         -|        -|     -|        no|     -|         -|     13 (~0%)|    86 (~0%)|    -|
    |   o Loop 1                                                 |       -|   2.41|        -|       -|         1|        1|     -|       yes|     -|         -|            -|           -|    -|
    |  + conv_fprop_Pipeline_VITIS_LOOP_106_3                    |       -|   0.06|        -|       -|         -|        -|     -|        no|     -|   58 (1%)|   4653 (~0%)|  5251 (~0%)|    -|
    |   o VITIS_LOOP_106_3                                       |       -|   2.41|        -|       -|        80|        1|     -|       yes|     -|         -|            -|           -|    -|
    |  o VITIS_LOOP_92_2                                         |       -|   2.41|        -|       -|         -|        -|     -|        no|     -|         -|            -|           -|    -|
    |   o VITIS_LOOP_52_1                                        |       -|   2.41|        -|       -|         -|        -|     -|        no|     -|         -|            -|           -|    -|
    |    o VITIS_LOOP_54_2                                       |       -|   2.41|        -|       -|         -|        -|     -|        no|     -|         -|            -|           -|    -|
    |     + conv_fprop_Pipeline_VITIS_LOOP_57_3_VITIS_LOOP_59_4  |  Timing|  -0.57|        -|       -|         -|        -|     -|        no|     -|  13 (~0%)|   1283 (~0%)|  2959 (~0%)|    -|
    |      o VITIS_LOOP_57_3_VITIS_LOOP_59_4                     |      II|   2.41|        -|       -|        23|        7|     -|       yes|     -|         -|            -|           -|    -|
    +------------------------------------------------------------+--------+-------+---------+--------+----------+---------+------+----------+------+----------+-------------+------------+-----+


================================================================
== HW Interfaces
================================================================
* AP_MEMORY
+--------------------------------+-----------+----------+
| Port                           | Direction | Bitwidth |
+--------------------------------+-----------+----------+
| layer_kernel_address0          | out       | 11       |
| layer_kernel_q0                | in        | 3200     |
| layer_map_b_address0           | out       | 7        |
| layer_map_b_q0                 | in        | 64       |
| layer_map_common_address0      | out       | 10       |
| layer_map_common_d0            | out       | 64       |
| layer_map_common_q0            | in        | 64       |
| layer_map_data_address0        | out       | 17       |
| layer_map_data_d0              | out       | 64       |
| layer_map_db_address0          | out       | 7        |
| layer_map_db_address1          | out       | 7        |
| layer_map_db_d0                | out       | 64       |
| layer_map_db_d1                | out       | 64       |
| layer_map_db_q0                | in        | 64       |
| layer_map_db_q1                | in        | 64       |
| layer_map_error_address0       | out       | 17       |
| layer_map_error_address1       | out       | 17       |
| layer_map_error_d0             | out       | 64       |
| layer_map_error_d1             | out       | 64       |
| layer_map_error_q0             | in        | 64       |
| layer_map_error_q1             | in        | 64       |
| pconnection_address0           | out       | 7        |
| pconnection_q0                 | in        | 1        |
| prev_layer_kernel_address0     | out       | 11       |
| prev_layer_kernel_address1     | out       | 11       |
| prev_layer_kernel_d0           | out       | 3200     |
| prev_layer_kernel_d1           | out       | 3200     |
| prev_layer_kernel_q0           | in        | 3200     |
| prev_layer_kernel_q1           | in        | 3200     |
| prev_layer_map_b_address0      | out       | 7        |
| prev_layer_map_b_address1      | out       | 7        |
| prev_layer_map_b_d0            | out       | 64       |
| prev_layer_map_b_d1            | out       | 64       |
| prev_layer_map_b_q0            | in        | 64       |
| prev_layer_map_b_q1            | in        | 64       |
| prev_layer_map_common_address0 | out       | 10       |
| prev_layer_map_common_address1 | out       | 10       |
| prev_layer_map_common_d0       | out       | 64       |
| prev_layer_map_common_d1       | out       | 64       |
| prev_layer_map_common_q0       | in        | 64       |
| prev_layer_map_common_q1       | in        | 64       |
| prev_layer_map_data_address0   | out       | 17       |
| prev_layer_map_data_q0         | in        | 64       |
| prev_layer_map_db_address0     | out       | 7        |
| prev_layer_map_db_address1     | out       | 7        |
| prev_layer_map_db_d0           | out       | 64       |
| prev_layer_map_db_d1           | out       | 64       |
| prev_layer_map_db_q0           | in        | 64       |
| prev_layer_map_db_q1           | in        | 64       |
| prev_layer_map_error_address0  | out       | 17       |
| prev_layer_map_error_address1  | out       | 17       |
| prev_layer_map_error_d0        | out       | 64       |
| prev_layer_map_error_d1        | out       | 64       |
| prev_layer_map_error_q0        | in        | 64       |
| prev_layer_map_error_q1        | in        | 64       |
+--------------------------------+-----------+----------+

* Other Ports
+-------------------------+---------+-----------+----------+
| Port                    | Mode    | Direction | Bitwidth |
+-------------------------+---------+-----------+----------+
| layer_kernel_count      | ap_none | in        | 32       |
| layer_kernel_h          | ap_none | in        | 32       |
| layer_kernel_w          | ap_none | in        | 32       |
| layer_map_count         | ap_none | in        | 32       |
| layer_map_h             | ap_none | in        | 32       |
| layer_map_w             | ap_none | in        | 32       |
| prev_layer_kernel_count | ap_none | in        | 32       |
| prev_layer_kernel_h     | ap_none | in        | 32       |
| prev_layer_kernel_w     | ap_none | in        | 32       |
| prev_layer_map_count    | ap_none | in        | 32       |
| prev_layer_map_h        | ap_none | in        | 32       |
| prev_layer_map_w        | ap_none | in        | 32       |
+-------------------------+---------+-----------+----------+

* TOP LEVEL CONTROL
+-----------+-------------+-----------------------------------+
| Interface | Type        | Ports                             |
+-----------+-------------+-----------------------------------+
| ap_ce     | clockenable | ap_ce                             |
| ap_clk    | clock       | ap_clk                            |
| ap_rst    | reset       | ap_rst                            |
| ap_ctrl   | ap_ctrl_hs  | ap_done ap_idle ap_ready ap_start |
+-----------+-------------+-----------------------------------+


================================================================
== SW I/O Information
================================================================
* Top Function Arguments
+-------------+-----------+----------+
| Argument    | Direction | Datatype |
+-------------+-----------+----------+
| prev_layer  | in        | _Layer*  |
| layer       | inout     | _Layer*  |
| pconnection | in        | bool*    |
+-------------+-----------+----------+

* SW-to-HW Mapping
+-------------+--------------------------------+---------+----------+
| Argument    | HW Interface                   | HW Type | HW Usage |
+-------------+--------------------------------+---------+----------+
| prev_layer  | prev_layer_map_w               | port    |          |
| prev_layer  | prev_layer_map_h               | port    |          |
| prev_layer  | prev_layer_map_count           | port    |          |
| prev_layer  | prev_layer_map_data_address0   | port    | offset   |
| prev_layer  | prev_layer_map_data_ce0        | port    |          |
| prev_layer  | prev_layer_map_data_q0         | port    |          |
| prev_layer  | prev_layer_map_error_address0  | port    | offset   |
| prev_layer  | prev_layer_map_error_ce0       | port    |          |
| prev_layer  | prev_layer_map_error_we0       | port    |          |
| prev_layer  | prev_layer_map_error_d0        | port    |          |
| prev_layer  | prev_layer_map_error_q0        | port    |          |
| prev_layer  | prev_layer_map_error_address1  | port    | offset   |
| prev_layer  | prev_layer_map_error_ce1       | port    |          |
| prev_layer  | prev_layer_map_error_we1       | port    |          |
| prev_layer  | prev_layer_map_error_d1        | port    |          |
| prev_layer  | prev_layer_map_error_q1        | port    |          |
| prev_layer  | prev_layer_map_b_address0      | port    | offset   |
| prev_layer  | prev_layer_map_b_ce0           | port    |          |
| prev_layer  | prev_layer_map_b_we0           | port    |          |
| prev_layer  | prev_layer_map_b_d0            | port    |          |
| prev_layer  | prev_layer_map_b_q0            | port    |          |
| prev_layer  | prev_layer_map_b_address1      | port    | offset   |
| prev_layer  | prev_layer_map_b_ce1           | port    |          |
| prev_layer  | prev_layer_map_b_we1           | port    |          |
| prev_layer  | prev_layer_map_b_d1            | port    |          |
| prev_layer  | prev_layer_map_b_q1            | port    |          |
| prev_layer  | prev_layer_map_db_address0     | port    | offset   |
| prev_layer  | prev_layer_map_db_ce0          | port    |          |
| prev_layer  | prev_layer_map_db_we0          | port    |          |
| prev_layer  | prev_layer_map_db_d0           | port    |          |
| prev_layer  | prev_layer_map_db_q0           | port    |          |
| prev_layer  | prev_layer_map_db_address1     | port    | offset   |
| prev_layer  | prev_layer_map_db_ce1          | port    |          |
| prev_layer  | prev_layer_map_db_we1          | port    |          |
| prev_layer  | prev_layer_map_db_d1           | port    |          |
| prev_layer  | prev_layer_map_db_q1           | port    |          |
| prev_layer  | prev_layer_kernel_w            | port    |          |
| prev_layer  | prev_layer_kernel_h            | port    |          |
| prev_layer  | prev_layer_kernel_count        | port    |          |
| prev_layer  | prev_layer_kernel_address0     | port    | offset   |
| prev_layer  | prev_layer_kernel_ce0          | port    |          |
| prev_layer  | prev_layer_kernel_we0          | port    |          |
| prev_layer  | prev_layer_kernel_d0           | port    |          |
| prev_layer  | prev_layer_kernel_q0           | port    |          |
| prev_layer  | prev_layer_kernel_address1     | port    | offset   |
| prev_layer  | prev_layer_kernel_ce1          | port    |          |
| prev_layer  | prev_layer_kernel_we1          | port    |          |
| prev_layer  | prev_layer_kernel_d1           | port    |          |
| prev_layer  | prev_layer_kernel_q1           | port    |          |
| prev_layer  | prev_layer_map_common_address0 | port    | offset   |
| prev_layer  | prev_layer_map_common_ce0      | port    |          |
| prev_layer  | prev_layer_map_common_we0      | port    |          |
| prev_layer  | prev_layer_map_common_d0       | port    |          |
| prev_layer  | prev_layer_map_common_q0       | port    |          |
| prev_layer  | prev_layer_map_common_address1 | port    | offset   |
| prev_layer  | prev_layer_map_common_ce1      | port    |          |
| prev_layer  | prev_layer_map_common_we1      | port    |          |
| prev_layer  | prev_layer_map_common_d1       | port    |          |
| prev_layer  | prev_layer_map_common_q1       | port    |          |
| layer       | layer_map_w                    | port    |          |
| layer       | layer_map_h                    | port    |          |
| layer       | layer_map_count                | port    |          |
| layer       | layer_map_data_address0        | port    | offset   |
| layer       | layer_map_data_ce0             | port    |          |
| layer       | layer_map_data_we0             | port    |          |
| layer       | layer_map_data_d0              | port    |          |
| layer       | layer_map_error_address0       | port    | offset   |
| layer       | layer_map_error_ce0            | port    |          |
| layer       | layer_map_error_we0            | port    |          |
| layer       | layer_map_error_d0             | port    |          |
| layer       | layer_map_error_q0             | port    |          |
| layer       | layer_map_error_address1       | port    | offset   |
| layer       | layer_map_error_ce1            | port    |          |
| layer       | layer_map_error_we1            | port    |          |
| layer       | layer_map_error_d1             | port    |          |
| layer       | layer_map_error_q1             | port    |          |
| layer       | layer_map_b_address0           | port    | offset   |
| layer       | layer_map_b_ce0                | port    |          |
| layer       | layer_map_b_q0                 | port    |          |
| layer       | layer_map_db_address0          | port    | offset   |
| layer       | layer_map_db_ce0               | port    |          |
| layer       | layer_map_db_we0               | port    |          |
| layer       | layer_map_db_d0                | port    |          |
| layer       | layer_map_db_q0                | port    |          |
| layer       | layer_map_db_address1          | port    | offset   |
| layer       | layer_map_db_ce1               | port    |          |
| layer       | layer_map_db_we1               | port    |          |
| layer       | layer_map_db_d1                | port    |          |
| layer       | layer_map_db_q1                | port    |          |
| layer       | layer_kernel_w                 | port    |          |
| layer       | layer_kernel_h                 | port    |          |
| layer       | layer_kernel_count             | port    |          |
| layer       | layer_kernel_address0          | port    | offset   |
| layer       | layer_kernel_ce0               | port    |          |
| layer       | layer_kernel_q0                | port    |          |
| layer       | layer_map_common_address0      | port    | offset   |
| layer       | layer_map_common_ce0           | port    |          |
| layer       | layer_map_common_we0           | port    |          |
| layer       | layer_map_common_d0            | port    |          |
| layer       | layer_map_common_q0            | port    |          |
| pconnection | pconnection_address0           | port    | offset   |
| pconnection | pconnection_ce0                | port    |          |
| pconnection | pconnection_q0                 | port    |          |
+-------------+--------------------------------+---------+----------+


================================================================
== Bind Op Report
================================================================
+--------------------------------------------------------+-----+--------+---------------+--------+-----------+---------+
| Name                                                   | DSP | Pragma | Variable      | Op     | Impl      | Latency |
+--------------------------------------------------------+-----+--------+---------------+--------+-----------+---------+
| + conv_fprop                                           | 82  |        |               |        |           |         |
|   mul_32s_32s_32_2_1_U36                               | 3   |        | size          | mul    | auto      | 1       |
|   empty_fu_291_p2                                      |     |        | empty         | seteq  | auto      | 0       |
|   icmp_ln89_fu_307_p2                                  |     |        | icmp_ln89     | setlt  | auto      | 0       |
|   add_ln89_fu_312_p2                                   |     |        | add_ln89      | add    | fabric    | 0       |
|   empty_19_fu_346_p2                                   |     |        | empty_19      | setgt  | auto      | 0       |
|   smax_fu_352_p3                                       |     |        | smax          | select | auto_sel  | 0       |
|   empty_20_fu_360_p2                                   |     |        | empty_20      | setgt  | auto      | 0       |
|   smax1_fu_366_p3                                      |     |        | smax1         | select | auto_sel  | 0       |
|   mul_31ns_31ns_62_2_1_U35                             | 4   |        | mul_ln101     | mul    | auto      | 1       |
|   icmp_ln92_fu_390_p2                                  |     |        | icmp_ln92     | setlt  | auto      | 0       |
|   add_ln92_fu_395_p2                                   |     |        | add_ln92      | add    | fabric    | 0       |
|   mac_muladd_11s_11s_11ns_11_4_1_U38                   | 1   |        | mul_ln94      | mul    | dsp_slice | 3       |
|   mac_muladd_11s_11s_11ns_11_4_1_U38                   | 1   |        | add_ln94      | add    | dsp_slice | 3       |
|   icmp_ln52_fu_428_p2                                  |     |        | icmp_ln52     | setlt  | auto      | 0       |
|   add_ln52_fu_433_p2                                   |     |        | add_ln52      | add    | fabric    | 0       |
|   mul_10s_10s_10_1_1_U37                               |     |        | empty_21      | mul    | auto      | 0       |
|   icmp_ln54_fu_456_p2                                  |     |        | icmp_ln54     | setlt  | auto      | 0       |
|   add_ln54_fu_461_p2                                   |     |        | add_ln54      | add    | fabric    | 0       |
|   add_ln64_fu_476_p2                                   |     |        | add_ln64      | add    | fabric    | 0       |
|   dadddsub_64ns_64ns_64_8_full_dsp_1_U34               | 3   |        | add28_i       | dadd   | fulldsp   | 7       |
|  + conv_fprop_Pipeline_1                               | 0   |        |               |        |           |         |
|    empty_16_fu_69_p2                                   |     |        | empty_16      | add    | fabric    | 0       |
|    exitcond_fu_79_p2                                   |     |        | exitcond      | seteq  | auto      | 0       |
|  + conv_fprop_Pipeline_VITIS_LOOP_57_3_VITIS_LOOP_59_4 | 13  |        |               |        |           |         |
|    icmp_ln59_fu_194_p2                                 |     |        | icmp_ln59     | setlt  | auto      | 0       |
|    icmp_ln57_fu_199_p2                                 |     |        | icmp_ln57     | seteq  | auto      | 0       |
|    add_ln57_1_fu_204_p2                                |     |        | add_ln57_1    | add    | fabric    | 0       |
|    add_ln57_fu_213_p2                                  |     |        | add_ln57      | add    | fabric    | 0       |
|    select_ln57_fu_245_p3                               |     |        | select_ln57   | select | auto_sel  | 0       |
|    select_ln57_1_fu_219_p3                             |     |        | select_ln57_1 | select | auto_sel  | 0       |
|    ama_addmuladd_17ns_17ns_17s_17ns_17_4_1_U6          | 1   |        | empty_13      | add    | dsp_slice | 3       |
|    ama_addmuladd_17ns_17ns_17s_17ns_17_4_1_U6          | 1   |        | empty_14      | mul    | dsp_slice | 3       |
|    mul_31ns_32s_58_2_1_U5                              | 4   |        | empty_15      | mul    | auto      | 1       |
|    grp_fu_329_p3                                       |     |        | add_ln61_1    | add    | fabric    | 0       |
|    ama_addmuladd_17ns_17ns_17s_17ns_17_4_1_U6          | 1   |        | add_ln61      | add    | dsp_slice | 3       |
|    add_ln61_3_fu_280_p2                                |     |        | add_ln61_3    | add    | fabric    | 0       |
|    add_ln61_2_fu_264_p2                                |     |        | add_ln61_2    | add    | fabric    | 0       |
|    lshr_ln61_fu_295_p2                                 |     |        | lshr_ln61     | lshr   | auto_pipe | 0       |
|    dmul_64ns_64ns_64_8_max_dsp_1_U4                    | 8   |        | mul19_i       | dmul   | maxdsp    | 7       |
|    add_ln59_fu_269_p2                                  |     |        | add_ln59      | add    | fabric    | 0       |
|  + conv_fprop_Pipeline_VITIS_LOOP_106_3                | 58  |        |               |        |           |         |
|    icmp_ln106_fu_136_p2                                |     |        | icmp_ln106    | setlt  | auto      | 0       |
|    add_ln106_fu_142_p2                                 |     |        | add_ln106     | add    | fabric    | 0       |
|    add_ln108_fu_153_p2                                 |     |        | add_ln108     | add    | fabric    | 0       |
|    dadd_64ns_64ns_64_8_full_dsp_1_U20                  | 3   |        | val_assign    | dadd   | fulldsp   | 7       |
|    dexp_64ns_64ns_64_30_full_dsp_1_U24                 | 26  |        | ep            | dexp   | fulldsp   | 29      |
|    xor_ln11_fu_179_p2                                  |     |        | xor_ln11      | xor    | auto      | 0       |
|    dexp_64ns_64ns_64_30_full_dsp_1_U25                 | 26  |        | em            | dexp   | fulldsp   | 29      |
|    dadd_64ns_64ns_64_8_full_dsp_1_U22                  | 3   |        | add_i         | dadd   | fulldsp   | 7       |
|    ddiv_64ns_64ns_64_31_no_dsp_1_U23                   |     |        | div_i         | ddiv   | fabric    | 30      |
+--------------------------------------------------------+-----+--------+---------------+--------+-----------+---------+


================================================================
== Storage Report
================================================================
  No bind storage info in design

================================================================
== Pragma Report
================================================================
  No pragmas found

