

================================================================
== Vitis HLS Report for 'conv_fprop3_Pipeline_VITIS_LOOP_178_3'
================================================================
* Date:           Fri Mar 14 16:55:17 2025

* Version:        2024.2 (Build 5238294 on Nov  8 2024)
* Project:        prj
* Solution:       conv_fprop3_sol (Vivado IP Flow Target)
* Product family: virtexuplus
* Target device:  xcvu19p-fsvb3824-2-e


================================================================
== Performance Estimates
================================================================
+ Timing: 
    * Summary: 
    +--------+---------+----------+------------+
    |  Clock |  Target | Estimated| Uncertainty|
    +--------+---------+----------+------------+
    |ap_clk  |  3.30 ns|  2.354 ns|     0.89 ns|
    +--------+---------+----------+------------+

+ Latency: 
    * Summary: 
    +---------+---------+----------+----------+-----+-----+------------------------------------------------+
    |  Latency (cycles) |  Latency (absolute) |  Interval |                    Pipeline                    |
    |   min   |   max   |    min   |    max   | min | max |                      Type                      |
    +---------+---------+----------+----------+-----+-----+------------------------------------------------+
    |        ?|        ?|         ?|         ?|    0|    0|  loop auto-rewind stp (delay=0 clock cycles(s))|
    +---------+---------+----------+----------+-----+-----+------------------------------------------------+

    + Detail: 
        * Instance: 
        N/A

        * Loop: 
        +--------------------+---------+---------+----------+-----------+-----------+------+----------+
        |                    |  Latency (cycles) | Iteration|  Initiation Interval  | Trip |          |
        |      Loop Name     |   min   |   max   |  Latency |  achieved |   target  | Count| Pipelined|
        +--------------------+---------+---------+----------+-----------+-----------+------+----------+
        |- VITIS_LOOP_178_3  |        ?|        ?|        80|          1|          1|     ?|       yes|
        +--------------------+---------+---------+----------+-----------+-----------+------+----------+

============================================================
+ Verbose Summary: Synthesis Manager
============================================================
InlineROM: 1
ExposeGlobal: 0
============================================================
+ Verbose Summary: CDFG Model
============================================================
IsTopModel: 0
ResetActiveHigh: 1
IsCombinational: 0
IsDatapathOnly: 0
HasWiredReturn: 1
HasMFsm: 2
HasVarLatency: 1
IsPipeline: 0
IsRtlPipelined: 0
IsInstanceOverlapped: 0
IsDontTouch: 0
HasImplIP: 0
IsGatedGlobalClock: 0

+ Individual pipeline summary: 
  * Pipeline-0: initiation interval (II) = 1, depth = 80


============================================================
+ Verbose Summary: Schedule
============================================================
* Number of FSM states : 80
* Pipeline : 1
  Pipeline-0 : II = 1, D = 80, States = { 1 2 3 4 5 6 7 8 9 10 11 12 13 14 15 16 17 18 19 20 21 22 23 24 25 26 27 28 29 30 31 32 33 34 35 36 37 38 39 40 41 42 43 44 45 46 47 48 49 50 51 52 53 54 55 56 57 58 59 60 61 62 63 64 65 66 67 68 69 70 71 72 73 74 75 76 77 78 79 80 }
* Dataflow Pipeline: 0

* FSM state transitions: 
1 --> 2 
2 --> 3 
3 --> 4 
4 --> 5 
5 --> 6 
6 --> 7 
7 --> 8 
8 --> 9 
9 --> 10 
10 --> 11 
11 --> 12 
12 --> 13 
13 --> 14 
14 --> 15 
15 --> 16 
16 --> 17 
17 --> 18 
18 --> 19 
19 --> 20 
20 --> 21 
21 --> 22 
22 --> 23 
23 --> 24 
24 --> 25 
25 --> 26 
26 --> 27 
27 --> 28 
28 --> 29 
29 --> 30 
30 --> 31 
31 --> 32 
32 --> 33 
33 --> 34 
34 --> 35 
35 --> 36 
36 --> 37 
37 --> 38 
38 --> 39 
39 --> 40 
40 --> 41 
41 --> 42 
42 --> 43 
43 --> 44 
44 --> 45 
45 --> 46 
46 --> 47 
47 --> 48 
48 --> 49 
49 --> 50 
50 --> 51 
51 --> 52 
52 --> 53 
53 --> 54 
54 --> 55 
55 --> 56 
56 --> 57 
57 --> 58 
58 --> 59 
59 --> 60 
60 --> 61 
61 --> 62 
62 --> 63 
63 --> 64 
64 --> 65 
65 --> 66 
66 --> 67 
67 --> 68 
68 --> 69 
69 --> 70 
70 --> 71 
71 --> 72 
72 --> 73 
73 --> 74 
74 --> 75 
75 --> 76 
76 --> 77 
77 --> 78 
78 --> 79 
79 --> 80 
80 --> 

* FSM state operations: 

State 1 <SV = 0> <Delay = 1.65>
ST_1 : Operation 83 [1/1] (0.00ns)   --->   "%k = alloca i32 1" [../source/hls.cpp:178]   --->   Operation 83 'alloca' 'k' <Predicate = true> <Delay = 0.00>
ST_1 : Operation 84 [1/1] (0.00ns)   --->   "%specinterface_ln0 = specinterface void @_ssdm_op_SpecInterface, i64 %c5_conv_layer2_map_common, void @empty_1, i32 0, i32 0, void @empty_0, i32 4294967295, i32 0, void @empty_0, void @empty_0, void @empty_0, i32 0, i32 0, i32 0, i32 0, void @empty_0, void @empty_0, i32 4294967295, i32 0, i32 0"   --->   Operation 84 'specinterface' 'specinterface_ln0' <Predicate = true> <Delay = 0.00>
ST_1 : Operation 85 [1/1] (0.00ns)   --->   "%specinterface_ln0 = specinterface void @_ssdm_op_SpecInterface, i64 %c5_conv_layer2_data, void @empty_1, i32 0, i32 0, void @empty_0, i32 4294967295, i32 0, void @empty_0, void @empty_0, void @empty_0, i32 0, i32 0, i32 0, i32 0, void @empty_0, void @empty_0, i32 4294967295, i32 0, i32 0"   --->   Operation 85 'specinterface' 'specinterface_ln0' <Predicate = true> <Delay = 0.00>
ST_1 : Operation 86 [1/1] (0.00ns)   --->   "%tmp = read i64 @_ssdm_op_Read.ap_auto.double, i64 %empty"   --->   Operation 86 'read' 'tmp' <Predicate = true> <Delay = 0.00>
ST_1 : Operation 87 [1/1] (0.00ns)   --->   "%zext_ln180_read = read i17 @_ssdm_op_Read.ap_auto.i17, i17 %zext_ln180"   --->   Operation 87 'read' 'zext_ln180_read' <Predicate = true> <Delay = 0.00>
ST_1 : Operation 88 [1/1] (0.00ns)   --->   "%size_read = read i32 @_ssdm_op_Read.ap_auto.i32, i32 %size"   --->   Operation 88 'read' 'size_read' <Predicate = true> <Delay = 0.00>
ST_1 : Operation 89 [1/1] (0.38ns)   --->   "%store_ln178 = store i17 0, i17 %k" [../source/hls.cpp:178]   --->   Operation 89 'store' 'store_ln178' <Predicate = true> <Delay = 0.38>
ST_1 : Operation 90 [1/1] (0.00ns)   --->   "%br_ln0 = br void %for.inc37"   --->   Operation 90 'br' 'br_ln0' <Predicate = true> <Delay = 0.00>
ST_1 : Operation 91 [1/1] (0.00ns)   --->   "%k_1 = load i17 %k" [../source/hls.cpp:180]   --->   Operation 91 'load' 'k_1' <Predicate = true> <Delay = 0.00>
ST_1 : Operation 92 [1/1] (0.00ns)   --->   "%zext_ln178_1 = zext i17 %k_1" [../source/hls.cpp:178]   --->   Operation 92 'zext' 'zext_ln178_1' <Predicate = true> <Delay = 0.00>
ST_1 : Operation 93 [1/1] (0.88ns)   --->   "%icmp_ln178 = icmp_slt  i32 %zext_ln178_1, i32 %size_read" [../source/hls.cpp:178]   --->   Operation 93 'icmp' 'icmp_ln178' <Predicate = true> <Delay = 0.88> <CoreInst = "Cmp">   --->   Core 9 'Cmp' <Latency = 0> <II = 1> <Delay = 0.88> <FuncUnit> <Opcode : 'seteq' 'setne' 'setle' 'setge' 'setlt' 'setgt'> <InPorts = 2> <OutPorts = 1>
ST_1 : Operation 94 [1/1] (0.79ns)   --->   "%add_ln178 = add i17 %k_1, i17 1" [../source/hls.cpp:178]   --->   Operation 94 'add' 'add_ln178' <Predicate = true> <Delay = 0.79> <CoreInst = "Adder">   --->   Core 1 'Adder' <Latency = 0> <II = 1> <Delay = 0.79> <FuncUnit> <Opcode : 'add' 'sub'> <InPorts = 2> <OutPorts = 1>
ST_1 : Operation 95 [1/1] (0.00ns)   --->   "%br_ln178 = br i1 %icmp_ln178, void %for.inc40.loopexit.exitStub, void %for.inc37.split" [../source/hls.cpp:178]   --->   Operation 95 'br' 'br_ln178' <Predicate = true> <Delay = 0.00>
ST_1 : Operation 96 [1/1] (0.00ns)   --->   "%zext_ln178 = zext i17 %k_1" [../source/hls.cpp:178]   --->   Operation 96 'zext' 'zext_ln178' <Predicate = (icmp_ln178)> <Delay = 0.00>
ST_1 : Operation 97 [1/1] (0.79ns)   --->   "%add_ln180 = add i17 %zext_ln180_read, i17 %k_1" [../source/hls.cpp:180]   --->   Operation 97 'add' 'add_ln180' <Predicate = (icmp_ln178)> <Delay = 0.79> <CoreInst = "Adder">   --->   Core 1 'Adder' <Latency = 0> <II = 1> <Delay = 0.79> <FuncUnit> <Opcode : 'add' 'sub'> <InPorts = 2> <OutPorts = 1>
ST_1 : Operation 98 [1/1] (0.00ns)   --->   "%c5_conv_layer2_map_common_addr = getelementptr i64 %c5_conv_layer2_map_common, i64 0, i64 %zext_ln178" [../source/hls.cpp:180]   --->   Operation 98 'getelementptr' 'c5_conv_layer2_map_common_addr' <Predicate = (icmp_ln178)> <Delay = 0.00>
ST_1 : Operation 99 [2/2] (1.20ns)   --->   "%c5_conv_layer2_map_common_load = load i10 %c5_conv_layer2_map_common_addr" [../source/hls.cpp:180]   --->   Operation 99 'load' 'c5_conv_layer2_map_common_load' <Predicate = (icmp_ln178)> <Delay = 1.20> <CoreInst = "RAM">   --->   Core 82 'RAM' <Latency = 1> <II = 1> <Delay = 1.20> <Storage> <Opcode : 'load' 'store'> <Ports = 2> <Width = 64> <Depth = 1024> <RAM>
ST_1 : Operation 100 [1/1] (0.38ns)   --->   "%store_ln178 = store i17 %add_ln178, i17 %k" [../source/hls.cpp:178]   --->   Operation 100 'store' 'store_ln178' <Predicate = (icmp_ln178)> <Delay = 0.38>

State 2 <SV = 1> <Delay = 1.20>
ST_2 : Operation 101 [1/2] ( I:1.20ns O:1.20ns )   --->   "%c5_conv_layer2_map_common_load = load i10 %c5_conv_layer2_map_common_addr" [../source/hls.cpp:180]   --->   Operation 101 'load' 'c5_conv_layer2_map_common_load' <Predicate = true> <Delay = 1.20> <CoreInst = "RAM">   --->   Core 82 'RAM' <Latency = 1> <II = 1> <Delay = 1.20> <Storage> <Opcode : 'load' 'store'> <Ports = 2> <Width = 64> <Depth = 1024> <RAM>

State 3 <SV = 2> <Delay = 1.90>
ST_3 : Operation 102 [1/1] (0.00ns)   --->   "%bitcast_ln180 = bitcast i64 %c5_conv_layer2_map_common_load" [../source/hls.cpp:180]   --->   Operation 102 'bitcast' 'bitcast_ln180' <Predicate = true> <Delay = 0.00>
ST_3 : Operation 103 [8/8] (1.90ns)   --->   "%val_assign = dadd i64 %bitcast_ln180, i64 %tmp" [../source/hls.cpp:180]   --->   Operation 103 'dadd' 'val_assign' <Predicate = true> <Delay = 1.90> <CoreInst = "DAddSub_fulldsp">   --->   Core 37 'DAddSub_fulldsp' <Latency = 7> <II = 1> <Delay = 1.90> <FuncUnit> <Opcode : 'dadd' 'dsub'> <InPorts = 2> <OutPorts = 1>

State 4 <SV = 3> <Delay = 1.90>
ST_4 : Operation 104 [7/8] (1.90ns)   --->   "%val_assign = dadd i64 %bitcast_ln180, i64 %tmp" [../source/hls.cpp:180]   --->   Operation 104 'dadd' 'val_assign' <Predicate = true> <Delay = 1.90> <CoreInst = "DAddSub_fulldsp">   --->   Core 37 'DAddSub_fulldsp' <Latency = 7> <II = 1> <Delay = 1.90> <FuncUnit> <Opcode : 'dadd' 'dsub'> <InPorts = 2> <OutPorts = 1>

State 5 <SV = 4> <Delay = 1.90>
ST_5 : Operation 105 [6/8] (1.90ns)   --->   "%val_assign = dadd i64 %bitcast_ln180, i64 %tmp" [../source/hls.cpp:180]   --->   Operation 105 'dadd' 'val_assign' <Predicate = true> <Delay = 1.90> <CoreInst = "DAddSub_fulldsp">   --->   Core 37 'DAddSub_fulldsp' <Latency = 7> <II = 1> <Delay = 1.90> <FuncUnit> <Opcode : 'dadd' 'dsub'> <InPorts = 2> <OutPorts = 1>

State 6 <SV = 5> <Delay = 1.90>
ST_6 : Operation 106 [5/8] (1.90ns)   --->   "%val_assign = dadd i64 %bitcast_ln180, i64 %tmp" [../source/hls.cpp:180]   --->   Operation 106 'dadd' 'val_assign' <Predicate = true> <Delay = 1.90> <CoreInst = "DAddSub_fulldsp">   --->   Core 37 'DAddSub_fulldsp' <Latency = 7> <II = 1> <Delay = 1.90> <FuncUnit> <Opcode : 'dadd' 'dsub'> <InPorts = 2> <OutPorts = 1>

State 7 <SV = 6> <Delay = 1.90>
ST_7 : Operation 107 [4/8] (1.90ns)   --->   "%val_assign = dadd i64 %bitcast_ln180, i64 %tmp" [../source/hls.cpp:180]   --->   Operation 107 'dadd' 'val_assign' <Predicate = true> <Delay = 1.90> <CoreInst = "DAddSub_fulldsp">   --->   Core 37 'DAddSub_fulldsp' <Latency = 7> <II = 1> <Delay = 1.90> <FuncUnit> <Opcode : 'dadd' 'dsub'> <InPorts = 2> <OutPorts = 1>

State 8 <SV = 7> <Delay = 1.90>
ST_8 : Operation 108 [3/8] (1.90ns)   --->   "%val_assign = dadd i64 %bitcast_ln180, i64 %tmp" [../source/hls.cpp:180]   --->   Operation 108 'dadd' 'val_assign' <Predicate = true> <Delay = 1.90> <CoreInst = "DAddSub_fulldsp">   --->   Core 37 'DAddSub_fulldsp' <Latency = 7> <II = 1> <Delay = 1.90> <FuncUnit> <Opcode : 'dadd' 'dsub'> <InPorts = 2> <OutPorts = 1>

State 9 <SV = 8> <Delay = 1.90>
ST_9 : Operation 109 [2/8] (1.90ns)   --->   "%val_assign = dadd i64 %bitcast_ln180, i64 %tmp" [../source/hls.cpp:180]   --->   Operation 109 'dadd' 'val_assign' <Predicate = true> <Delay = 1.90> <CoreInst = "DAddSub_fulldsp">   --->   Core 37 'DAddSub_fulldsp' <Latency = 7> <II = 1> <Delay = 1.90> <FuncUnit> <Opcode : 'dadd' 'dsub'> <InPorts = 2> <OutPorts = 1>

State 10 <SV = 9> <Delay = 1.90>
ST_10 : Operation 110 [1/8] (1.90ns)   --->   "%val_assign = dadd i64 %bitcast_ln180, i64 %tmp" [../source/hls.cpp:180]   --->   Operation 110 'dadd' 'val_assign' <Predicate = true> <Delay = 1.90> <CoreInst = "DAddSub_fulldsp">   --->   Core 37 'DAddSub_fulldsp' <Latency = 7> <II = 1> <Delay = 1.90> <FuncUnit> <Opcode : 'dadd' 'dsub'> <InPorts = 2> <OutPorts = 1>

State 11 <SV = 10> <Delay = 2.07>
ST_11 : Operation 111 [30/30] (1.95ns)   --->   "%ep = dexp i64 @llvm.exp.f64, i64 %val_assign" [../source/hls.cpp:10->../source/hls.cpp:180]   --->   Operation 111 'dexp' 'ep' <Predicate = true> <Delay = 1.95> <CoreInst = "DExp_fulldsp">   --->   Core 42 'DExp_fulldsp' <Latency = 29> <II = 1> <Delay = 1.95> <FuncUnit> <Opcode : 'dexp'> <InPorts = 1> <OutPorts = 1>
ST_11 : Operation 112 [1/1] (0.00ns)   --->   "%bitcast_ln11 = bitcast i64 %val_assign" [../source/hls.cpp:11->../source/hls.cpp:180]   --->   Operation 112 'bitcast' 'bitcast_ln11' <Predicate = true> <Delay = 0.00>
ST_11 : Operation 113 [1/1] (0.00ns)   --->   "%bit_sel = bitselect i1 @_ssdm_op_BitSelect.i1.i64.i64, i64 %bitcast_ln11, i64 63" [../source/hls.cpp:11->../source/hls.cpp:180]   --->   Operation 113 'bitselect' 'bit_sel' <Predicate = true> <Delay = 0.00>
ST_11 : Operation 114 [1/1] (0.12ns)   --->   "%xor_ln11 = xor i1 %bit_sel, i1 1" [../source/hls.cpp:11->../source/hls.cpp:180]   --->   Operation 114 'xor' 'xor_ln11' <Predicate = true> <Delay = 0.12> <CoreInst = "LogicGate">   --->   Core 74 'LogicGate' <Latency = 0> <II = 1> <Delay = 0.12> <FuncUnit> <Opcode : 'and' 'or' 'xor'> <InPorts = 2> <OutPorts = 1>
ST_11 : Operation 115 [1/1] (0.00ns)   --->   "%trunc_ln11 = trunc i64 %bitcast_ln11" [../source/hls.cpp:11->../source/hls.cpp:180]   --->   Operation 115 'trunc' 'trunc_ln11' <Predicate = true> <Delay = 0.00>
ST_11 : Operation 116 [1/1] (0.00ns)   --->   "%xor_ln = bitconcatenate i64 @_ssdm_op_BitConcatenate.i64.i1.i63, i1 %xor_ln11, i63 %trunc_ln11" [../source/hls.cpp:11->../source/hls.cpp:180]   --->   Operation 116 'bitconcatenate' 'xor_ln' <Predicate = true> <Delay = 0.00>
ST_11 : Operation 117 [1/1] (0.00ns)   --->   "%bitcast_ln11_1 = bitcast i64 %xor_ln" [../source/hls.cpp:11->../source/hls.cpp:180]   --->   Operation 117 'bitcast' 'bitcast_ln11_1' <Predicate = true> <Delay = 0.00>
ST_11 : Operation 118 [30/30] (1.95ns)   --->   "%em = dexp i64 @llvm.exp.f64, i64 %bitcast_ln11_1" [../source/hls.cpp:11->../source/hls.cpp:180]   --->   Operation 118 'dexp' 'em' <Predicate = true> <Delay = 1.95> <CoreInst = "DExp_fulldsp">   --->   Core 42 'DExp_fulldsp' <Latency = 29> <II = 1> <Delay = 1.95> <FuncUnit> <Opcode : 'dexp'> <InPorts = 1> <OutPorts = 1>

State 12 <SV = 11> <Delay = 1.95>
ST_12 : Operation 119 [29/30] (1.95ns)   --->   "%ep = dexp i64 @llvm.exp.f64, i64 %val_assign" [../source/hls.cpp:10->../source/hls.cpp:180]   --->   Operation 119 'dexp' 'ep' <Predicate = true> <Delay = 1.95> <CoreInst = "DExp_fulldsp">   --->   Core 42 'DExp_fulldsp' <Latency = 29> <II = 1> <Delay = 1.95> <FuncUnit> <Opcode : 'dexp'> <InPorts = 1> <OutPorts = 1>
ST_12 : Operation 120 [29/30] (1.95ns)   --->   "%em = dexp i64 @llvm.exp.f64, i64 %bitcast_ln11_1" [../source/hls.cpp:11->../source/hls.cpp:180]   --->   Operation 120 'dexp' 'em' <Predicate = true> <Delay = 1.95> <CoreInst = "DExp_fulldsp">   --->   Core 42 'DExp_fulldsp' <Latency = 29> <II = 1> <Delay = 1.95> <FuncUnit> <Opcode : 'dexp'> <InPorts = 1> <OutPorts = 1>

State 13 <SV = 12> <Delay = 1.95>
ST_13 : Operation 121 [28/30] (1.95ns)   --->   "%ep = dexp i64 @llvm.exp.f64, i64 %val_assign" [../source/hls.cpp:10->../source/hls.cpp:180]   --->   Operation 121 'dexp' 'ep' <Predicate = true> <Delay = 1.95> <CoreInst = "DExp_fulldsp">   --->   Core 42 'DExp_fulldsp' <Latency = 29> <II = 1> <Delay = 1.95> <FuncUnit> <Opcode : 'dexp'> <InPorts = 1> <OutPorts = 1>
ST_13 : Operation 122 [28/30] (1.95ns)   --->   "%em = dexp i64 @llvm.exp.f64, i64 %bitcast_ln11_1" [../source/hls.cpp:11->../source/hls.cpp:180]   --->   Operation 122 'dexp' 'em' <Predicate = true> <Delay = 1.95> <CoreInst = "DExp_fulldsp">   --->   Core 42 'DExp_fulldsp' <Latency = 29> <II = 1> <Delay = 1.95> <FuncUnit> <Opcode : 'dexp'> <InPorts = 1> <OutPorts = 1>

State 14 <SV = 13> <Delay = 1.95>
ST_14 : Operation 123 [27/30] (1.95ns)   --->   "%ep = dexp i64 @llvm.exp.f64, i64 %val_assign" [../source/hls.cpp:10->../source/hls.cpp:180]   --->   Operation 123 'dexp' 'ep' <Predicate = true> <Delay = 1.95> <CoreInst = "DExp_fulldsp">   --->   Core 42 'DExp_fulldsp' <Latency = 29> <II = 1> <Delay = 1.95> <FuncUnit> <Opcode : 'dexp'> <InPorts = 1> <OutPorts = 1>
ST_14 : Operation 124 [27/30] (1.95ns)   --->   "%em = dexp i64 @llvm.exp.f64, i64 %bitcast_ln11_1" [../source/hls.cpp:11->../source/hls.cpp:180]   --->   Operation 124 'dexp' 'em' <Predicate = true> <Delay = 1.95> <CoreInst = "DExp_fulldsp">   --->   Core 42 'DExp_fulldsp' <Latency = 29> <II = 1> <Delay = 1.95> <FuncUnit> <Opcode : 'dexp'> <InPorts = 1> <OutPorts = 1>

State 15 <SV = 14> <Delay = 1.95>
ST_15 : Operation 125 [26/30] (1.95ns)   --->   "%ep = dexp i64 @llvm.exp.f64, i64 %val_assign" [../source/hls.cpp:10->../source/hls.cpp:180]   --->   Operation 125 'dexp' 'ep' <Predicate = true> <Delay = 1.95> <CoreInst = "DExp_fulldsp">   --->   Core 42 'DExp_fulldsp' <Latency = 29> <II = 1> <Delay = 1.95> <FuncUnit> <Opcode : 'dexp'> <InPorts = 1> <OutPorts = 1>
ST_15 : Operation 126 [26/30] (1.95ns)   --->   "%em = dexp i64 @llvm.exp.f64, i64 %bitcast_ln11_1" [../source/hls.cpp:11->../source/hls.cpp:180]   --->   Operation 126 'dexp' 'em' <Predicate = true> <Delay = 1.95> <CoreInst = "DExp_fulldsp">   --->   Core 42 'DExp_fulldsp' <Latency = 29> <II = 1> <Delay = 1.95> <FuncUnit> <Opcode : 'dexp'> <InPorts = 1> <OutPorts = 1>

State 16 <SV = 15> <Delay = 1.95>
ST_16 : Operation 127 [25/30] (1.95ns)   --->   "%ep = dexp i64 @llvm.exp.f64, i64 %val_assign" [../source/hls.cpp:10->../source/hls.cpp:180]   --->   Operation 127 'dexp' 'ep' <Predicate = true> <Delay = 1.95> <CoreInst = "DExp_fulldsp">   --->   Core 42 'DExp_fulldsp' <Latency = 29> <II = 1> <Delay = 1.95> <FuncUnit> <Opcode : 'dexp'> <InPorts = 1> <OutPorts = 1>
ST_16 : Operation 128 [25/30] (1.95ns)   --->   "%em = dexp i64 @llvm.exp.f64, i64 %bitcast_ln11_1" [../source/hls.cpp:11->../source/hls.cpp:180]   --->   Operation 128 'dexp' 'em' <Predicate = true> <Delay = 1.95> <CoreInst = "DExp_fulldsp">   --->   Core 42 'DExp_fulldsp' <Latency = 29> <II = 1> <Delay = 1.95> <FuncUnit> <Opcode : 'dexp'> <InPorts = 1> <OutPorts = 1>

State 17 <SV = 16> <Delay = 1.95>
ST_17 : Operation 129 [24/30] (1.95ns)   --->   "%ep = dexp i64 @llvm.exp.f64, i64 %val_assign" [../source/hls.cpp:10->../source/hls.cpp:180]   --->   Operation 129 'dexp' 'ep' <Predicate = true> <Delay = 1.95> <CoreInst = "DExp_fulldsp">   --->   Core 42 'DExp_fulldsp' <Latency = 29> <II = 1> <Delay = 1.95> <FuncUnit> <Opcode : 'dexp'> <InPorts = 1> <OutPorts = 1>
ST_17 : Operation 130 [24/30] (1.95ns)   --->   "%em = dexp i64 @llvm.exp.f64, i64 %bitcast_ln11_1" [../source/hls.cpp:11->../source/hls.cpp:180]   --->   Operation 130 'dexp' 'em' <Predicate = true> <Delay = 1.95> <CoreInst = "DExp_fulldsp">   --->   Core 42 'DExp_fulldsp' <Latency = 29> <II = 1> <Delay = 1.95> <FuncUnit> <Opcode : 'dexp'> <InPorts = 1> <OutPorts = 1>

State 18 <SV = 17> <Delay = 1.95>
ST_18 : Operation 131 [23/30] (1.95ns)   --->   "%ep = dexp i64 @llvm.exp.f64, i64 %val_assign" [../source/hls.cpp:10->../source/hls.cpp:180]   --->   Operation 131 'dexp' 'ep' <Predicate = true> <Delay = 1.95> <CoreInst = "DExp_fulldsp">   --->   Core 42 'DExp_fulldsp' <Latency = 29> <II = 1> <Delay = 1.95> <FuncUnit> <Opcode : 'dexp'> <InPorts = 1> <OutPorts = 1>
ST_18 : Operation 132 [23/30] (1.95ns)   --->   "%em = dexp i64 @llvm.exp.f64, i64 %bitcast_ln11_1" [../source/hls.cpp:11->../source/hls.cpp:180]   --->   Operation 132 'dexp' 'em' <Predicate = true> <Delay = 1.95> <CoreInst = "DExp_fulldsp">   --->   Core 42 'DExp_fulldsp' <Latency = 29> <II = 1> <Delay = 1.95> <FuncUnit> <Opcode : 'dexp'> <InPorts = 1> <OutPorts = 1>

State 19 <SV = 18> <Delay = 1.95>
ST_19 : Operation 133 [22/30] (1.95ns)   --->   "%ep = dexp i64 @llvm.exp.f64, i64 %val_assign" [../source/hls.cpp:10->../source/hls.cpp:180]   --->   Operation 133 'dexp' 'ep' <Predicate = true> <Delay = 1.95> <CoreInst = "DExp_fulldsp">   --->   Core 42 'DExp_fulldsp' <Latency = 29> <II = 1> <Delay = 1.95> <FuncUnit> <Opcode : 'dexp'> <InPorts = 1> <OutPorts = 1>
ST_19 : Operation 134 [22/30] (1.95ns)   --->   "%em = dexp i64 @llvm.exp.f64, i64 %bitcast_ln11_1" [../source/hls.cpp:11->../source/hls.cpp:180]   --->   Operation 134 'dexp' 'em' <Predicate = true> <Delay = 1.95> <CoreInst = "DExp_fulldsp">   --->   Core 42 'DExp_fulldsp' <Latency = 29> <II = 1> <Delay = 1.95> <FuncUnit> <Opcode : 'dexp'> <InPorts = 1> <OutPorts = 1>

State 20 <SV = 19> <Delay = 1.95>
ST_20 : Operation 135 [21/30] (1.95ns)   --->   "%ep = dexp i64 @llvm.exp.f64, i64 %val_assign" [../source/hls.cpp:10->../source/hls.cpp:180]   --->   Operation 135 'dexp' 'ep' <Predicate = true> <Delay = 1.95> <CoreInst = "DExp_fulldsp">   --->   Core 42 'DExp_fulldsp' <Latency = 29> <II = 1> <Delay = 1.95> <FuncUnit> <Opcode : 'dexp'> <InPorts = 1> <OutPorts = 1>
ST_20 : Operation 136 [21/30] (1.95ns)   --->   "%em = dexp i64 @llvm.exp.f64, i64 %bitcast_ln11_1" [../source/hls.cpp:11->../source/hls.cpp:180]   --->   Operation 136 'dexp' 'em' <Predicate = true> <Delay = 1.95> <CoreInst = "DExp_fulldsp">   --->   Core 42 'DExp_fulldsp' <Latency = 29> <II = 1> <Delay = 1.95> <FuncUnit> <Opcode : 'dexp'> <InPorts = 1> <OutPorts = 1>

State 21 <SV = 20> <Delay = 1.95>
ST_21 : Operation 137 [20/30] (1.95ns)   --->   "%ep = dexp i64 @llvm.exp.f64, i64 %val_assign" [../source/hls.cpp:10->../source/hls.cpp:180]   --->   Operation 137 'dexp' 'ep' <Predicate = true> <Delay = 1.95> <CoreInst = "DExp_fulldsp">   --->   Core 42 'DExp_fulldsp' <Latency = 29> <II = 1> <Delay = 1.95> <FuncUnit> <Opcode : 'dexp'> <InPorts = 1> <OutPorts = 1>
ST_21 : Operation 138 [20/30] (1.95ns)   --->   "%em = dexp i64 @llvm.exp.f64, i64 %bitcast_ln11_1" [../source/hls.cpp:11->../source/hls.cpp:180]   --->   Operation 138 'dexp' 'em' <Predicate = true> <Delay = 1.95> <CoreInst = "DExp_fulldsp">   --->   Core 42 'DExp_fulldsp' <Latency = 29> <II = 1> <Delay = 1.95> <FuncUnit> <Opcode : 'dexp'> <InPorts = 1> <OutPorts = 1>

State 22 <SV = 21> <Delay = 1.95>
ST_22 : Operation 139 [19/30] (1.95ns)   --->   "%ep = dexp i64 @llvm.exp.f64, i64 %val_assign" [../source/hls.cpp:10->../source/hls.cpp:180]   --->   Operation 139 'dexp' 'ep' <Predicate = true> <Delay = 1.95> <CoreInst = "DExp_fulldsp">   --->   Core 42 'DExp_fulldsp' <Latency = 29> <II = 1> <Delay = 1.95> <FuncUnit> <Opcode : 'dexp'> <InPorts = 1> <OutPorts = 1>
ST_22 : Operation 140 [19/30] (1.95ns)   --->   "%em = dexp i64 @llvm.exp.f64, i64 %bitcast_ln11_1" [../source/hls.cpp:11->../source/hls.cpp:180]   --->   Operation 140 'dexp' 'em' <Predicate = true> <Delay = 1.95> <CoreInst = "DExp_fulldsp">   --->   Core 42 'DExp_fulldsp' <Latency = 29> <II = 1> <Delay = 1.95> <FuncUnit> <Opcode : 'dexp'> <InPorts = 1> <OutPorts = 1>

State 23 <SV = 22> <Delay = 1.95>
ST_23 : Operation 141 [18/30] (1.95ns)   --->   "%ep = dexp i64 @llvm.exp.f64, i64 %val_assign" [../source/hls.cpp:10->../source/hls.cpp:180]   --->   Operation 141 'dexp' 'ep' <Predicate = true> <Delay = 1.95> <CoreInst = "DExp_fulldsp">   --->   Core 42 'DExp_fulldsp' <Latency = 29> <II = 1> <Delay = 1.95> <FuncUnit> <Opcode : 'dexp'> <InPorts = 1> <OutPorts = 1>
ST_23 : Operation 142 [18/30] (1.95ns)   --->   "%em = dexp i64 @llvm.exp.f64, i64 %bitcast_ln11_1" [../source/hls.cpp:11->../source/hls.cpp:180]   --->   Operation 142 'dexp' 'em' <Predicate = true> <Delay = 1.95> <CoreInst = "DExp_fulldsp">   --->   Core 42 'DExp_fulldsp' <Latency = 29> <II = 1> <Delay = 1.95> <FuncUnit> <Opcode : 'dexp'> <InPorts = 1> <OutPorts = 1>

State 24 <SV = 23> <Delay = 1.95>
ST_24 : Operation 143 [17/30] (1.95ns)   --->   "%ep = dexp i64 @llvm.exp.f64, i64 %val_assign" [../source/hls.cpp:10->../source/hls.cpp:180]   --->   Operation 143 'dexp' 'ep' <Predicate = true> <Delay = 1.95> <CoreInst = "DExp_fulldsp">   --->   Core 42 'DExp_fulldsp' <Latency = 29> <II = 1> <Delay = 1.95> <FuncUnit> <Opcode : 'dexp'> <InPorts = 1> <OutPorts = 1>
ST_24 : Operation 144 [17/30] (1.95ns)   --->   "%em = dexp i64 @llvm.exp.f64, i64 %bitcast_ln11_1" [../source/hls.cpp:11->../source/hls.cpp:180]   --->   Operation 144 'dexp' 'em' <Predicate = true> <Delay = 1.95> <CoreInst = "DExp_fulldsp">   --->   Core 42 'DExp_fulldsp' <Latency = 29> <II = 1> <Delay = 1.95> <FuncUnit> <Opcode : 'dexp'> <InPorts = 1> <OutPorts = 1>

State 25 <SV = 24> <Delay = 1.95>
ST_25 : Operation 145 [16/30] (1.95ns)   --->   "%ep = dexp i64 @llvm.exp.f64, i64 %val_assign" [../source/hls.cpp:10->../source/hls.cpp:180]   --->   Operation 145 'dexp' 'ep' <Predicate = true> <Delay = 1.95> <CoreInst = "DExp_fulldsp">   --->   Core 42 'DExp_fulldsp' <Latency = 29> <II = 1> <Delay = 1.95> <FuncUnit> <Opcode : 'dexp'> <InPorts = 1> <OutPorts = 1>
ST_25 : Operation 146 [16/30] (1.95ns)   --->   "%em = dexp i64 @llvm.exp.f64, i64 %bitcast_ln11_1" [../source/hls.cpp:11->../source/hls.cpp:180]   --->   Operation 146 'dexp' 'em' <Predicate = true> <Delay = 1.95> <CoreInst = "DExp_fulldsp">   --->   Core 42 'DExp_fulldsp' <Latency = 29> <II = 1> <Delay = 1.95> <FuncUnit> <Opcode : 'dexp'> <InPorts = 1> <OutPorts = 1>

State 26 <SV = 25> <Delay = 1.95>
ST_26 : Operation 147 [15/30] (1.95ns)   --->   "%ep = dexp i64 @llvm.exp.f64, i64 %val_assign" [../source/hls.cpp:10->../source/hls.cpp:180]   --->   Operation 147 'dexp' 'ep' <Predicate = true> <Delay = 1.95> <CoreInst = "DExp_fulldsp">   --->   Core 42 'DExp_fulldsp' <Latency = 29> <II = 1> <Delay = 1.95> <FuncUnit> <Opcode : 'dexp'> <InPorts = 1> <OutPorts = 1>
ST_26 : Operation 148 [15/30] (1.95ns)   --->   "%em = dexp i64 @llvm.exp.f64, i64 %bitcast_ln11_1" [../source/hls.cpp:11->../source/hls.cpp:180]   --->   Operation 148 'dexp' 'em' <Predicate = true> <Delay = 1.95> <CoreInst = "DExp_fulldsp">   --->   Core 42 'DExp_fulldsp' <Latency = 29> <II = 1> <Delay = 1.95> <FuncUnit> <Opcode : 'dexp'> <InPorts = 1> <OutPorts = 1>

State 27 <SV = 26> <Delay = 1.95>
ST_27 : Operation 149 [14/30] (1.95ns)   --->   "%ep = dexp i64 @llvm.exp.f64, i64 %val_assign" [../source/hls.cpp:10->../source/hls.cpp:180]   --->   Operation 149 'dexp' 'ep' <Predicate = true> <Delay = 1.95> <CoreInst = "DExp_fulldsp">   --->   Core 42 'DExp_fulldsp' <Latency = 29> <II = 1> <Delay = 1.95> <FuncUnit> <Opcode : 'dexp'> <InPorts = 1> <OutPorts = 1>
ST_27 : Operation 150 [14/30] (1.95ns)   --->   "%em = dexp i64 @llvm.exp.f64, i64 %bitcast_ln11_1" [../source/hls.cpp:11->../source/hls.cpp:180]   --->   Operation 150 'dexp' 'em' <Predicate = true> <Delay = 1.95> <CoreInst = "DExp_fulldsp">   --->   Core 42 'DExp_fulldsp' <Latency = 29> <II = 1> <Delay = 1.95> <FuncUnit> <Opcode : 'dexp'> <InPorts = 1> <OutPorts = 1>

State 28 <SV = 27> <Delay = 1.95>
ST_28 : Operation 151 [13/30] (1.95ns)   --->   "%ep = dexp i64 @llvm.exp.f64, i64 %val_assign" [../source/hls.cpp:10->../source/hls.cpp:180]   --->   Operation 151 'dexp' 'ep' <Predicate = true> <Delay = 1.95> <CoreInst = "DExp_fulldsp">   --->   Core 42 'DExp_fulldsp' <Latency = 29> <II = 1> <Delay = 1.95> <FuncUnit> <Opcode : 'dexp'> <InPorts = 1> <OutPorts = 1>
ST_28 : Operation 152 [13/30] (1.95ns)   --->   "%em = dexp i64 @llvm.exp.f64, i64 %bitcast_ln11_1" [../source/hls.cpp:11->../source/hls.cpp:180]   --->   Operation 152 'dexp' 'em' <Predicate = true> <Delay = 1.95> <CoreInst = "DExp_fulldsp">   --->   Core 42 'DExp_fulldsp' <Latency = 29> <II = 1> <Delay = 1.95> <FuncUnit> <Opcode : 'dexp'> <InPorts = 1> <OutPorts = 1>

State 29 <SV = 28> <Delay = 1.95>
ST_29 : Operation 153 [12/30] (1.95ns)   --->   "%ep = dexp i64 @llvm.exp.f64, i64 %val_assign" [../source/hls.cpp:10->../source/hls.cpp:180]   --->   Operation 153 'dexp' 'ep' <Predicate = true> <Delay = 1.95> <CoreInst = "DExp_fulldsp">   --->   Core 42 'DExp_fulldsp' <Latency = 29> <II = 1> <Delay = 1.95> <FuncUnit> <Opcode : 'dexp'> <InPorts = 1> <OutPorts = 1>
ST_29 : Operation 154 [12/30] (1.95ns)   --->   "%em = dexp i64 @llvm.exp.f64, i64 %bitcast_ln11_1" [../source/hls.cpp:11->../source/hls.cpp:180]   --->   Operation 154 'dexp' 'em' <Predicate = true> <Delay = 1.95> <CoreInst = "DExp_fulldsp">   --->   Core 42 'DExp_fulldsp' <Latency = 29> <II = 1> <Delay = 1.95> <FuncUnit> <Opcode : 'dexp'> <InPorts = 1> <OutPorts = 1>

State 30 <SV = 29> <Delay = 1.95>
ST_30 : Operation 155 [11/30] (1.95ns)   --->   "%ep = dexp i64 @llvm.exp.f64, i64 %val_assign" [../source/hls.cpp:10->../source/hls.cpp:180]   --->   Operation 155 'dexp' 'ep' <Predicate = true> <Delay = 1.95> <CoreInst = "DExp_fulldsp">   --->   Core 42 'DExp_fulldsp' <Latency = 29> <II = 1> <Delay = 1.95> <FuncUnit> <Opcode : 'dexp'> <InPorts = 1> <OutPorts = 1>
ST_30 : Operation 156 [11/30] (1.95ns)   --->   "%em = dexp i64 @llvm.exp.f64, i64 %bitcast_ln11_1" [../source/hls.cpp:11->../source/hls.cpp:180]   --->   Operation 156 'dexp' 'em' <Predicate = true> <Delay = 1.95> <CoreInst = "DExp_fulldsp">   --->   Core 42 'DExp_fulldsp' <Latency = 29> <II = 1> <Delay = 1.95> <FuncUnit> <Opcode : 'dexp'> <InPorts = 1> <OutPorts = 1>

State 31 <SV = 30> <Delay = 1.95>
ST_31 : Operation 157 [10/30] (1.95ns)   --->   "%ep = dexp i64 @llvm.exp.f64, i64 %val_assign" [../source/hls.cpp:10->../source/hls.cpp:180]   --->   Operation 157 'dexp' 'ep' <Predicate = true> <Delay = 1.95> <CoreInst = "DExp_fulldsp">   --->   Core 42 'DExp_fulldsp' <Latency = 29> <II = 1> <Delay = 1.95> <FuncUnit> <Opcode : 'dexp'> <InPorts = 1> <OutPorts = 1>
ST_31 : Operation 158 [10/30] (1.95ns)   --->   "%em = dexp i64 @llvm.exp.f64, i64 %bitcast_ln11_1" [../source/hls.cpp:11->../source/hls.cpp:180]   --->   Operation 158 'dexp' 'em' <Predicate = true> <Delay = 1.95> <CoreInst = "DExp_fulldsp">   --->   Core 42 'DExp_fulldsp' <Latency = 29> <II = 1> <Delay = 1.95> <FuncUnit> <Opcode : 'dexp'> <InPorts = 1> <OutPorts = 1>

State 32 <SV = 31> <Delay = 1.95>
ST_32 : Operation 159 [9/30] (1.95ns)   --->   "%ep = dexp i64 @llvm.exp.f64, i64 %val_assign" [../source/hls.cpp:10->../source/hls.cpp:180]   --->   Operation 159 'dexp' 'ep' <Predicate = true> <Delay = 1.95> <CoreInst = "DExp_fulldsp">   --->   Core 42 'DExp_fulldsp' <Latency = 29> <II = 1> <Delay = 1.95> <FuncUnit> <Opcode : 'dexp'> <InPorts = 1> <OutPorts = 1>
ST_32 : Operation 160 [9/30] (1.95ns)   --->   "%em = dexp i64 @llvm.exp.f64, i64 %bitcast_ln11_1" [../source/hls.cpp:11->../source/hls.cpp:180]   --->   Operation 160 'dexp' 'em' <Predicate = true> <Delay = 1.95> <CoreInst = "DExp_fulldsp">   --->   Core 42 'DExp_fulldsp' <Latency = 29> <II = 1> <Delay = 1.95> <FuncUnit> <Opcode : 'dexp'> <InPorts = 1> <OutPorts = 1>

State 33 <SV = 32> <Delay = 1.95>
ST_33 : Operation 161 [8/30] (1.95ns)   --->   "%ep = dexp i64 @llvm.exp.f64, i64 %val_assign" [../source/hls.cpp:10->../source/hls.cpp:180]   --->   Operation 161 'dexp' 'ep' <Predicate = true> <Delay = 1.95> <CoreInst = "DExp_fulldsp">   --->   Core 42 'DExp_fulldsp' <Latency = 29> <II = 1> <Delay = 1.95> <FuncUnit> <Opcode : 'dexp'> <InPorts = 1> <OutPorts = 1>
ST_33 : Operation 162 [8/30] (1.95ns)   --->   "%em = dexp i64 @llvm.exp.f64, i64 %bitcast_ln11_1" [../source/hls.cpp:11->../source/hls.cpp:180]   --->   Operation 162 'dexp' 'em' <Predicate = true> <Delay = 1.95> <CoreInst = "DExp_fulldsp">   --->   Core 42 'DExp_fulldsp' <Latency = 29> <II = 1> <Delay = 1.95> <FuncUnit> <Opcode : 'dexp'> <InPorts = 1> <OutPorts = 1>

State 34 <SV = 33> <Delay = 1.95>
ST_34 : Operation 163 [7/30] (1.95ns)   --->   "%ep = dexp i64 @llvm.exp.f64, i64 %val_assign" [../source/hls.cpp:10->../source/hls.cpp:180]   --->   Operation 163 'dexp' 'ep' <Predicate = true> <Delay = 1.95> <CoreInst = "DExp_fulldsp">   --->   Core 42 'DExp_fulldsp' <Latency = 29> <II = 1> <Delay = 1.95> <FuncUnit> <Opcode : 'dexp'> <InPorts = 1> <OutPorts = 1>
ST_34 : Operation 164 [7/30] (1.95ns)   --->   "%em = dexp i64 @llvm.exp.f64, i64 %bitcast_ln11_1" [../source/hls.cpp:11->../source/hls.cpp:180]   --->   Operation 164 'dexp' 'em' <Predicate = true> <Delay = 1.95> <CoreInst = "DExp_fulldsp">   --->   Core 42 'DExp_fulldsp' <Latency = 29> <II = 1> <Delay = 1.95> <FuncUnit> <Opcode : 'dexp'> <InPorts = 1> <OutPorts = 1>

State 35 <SV = 34> <Delay = 1.95>
ST_35 : Operation 165 [6/30] (1.95ns)   --->   "%ep = dexp i64 @llvm.exp.f64, i64 %val_assign" [../source/hls.cpp:10->../source/hls.cpp:180]   --->   Operation 165 'dexp' 'ep' <Predicate = true> <Delay = 1.95> <CoreInst = "DExp_fulldsp">   --->   Core 42 'DExp_fulldsp' <Latency = 29> <II = 1> <Delay = 1.95> <FuncUnit> <Opcode : 'dexp'> <InPorts = 1> <OutPorts = 1>
ST_35 : Operation 166 [6/30] (1.95ns)   --->   "%em = dexp i64 @llvm.exp.f64, i64 %bitcast_ln11_1" [../source/hls.cpp:11->../source/hls.cpp:180]   --->   Operation 166 'dexp' 'em' <Predicate = true> <Delay = 1.95> <CoreInst = "DExp_fulldsp">   --->   Core 42 'DExp_fulldsp' <Latency = 29> <II = 1> <Delay = 1.95> <FuncUnit> <Opcode : 'dexp'> <InPorts = 1> <OutPorts = 1>

State 36 <SV = 35> <Delay = 1.95>
ST_36 : Operation 167 [5/30] (1.95ns)   --->   "%ep = dexp i64 @llvm.exp.f64, i64 %val_assign" [../source/hls.cpp:10->../source/hls.cpp:180]   --->   Operation 167 'dexp' 'ep' <Predicate = true> <Delay = 1.95> <CoreInst = "DExp_fulldsp">   --->   Core 42 'DExp_fulldsp' <Latency = 29> <II = 1> <Delay = 1.95> <FuncUnit> <Opcode : 'dexp'> <InPorts = 1> <OutPorts = 1>
ST_36 : Operation 168 [5/30] (1.95ns)   --->   "%em = dexp i64 @llvm.exp.f64, i64 %bitcast_ln11_1" [../source/hls.cpp:11->../source/hls.cpp:180]   --->   Operation 168 'dexp' 'em' <Predicate = true> <Delay = 1.95> <CoreInst = "DExp_fulldsp">   --->   Core 42 'DExp_fulldsp' <Latency = 29> <II = 1> <Delay = 1.95> <FuncUnit> <Opcode : 'dexp'> <InPorts = 1> <OutPorts = 1>

State 37 <SV = 36> <Delay = 1.95>
ST_37 : Operation 169 [4/30] (1.95ns)   --->   "%ep = dexp i64 @llvm.exp.f64, i64 %val_assign" [../source/hls.cpp:10->../source/hls.cpp:180]   --->   Operation 169 'dexp' 'ep' <Predicate = true> <Delay = 1.95> <CoreInst = "DExp_fulldsp">   --->   Core 42 'DExp_fulldsp' <Latency = 29> <II = 1> <Delay = 1.95> <FuncUnit> <Opcode : 'dexp'> <InPorts = 1> <OutPorts = 1>
ST_37 : Operation 170 [4/30] (1.95ns)   --->   "%em = dexp i64 @llvm.exp.f64, i64 %bitcast_ln11_1" [../source/hls.cpp:11->../source/hls.cpp:180]   --->   Operation 170 'dexp' 'em' <Predicate = true> <Delay = 1.95> <CoreInst = "DExp_fulldsp">   --->   Core 42 'DExp_fulldsp' <Latency = 29> <II = 1> <Delay = 1.95> <FuncUnit> <Opcode : 'dexp'> <InPorts = 1> <OutPorts = 1>

State 38 <SV = 37> <Delay = 1.95>
ST_38 : Operation 171 [3/30] (1.95ns)   --->   "%ep = dexp i64 @llvm.exp.f64, i64 %val_assign" [../source/hls.cpp:10->../source/hls.cpp:180]   --->   Operation 171 'dexp' 'ep' <Predicate = true> <Delay = 1.95> <CoreInst = "DExp_fulldsp">   --->   Core 42 'DExp_fulldsp' <Latency = 29> <II = 1> <Delay = 1.95> <FuncUnit> <Opcode : 'dexp'> <InPorts = 1> <OutPorts = 1>
ST_38 : Operation 172 [3/30] (1.95ns)   --->   "%em = dexp i64 @llvm.exp.f64, i64 %bitcast_ln11_1" [../source/hls.cpp:11->../source/hls.cpp:180]   --->   Operation 172 'dexp' 'em' <Predicate = true> <Delay = 1.95> <CoreInst = "DExp_fulldsp">   --->   Core 42 'DExp_fulldsp' <Latency = 29> <II = 1> <Delay = 1.95> <FuncUnit> <Opcode : 'dexp'> <InPorts = 1> <OutPorts = 1>

State 39 <SV = 38> <Delay = 1.95>
ST_39 : Operation 173 [2/30] (1.95ns)   --->   "%ep = dexp i64 @llvm.exp.f64, i64 %val_assign" [../source/hls.cpp:10->../source/hls.cpp:180]   --->   Operation 173 'dexp' 'ep' <Predicate = true> <Delay = 1.95> <CoreInst = "DExp_fulldsp">   --->   Core 42 'DExp_fulldsp' <Latency = 29> <II = 1> <Delay = 1.95> <FuncUnit> <Opcode : 'dexp'> <InPorts = 1> <OutPorts = 1>
ST_39 : Operation 174 [2/30] (1.95ns)   --->   "%em = dexp i64 @llvm.exp.f64, i64 %bitcast_ln11_1" [../source/hls.cpp:11->../source/hls.cpp:180]   --->   Operation 174 'dexp' 'em' <Predicate = true> <Delay = 1.95> <CoreInst = "DExp_fulldsp">   --->   Core 42 'DExp_fulldsp' <Latency = 29> <II = 1> <Delay = 1.95> <FuncUnit> <Opcode : 'dexp'> <InPorts = 1> <OutPorts = 1>

State 40 <SV = 39> <Delay = 1.95>
ST_40 : Operation 175 [1/30] (1.95ns)   --->   "%ep = dexp i64 @llvm.exp.f64, i64 %val_assign" [../source/hls.cpp:10->../source/hls.cpp:180]   --->   Operation 175 'dexp' 'ep' <Predicate = true> <Delay = 1.95> <CoreInst = "DExp_fulldsp">   --->   Core 42 'DExp_fulldsp' <Latency = 29> <II = 1> <Delay = 1.95> <FuncUnit> <Opcode : 'dexp'> <InPorts = 1> <OutPorts = 1>
ST_40 : Operation 176 [1/30] (1.95ns)   --->   "%em = dexp i64 @llvm.exp.f64, i64 %bitcast_ln11_1" [../source/hls.cpp:11->../source/hls.cpp:180]   --->   Operation 176 'dexp' 'em' <Predicate = true> <Delay = 1.95> <CoreInst = "DExp_fulldsp">   --->   Core 42 'DExp_fulldsp' <Latency = 29> <II = 1> <Delay = 1.95> <FuncUnit> <Opcode : 'dexp'> <InPorts = 1> <OutPorts = 1>

State 41 <SV = 40> <Delay = 1.90>
ST_41 : Operation 177 [8/8] (1.90ns)   --->   "%sub1_i = dsub i64 %ep, i64 %em" [../source/hls.cpp:12->../source/hls.cpp:180]   --->   Operation 177 'dsub' 'sub1_i' <Predicate = true> <Delay = 1.90> <CoreInst = "DAddSub_fulldsp">   --->   Core 37 'DAddSub_fulldsp' <Latency = 7> <II = 1> <Delay = 1.90> <FuncUnit> <Opcode : 'dadd' 'dsub'> <InPorts = 2> <OutPorts = 1>
ST_41 : Operation 178 [8/8] (1.90ns)   --->   "%add_i = dadd i64 %ep, i64 %em" [../source/hls.cpp:12->../source/hls.cpp:180]   --->   Operation 178 'dadd' 'add_i' <Predicate = true> <Delay = 1.90> <CoreInst = "DAddSub_fulldsp">   --->   Core 37 'DAddSub_fulldsp' <Latency = 7> <II = 1> <Delay = 1.90> <FuncUnit> <Opcode : 'dadd' 'dsub'> <InPorts = 2> <OutPorts = 1>

State 42 <SV = 41> <Delay = 1.90>
ST_42 : Operation 179 [7/8] (1.90ns)   --->   "%sub1_i = dsub i64 %ep, i64 %em" [../source/hls.cpp:12->../source/hls.cpp:180]   --->   Operation 179 'dsub' 'sub1_i' <Predicate = true> <Delay = 1.90> <CoreInst = "DAddSub_fulldsp">   --->   Core 37 'DAddSub_fulldsp' <Latency = 7> <II = 1> <Delay = 1.90> <FuncUnit> <Opcode : 'dadd' 'dsub'> <InPorts = 2> <OutPorts = 1>
ST_42 : Operation 180 [7/8] (1.90ns)   --->   "%add_i = dadd i64 %ep, i64 %em" [../source/hls.cpp:12->../source/hls.cpp:180]   --->   Operation 180 'dadd' 'add_i' <Predicate = true> <Delay = 1.90> <CoreInst = "DAddSub_fulldsp">   --->   Core 37 'DAddSub_fulldsp' <Latency = 7> <II = 1> <Delay = 1.90> <FuncUnit> <Opcode : 'dadd' 'dsub'> <InPorts = 2> <OutPorts = 1>

State 43 <SV = 42> <Delay = 1.90>
ST_43 : Operation 181 [6/8] (1.90ns)   --->   "%sub1_i = dsub i64 %ep, i64 %em" [../source/hls.cpp:12->../source/hls.cpp:180]   --->   Operation 181 'dsub' 'sub1_i' <Predicate = true> <Delay = 1.90> <CoreInst = "DAddSub_fulldsp">   --->   Core 37 'DAddSub_fulldsp' <Latency = 7> <II = 1> <Delay = 1.90> <FuncUnit> <Opcode : 'dadd' 'dsub'> <InPorts = 2> <OutPorts = 1>
ST_43 : Operation 182 [6/8] (1.90ns)   --->   "%add_i = dadd i64 %ep, i64 %em" [../source/hls.cpp:12->../source/hls.cpp:180]   --->   Operation 182 'dadd' 'add_i' <Predicate = true> <Delay = 1.90> <CoreInst = "DAddSub_fulldsp">   --->   Core 37 'DAddSub_fulldsp' <Latency = 7> <II = 1> <Delay = 1.90> <FuncUnit> <Opcode : 'dadd' 'dsub'> <InPorts = 2> <OutPorts = 1>

State 44 <SV = 43> <Delay = 1.90>
ST_44 : Operation 183 [5/8] (1.90ns)   --->   "%sub1_i = dsub i64 %ep, i64 %em" [../source/hls.cpp:12->../source/hls.cpp:180]   --->   Operation 183 'dsub' 'sub1_i' <Predicate = true> <Delay = 1.90> <CoreInst = "DAddSub_fulldsp">   --->   Core 37 'DAddSub_fulldsp' <Latency = 7> <II = 1> <Delay = 1.90> <FuncUnit> <Opcode : 'dadd' 'dsub'> <InPorts = 2> <OutPorts = 1>
ST_44 : Operation 184 [5/8] (1.90ns)   --->   "%add_i = dadd i64 %ep, i64 %em" [../source/hls.cpp:12->../source/hls.cpp:180]   --->   Operation 184 'dadd' 'add_i' <Predicate = true> <Delay = 1.90> <CoreInst = "DAddSub_fulldsp">   --->   Core 37 'DAddSub_fulldsp' <Latency = 7> <II = 1> <Delay = 1.90> <FuncUnit> <Opcode : 'dadd' 'dsub'> <InPorts = 2> <OutPorts = 1>

State 45 <SV = 44> <Delay = 1.90>
ST_45 : Operation 185 [4/8] (1.90ns)   --->   "%sub1_i = dsub i64 %ep, i64 %em" [../source/hls.cpp:12->../source/hls.cpp:180]   --->   Operation 185 'dsub' 'sub1_i' <Predicate = true> <Delay = 1.90> <CoreInst = "DAddSub_fulldsp">   --->   Core 37 'DAddSub_fulldsp' <Latency = 7> <II = 1> <Delay = 1.90> <FuncUnit> <Opcode : 'dadd' 'dsub'> <InPorts = 2> <OutPorts = 1>
ST_45 : Operation 186 [4/8] (1.90ns)   --->   "%add_i = dadd i64 %ep, i64 %em" [../source/hls.cpp:12->../source/hls.cpp:180]   --->   Operation 186 'dadd' 'add_i' <Predicate = true> <Delay = 1.90> <CoreInst = "DAddSub_fulldsp">   --->   Core 37 'DAddSub_fulldsp' <Latency = 7> <II = 1> <Delay = 1.90> <FuncUnit> <Opcode : 'dadd' 'dsub'> <InPorts = 2> <OutPorts = 1>

State 46 <SV = 45> <Delay = 1.90>
ST_46 : Operation 187 [3/8] (1.90ns)   --->   "%sub1_i = dsub i64 %ep, i64 %em" [../source/hls.cpp:12->../source/hls.cpp:180]   --->   Operation 187 'dsub' 'sub1_i' <Predicate = true> <Delay = 1.90> <CoreInst = "DAddSub_fulldsp">   --->   Core 37 'DAddSub_fulldsp' <Latency = 7> <II = 1> <Delay = 1.90> <FuncUnit> <Opcode : 'dadd' 'dsub'> <InPorts = 2> <OutPorts = 1>
ST_46 : Operation 188 [3/8] (1.90ns)   --->   "%add_i = dadd i64 %ep, i64 %em" [../source/hls.cpp:12->../source/hls.cpp:180]   --->   Operation 188 'dadd' 'add_i' <Predicate = true> <Delay = 1.90> <CoreInst = "DAddSub_fulldsp">   --->   Core 37 'DAddSub_fulldsp' <Latency = 7> <II = 1> <Delay = 1.90> <FuncUnit> <Opcode : 'dadd' 'dsub'> <InPorts = 2> <OutPorts = 1>

State 47 <SV = 46> <Delay = 1.90>
ST_47 : Operation 189 [2/8] (1.90ns)   --->   "%sub1_i = dsub i64 %ep, i64 %em" [../source/hls.cpp:12->../source/hls.cpp:180]   --->   Operation 189 'dsub' 'sub1_i' <Predicate = true> <Delay = 1.90> <CoreInst = "DAddSub_fulldsp">   --->   Core 37 'DAddSub_fulldsp' <Latency = 7> <II = 1> <Delay = 1.90> <FuncUnit> <Opcode : 'dadd' 'dsub'> <InPorts = 2> <OutPorts = 1>
ST_47 : Operation 190 [2/8] (1.90ns)   --->   "%add_i = dadd i64 %ep, i64 %em" [../source/hls.cpp:12->../source/hls.cpp:180]   --->   Operation 190 'dadd' 'add_i' <Predicate = true> <Delay = 1.90> <CoreInst = "DAddSub_fulldsp">   --->   Core 37 'DAddSub_fulldsp' <Latency = 7> <II = 1> <Delay = 1.90> <FuncUnit> <Opcode : 'dadd' 'dsub'> <InPorts = 2> <OutPorts = 1>

State 48 <SV = 47> <Delay = 1.90>
ST_48 : Operation 191 [1/8] (1.90ns)   --->   "%sub1_i = dsub i64 %ep, i64 %em" [../source/hls.cpp:12->../source/hls.cpp:180]   --->   Operation 191 'dsub' 'sub1_i' <Predicate = true> <Delay = 1.90> <CoreInst = "DAddSub_fulldsp">   --->   Core 37 'DAddSub_fulldsp' <Latency = 7> <II = 1> <Delay = 1.90> <FuncUnit> <Opcode : 'dadd' 'dsub'> <InPorts = 2> <OutPorts = 1>
ST_48 : Operation 192 [1/8] (1.90ns)   --->   "%add_i = dadd i64 %ep, i64 %em" [../source/hls.cpp:12->../source/hls.cpp:180]   --->   Operation 192 'dadd' 'add_i' <Predicate = true> <Delay = 1.90> <CoreInst = "DAddSub_fulldsp">   --->   Core 37 'DAddSub_fulldsp' <Latency = 7> <II = 1> <Delay = 1.90> <FuncUnit> <Opcode : 'dadd' 'dsub'> <InPorts = 2> <OutPorts = 1>

State 49 <SV = 48> <Delay = 2.35>
ST_49 : Operation 193 [31/31] (2.35ns)   --->   "%div_i = ddiv i64 %sub1_i, i64 %add_i" [../source/hls.cpp:12->../source/hls.cpp:180]   --->   Operation 193 'ddiv' 'div_i' <Predicate = true> <Delay = 2.35> <CoreInst = "DDiv">   --->   Core 39 'DDiv' <Latency = 30> <II = 1> <Delay = 2.35> <FuncUnit> <Opcode : 'ddiv' 'drem'> <InPorts = 2> <OutPorts = 1>

State 50 <SV = 49> <Delay = 2.35>
ST_50 : Operation 194 [30/31] (2.35ns)   --->   "%div_i = ddiv i64 %sub1_i, i64 %add_i" [../source/hls.cpp:12->../source/hls.cpp:180]   --->   Operation 194 'ddiv' 'div_i' <Predicate = true> <Delay = 2.35> <CoreInst = "DDiv">   --->   Core 39 'DDiv' <Latency = 30> <II = 1> <Delay = 2.35> <FuncUnit> <Opcode : 'ddiv' 'drem'> <InPorts = 2> <OutPorts = 1>

State 51 <SV = 50> <Delay = 2.35>
ST_51 : Operation 195 [29/31] (2.35ns)   --->   "%div_i = ddiv i64 %sub1_i, i64 %add_i" [../source/hls.cpp:12->../source/hls.cpp:180]   --->   Operation 195 'ddiv' 'div_i' <Predicate = true> <Delay = 2.35> <CoreInst = "DDiv">   --->   Core 39 'DDiv' <Latency = 30> <II = 1> <Delay = 2.35> <FuncUnit> <Opcode : 'ddiv' 'drem'> <InPorts = 2> <OutPorts = 1>

State 52 <SV = 51> <Delay = 2.35>
ST_52 : Operation 196 [28/31] (2.35ns)   --->   "%div_i = ddiv i64 %sub1_i, i64 %add_i" [../source/hls.cpp:12->../source/hls.cpp:180]   --->   Operation 196 'ddiv' 'div_i' <Predicate = true> <Delay = 2.35> <CoreInst = "DDiv">   --->   Core 39 'DDiv' <Latency = 30> <II = 1> <Delay = 2.35> <FuncUnit> <Opcode : 'ddiv' 'drem'> <InPorts = 2> <OutPorts = 1>

State 53 <SV = 52> <Delay = 2.35>
ST_53 : Operation 197 [27/31] (2.35ns)   --->   "%div_i = ddiv i64 %sub1_i, i64 %add_i" [../source/hls.cpp:12->../source/hls.cpp:180]   --->   Operation 197 'ddiv' 'div_i' <Predicate = true> <Delay = 2.35> <CoreInst = "DDiv">   --->   Core 39 'DDiv' <Latency = 30> <II = 1> <Delay = 2.35> <FuncUnit> <Opcode : 'ddiv' 'drem'> <InPorts = 2> <OutPorts = 1>

State 54 <SV = 53> <Delay = 2.35>
ST_54 : Operation 198 [26/31] (2.35ns)   --->   "%div_i = ddiv i64 %sub1_i, i64 %add_i" [../source/hls.cpp:12->../source/hls.cpp:180]   --->   Operation 198 'ddiv' 'div_i' <Predicate = true> <Delay = 2.35> <CoreInst = "DDiv">   --->   Core 39 'DDiv' <Latency = 30> <II = 1> <Delay = 2.35> <FuncUnit> <Opcode : 'ddiv' 'drem'> <InPorts = 2> <OutPorts = 1>

State 55 <SV = 54> <Delay = 2.35>
ST_55 : Operation 199 [25/31] (2.35ns)   --->   "%div_i = ddiv i64 %sub1_i, i64 %add_i" [../source/hls.cpp:12->../source/hls.cpp:180]   --->   Operation 199 'ddiv' 'div_i' <Predicate = true> <Delay = 2.35> <CoreInst = "DDiv">   --->   Core 39 'DDiv' <Latency = 30> <II = 1> <Delay = 2.35> <FuncUnit> <Opcode : 'ddiv' 'drem'> <InPorts = 2> <OutPorts = 1>

State 56 <SV = 55> <Delay = 2.35>
ST_56 : Operation 200 [24/31] (2.35ns)   --->   "%div_i = ddiv i64 %sub1_i, i64 %add_i" [../source/hls.cpp:12->../source/hls.cpp:180]   --->   Operation 200 'ddiv' 'div_i' <Predicate = true> <Delay = 2.35> <CoreInst = "DDiv">   --->   Core 39 'DDiv' <Latency = 30> <II = 1> <Delay = 2.35> <FuncUnit> <Opcode : 'ddiv' 'drem'> <InPorts = 2> <OutPorts = 1>

State 57 <SV = 56> <Delay = 2.35>
ST_57 : Operation 201 [23/31] (2.35ns)   --->   "%div_i = ddiv i64 %sub1_i, i64 %add_i" [../source/hls.cpp:12->../source/hls.cpp:180]   --->   Operation 201 'ddiv' 'div_i' <Predicate = true> <Delay = 2.35> <CoreInst = "DDiv">   --->   Core 39 'DDiv' <Latency = 30> <II = 1> <Delay = 2.35> <FuncUnit> <Opcode : 'ddiv' 'drem'> <InPorts = 2> <OutPorts = 1>

State 58 <SV = 57> <Delay = 2.35>
ST_58 : Operation 202 [22/31] (2.35ns)   --->   "%div_i = ddiv i64 %sub1_i, i64 %add_i" [../source/hls.cpp:12->../source/hls.cpp:180]   --->   Operation 202 'ddiv' 'div_i' <Predicate = true> <Delay = 2.35> <CoreInst = "DDiv">   --->   Core 39 'DDiv' <Latency = 30> <II = 1> <Delay = 2.35> <FuncUnit> <Opcode : 'ddiv' 'drem'> <InPorts = 2> <OutPorts = 1>

State 59 <SV = 58> <Delay = 2.35>
ST_59 : Operation 203 [21/31] (2.35ns)   --->   "%div_i = ddiv i64 %sub1_i, i64 %add_i" [../source/hls.cpp:12->../source/hls.cpp:180]   --->   Operation 203 'ddiv' 'div_i' <Predicate = true> <Delay = 2.35> <CoreInst = "DDiv">   --->   Core 39 'DDiv' <Latency = 30> <II = 1> <Delay = 2.35> <FuncUnit> <Opcode : 'ddiv' 'drem'> <InPorts = 2> <OutPorts = 1>

State 60 <SV = 59> <Delay = 2.35>
ST_60 : Operation 204 [20/31] (2.35ns)   --->   "%div_i = ddiv i64 %sub1_i, i64 %add_i" [../source/hls.cpp:12->../source/hls.cpp:180]   --->   Operation 204 'ddiv' 'div_i' <Predicate = true> <Delay = 2.35> <CoreInst = "DDiv">   --->   Core 39 'DDiv' <Latency = 30> <II = 1> <Delay = 2.35> <FuncUnit> <Opcode : 'ddiv' 'drem'> <InPorts = 2> <OutPorts = 1>

State 61 <SV = 60> <Delay = 2.35>
ST_61 : Operation 205 [19/31] (2.35ns)   --->   "%div_i = ddiv i64 %sub1_i, i64 %add_i" [../source/hls.cpp:12->../source/hls.cpp:180]   --->   Operation 205 'ddiv' 'div_i' <Predicate = true> <Delay = 2.35> <CoreInst = "DDiv">   --->   Core 39 'DDiv' <Latency = 30> <II = 1> <Delay = 2.35> <FuncUnit> <Opcode : 'ddiv' 'drem'> <InPorts = 2> <OutPorts = 1>

State 62 <SV = 61> <Delay = 2.35>
ST_62 : Operation 206 [18/31] (2.35ns)   --->   "%div_i = ddiv i64 %sub1_i, i64 %add_i" [../source/hls.cpp:12->../source/hls.cpp:180]   --->   Operation 206 'ddiv' 'div_i' <Predicate = true> <Delay = 2.35> <CoreInst = "DDiv">   --->   Core 39 'DDiv' <Latency = 30> <II = 1> <Delay = 2.35> <FuncUnit> <Opcode : 'ddiv' 'drem'> <InPorts = 2> <OutPorts = 1>

State 63 <SV = 62> <Delay = 2.35>
ST_63 : Operation 207 [17/31] (2.35ns)   --->   "%div_i = ddiv i64 %sub1_i, i64 %add_i" [../source/hls.cpp:12->../source/hls.cpp:180]   --->   Operation 207 'ddiv' 'div_i' <Predicate = true> <Delay = 2.35> <CoreInst = "DDiv">   --->   Core 39 'DDiv' <Latency = 30> <II = 1> <Delay = 2.35> <FuncUnit> <Opcode : 'ddiv' 'drem'> <InPorts = 2> <OutPorts = 1>

State 64 <SV = 63> <Delay = 2.35>
ST_64 : Operation 208 [16/31] (2.35ns)   --->   "%div_i = ddiv i64 %sub1_i, i64 %add_i" [../source/hls.cpp:12->../source/hls.cpp:180]   --->   Operation 208 'ddiv' 'div_i' <Predicate = true> <Delay = 2.35> <CoreInst = "DDiv">   --->   Core 39 'DDiv' <Latency = 30> <II = 1> <Delay = 2.35> <FuncUnit> <Opcode : 'ddiv' 'drem'> <InPorts = 2> <OutPorts = 1>

State 65 <SV = 64> <Delay = 2.35>
ST_65 : Operation 209 [15/31] (2.35ns)   --->   "%div_i = ddiv i64 %sub1_i, i64 %add_i" [../source/hls.cpp:12->../source/hls.cpp:180]   --->   Operation 209 'ddiv' 'div_i' <Predicate = true> <Delay = 2.35> <CoreInst = "DDiv">   --->   Core 39 'DDiv' <Latency = 30> <II = 1> <Delay = 2.35> <FuncUnit> <Opcode : 'ddiv' 'drem'> <InPorts = 2> <OutPorts = 1>

State 66 <SV = 65> <Delay = 2.35>
ST_66 : Operation 210 [14/31] (2.35ns)   --->   "%div_i = ddiv i64 %sub1_i, i64 %add_i" [../source/hls.cpp:12->../source/hls.cpp:180]   --->   Operation 210 'ddiv' 'div_i' <Predicate = true> <Delay = 2.35> <CoreInst = "DDiv">   --->   Core 39 'DDiv' <Latency = 30> <II = 1> <Delay = 2.35> <FuncUnit> <Opcode : 'ddiv' 'drem'> <InPorts = 2> <OutPorts = 1>

State 67 <SV = 66> <Delay = 2.35>
ST_67 : Operation 211 [13/31] (2.35ns)   --->   "%div_i = ddiv i64 %sub1_i, i64 %add_i" [../source/hls.cpp:12->../source/hls.cpp:180]   --->   Operation 211 'ddiv' 'div_i' <Predicate = true> <Delay = 2.35> <CoreInst = "DDiv">   --->   Core 39 'DDiv' <Latency = 30> <II = 1> <Delay = 2.35> <FuncUnit> <Opcode : 'ddiv' 'drem'> <InPorts = 2> <OutPorts = 1>

State 68 <SV = 67> <Delay = 2.35>
ST_68 : Operation 212 [12/31] (2.35ns)   --->   "%div_i = ddiv i64 %sub1_i, i64 %add_i" [../source/hls.cpp:12->../source/hls.cpp:180]   --->   Operation 212 'ddiv' 'div_i' <Predicate = true> <Delay = 2.35> <CoreInst = "DDiv">   --->   Core 39 'DDiv' <Latency = 30> <II = 1> <Delay = 2.35> <FuncUnit> <Opcode : 'ddiv' 'drem'> <InPorts = 2> <OutPorts = 1>

State 69 <SV = 68> <Delay = 2.35>
ST_69 : Operation 213 [11/31] (2.35ns)   --->   "%div_i = ddiv i64 %sub1_i, i64 %add_i" [../source/hls.cpp:12->../source/hls.cpp:180]   --->   Operation 213 'ddiv' 'div_i' <Predicate = true> <Delay = 2.35> <CoreInst = "DDiv">   --->   Core 39 'DDiv' <Latency = 30> <II = 1> <Delay = 2.35> <FuncUnit> <Opcode : 'ddiv' 'drem'> <InPorts = 2> <OutPorts = 1>

State 70 <SV = 69> <Delay = 2.35>
ST_70 : Operation 214 [10/31] (2.35ns)   --->   "%div_i = ddiv i64 %sub1_i, i64 %add_i" [../source/hls.cpp:12->../source/hls.cpp:180]   --->   Operation 214 'ddiv' 'div_i' <Predicate = true> <Delay = 2.35> <CoreInst = "DDiv">   --->   Core 39 'DDiv' <Latency = 30> <II = 1> <Delay = 2.35> <FuncUnit> <Opcode : 'ddiv' 'drem'> <InPorts = 2> <OutPorts = 1>

State 71 <SV = 70> <Delay = 2.35>
ST_71 : Operation 215 [9/31] (2.35ns)   --->   "%div_i = ddiv i64 %sub1_i, i64 %add_i" [../source/hls.cpp:12->../source/hls.cpp:180]   --->   Operation 215 'ddiv' 'div_i' <Predicate = true> <Delay = 2.35> <CoreInst = "DDiv">   --->   Core 39 'DDiv' <Latency = 30> <II = 1> <Delay = 2.35> <FuncUnit> <Opcode : 'ddiv' 'drem'> <InPorts = 2> <OutPorts = 1>

State 72 <SV = 71> <Delay = 2.35>
ST_72 : Operation 216 [8/31] (2.35ns)   --->   "%div_i = ddiv i64 %sub1_i, i64 %add_i" [../source/hls.cpp:12->../source/hls.cpp:180]   --->   Operation 216 'ddiv' 'div_i' <Predicate = true> <Delay = 2.35> <CoreInst = "DDiv">   --->   Core 39 'DDiv' <Latency = 30> <II = 1> <Delay = 2.35> <FuncUnit> <Opcode : 'ddiv' 'drem'> <InPorts = 2> <OutPorts = 1>

State 73 <SV = 72> <Delay = 2.35>
ST_73 : Operation 217 [7/31] (2.35ns)   --->   "%div_i = ddiv i64 %sub1_i, i64 %add_i" [../source/hls.cpp:12->../source/hls.cpp:180]   --->   Operation 217 'ddiv' 'div_i' <Predicate = true> <Delay = 2.35> <CoreInst = "DDiv">   --->   Core 39 'DDiv' <Latency = 30> <II = 1> <Delay = 2.35> <FuncUnit> <Opcode : 'ddiv' 'drem'> <InPorts = 2> <OutPorts = 1>

State 74 <SV = 73> <Delay = 2.35>
ST_74 : Operation 218 [6/31] (2.35ns)   --->   "%div_i = ddiv i64 %sub1_i, i64 %add_i" [../source/hls.cpp:12->../source/hls.cpp:180]   --->   Operation 218 'ddiv' 'div_i' <Predicate = true> <Delay = 2.35> <CoreInst = "DDiv">   --->   Core 39 'DDiv' <Latency = 30> <II = 1> <Delay = 2.35> <FuncUnit> <Opcode : 'ddiv' 'drem'> <InPorts = 2> <OutPorts = 1>

State 75 <SV = 74> <Delay = 2.35>
ST_75 : Operation 219 [5/31] (2.35ns)   --->   "%div_i = ddiv i64 %sub1_i, i64 %add_i" [../source/hls.cpp:12->../source/hls.cpp:180]   --->   Operation 219 'ddiv' 'div_i' <Predicate = true> <Delay = 2.35> <CoreInst = "DDiv">   --->   Core 39 'DDiv' <Latency = 30> <II = 1> <Delay = 2.35> <FuncUnit> <Opcode : 'ddiv' 'drem'> <InPorts = 2> <OutPorts = 1>

State 76 <SV = 75> <Delay = 2.35>
ST_76 : Operation 220 [4/31] (2.35ns)   --->   "%div_i = ddiv i64 %sub1_i, i64 %add_i" [../source/hls.cpp:12->../source/hls.cpp:180]   --->   Operation 220 'ddiv' 'div_i' <Predicate = true> <Delay = 2.35> <CoreInst = "DDiv">   --->   Core 39 'DDiv' <Latency = 30> <II = 1> <Delay = 2.35> <FuncUnit> <Opcode : 'ddiv' 'drem'> <InPorts = 2> <OutPorts = 1>

State 77 <SV = 76> <Delay = 2.35>
ST_77 : Operation 221 [3/31] (2.35ns)   --->   "%div_i = ddiv i64 %sub1_i, i64 %add_i" [../source/hls.cpp:12->../source/hls.cpp:180]   --->   Operation 221 'ddiv' 'div_i' <Predicate = true> <Delay = 2.35> <CoreInst = "DDiv">   --->   Core 39 'DDiv' <Latency = 30> <II = 1> <Delay = 2.35> <FuncUnit> <Opcode : 'ddiv' 'drem'> <InPorts = 2> <OutPorts = 1>

State 78 <SV = 77> <Delay = 2.35>
ST_78 : Operation 222 [2/31] (2.35ns)   --->   "%div_i = ddiv i64 %sub1_i, i64 %add_i" [../source/hls.cpp:12->../source/hls.cpp:180]   --->   Operation 222 'ddiv' 'div_i' <Predicate = true> <Delay = 2.35> <CoreInst = "DDiv">   --->   Core 39 'DDiv' <Latency = 30> <II = 1> <Delay = 2.35> <FuncUnit> <Opcode : 'ddiv' 'drem'> <InPorts = 2> <OutPorts = 1>

State 79 <SV = 78> <Delay = 2.35>
ST_79 : Operation 223 [1/31] (2.35ns)   --->   "%div_i = ddiv i64 %sub1_i, i64 %add_i" [../source/hls.cpp:12->../source/hls.cpp:180]   --->   Operation 223 'ddiv' 'div_i' <Predicate = true> <Delay = 2.35> <CoreInst = "DDiv">   --->   Core 39 'DDiv' <Latency = 30> <II = 1> <Delay = 2.35> <FuncUnit> <Opcode : 'ddiv' 'drem'> <InPorts = 2> <OutPorts = 1>
ST_79 : Operation 231 [1/1] (0.38ns)   --->   "%ret_ln0 = ret"   --->   Operation 231 'ret' 'ret_ln0' <Predicate = (!icmp_ln178)> <Delay = 0.38>

State 80 <SV = 79> <Delay = 0.96>
ST_80 : Operation 224 [1/1] (0.00ns)   --->   "%zext_ln180_1 = zext i17 %add_ln180" [../source/hls.cpp:180]   --->   Operation 224 'zext' 'zext_ln180_1' <Predicate = true> <Delay = 0.00>
ST_80 : Operation 225 [1/1] (0.00ns)   --->   "%c5_conv_layer2_data_addr = getelementptr i64 %c5_conv_layer2_data, i64 0, i64 %zext_ln180_1" [../source/hls.cpp:180]   --->   Operation 225 'getelementptr' 'c5_conv_layer2_data_addr' <Predicate = true> <Delay = 0.00>
ST_80 : Operation 226 [1/1] (0.00ns)   --->   "%specpipeline_ln178 = specpipeline void @_ssdm_op_SpecPipeline, i32 4294967295, i32 0, i32 0, i32 0, void @empty_0" [../source/hls.cpp:178]   --->   Operation 226 'specpipeline' 'specpipeline_ln178' <Predicate = true> <Delay = 0.00>
ST_80 : Operation 227 [1/1] (0.00ns)   --->   "%specloopname_ln178 = specloopname void @_ssdm_op_SpecLoopName, void @empty_6" [../source/hls.cpp:178]   --->   Operation 227 'specloopname' 'specloopname_ln178' <Predicate = true> <Delay = 0.00>
ST_80 : Operation 228 [1/1] (0.00ns)   --->   "%bitcast_ln180_1 = bitcast i64 %div_i" [../source/hls.cpp:180]   --->   Operation 228 'bitcast' 'bitcast_ln180_1' <Predicate = true> <Delay = 0.00>
ST_80 : Operation 229 [1/1] ( I:0.96ns O:0.96ns )   --->   "%store_ln180 = store i64 %bitcast_ln180_1, i17 %c5_conv_layer2_data_addr" [../source/hls.cpp:180]   --->   Operation 229 'store' 'store_ln180' <Predicate = true> <Delay = 0.96> <CoreInst = "RAM">   --->   Core 82 'RAM' <Latency = 2> <II = 1> <Delay = 0.96> <Storage> <Opcode : 'load' 'store'> <Ports = 2> <Width = 64> <Depth = 122880> <RAM>
ST_80 : Operation 230 [1/1] (0.00ns)   --->   "%br_ln178 = br void %for.inc37" [../source/hls.cpp:178]   --->   Operation 230 'br' 'br_ln178' <Predicate = true> <Delay = 0.00>


============================================================
+ Verbose Summary: Timing violations
============================================================
Target clock period: 3.300ns, clock uncertainty: 0.891ns.

 <State 1>: 1.654ns
The critical path consists of the following:
	'store' operation 0 bit ('store_ln178', ../source/hls.cpp:178) of constant 0 on local variable 'k', ../source/hls.cpp:178 [12]  (0.387 ns)
	'load' operation 17 bit ('k', ../source/hls.cpp:180) on local variable 'k', ../source/hls.cpp:178 [15]  (0.000 ns)
	'icmp' operation 1 bit ('icmp_ln178', ../source/hls.cpp:178) [17]  (0.880 ns)
	'store' operation 0 bit ('store_ln178', ../source/hls.cpp:178) of variable 'add_ln178', ../source/hls.cpp:178 on local variable 'k', ../source/hls.cpp:178 [44]  (0.387 ns)

 <State 2>: 1.200ns
The critical path consists of the following:
	'load' operation 64 bit ('c5_conv_layer2_map_common_load', ../source/hls.cpp:180) on array 'c5_conv_layer2_map_common' [28]  (1.200 ns)

 <State 3>: 1.905ns
The critical path consists of the following:
	'dadd' operation 64 bit ('val', ../source/hls.cpp:180) [30]  (1.905 ns)

 <State 4>: 1.905ns
The critical path consists of the following:
	'dadd' operation 64 bit ('val', ../source/hls.cpp:180) [30]  (1.905 ns)

 <State 5>: 1.905ns
The critical path consists of the following:
	'dadd' operation 64 bit ('val', ../source/hls.cpp:180) [30]  (1.905 ns)

 <State 6>: 1.905ns
The critical path consists of the following:
	'dadd' operation 64 bit ('val', ../source/hls.cpp:180) [30]  (1.905 ns)

 <State 7>: 1.905ns
The critical path consists of the following:
	'dadd' operation 64 bit ('val', ../source/hls.cpp:180) [30]  (1.905 ns)

 <State 8>: 1.905ns
The critical path consists of the following:
	'dadd' operation 64 bit ('val', ../source/hls.cpp:180) [30]  (1.905 ns)

 <State 9>: 1.905ns
The critical path consists of the following:
	'dadd' operation 64 bit ('val', ../source/hls.cpp:180) [30]  (1.905 ns)

 <State 10>: 1.905ns
The critical path consists of the following:
	'dadd' operation 64 bit ('val', ../source/hls.cpp:180) [30]  (1.905 ns)

 <State 11>: 2.077ns
The critical path consists of the following:
	'xor' operation 1 bit ('xor_ln11', ../source/hls.cpp:11->../source/hls.cpp:180) [34]  (0.122 ns)
	'dexp' operation 64 bit ('em', ../source/hls.cpp:11->../source/hls.cpp:180) [38]  (1.955 ns)

 <State 12>: 1.955ns
The critical path consists of the following:
	'dexp' operation 64 bit ('ep', ../source/hls.cpp:10->../source/hls.cpp:180) [31]  (1.955 ns)

 <State 13>: 1.955ns
The critical path consists of the following:
	'dexp' operation 64 bit ('ep', ../source/hls.cpp:10->../source/hls.cpp:180) [31]  (1.955 ns)

 <State 14>: 1.955ns
The critical path consists of the following:
	'dexp' operation 64 bit ('ep', ../source/hls.cpp:10->../source/hls.cpp:180) [31]  (1.955 ns)

 <State 15>: 1.955ns
The critical path consists of the following:
	'dexp' operation 64 bit ('ep', ../source/hls.cpp:10->../source/hls.cpp:180) [31]  (1.955 ns)

 <State 16>: 1.955ns
The critical path consists of the following:
	'dexp' operation 64 bit ('ep', ../source/hls.cpp:10->../source/hls.cpp:180) [31]  (1.955 ns)

 <State 17>: 1.955ns
The critical path consists of the following:
	'dexp' operation 64 bit ('ep', ../source/hls.cpp:10->../source/hls.cpp:180) [31]  (1.955 ns)

 <State 18>: 1.955ns
The critical path consists of the following:
	'dexp' operation 64 bit ('ep', ../source/hls.cpp:10->../source/hls.cpp:180) [31]  (1.955 ns)

 <State 19>: 1.955ns
The critical path consists of the following:
	'dexp' operation 64 bit ('ep', ../source/hls.cpp:10->../source/hls.cpp:180) [31]  (1.955 ns)

 <State 20>: 1.955ns
The critical path consists of the following:
	'dexp' operation 64 bit ('ep', ../source/hls.cpp:10->../source/hls.cpp:180) [31]  (1.955 ns)

 <State 21>: 1.955ns
The critical path consists of the following:
	'dexp' operation 64 bit ('ep', ../source/hls.cpp:10->../source/hls.cpp:180) [31]  (1.955 ns)

 <State 22>: 1.955ns
The critical path consists of the following:
	'dexp' operation 64 bit ('ep', ../source/hls.cpp:10->../source/hls.cpp:180) [31]  (1.955 ns)

 <State 23>: 1.955ns
The critical path consists of the following:
	'dexp' operation 64 bit ('ep', ../source/hls.cpp:10->../source/hls.cpp:180) [31]  (1.955 ns)

 <State 24>: 1.955ns
The critical path consists of the following:
	'dexp' operation 64 bit ('ep', ../source/hls.cpp:10->../source/hls.cpp:180) [31]  (1.955 ns)

 <State 25>: 1.955ns
The critical path consists of the following:
	'dexp' operation 64 bit ('ep', ../source/hls.cpp:10->../source/hls.cpp:180) [31]  (1.955 ns)

 <State 26>: 1.955ns
The critical path consists of the following:
	'dexp' operation 64 bit ('ep', ../source/hls.cpp:10->../source/hls.cpp:180) [31]  (1.955 ns)

 <State 27>: 1.955ns
The critical path consists of the following:
	'dexp' operation 64 bit ('ep', ../source/hls.cpp:10->../source/hls.cpp:180) [31]  (1.955 ns)

 <State 28>: 1.955ns
The critical path consists of the following:
	'dexp' operation 64 bit ('ep', ../source/hls.cpp:10->../source/hls.cpp:180) [31]  (1.955 ns)

 <State 29>: 1.955ns
The critical path consists of the following:
	'dexp' operation 64 bit ('ep', ../source/hls.cpp:10->../source/hls.cpp:180) [31]  (1.955 ns)

 <State 30>: 1.955ns
The critical path consists of the following:
	'dexp' operation 64 bit ('ep', ../source/hls.cpp:10->../source/hls.cpp:180) [31]  (1.955 ns)

 <State 31>: 1.955ns
The critical path consists of the following:
	'dexp' operation 64 bit ('ep', ../source/hls.cpp:10->../source/hls.cpp:180) [31]  (1.955 ns)

 <State 32>: 1.955ns
The critical path consists of the following:
	'dexp' operation 64 bit ('ep', ../source/hls.cpp:10->../source/hls.cpp:180) [31]  (1.955 ns)

 <State 33>: 1.955ns
The critical path consists of the following:
	'dexp' operation 64 bit ('ep', ../source/hls.cpp:10->../source/hls.cpp:180) [31]  (1.955 ns)

 <State 34>: 1.955ns
The critical path consists of the following:
	'dexp' operation 64 bit ('ep', ../source/hls.cpp:10->../source/hls.cpp:180) [31]  (1.955 ns)

 <State 35>: 1.955ns
The critical path consists of the following:
	'dexp' operation 64 bit ('ep', ../source/hls.cpp:10->../source/hls.cpp:180) [31]  (1.955 ns)

 <State 36>: 1.955ns
The critical path consists of the following:
	'dexp' operation 64 bit ('ep', ../source/hls.cpp:10->../source/hls.cpp:180) [31]  (1.955 ns)

 <State 37>: 1.955ns
The critical path consists of the following:
	'dexp' operation 64 bit ('ep', ../source/hls.cpp:10->../source/hls.cpp:180) [31]  (1.955 ns)

 <State 38>: 1.955ns
The critical path consists of the following:
	'dexp' operation 64 bit ('ep', ../source/hls.cpp:10->../source/hls.cpp:180) [31]  (1.955 ns)

 <State 39>: 1.955ns
The critical path consists of the following:
	'dexp' operation 64 bit ('ep', ../source/hls.cpp:10->../source/hls.cpp:180) [31]  (1.955 ns)

 <State 40>: 1.955ns
The critical path consists of the following:
	'dexp' operation 64 bit ('ep', ../source/hls.cpp:10->../source/hls.cpp:180) [31]  (1.955 ns)

 <State 41>: 1.905ns
The critical path consists of the following:
	'dsub' operation 64 bit ('sub1_i', ../source/hls.cpp:12->../source/hls.cpp:180) [39]  (1.905 ns)

 <State 42>: 1.905ns
The critical path consists of the following:
	'dsub' operation 64 bit ('sub1_i', ../source/hls.cpp:12->../source/hls.cpp:180) [39]  (1.905 ns)

 <State 43>: 1.905ns
The critical path consists of the following:
	'dsub' operation 64 bit ('sub1_i', ../source/hls.cpp:12->../source/hls.cpp:180) [39]  (1.905 ns)

 <State 44>: 1.905ns
The critical path consists of the following:
	'dsub' operation 64 bit ('sub1_i', ../source/hls.cpp:12->../source/hls.cpp:180) [39]  (1.905 ns)

 <State 45>: 1.905ns
The critical path consists of the following:
	'dsub' operation 64 bit ('sub1_i', ../source/hls.cpp:12->../source/hls.cpp:180) [39]  (1.905 ns)

 <State 46>: 1.905ns
The critical path consists of the following:
	'dsub' operation 64 bit ('sub1_i', ../source/hls.cpp:12->../source/hls.cpp:180) [39]  (1.905 ns)

 <State 47>: 1.905ns
The critical path consists of the following:
	'dsub' operation 64 bit ('sub1_i', ../source/hls.cpp:12->../source/hls.cpp:180) [39]  (1.905 ns)

 <State 48>: 1.905ns
The critical path consists of the following:
	'dsub' operation 64 bit ('sub1_i', ../source/hls.cpp:12->../source/hls.cpp:180) [39]  (1.905 ns)

 <State 49>: 2.354ns
The critical path consists of the following:
	'ddiv' operation 64 bit ('div_i', ../source/hls.cpp:12->../source/hls.cpp:180) [41]  (2.354 ns)

 <State 50>: 2.354ns
The critical path consists of the following:
	'ddiv' operation 64 bit ('div_i', ../source/hls.cpp:12->../source/hls.cpp:180) [41]  (2.354 ns)

 <State 51>: 2.354ns
The critical path consists of the following:
	'ddiv' operation 64 bit ('div_i', ../source/hls.cpp:12->../source/hls.cpp:180) [41]  (2.354 ns)

 <State 52>: 2.354ns
The critical path consists of the following:
	'ddiv' operation 64 bit ('div_i', ../source/hls.cpp:12->../source/hls.cpp:180) [41]  (2.354 ns)

 <State 53>: 2.354ns
The critical path consists of the following:
	'ddiv' operation 64 bit ('div_i', ../source/hls.cpp:12->../source/hls.cpp:180) [41]  (2.354 ns)

 <State 54>: 2.354ns
The critical path consists of the following:
	'ddiv' operation 64 bit ('div_i', ../source/hls.cpp:12->../source/hls.cpp:180) [41]  (2.354 ns)

 <State 55>: 2.354ns
The critical path consists of the following:
	'ddiv' operation 64 bit ('div_i', ../source/hls.cpp:12->../source/hls.cpp:180) [41]  (2.354 ns)

 <State 56>: 2.354ns
The critical path consists of the following:
	'ddiv' operation 64 bit ('div_i', ../source/hls.cpp:12->../source/hls.cpp:180) [41]  (2.354 ns)

 <State 57>: 2.354ns
The critical path consists of the following:
	'ddiv' operation 64 bit ('div_i', ../source/hls.cpp:12->../source/hls.cpp:180) [41]  (2.354 ns)

 <State 58>: 2.354ns
The critical path consists of the following:
	'ddiv' operation 64 bit ('div_i', ../source/hls.cpp:12->../source/hls.cpp:180) [41]  (2.354 ns)

 <State 59>: 2.354ns
The critical path consists of the following:
	'ddiv' operation 64 bit ('div_i', ../source/hls.cpp:12->../source/hls.cpp:180) [41]  (2.354 ns)

 <State 60>: 2.354ns
The critical path consists of the following:
	'ddiv' operation 64 bit ('div_i', ../source/hls.cpp:12->../source/hls.cpp:180) [41]  (2.354 ns)

 <State 61>: 2.354ns
The critical path consists of the following:
	'ddiv' operation 64 bit ('div_i', ../source/hls.cpp:12->../source/hls.cpp:180) [41]  (2.354 ns)

 <State 62>: 2.354ns
The critical path consists of the following:
	'ddiv' operation 64 bit ('div_i', ../source/hls.cpp:12->../source/hls.cpp:180) [41]  (2.354 ns)

 <State 63>: 2.354ns
The critical path consists of the following:
	'ddiv' operation 64 bit ('div_i', ../source/hls.cpp:12->../source/hls.cpp:180) [41]  (2.354 ns)

 <State 64>: 2.354ns
The critical path consists of the following:
	'ddiv' operation 64 bit ('div_i', ../source/hls.cpp:12->../source/hls.cpp:180) [41]  (2.354 ns)

 <State 65>: 2.354ns
The critical path consists of the following:
	'ddiv' operation 64 bit ('div_i', ../source/hls.cpp:12->../source/hls.cpp:180) [41]  (2.354 ns)

 <State 66>: 2.354ns
The critical path consists of the following:
	'ddiv' operation 64 bit ('div_i', ../source/hls.cpp:12->../source/hls.cpp:180) [41]  (2.354 ns)

 <State 67>: 2.354ns
The critical path consists of the following:
	'ddiv' operation 64 bit ('div_i', ../source/hls.cpp:12->../source/hls.cpp:180) [41]  (2.354 ns)

 <State 68>: 2.354ns
The critical path consists of the following:
	'ddiv' operation 64 bit ('div_i', ../source/hls.cpp:12->../source/hls.cpp:180) [41]  (2.354 ns)

 <State 69>: 2.354ns
The critical path consists of the following:
	'ddiv' operation 64 bit ('div_i', ../source/hls.cpp:12->../source/hls.cpp:180) [41]  (2.354 ns)

 <State 70>: 2.354ns
The critical path consists of the following:
	'ddiv' operation 64 bit ('div_i', ../source/hls.cpp:12->../source/hls.cpp:180) [41]  (2.354 ns)

 <State 71>: 2.354ns
The critical path consists of the following:
	'ddiv' operation 64 bit ('div_i', ../source/hls.cpp:12->../source/hls.cpp:180) [41]  (2.354 ns)

 <State 72>: 2.354ns
The critical path consists of the following:
	'ddiv' operation 64 bit ('div_i', ../source/hls.cpp:12->../source/hls.cpp:180) [41]  (2.354 ns)

 <State 73>: 2.354ns
The critical path consists of the following:
	'ddiv' operation 64 bit ('div_i', ../source/hls.cpp:12->../source/hls.cpp:180) [41]  (2.354 ns)

 <State 74>: 2.354ns
The critical path consists of the following:
	'ddiv' operation 64 bit ('div_i', ../source/hls.cpp:12->../source/hls.cpp:180) [41]  (2.354 ns)

 <State 75>: 2.354ns
The critical path consists of the following:
	'ddiv' operation 64 bit ('div_i', ../source/hls.cpp:12->../source/hls.cpp:180) [41]  (2.354 ns)

 <State 76>: 2.354ns
The critical path consists of the following:
	'ddiv' operation 64 bit ('div_i', ../source/hls.cpp:12->../source/hls.cpp:180) [41]  (2.354 ns)

 <State 77>: 2.354ns
The critical path consists of the following:
	'ddiv' operation 64 bit ('div_i', ../source/hls.cpp:12->../source/hls.cpp:180) [41]  (2.354 ns)

 <State 78>: 2.354ns
The critical path consists of the following:
	'ddiv' operation 64 bit ('div_i', ../source/hls.cpp:12->../source/hls.cpp:180) [41]  (2.354 ns)

 <State 79>: 2.354ns
The critical path consists of the following:
	'ddiv' operation 64 bit ('div_i', ../source/hls.cpp:12->../source/hls.cpp:180) [41]  (2.354 ns)

 <State 80>: 0.963ns
The critical path consists of the following:
	'getelementptr' operation 17 bit ('c5_conv_layer2_data_addr', ../source/hls.cpp:180) [24]  (0.000 ns)
	'store' operation 0 bit ('store_ln180', ../source/hls.cpp:180) of variable 'bitcast_ln180_1', ../source/hls.cpp:180 on array 'c5_conv_layer2_data' [43]  (0.963 ns)


============================================================
+ Verbose Summary: Binding
============================================================
N/A
* FSMD analyzer results:
  - Output states:
 - Input state : 
  - Chain level:
	State 1
	State 2
	State 3
	State 4
	State 5
	State 6
	State 7
	State 8
	State 9
	State 10
	State 11
	State 12
	State 13
	State 14
	State 15
	State 16
	State 17
	State 18
	State 19
	State 20
	State 21
	State 22
	State 23
	State 24
	State 25
	State 26
	State 27
	State 28
	State 29
	State 30
	State 31
	State 32
	State 33
	State 34
	State 35
	State 36
	State 37
	State 38
	State 39
	State 40
	State 41
	State 42
	State 43
	State 44
	State 45
	State 46
	State 47
	State 48
	State 49
	State 50
	State 51
	State 52
	State 53
	State 54
	State 55
	State 56
	State 57
	State 58
	State 59
	State 60
	State 61
	State 62
	State 63
	State 64
	State 65
	State 66
	State 67
	State 68
	State 69
	State 70
	State 71
	State 72
	State 73
	State 74
	State 75
	State 76
	State 77
	State 78
	State 79
	State 80


============================================================
+ Verbose Summary: Datapath Resource usage 
============================================================
N/A
