Compiling the C compiler identification source file "CMakeCCompilerId.c" failed.
Compiler: riscv32-unknown-elf-gcc 
Build flags: ;;-DNO_ATOMICS;-D_POSIX_THREADS;-D_rvTranslate;-march=rv32im;-mabi=ilp32;-fdata-sections;-ffunction-sections;;-DNO_ATOMICS;-D_POSIX_THREADS;-D_rvTranslate;-march=rv32im;-mabi=ilp32;-fdata-sections;-ffunction-sections
Id flags:  

The output was:
No such file or directory


Compiling the C compiler identification source file "CMakeCCompilerId.c" failed.
Compiler: riscv32-unknown-elf-gcc 
Build flags: ;;-DNO_ATOMICS;-D_POSIX_THREADS;-D_rvTranslate;-march=rv32im;-mabi=ilp32;-fdata-sections;-ffunction-sections;;-DNO_ATOMICS;-D_POSIX_THREADS;-D_rvTranslate;-march=rv32im;-mabi=ilp32;-fdata-sections;-ffunction-sections
Id flags: -c 

The output was:
No such file or directory


Compiling the C compiler identification source file "CMakeCCompilerId.c" failed.
Compiler: riscv32-unknown-elf-gcc 
Build flags: ;;-DNO_ATOMICS;-D_POSIX_THREADS;-D_rvTranslate;-march=rv32im;-mabi=ilp32;-fdata-sections;-ffunction-sections;;-DNO_ATOMICS;-D_POSIX_THREADS;-D_rvTranslate;-march=rv32im;-mabi=ilp32;-fdata-sections;-ffunction-sections
Id flags: -Aa 

The output was:
No such file or directory


Compiling the C compiler identification source file "CMakeCCompilerId.c" failed.
Compiler: riscv32-unknown-elf-gcc 
Build flags: ;;-DNO_ATOMICS;-D_POSIX_THREADS;-D_rvTranslate;-march=rv32im;-mabi=ilp32;-fdata-sections;-ffunction-sections;;-DNO_ATOMICS;-D_POSIX_THREADS;-D_rvTranslate;-march=rv32im;-mabi=ilp32;-fdata-sections;-ffunction-sections
Id flags: -D__CLASSIC_C__ 

The output was:
No such file or directory


Compiling the C compiler identification source file "CMakeCCompilerId.c" failed.
Compiler: riscv32-unknown-elf-gcc 
Build flags: ;;-DNO_ATOMICS;-D_POSIX_THREADS;-D_rvTranslate;-march=rv32im;-mabi=ilp32;-fdata-sections;-ffunction-sections;;-DNO_ATOMICS;-D_POSIX_THREADS;-D_rvTranslate;-march=rv32im;-mabi=ilp32;-fdata-sections;-ffunction-sections
Id flags: --target=arm-arm-none-eabi;-mcpu=cortex-m3 

The output was:
No such file or directory


Compiling the C compiler identification source file "CMakeCCompilerId.c" failed.
Compiler: riscv32-unknown-elf-gcc 
Build flags: 
Id flags:  

The output was:
No such file or directory


Compiling the C compiler identification source file "CMakeCCompilerId.c" failed.
Compiler: riscv32-unknown-elf-gcc 
Build flags: 
Id flags: -c 

The output was:
No such file or directory


Compiling the C compiler identification source file "CMakeCCompilerId.c" failed.
Compiler: riscv32-unknown-elf-gcc 
Build flags: 
Id flags: -Aa 

The output was:
No such file or directory


Compiling the C compiler identification source file "CMakeCCompilerId.c" failed.
Compiler: riscv32-unknown-elf-gcc 
Build flags: 
Id flags: -D__CLASSIC_C__ 

The output was:
No such file or directory


Compiling the C compiler identification source file "CMakeCCompilerId.c" failed.
Compiler: riscv32-unknown-elf-gcc 
Build flags: 
Id flags: --target=arm-arm-none-eabi;-mcpu=cortex-m3 

The output was:
No such file or directory


Checking whether the C compiler is IAR using "" did not match "IAR .+ Compiler":
Checking whether the C compiler is IAR using "" did not match "IAR .+ Compiler":
Compiling the CXX compiler identification source file "CMakeCXXCompilerId.cpp" failed.
Compiler: riscv32-unknown-elf-g++ 
Build flags: ;;;-DNO_ATOMICS;-D_POSIX_THREADS;-D_rvTranslate;-march=rv32im;-mabi=ilp32;-fdata-sections;-ffunction-sections;;;-DNO_ATOMICS;-D_POSIX_THREADS;-D_rvTranslate;-march=rv32im;-mabi=ilp32;-fdata-sections;-ffunction-sections;;-DNO_ATOMICS;-D_POSIX_THREADS;-D_rvTranslate;-march=rv32im;-mabi=ilp32;-fdata-sections;-ffunction-sections
Id flags:  

The output was:
No such file or directory


Compiling the CXX compiler identification source file "CMakeCXXCompilerId.cpp" failed.
Compiler: riscv32-unknown-elf-g++ 
Build flags: ;;;-DNO_ATOMICS;-D_POSIX_THREADS;-D_rvTranslate;-march=rv32im;-mabi=ilp32;-fdata-sections;-ffunction-sections;;;-DNO_ATOMICS;-D_POSIX_THREADS;-D_rvTranslate;-march=rv32im;-mabi=ilp32;-fdata-sections;-ffunction-sections;;-DNO_ATOMICS;-D_POSIX_THREADS;-D_rvTranslate;-march=rv32im;-mabi=ilp32;-fdata-sections;-ffunction-sections
Id flags: -c 

The output was:
No such file or directory


Compiling the CXX compiler identification source file "CMakeCXXCompilerId.cpp" failed.
Compiler: riscv32-unknown-elf-g++ 
Build flags: ;;;-DNO_ATOMICS;-D_POSIX_THREADS;-D_rvTranslate;-march=rv32im;-mabi=ilp32;-fdata-sections;-ffunction-sections;;;-DNO_ATOMICS;-D_POSIX_THREADS;-D_rvTranslate;-march=rv32im;-mabi=ilp32;-fdata-sections;-ffunction-sections;;-DNO_ATOMICS;-D_POSIX_THREADS;-D_rvTranslate;-march=rv32im;-mabi=ilp32;-fdata-sections;-ffunction-sections
Id flags: --c++ 

The output was:
No such file or directory


Compiling the CXX compiler identification source file "CMakeCXXCompilerId.cpp" failed.
Compiler: riscv32-unknown-elf-g++ 
Build flags: ;;;-DNO_ATOMICS;-D_POSIX_THREADS;-D_rvTranslate;-march=rv32im;-mabi=ilp32;-fdata-sections;-ffunction-sections;;;-DNO_ATOMICS;-D_POSIX_THREADS;-D_rvTranslate;-march=rv32im;-mabi=ilp32;-fdata-sections;-ffunction-sections;;-DNO_ATOMICS;-D_POSIX_THREADS;-D_rvTranslate;-march=rv32im;-mabi=ilp32;-fdata-sections;-ffunction-sections
Id flags: --ec++ 

The output was:
No such file or directory


Compiling the CXX compiler identification source file "CMakeCXXCompilerId.cpp" failed.
Compiler: riscv32-unknown-elf-g++ 
Build flags: ;;;-DNO_ATOMICS;-D_POSIX_THREADS;-D_rvTranslate;-march=rv32im;-mabi=ilp32;-fdata-sections;-ffunction-sections;;;-DNO_ATOMICS;-D_POSIX_THREADS;-D_rvTranslate;-march=rv32im;-mabi=ilp32;-fdata-sections;-ffunction-sections;;-DNO_ATOMICS;-D_POSIX_THREADS;-D_rvTranslate;-march=rv32im;-mabi=ilp32;-fdata-sections;-ffunction-sections
Id flags: --target=arm-arm-none-eabi;-mcpu=cortex-m3 

The output was:
No such file or directory


Compiling the CXX compiler identification source file "CMakeCXXCompilerId.cpp" failed.
Compiler: riscv32-unknown-elf-g++ 
Build flags: 
Id flags:  

The output was:
No such file or directory


Compiling the CXX compiler identification source file "CMakeCXXCompilerId.cpp" failed.
Compiler: riscv32-unknown-elf-g++ 
Build flags: 
Id flags: -c 

The output was:
No such file or directory


Compiling the CXX compiler identification source file "CMakeCXXCompilerId.cpp" failed.
Compiler: riscv32-unknown-elf-g++ 
Build flags: 
Id flags: --c++ 

The output was:
No such file or directory


Compiling the CXX compiler identification source file "CMakeCXXCompilerId.cpp" failed.
Compiler: riscv32-unknown-elf-g++ 
Build flags: 
Id flags: --ec++ 

The output was:
No such file or directory


Compiling the CXX compiler identification source file "CMakeCXXCompilerId.cpp" failed.
Compiler: riscv32-unknown-elf-g++ 
Build flags: 
Id flags: --target=arm-arm-none-eabi;-mcpu=cortex-m3 

The output was:
No such file or directory


Checking whether the CXX compiler is IAR using "" did not match "IAR .+ Compiler":
Checking whether the CXX compiler is IAR using "" did not match "IAR .+ Compiler":
