

================================================================
== Vitis HLS Report for 'fully_connected_fprop_Pipeline_VITIS_LOOP_290_2'
================================================================
* Date:           Wed Mar 12 17:43:17 2025

* Version:        2024.2 (Build 5238294 on Nov  8 2024)
* Project:        prj
* Solution:       fully_connected_fprop_sol (Vivado IP Flow Target)
* Product family: virtexuplus
* Target device:  xcvu19p-fsvb3824-2-e


================================================================
== Performance Estimates
================================================================
+ Timing: 
    * Summary: 
    +--------+---------+----------+------------+
    |  Clock |  Target | Estimated| Uncertainty|
    +--------+---------+----------+------------+
    |ap_clk  |  3.30 ns|  2.983 ns|     0.89 ns|
    +--------+---------+----------+------------+

+ Latency: 
    * Summary: 
    +---------+---------+----------+----------+-----+-----+------------------------------------------------+
    |  Latency (cycles) |  Latency (absolute) |  Interval |                    Pipeline                    |
    |   min   |   max   |    min   |    max   | min | max |                      Type                      |
    +---------+---------+----------+----------+-----+-----+------------------------------------------------+
    |        ?|        ?|         ?|         ?|    0|    0|  loop auto-rewind stp (delay=0 clock cycles(s))|
    +---------+---------+----------+----------+-----+-----+------------------------------------------------+

    + Detail: 
        * Instance: 
        N/A

        * Loop: 
        +--------------------+---------+---------+----------+-----------+-----------+------+----------+
        |                    |  Latency (cycles) | Iteration|  Initiation Interval  | Trip |          |
        |      Loop Name     |   min   |   max   |  Latency |  achieved |   target  | Count| Pipelined|
        +--------------------+---------+---------+----------+-----------+-----------+------+----------+
        |- VITIS_LOOP_290_2  |        ?|        ?|        19|          7|          1|     ?|       yes|
        +--------------------+---------+---------+----------+-----------+-----------+------+----------+

============================================================
+ Verbose Summary: Synthesis Manager
============================================================
InlineROM: 1
ExposeGlobal: 0
============================================================
+ Verbose Summary: CDFG Model
============================================================
IsTopModel: 0
ResetActiveHigh: 1
IsCombinational: 0
IsDatapathOnly: 0
HasWiredReturn: 1
HasMFsm: 2
HasVarLatency: 1
IsPipeline: 0
IsRtlPipelined: 0
IsInstanceOverlapped: 0
IsDontTouch: 0
HasImplIP: 0
IsGatedGlobalClock: 0

+ Individual pipeline summary: 
  * Pipeline-0: initiation interval (II) = 7, depth = 19


============================================================
+ Verbose Summary: Schedule
============================================================
* Number of FSM states : 19
* Pipeline : 1
  Pipeline-0 : II = 7, D = 19, States = { 1 2 3 4 5 6 7 8 9 10 11 12 13 14 15 16 17 18 19 }
* Dataflow Pipeline: 0

* FSM state transitions: 
1 --> 2 
2 --> 3 
3 --> 4 
4 --> 5 
5 --> 6 
6 --> 7 
7 --> 8 
8 --> 9 
9 --> 10 
10 --> 11 
11 --> 12 
12 --> 13 
13 --> 14 
14 --> 15 
15 --> 16 
16 --> 17 
17 --> 18 
18 --> 19 
19 --> 

* FSM state operations: 

State 1 <SV = 0> <Delay = 1.65>
ST_1 : Operation 22 [1/1] (0.00ns)   --->   "%phi_mul = alloca i32 1"   --->   Operation 22 'alloca' 'phi_mul' <Predicate = true> <Delay = 0.00>
ST_1 : Operation 23 [1/1] (0.00ns)   --->   "%sum = alloca i32 1" [../source/hls.cpp:289]   --->   Operation 23 'alloca' 'sum' <Predicate = true> <Delay = 0.00>
ST_1 : Operation 24 [1/1] (0.00ns)   --->   "%j = alloca i32 1" [../source/hls.cpp:290]   --->   Operation 24 'alloca' 'j' <Predicate = true> <Delay = 0.00>
ST_1 : Operation 25 [1/1] (0.00ns)   --->   "%specinterface_ln0 = specinterface void @_ssdm_op_SpecInterface, i3200 %output_layer_kernel, void @empty_1, i32 0, i32 0, void @empty_0, i32 4294967295, i32 0, void @empty_0, void @empty_0, void @empty_0, i32 0, i32 0, i32 0, i32 0, void @empty_0, void @empty_0, i32 4294967295, i32 0, i32 0"   --->   Operation 25 'specinterface' 'specinterface_ln0' <Predicate = true> <Delay = 0.00>
ST_1 : Operation 26 [1/1] (0.00ns)   --->   "%specinterface_ln0 = specinterface void @_ssdm_op_SpecInterface, i64 %c5_conv_layer_map_data, void @empty_1, i32 0, i32 0, void @empty_0, i32 4294967295, i32 0, void @empty_0, void @empty_0, void @empty_0, i32 0, i32 0, i32 0, i32 0, void @empty_0, void @empty_0, i32 4294967295, i32 0, i32 0"   --->   Operation 26 'specinterface' 'specinterface_ln0' <Predicate = true> <Delay = 0.00>
ST_1 : Operation 27 [1/1] (0.00ns)   --->   "%tmp = read i11 @_ssdm_op_Read.ap_auto.i11, i11 %empty"   --->   Operation 27 'read' 'tmp' <Predicate = true> <Delay = 0.00>
ST_1 : Operation 28 [1/1] (0.00ns)   --->   "%tmp_2 = read i11 @_ssdm_op_Read.ap_auto.i11, i11 %empty_8"   --->   Operation 28 'read' 'tmp_2' <Predicate = true> <Delay = 0.00>
ST_1 : Operation 29 [1/1] (0.00ns)   --->   "%c5_conv_layer_map_count_load_read = read i32 @_ssdm_op_Read.ap_auto.i32, i32 %c5_conv_layer_map_count_load"   --->   Operation 29 'read' 'c5_conv_layer_map_count_load_read' <Predicate = true> <Delay = 0.00>
ST_1 : Operation 30 [1/1] (0.38ns)   --->   "%store_ln290 = store i31 0, i31 %j" [../source/hls.cpp:290]   --->   Operation 30 'store' 'store_ln290' <Predicate = true> <Delay = 0.38>
ST_1 : Operation 31 [1/1] (0.38ns)   --->   "%store_ln289 = store i64 0, i64 %sum" [../source/hls.cpp:289]   --->   Operation 31 'store' 'store_ln289' <Predicate = true> <Delay = 0.38>
ST_1 : Operation 32 [1/1] (0.38ns)   --->   "%store_ln0 = store i11 0, i11 %phi_mul"   --->   Operation 32 'store' 'store_ln0' <Predicate = true> <Delay = 0.38>
ST_1 : Operation 33 [1/1] (0.00ns)   --->   "%br_ln0 = br void %for.inc"   --->   Operation 33 'br' 'br_ln0' <Predicate = true> <Delay = 0.00>
ST_1 : Operation 34 [1/1] (0.00ns)   --->   "%j_1 = load i31 %j" [../source/hls.cpp:290]   --->   Operation 34 'load' 'j_1' <Predicate = true> <Delay = 0.00>
ST_1 : Operation 35 [1/1] (0.00ns)   --->   "%zext_ln290 = zext i31 %j_1" [../source/hls.cpp:290]   --->   Operation 35 'zext' 'zext_ln290' <Predicate = true> <Delay = 0.00>
ST_1 : Operation 36 [1/1] (0.88ns)   --->   "%icmp_ln290 = icmp_slt  i32 %zext_ln290, i32 %c5_conv_layer_map_count_load_read" [../source/hls.cpp:290]   --->   Operation 36 'icmp' 'icmp_ln290' <Predicate = true> <Delay = 0.88> <CoreInst = "Cmp">   --->   Core 9 'Cmp' <Latency = 0> <II = 1> <Delay = 0.88> <FuncUnit> <Opcode : 'seteq' 'setne' 'setle' 'setge' 'setlt' 'setgt'> <InPorts = 2> <OutPorts = 1>
ST_1 : Operation 37 [1/1] (0.87ns)   --->   "%add_ln290 = add i31 %j_1, i31 1" [../source/hls.cpp:290]   --->   Operation 37 'add' 'add_ln290' <Predicate = true> <Delay = 0.87> <CoreInst = "Adder">   --->   Core 1 'Adder' <Latency = 0> <II = 1> <Delay = 0.87> <FuncUnit> <Opcode : 'add' 'sub'> <InPorts = 2> <OutPorts = 1>
ST_1 : Operation 38 [1/1] (0.00ns)   --->   "%br_ln290 = br i1 %icmp_ln290, void %for.inc22.loopexit.exitStub, void %for.inc.split" [../source/hls.cpp:290]   --->   Operation 38 'br' 'br_ln290' <Predicate = true> <Delay = 0.00>
ST_1 : Operation 39 [1/1] (0.00ns)   --->   "%trunc_ln290 = trunc i31 %j_1" [../source/hls.cpp:290]   --->   Operation 39 'trunc' 'trunc_ln290' <Predicate = (icmp_ln290)> <Delay = 0.00>
ST_1 : Operation 40 [1/1] (0.38ns)   --->   "%store_ln290 = store i31 %add_ln290, i31 %j" [../source/hls.cpp:290]   --->   Operation 40 'store' 'store_ln290' <Predicate = (icmp_ln290)> <Delay = 0.38>

State 2 <SV = 1> <Delay = 2.98>
ST_2 : Operation 41 [1/1] (0.00ns)   --->   "%phi_mul_load = load i11 %phi_mul" [../source/hls.cpp:292]   --->   Operation 41 'load' 'phi_mul_load' <Predicate = (icmp_ln290)> <Delay = 0.00>
ST_2 : Operation 42 [1/1] (0.00ns)   --->   "%tmp_1 = bitconcatenate i17 @_ssdm_op_BitConcatenate.i17.i7.i10, i7 %trunc_ln290, i10 0" [../source/hls.cpp:292]   --->   Operation 42 'bitconcatenate' 'tmp_1' <Predicate = (icmp_ln290)> <Delay = 0.00>
ST_2 : Operation 43 [1/1] (0.00ns)   --->   "%zext_ln292_1 = zext i17 %tmp_1" [../source/hls.cpp:292]   --->   Operation 43 'zext' 'zext_ln292_1' <Predicate = (icmp_ln290)> <Delay = 0.00>
ST_2 : Operation 44 [1/1] (0.00ns)   --->   "%c5_conv_layer_map_data_addr = getelementptr i64 %c5_conv_layer_map_data, i64 0, i64 %zext_ln292_1" [../source/hls.cpp:292]   --->   Operation 44 'getelementptr' 'c5_conv_layer_map_data_addr' <Predicate = (icmp_ln290)> <Delay = 0.00>
ST_2 : Operation 45 [2/2] (2.98ns)   --->   "%c5_conv_layer_map_data_load = load i17 %c5_conv_layer_map_data_addr" [../source/hls.cpp:292]   --->   Operation 45 'load' 'c5_conv_layer_map_data_load' <Predicate = (icmp_ln290)> <Delay = 2.98> <CoreInst = "RAM">   --->   Core 82 'RAM' <Latency = 1> <II = 1> <Delay = 2.98> <Storage> <Opcode : 'load' 'store'> <Ports = 2> <Width = 64> <Depth = 122880> <RAM>
ST_2 : Operation 46 [1/1] (0.73ns)   --->   "%add_ln292_1 = add i11 %phi_mul_load, i11 %tmp_2" [../source/hls.cpp:292]   --->   Operation 46 'add' 'add_ln292_1' <Predicate = (icmp_ln290)> <Delay = 0.73> <CoreInst = "Adder">   --->   Core 1 'Adder' <Latency = 0> <II = 1> <Delay = 0.73> <FuncUnit> <Opcode : 'add' 'sub'> <InPorts = 2> <OutPorts = 1>
ST_2 : Operation 47 [1/1] (0.73ns)   --->   "%add_ln292 = add i11 %phi_mul_load, i11 %tmp" [../source/hls.cpp:292]   --->   Operation 47 'add' 'add_ln292' <Predicate = (icmp_ln290)> <Delay = 0.73> <CoreInst = "Adder">   --->   Core 1 'Adder' <Latency = 0> <II = 1> <Delay = 0.73> <FuncUnit> <Opcode : 'add' 'sub'> <InPorts = 2> <OutPorts = 1>
ST_2 : Operation 48 [1/1] (0.00ns)   --->   "%zext_ln292 = zext i11 %add_ln292" [../source/hls.cpp:292]   --->   Operation 48 'zext' 'zext_ln292' <Predicate = (icmp_ln290)> <Delay = 0.00>
ST_2 : Operation 49 [1/1] (0.00ns)   --->   "%output_layer_kernel_addr = getelementptr i3200 %output_layer_kernel, i64 0, i64 %zext_ln292" [../source/hls.cpp:292]   --->   Operation 49 'getelementptr' 'output_layer_kernel_addr' <Predicate = (icmp_ln290)> <Delay = 0.00>
ST_2 : Operation 50 [2/2] (1.64ns)   --->   "%output_layer_kernel_load = load i11 %output_layer_kernel_addr" [../source/hls.cpp:292]   --->   Operation 50 'load' 'output_layer_kernel_load' <Predicate = (icmp_ln290)> <Delay = 1.64> <CoreInst = "RAM">   --->   Core 82 'RAM' <Latency = 1> <II = 1> <Delay = 1.64> <Storage> <Opcode : 'load' 'store'> <Ports = 2> <Width = 3200> <Depth = 1920> <RAM>
ST_2 : Operation 51 [1/1] (0.38ns)   --->   "%store_ln292 = store i11 %add_ln292_1, i11 %phi_mul" [../source/hls.cpp:292]   --->   Operation 51 'store' 'store_ln292' <Predicate = (icmp_ln290)> <Delay = 0.38>

State 3 <SV = 2> <Delay = 2.98>
ST_3 : Operation 52 [1/2] ( I:2.98ns O:2.98ns )   --->   "%c5_conv_layer_map_data_load = load i17 %c5_conv_layer_map_data_addr" [../source/hls.cpp:292]   --->   Operation 52 'load' 'c5_conv_layer_map_data_load' <Predicate = (icmp_ln290)> <Delay = 2.98> <CoreInst = "RAM">   --->   Core 82 'RAM' <Latency = 1> <II = 1> <Delay = 2.98> <Storage> <Opcode : 'load' 'store'> <Ports = 2> <Width = 64> <Depth = 122880> <RAM>
ST_3 : Operation 53 [1/2] ( I:1.64ns O:1.64ns )   --->   "%output_layer_kernel_load = load i11 %output_layer_kernel_addr" [../source/hls.cpp:292]   --->   Operation 53 'load' 'output_layer_kernel_load' <Predicate = (icmp_ln290)> <Delay = 1.64> <CoreInst = "RAM">   --->   Core 82 'RAM' <Latency = 1> <II = 1> <Delay = 1.64> <Storage> <Opcode : 'load' 'store'> <Ports = 2> <Width = 3200> <Depth = 1920> <RAM>
ST_3 : Operation 54 [1/1] (0.00ns)   --->   "%trunc_ln292 = trunc i3200 %output_layer_kernel_load" [../source/hls.cpp:292]   --->   Operation 54 'trunc' 'trunc_ln292' <Predicate = (icmp_ln290)> <Delay = 0.00>

State 4 <SV = 3> <Delay = 2.32>
ST_4 : Operation 55 [1/1] (0.00ns)   --->   "%bitcast_ln292 = bitcast i64 %c5_conv_layer_map_data_load" [../source/hls.cpp:292]   --->   Operation 55 'bitcast' 'bitcast_ln292' <Predicate = (icmp_ln290)> <Delay = 0.00>
ST_4 : Operation 56 [1/1] (0.00ns)   --->   "%bitcast_ln292_1 = bitcast i64 %trunc_ln292" [../source/hls.cpp:292]   --->   Operation 56 'bitcast' 'bitcast_ln292_1' <Predicate = (icmp_ln290)> <Delay = 0.00>
ST_4 : Operation 57 [8/8] (2.32ns)   --->   "%mul = dmul i64 %bitcast_ln292, i64 %bitcast_ln292_1" [../source/hls.cpp:292]   --->   Operation 57 'dmul' 'mul' <Predicate = (icmp_ln290)> <Delay = 2.32> <CoreInst = "DMul_maxdsp">   --->   Core 49 'DMul_maxdsp' <Latency = 7> <II = 1> <Delay = 2.32> <FuncUnit> <Opcode : 'dmul'> <InPorts = 2> <OutPorts = 1>

State 5 <SV = 4> <Delay = 2.32>
ST_5 : Operation 58 [7/8] (2.32ns)   --->   "%mul = dmul i64 %bitcast_ln292, i64 %bitcast_ln292_1" [../source/hls.cpp:292]   --->   Operation 58 'dmul' 'mul' <Predicate = (icmp_ln290)> <Delay = 2.32> <CoreInst = "DMul_maxdsp">   --->   Core 49 'DMul_maxdsp' <Latency = 7> <II = 1> <Delay = 2.32> <FuncUnit> <Opcode : 'dmul'> <InPorts = 2> <OutPorts = 1>

State 6 <SV = 5> <Delay = 2.32>
ST_6 : Operation 59 [6/8] (2.32ns)   --->   "%mul = dmul i64 %bitcast_ln292, i64 %bitcast_ln292_1" [../source/hls.cpp:292]   --->   Operation 59 'dmul' 'mul' <Predicate = (icmp_ln290)> <Delay = 2.32> <CoreInst = "DMul_maxdsp">   --->   Core 49 'DMul_maxdsp' <Latency = 7> <II = 1> <Delay = 2.32> <FuncUnit> <Opcode : 'dmul'> <InPorts = 2> <OutPorts = 1>

State 7 <SV = 6> <Delay = 2.32>
ST_7 : Operation 60 [5/8] (2.32ns)   --->   "%mul = dmul i64 %bitcast_ln292, i64 %bitcast_ln292_1" [../source/hls.cpp:292]   --->   Operation 60 'dmul' 'mul' <Predicate = (icmp_ln290)> <Delay = 2.32> <CoreInst = "DMul_maxdsp">   --->   Core 49 'DMul_maxdsp' <Latency = 7> <II = 1> <Delay = 2.32> <FuncUnit> <Opcode : 'dmul'> <InPorts = 2> <OutPorts = 1>

State 8 <SV = 7> <Delay = 2.32>
ST_8 : Operation 61 [4/8] (2.32ns)   --->   "%mul = dmul i64 %bitcast_ln292, i64 %bitcast_ln292_1" [../source/hls.cpp:292]   --->   Operation 61 'dmul' 'mul' <Predicate = true> <Delay = 2.32> <CoreInst = "DMul_maxdsp">   --->   Core 49 'DMul_maxdsp' <Latency = 7> <II = 1> <Delay = 2.32> <FuncUnit> <Opcode : 'dmul'> <InPorts = 2> <OutPorts = 1>

State 9 <SV = 8> <Delay = 2.32>
ST_9 : Operation 62 [3/8] (2.32ns)   --->   "%mul = dmul i64 %bitcast_ln292, i64 %bitcast_ln292_1" [../source/hls.cpp:292]   --->   Operation 62 'dmul' 'mul' <Predicate = true> <Delay = 2.32> <CoreInst = "DMul_maxdsp">   --->   Core 49 'DMul_maxdsp' <Latency = 7> <II = 1> <Delay = 2.32> <FuncUnit> <Opcode : 'dmul'> <InPorts = 2> <OutPorts = 1>

State 10 <SV = 9> <Delay = 2.32>
ST_10 : Operation 63 [2/8] (2.32ns)   --->   "%mul = dmul i64 %bitcast_ln292, i64 %bitcast_ln292_1" [../source/hls.cpp:292]   --->   Operation 63 'dmul' 'mul' <Predicate = true> <Delay = 2.32> <CoreInst = "DMul_maxdsp">   --->   Core 49 'DMul_maxdsp' <Latency = 7> <II = 1> <Delay = 2.32> <FuncUnit> <Opcode : 'dmul'> <InPorts = 2> <OutPorts = 1>

State 11 <SV = 10> <Delay = 2.32>
ST_11 : Operation 64 [1/8] (2.32ns)   --->   "%mul = dmul i64 %bitcast_ln292, i64 %bitcast_ln292_1" [../source/hls.cpp:292]   --->   Operation 64 'dmul' 'mul' <Predicate = true> <Delay = 2.32> <CoreInst = "DMul_maxdsp">   --->   Core 49 'DMul_maxdsp' <Latency = 7> <II = 1> <Delay = 2.32> <FuncUnit> <Opcode : 'dmul'> <InPorts = 2> <OutPorts = 1>

State 12 <SV = 11> <Delay = 1.90>
ST_12 : Operation 65 [1/1] (0.00ns)   --->   "%sum_load = load i64 %sum" [../source/hls.cpp:292]   --->   Operation 65 'load' 'sum_load' <Predicate = true> <Delay = 0.00>
ST_12 : Operation 66 [8/8] (1.90ns)   --->   "%sum_1 = dadd i64 %sum_load, i64 %mul" [../source/hls.cpp:292]   --->   Operation 66 'dadd' 'sum_1' <Predicate = true> <Delay = 1.90> <CoreInst = "DAddSub_fulldsp">   --->   Core 37 'DAddSub_fulldsp' <Latency = 7> <II = 1> <Delay = 1.90> <FuncUnit> <Opcode : 'dadd' 'dsub'> <InPorts = 2> <OutPorts = 1>
ST_12 : Operation 78 [1/1] (0.00ns)   --->   "%sum_load_1 = load i64 %sum"   --->   Operation 78 'load' 'sum_load_1' <Predicate = (!icmp_ln290)> <Delay = 0.00>
ST_12 : Operation 79 [1/1] (0.00ns)   --->   "%write_ln0 = write void @_ssdm_op_Write.ap_auto.doubleP0A, i64 %sum_out, i64 %sum_load_1"   --->   Operation 79 'write' 'write_ln0' <Predicate = (!icmp_ln290)> <Delay = 0.00>
ST_12 : Operation 80 [1/1] (0.38ns)   --->   "%ret_ln0 = ret"   --->   Operation 80 'ret' 'ret_ln0' <Predicate = (!icmp_ln290)> <Delay = 0.38>

State 13 <SV = 12> <Delay = 1.90>
ST_13 : Operation 67 [7/8] (1.90ns)   --->   "%sum_1 = dadd i64 %sum_load, i64 %mul" [../source/hls.cpp:292]   --->   Operation 67 'dadd' 'sum_1' <Predicate = true> <Delay = 1.90> <CoreInst = "DAddSub_fulldsp">   --->   Core 37 'DAddSub_fulldsp' <Latency = 7> <II = 1> <Delay = 1.90> <FuncUnit> <Opcode : 'dadd' 'dsub'> <InPorts = 2> <OutPorts = 1>

State 14 <SV = 13> <Delay = 1.90>
ST_14 : Operation 68 [6/8] (1.90ns)   --->   "%sum_1 = dadd i64 %sum_load, i64 %mul" [../source/hls.cpp:292]   --->   Operation 68 'dadd' 'sum_1' <Predicate = true> <Delay = 1.90> <CoreInst = "DAddSub_fulldsp">   --->   Core 37 'DAddSub_fulldsp' <Latency = 7> <II = 1> <Delay = 1.90> <FuncUnit> <Opcode : 'dadd' 'dsub'> <InPorts = 2> <OutPorts = 1>

State 15 <SV = 14> <Delay = 1.90>
ST_15 : Operation 69 [5/8] (1.90ns)   --->   "%sum_1 = dadd i64 %sum_load, i64 %mul" [../source/hls.cpp:292]   --->   Operation 69 'dadd' 'sum_1' <Predicate = true> <Delay = 1.90> <CoreInst = "DAddSub_fulldsp">   --->   Core 37 'DAddSub_fulldsp' <Latency = 7> <II = 1> <Delay = 1.90> <FuncUnit> <Opcode : 'dadd' 'dsub'> <InPorts = 2> <OutPorts = 1>

State 16 <SV = 15> <Delay = 1.90>
ST_16 : Operation 70 [4/8] (1.90ns)   --->   "%sum_1 = dadd i64 %sum_load, i64 %mul" [../source/hls.cpp:292]   --->   Operation 70 'dadd' 'sum_1' <Predicate = true> <Delay = 1.90> <CoreInst = "DAddSub_fulldsp">   --->   Core 37 'DAddSub_fulldsp' <Latency = 7> <II = 1> <Delay = 1.90> <FuncUnit> <Opcode : 'dadd' 'dsub'> <InPorts = 2> <OutPorts = 1>

State 17 <SV = 16> <Delay = 1.90>
ST_17 : Operation 71 [3/8] (1.90ns)   --->   "%sum_1 = dadd i64 %sum_load, i64 %mul" [../source/hls.cpp:292]   --->   Operation 71 'dadd' 'sum_1' <Predicate = true> <Delay = 1.90> <CoreInst = "DAddSub_fulldsp">   --->   Core 37 'DAddSub_fulldsp' <Latency = 7> <II = 1> <Delay = 1.90> <FuncUnit> <Opcode : 'dadd' 'dsub'> <InPorts = 2> <OutPorts = 1>

State 18 <SV = 17> <Delay = 1.90>
ST_18 : Operation 72 [2/8] (1.90ns)   --->   "%sum_1 = dadd i64 %sum_load, i64 %mul" [../source/hls.cpp:292]   --->   Operation 72 'dadd' 'sum_1' <Predicate = true> <Delay = 1.90> <CoreInst = "DAddSub_fulldsp">   --->   Core 37 'DAddSub_fulldsp' <Latency = 7> <II = 1> <Delay = 1.90> <FuncUnit> <Opcode : 'dadd' 'dsub'> <InPorts = 2> <OutPorts = 1>

State 19 <SV = 18> <Delay = 2.29>
ST_19 : Operation 73 [1/1] (0.00ns)   --->   "%specpipeline_ln289 = specpipeline void @_ssdm_op_SpecPipeline, i32 4294967295, i32 0, i32 0, i32 0, void @empty_0" [../source/hls.cpp:289]   --->   Operation 73 'specpipeline' 'specpipeline_ln289' <Predicate = true> <Delay = 0.00>
ST_19 : Operation 74 [1/1] (0.00ns)   --->   "%specloopname_ln290 = specloopname void @_ssdm_op_SpecLoopName, void @empty_3" [../source/hls.cpp:290]   --->   Operation 74 'specloopname' 'specloopname_ln290' <Predicate = true> <Delay = 0.00>
ST_19 : Operation 75 [1/8] (1.90ns)   --->   "%sum_1 = dadd i64 %sum_load, i64 %mul" [../source/hls.cpp:292]   --->   Operation 75 'dadd' 'sum_1' <Predicate = true> <Delay = 1.90> <CoreInst = "DAddSub_fulldsp">   --->   Core 37 'DAddSub_fulldsp' <Latency = 7> <II = 1> <Delay = 1.90> <FuncUnit> <Opcode : 'dadd' 'dsub'> <InPorts = 2> <OutPorts = 1>
ST_19 : Operation 76 [1/1] (0.38ns)   --->   "%store_ln289 = store i64 %sum_1, i64 %sum" [../source/hls.cpp:289]   --->   Operation 76 'store' 'store_ln289' <Predicate = true> <Delay = 0.38>
ST_19 : Operation 77 [1/1] (0.00ns)   --->   "%br_ln290 = br void %for.inc" [../source/hls.cpp:290]   --->   Operation 77 'br' 'br_ln290' <Predicate = true> <Delay = 0.00>


============================================================
+ Verbose Summary: Timing violations
============================================================
Target clock period: 3.300ns, clock uncertainty: 0.891ns.

 <State 1>: 1.654ns
The critical path consists of the following:
	'store' operation 0 bit ('store_ln290', ../source/hls.cpp:290) of constant 0 on local variable 'j', ../source/hls.cpp:290 [15]  (0.387 ns)
	'load' operation 31 bit ('j', ../source/hls.cpp:290) on local variable 'j', ../source/hls.cpp:290 [20]  (0.000 ns)
	'icmp' operation 1 bit ('icmp_ln290', ../source/hls.cpp:290) [22]  (0.880 ns)
	'store' operation 0 bit ('store_ln290', ../source/hls.cpp:290) of variable 'add_ln290', ../source/hls.cpp:290 on local variable 'j', ../source/hls.cpp:290 [45]  (0.387 ns)

 <State 2>: 2.983ns
The critical path consists of the following:
	'getelementptr' operation 17 bit ('c5_conv_layer_map_data_addr', ../source/hls.cpp:292) [31]  (0.000 ns)
	'load' operation 64 bit ('c5_conv_layer_map_data_load', ../source/hls.cpp:292) on array 'c5_conv_layer_map_data' [34]  (2.983 ns)

 <State 3>: 2.983ns
The critical path consists of the following:
	'load' operation 64 bit ('c5_conv_layer_map_data_load', ../source/hls.cpp:292) on array 'c5_conv_layer_map_data' [34]  (2.983 ns)

 <State 4>: 2.323ns
The critical path consists of the following:
	'dmul' operation 64 bit ('mul', ../source/hls.cpp:292) [43]  (2.323 ns)

 <State 5>: 2.323ns
The critical path consists of the following:
	'dmul' operation 64 bit ('mul', ../source/hls.cpp:292) [43]  (2.323 ns)

 <State 6>: 2.323ns
The critical path consists of the following:
	'dmul' operation 64 bit ('mul', ../source/hls.cpp:292) [43]  (2.323 ns)

 <State 7>: 2.323ns
The critical path consists of the following:
	'dmul' operation 64 bit ('mul', ../source/hls.cpp:292) [43]  (2.323 ns)

 <State 8>: 2.323ns
The critical path consists of the following:
	'dmul' operation 64 bit ('mul', ../source/hls.cpp:292) [43]  (2.323 ns)

 <State 9>: 2.323ns
The critical path consists of the following:
	'dmul' operation 64 bit ('mul', ../source/hls.cpp:292) [43]  (2.323 ns)

 <State 10>: 2.323ns
The critical path consists of the following:
	'dmul' operation 64 bit ('mul', ../source/hls.cpp:292) [43]  (2.323 ns)

 <State 11>: 2.323ns
The critical path consists of the following:
	'dmul' operation 64 bit ('mul', ../source/hls.cpp:292) [43]  (2.323 ns)

 <State 12>: 1.905ns
The critical path consists of the following:
	'load' operation 64 bit ('sum_load', ../source/hls.cpp:292) on local variable 'sum', ../source/hls.cpp:289 [27]  (0.000 ns)
	'dadd' operation 64 bit ('sum', ../source/hls.cpp:292) [44]  (1.905 ns)

 <State 13>: 1.905ns
The critical path consists of the following:
	'dadd' operation 64 bit ('sum', ../source/hls.cpp:292) [44]  (1.905 ns)

 <State 14>: 1.905ns
The critical path consists of the following:
	'dadd' operation 64 bit ('sum', ../source/hls.cpp:292) [44]  (1.905 ns)

 <State 15>: 1.905ns
The critical path consists of the following:
	'dadd' operation 64 bit ('sum', ../source/hls.cpp:292) [44]  (1.905 ns)

 <State 16>: 1.905ns
The critical path consists of the following:
	'dadd' operation 64 bit ('sum', ../source/hls.cpp:292) [44]  (1.905 ns)

 <State 17>: 1.905ns
The critical path consists of the following:
	'dadd' operation 64 bit ('sum', ../source/hls.cpp:292) [44]  (1.905 ns)

 <State 18>: 1.905ns
The critical path consists of the following:
	'dadd' operation 64 bit ('sum', ../source/hls.cpp:292) [44]  (1.905 ns)

 <State 19>: 2.292ns
The critical path consists of the following:
	'dadd' operation 64 bit ('sum', ../source/hls.cpp:292) [44]  (1.905 ns)
	'store' operation 0 bit ('store_ln289', ../source/hls.cpp:289) of variable 'sum', ../source/hls.cpp:292 on local variable 'sum', ../source/hls.cpp:289 [46]  (0.387 ns)


============================================================
+ Verbose Summary: Binding
============================================================
N/A
* FSMD analyzer results:
  - Output states:
 - Input state : 
  - Chain level:
	State 1
	State 2
	State 3
	State 4
	State 5
	State 6
	State 7
	State 8
	State 9
	State 10
	State 11
	State 12
	State 13
	State 14
	State 15
	State 16
	State 17
	State 18
	State 19


============================================================
+ Verbose Summary: Datapath Resource usage 
============================================================
N/A
