

================================================================
== Vitis HLS Report for 'cnn_hls_Pipeline_VITIS_LOOP_125_2'
================================================================
* Date:           Thu Feb 27 14:44:00 2025

* Version:        2024.2 (Build 5238294 on Nov  8 2024)
* Project:        prj
* Solution:       cnn_hls_sol (Vivado IP Flow Target)
* Product family: virtexuplus
* Target device:  xcvu19p-fsvb3824-2-e


================================================================
== Performance Estimates
================================================================
+ Timing: 
    * Summary: 
    +--------+---------+----------+------------+
    |  Clock |  Target | Estimated| Uncertainty|
    +--------+---------+----------+------------+
    |ap_clk  |  3.30 ns|  2.390 ns|     0.89 ns|
    +--------+---------+----------+------------+

+ Latency: 
    * Summary: 
    +---------+---------+----------+----------+-----+-----+------------------------------------------------+
    |  Latency (cycles) |  Latency (absolute) |  Interval |                    Pipeline                    |
    |   min   |   max   |    min   |    max   | min | max |                      Type                      |
    +---------+---------+----------+----------+-----+-----+------------------------------------------------+
    |        ?|        ?|         ?|         ?|    0|    0|  loop auto-rewind stp (delay=0 clock cycles(s))|
    +---------+---------+----------+----------+-----+-----+------------------------------------------------+

    + Detail: 
        * Instance: 
        N/A

        * Loop: 
        +--------------------+---------+---------+----------+-----------+-----------+------+----------+
        |                    |  Latency (cycles) | Iteration|  Initiation Interval  | Trip |          |
        |      Loop Name     |   min   |   max   |  Latency |  achieved |   target  | Count| Pipelined|
        +--------------------+---------+---------+----------+-----------+-----------+------+----------+
        |- VITIS_LOOP_125_2  |        ?|        ?|         3|          1|          1|     ?|       yes|
        +--------------------+---------+---------+----------+-----------+-----------+------+----------+



================================================================
== Utilization Estimates
================================================================
* Summary: 
+---------------------+---------+------+---------+---------+-----+
|         Name        | BRAM_18K|  DSP |    FF   |   LUT   | URAM|
+---------------------+---------+------+---------+---------+-----+
|DSP                  |        -|     -|        -|        -|    -|
|Expression           |        -|     -|        0|      121|    -|
|FIFO                 |        -|     -|        -|        -|    -|
|Instance             |        -|     -|        -|        -|    -|
|Memory               |        -|     -|        -|        -|    -|
|Multiplexer          |        -|     -|        0|       36|    -|
|Register             |        -|     -|       70|        -|    -|
+---------------------+---------+------+---------+---------+-----+
|Total                |        0|     0|       70|      157|    0|
+---------------------+---------+------+---------+---------+-----+
|Available SLR        |     1080|   960|  2042880|  1021440|   80|
+---------------------+---------+------+---------+---------+-----+
|Utilization SLR (%)  |        0|     0|       ~0|       ~0|    0|
+---------------------+---------+------+---------+---------+-----+
|Available            |     4320|  3840|  8171520|  4085760|  320|
+---------------------+---------+------+---------+---------+-----+
|Utilization (%)      |        0|     0|       ~0|       ~0|    0|
+---------------------+---------+------+---------+---------+-----+

+ Detail: 
    * Instance: 
    N/A

    * DSP: 
    N/A

    * Memory: 
    N/A

    * FIFO: 
    N/A

    * Expression: 
    +-----------------------+----------+----+---+----+------------+------------+
    |     Variable Name     | Operation| DSP| FF| LUT| Bitwidth P0| Bitwidth P1|
    +-----------------------+----------+----+---+----+------------+------------+
    |add_ln125_fu_122_p2    |         +|   0|  0|  38|          31|           1|
    |add_ln126_1_fu_116_p2  |         +|   0|  0|  20|          13|           2|
    |add_ln126_fu_105_p2    |         +|   0|  0|  20|          13|          13|
    |ap_condition_66        |       and|   0|  0|   2|           1|           1|
    |icmp_ln125_fu_95_p2    |      icmp|   0|  0|  39|          32|          32|
    |ap_enable_pp0          |       xor|   0|  0|   2|           1|           2|
    +-----------------------+----------+----+---+----+------------+------------+
    |Total                  |          |   0|  0| 121|          91|          51|
    +-----------------------+----------+----+---+----+------------+------------+

    * Multiplexer: 
    +-------------------------+----+-----------+-----+-----------+
    |           Name          | LUT| Input Size| Bits| Total Bits|
    +-------------------------+----+-----------+-----+-----------+
    |ap_done_int              |   9|          2|    1|          2|
    |ap_enable_reg_pp0_iter1  |   9|          2|    1|          2|
    |ap_sig_allocacmp_x_1     |   9|          2|   31|         62|
    |x_fu_42                  |   9|          2|   31|         62|
    +-------------------------+----+-----------+-----+-----------+
    |Total                    |  36|          8|   64|        128|
    +-------------------------+----+-----------+-----+-----------+

    * Register: 
    +-----------------------------------+----+----+-----+-----------+
    |                Name               | FF | LUT| Bits| Const Bits|
    +-----------------------------------+----+----+-----+-----------+
    |add_ln126_1_reg_153                |  13|   0|   13|          0|
    |add_ln126_1_reg_153_pp0_iter1_reg  |  13|   0|   13|          0|
    |ap_CS_fsm                          |   1|   0|    1|          0|
    |ap_done_reg                        |   1|   0|    1|          0|
    |ap_enable_reg_pp0_iter1            |   1|   0|    1|          0|
    |ap_enable_reg_pp0_iter2            |   1|   0|    1|          0|
    |ap_loop_exit_ready_pp0_iter1_reg   |   1|   0|    1|          0|
    |pixel_load_reg_158                 |   8|   0|    8|          0|
    |x_fu_42                            |  31|   0|   31|          0|
    +-----------------------------------+----+----+-----+-----------+
    |Total                              |  70|   0|   70|          0|
    +-----------------------------------+----+----+-----+-----------+



================================================================
== Interface
================================================================
* Summary: 
+----------------+-----+-----+------------+-----------------------------------+--------------+
|    RTL Ports   | Dir | Bits|  Protocol  |           Source Object           |    C Type    |
+----------------+-----+-----+------------+-----------------------------------+--------------+
|ap_clk          |   in|    1|  ap_ctrl_hs|  cnn_hls_Pipeline_VITIS_LOOP_125_2|  return value|
|ap_rst          |   in|    1|  ap_ctrl_hs|  cnn_hls_Pipeline_VITIS_LOOP_125_2|  return value|
|ap_start        |   in|    1|  ap_ctrl_hs|  cnn_hls_Pipeline_VITIS_LOOP_125_2|  return value|
|ap_done         |  out|    1|  ap_ctrl_hs|  cnn_hls_Pipeline_VITIS_LOOP_125_2|  return value|
|ap_idle         |  out|    1|  ap_ctrl_hs|  cnn_hls_Pipeline_VITIS_LOOP_125_2|  return value|
|ap_ready        |  out|    1|  ap_ctrl_hs|  cnn_hls_Pipeline_VITIS_LOOP_125_2|  return value|
|ap_ce           |   in|    1|  ap_ctrl_hs|  cnn_hls_Pipeline_VITIS_LOOP_125_2|  return value|
|core_rwidth     |   in|   32|     ap_none|                        core_rwidth|        scalar|
|mul_ln124       |   in|   13|     ap_none|                          mul_ln124|        scalar|
|pixel_address0  |  out|   13|   ap_memory|                              pixel|         array|
|pixel_ce0       |  out|    1|   ap_memory|                              pixel|         array|
|pixel_q0        |   in|    8|   ap_memory|                              pixel|         array|
|pixel_address1  |  out|   13|   ap_memory|                              pixel|         array|
|pixel_ce1       |  out|    1|   ap_memory|                              pixel|         array|
|pixel_we1       |  out|    1|   ap_memory|                              pixel|         array|
|pixel_d1        |  out|    8|   ap_memory|                              pixel|         array|
+----------------+-----+-----+------------+-----------------------------------+--------------+

