================================================================
== Design Size Report
================================================================

* Total Instructions per Compilation Phase
+---------------+-----------------------------+--------------+----------------------------------------------------------------------------------------+
| Phase         | Step                        | Instructions | Description                                                                            |
+---------------+-----------------------------+--------------+----------------------------------------------------------------------------------------+
| Compile/Link  |                             | 297          | After all functions are compiled and linked into a single design                       |
|               |                             |              |                                                                                        |
| Unroll/Inline |                             |              | After user unroll and inline pragmas are applied                                       |
|               | (1) unroll                  | 238          | user unroll pragmas are applied                                                        |
|               | (2) simplification          | 189          | simplification of applied user unroll pragmas                                          |
|               | (3) inline                  | 195          | user inline pragmas are applied                                                        |
|               | (4) simplification          | 163          | simplification of applied user inline pragmas                                          |
|               |                             |              |                                                                                        |
| Array/Struct  |                             |              | After user array partition and struct aggregate/disaggregate pragmas are applied       |
|               | (1) array partition         | 156          | user array partition pragmas are applied                                               |
|               | (2) simplification          | 156          | simplification of applied user array partition & struct aggregate/disaggregate pragmas |
|               | (3) aggregate/disaggregate  | 156          | user struct aggregate/disaggregate pragmas are applied                                 |
|               | (4) array reshape           | 156          | apply array reshape pragmas                                                            |
|               | (5) access patterns         | 164          | array access pattern optmizations                                                      |
|               |                             |              |                                                                                        |
| Performance   |                             |              | After transformations are applied to meet performance pragma targets                   |
|               | (1) loop simplification     | 164          | loop and instruction simplification                                                    |
|               | (2) parallelization         | 164          | loops are unrolled or pipelined to meet performance targets                            |
|               | (3) array partition         | 156          | arrays are partitioned to meet performance targets                                     |
|               | (4) simplification          | 156          | simplification of design after performance transformations                             |
|               |                             |              |                                                                                        |
| HW Transforms |                             |              | After hardware transfomations                                                          |
|               | (1) lowering                | 173          | initial conversion to HW specific instructions                                         |
|               | (2) optimizations           | 180          | high level synthesis optimizations                                                     |
+---------------+-----------------------------+--------------+----------------------------------------------------------------------------------------+

* Instructions per Function for each Compilation Phase
+--------------------------+-------------+--------------+---------------+--------------+-------------+---------------+
| Function                 | Location    | Compile/Link | Unroll/Inline | Array/Struct | Performance | HW Transforms |
+--------------------------+-------------+--------------+---------------+--------------+-------------+---------------+
| + cnn_hls                | hls.cpp:117 | 297          | 163           | 164          | 156         | 180           |
|    cnnCore               | cnn.h:65    |   5          |               |              |             |               |
|    config                | cnn.h:72    |  17          |               |              |             |               |
|    scalar_matrix_multAdd | cnn.h:161   |  46          |               |              |             |               |
|    shiftLeft             | cnn.h:112   |  60          |               |              |             |               |
|    shiftUp               | cnn.h:99    |  58          |               |              |             |               |
|    shiftDown             | cnn.h:137   |  58          |               |              |             |               |
+--------------------------+-------------+--------------+---------------+--------------+-------------+---------------+

* Design Size Message Settings
+---------------------------------------------+--------+------------------------------------------------------------------+
| Message Setting                             | Value  | Description                                                      |
+---------------------------------------------+--------+------------------------------------------------------------------+
| config_compile -design_size_maximum_warning | 100000 | Show a warning when total design instructions exceeds this value |
+---------------------------------------------+--------+------------------------------------------------------------------+


