

================================================================
== Synthesis Summary Report of 'vector_add'
================================================================
+ General Information: 
    * Date:           Thu Feb 27 14:43:00 2025
    * Version:        2024.2 (Build 5238294 on Nov  8 2024)
    * Project:        prj
    * Solution:       vector_add_sol (Vivado IP Flow Target)
    * Product family: virtexuplus
    * Target device:  xcvu19p-fsvb3824-2-e
    

+ Performance & Resource Estimates: 
    
    PS: '+' for module; 'o' for loop; '*' for dataflow
    +--------------+------+------+---------+--------+----------+---------+------+----------+------+----+---+----------+-----+
    |    Modules   | Issue|      | Latency | Latency| Iteration|         | Trip |          |      |    |   |          |     |
    |    & Loops   | Type | Slack| (cycles)|  (ns)  |  Latency | Interval| Count| Pipelined| BRAM | DSP| FF|    LUT   | URAM|
    +--------------+------+------+---------+--------+----------+---------+------+----------+------+----+---+----------+-----+
    |+ vector_add  |     -|  1.53|        0|   0.000|         -|        1|     -|        no|     -|   -|  -|  78 (~0%)|    -|
    +--------------+------+------+---------+--------+----------+---------+------+----------+------+----+---+----------+-----+


================================================================
== HW Interfaces
================================================================
* Other Ports
+-----------+---------+-----------+----------+
| Port      | Mode    | Direction | Bitwidth |
+-----------+---------+-----------+----------+
| ap_core   | ap_none | in        | 8        |
| ap_parent | ap_none | in        | 8        |
| ap_part   | ap_none | in        | 8        |
| vec_d1_x  | ap_vld  | out       | 32       |
| vec_d1_y  | ap_vld  | out       | 32       |
| vec_s1_x  | ap_none | in        | 32       |
| vec_s1_y  | ap_none | in        | 32       |
| vec_s2_x  | ap_none | in        | 32       |
| vec_s2_y  | ap_none | in        | 32       |
+-----------+---------+-----------+----------+

* TOP LEVEL CONTROL
+-----------+-------------+-----------------------------------+
| Interface | Type        | Ports                             |
+-----------+-------------+-----------------------------------+
| ap_ce     | clockenable | ap_ce                             |
| ap_rst    | reset       | ap_rst                            |
| ap_ctrl   | ap_ctrl_hs  | ap_done ap_idle ap_ready ap_start |
+-----------+-------------+-----------------------------------+


================================================================
== SW I/O Information
================================================================
* Top Function Arguments
+-----------+-----------+---------------+
| Argument  | Direction | Datatype      |
+-----------+-----------+---------------+
| ap_core   | in        | unsigned char |
| ap_part   | in        | unsigned char |
| ap_parent | in        | unsigned char |
| vec_d1    | out       | pointer       |
| vec_s1    | in        |  const *      |
| vec_s2    | in        |  const *      |
+-----------+-----------+---------------+

* SW-to-HW Mapping
+-----------+-----------------+---------+
| Argument  | HW Interface    | HW Type |
+-----------+-----------------+---------+
| ap_core   | ap_core         | port    |
| ap_part   | ap_part         | port    |
| ap_parent | ap_parent       | port    |
| vec_d1    | vec_d1_x        | port    |
| vec_d1    | vec_d1_x_ap_vld | port    |
| vec_d1    | vec_d1_y        | port    |
| vec_d1    | vec_d1_y_ap_vld | port    |
| vec_s1    | vec_s1_x        | port    |
| vec_s1    | vec_s1_y        | port    |
| vec_s2    | vec_s2_x        | port    |
| vec_s2    | vec_s2_y        | port    |
+-----------+-----------------+---------+


================================================================
== Bind Op Report
================================================================
+--------------+-----+--------+----------+-----+--------+---------+
| Name         | DSP | Pragma | Variable | Op  | Impl   | Latency |
+--------------+-----+--------+----------+-----+--------+---------+
| + vector_add | 0   |        |          |     |        |         |
|   vec_d1_x   |     |        | add_ln39 | add | fabric | 0       |
|   vec_d1_y   |     |        | add_ln40 | add | fabric | 0       |
+--------------+-----+--------+----------+-----+--------+---------+


================================================================
== Storage Report
================================================================
  No bind storage info in design

================================================================
== Pragma Report
================================================================
* Valid Pragma Syntax
+-----------------+------------------------------------------+-------------------------------------------------------------------------------------+
| Type            | Options                                  | Location                                                                            |
+-----------------+------------------------------------------+-------------------------------------------------------------------------------------+
| inline          |                                          | ../tutorial_example/source/cnn.h:100 in shiftup                                     |
| inline          |                                          | ../tutorial_example/source/cnn.h:114 in shiftleft                                   |
| inline          |                                          | ../tutorial_example/source/cnn.h:138 in shiftdown                                   |
| array_partition | variable=arr_complete type=complete      | ../tutorial_example/source/hls.cpp:17 in assign_array_complete, arr_complete        |
| disaggregate    | variable=vec_s1                          | ../tutorial_example/source/hls.cpp:35 in vector_add, vec_s1                         |
| disaggregate    | variable=vec_s2                          | ../tutorial_example/source/hls.cpp:36 in vector_add, vec_s2                         |
| disaggregate    | variable=vec_d1                          | ../tutorial_example/source/hls.cpp:37 in vector_add, vec_d1                         |
| pipeline        | OFF                                      | ../tutorial_example/source/hls.cpp:46 in fill_value                                 |
| array_partition | variable=tc_arr type=complete            | ../tutorial_example/source/hls.cpp:66 in hevc_loop_filter_chroma_8bit_hls, tc_arr   |
| array_partition | variable=no_p_arr type=complete          | ../tutorial_example/source/hls.cpp:67 in hevc_loop_filter_chroma_8bit_hls, no_p_arr |
| array_partition | variable=no_q_arr type=complete          | ../tutorial_example/source/hls.cpp:68 in hevc_loop_filter_chroma_8bit_hls, no_q_arr |
| unroll          | OFF = TRUE                               | ../tutorial_example/source/hls.cpp:78 in hevc_loop_filter_chroma_8bit_hls           |
| pipeline        |                                          | ../tutorial_example/source/hls.cpp:88 in hevc_loop_filter_chroma_8bit_hls           |
| interface       | ap_memory port=pixel storage_type=RAM_2P | ../tutorial_example/source/hls.cpp:118 in cnn_hls, pixel                            |
+-----------------+------------------------------------------+-------------------------------------------------------------------------------------+


