/home/duludulu/Documents/hls/vitis_batch_generate_rtl/prj/conv_fprop_sol/.autopilot/db/hls.pp.0.cpp:7448:2: warning: Added loop label VITIS_LOOP_83_1:   [xilinx-label-all-loops]
 for (size_t i = 0; i < num; i++)
 ^~~
 VITIS_LOOP_83_1: 
/home/duludulu/Documents/hls/vitis_batch_generate_rtl/prj/conv_fprop_sol/.autopilot/db/hls.pp.0.cpp:7448:2: note: FIX-IT applied suggested code changes
/home/duludulu/Documents/hls/vitis_batch_generate_rtl/prj/conv_fprop_sol/.autopilot/db/hls.pp.0.cpp:7458:2: warning: Added loop label VITIS_LOOP_93_1:   [xilinx-label-all-loops]
 for (size_t i = 0; i < num; i++)
 ^~~
 VITIS_LOOP_93_1: 
/home/duludulu/Documents/hls/vitis_batch_generate_rtl/prj/conv_fprop_sol/.autopilot/db/hls.pp.0.cpp:7458:2: note: FIX-IT applied suggested code changes
/home/duludulu/Documents/hls/vitis_batch_generate_rtl/prj/conv_fprop_sol/.autopilot/db/hls.pp.0.cpp:7513:5: warning: Added loop label VITIS_LOOP_52_1:   [xilinx-label-all-loops]
    for (int i = 0; i < out_h; i++)
    ^~~
    VITIS_LOOP_52_1: 
/home/duludulu/Documents/hls/vitis_batch_generate_rtl/prj/conv_fprop_sol/.autopilot/db/hls.pp.0.cpp:7513:5: note: FIX-IT applied suggested code changes
/home/duludulu/Documents/hls/vitis_batch_generate_rtl/prj/conv_fprop_sol/.autopilot/db/hls.pp.0.cpp:7515:9: warning: Added loop label VITIS_LOOP_54_2:   [xilinx-label-all-loops]
        for (int j = 0; j < out_w; j++)
        ^~~
        VITIS_LOOP_54_2: 
/home/duludulu/Documents/hls/vitis_batch_generate_rtl/prj/conv_fprop_sol/.autopilot/db/hls.pp.0.cpp:7515:9: note: FIX-IT applied suggested code changes
/home/duludulu/Documents/hls/vitis_batch_generate_rtl/prj/conv_fprop_sol/.autopilot/db/hls.pp.0.cpp:7518:13: warning: Added loop label VITIS_LOOP_57_3:   [xilinx-label-all-loops]
            for (int n = 0; n < kernel_h; n++)
            ^~~
            VITIS_LOOP_57_3: 
/home/duludulu/Documents/hls/vitis_batch_generate_rtl/prj/conv_fprop_sol/.autopilot/db/hls.pp.0.cpp:7518:13: note: FIX-IT applied suggested code changes
/home/duludulu/Documents/hls/vitis_batch_generate_rtl/prj/conv_fprop_sol/.autopilot/db/hls.pp.0.cpp:7520:17: warning: Added loop label VITIS_LOOP_59_4:   [xilinx-label-all-loops]
                for (int m = 0; m < kernel_w; m++)
                ^~~
                VITIS_LOOP_59_4: 
/home/duludulu/Documents/hls/vitis_batch_generate_rtl/prj/conv_fprop_sol/.autopilot/db/hls.pp.0.cpp:7520:17: note: FIX-IT applied suggested code changes
/home/duludulu/Documents/hls/vitis_batch_generate_rtl/prj/conv_fprop_sol/.autopilot/db/hls.pp.0.cpp:7554:2: warning: Added loop label VITIS_LOOP_89_1:   [xilinx-label-all-loops]
 for (int i = 0; i < layer->map_count; i++)
 ^~~
 VITIS_LOOP_89_1: 
/home/duludulu/Documents/hls/vitis_batch_generate_rtl/prj/conv_fprop_sol/.autopilot/db/hls.pp.0.cpp:7554:2: note: FIX-IT applied suggested code changes
/home/duludulu/Documents/hls/vitis_batch_generate_rtl/prj/conv_fprop_sol/.autopilot/db/hls.pp.0.cpp:7557:3: warning: Added loop label VITIS_LOOP_92_2:   [xilinx-label-all-loops]
  for (int j = 0; j < prev_layer->map_count; j++)
  ^~~
  VITIS_LOOP_92_2: 
/home/duludulu/Documents/hls/vitis_batch_generate_rtl/prj/conv_fprop_sol/.autopilot/db/hls.pp.0.cpp:7557:3: note: FIX-IT applied suggested code changes
/home/duludulu/Documents/hls/vitis_batch_generate_rtl/prj/conv_fprop_sol/.autopilot/db/hls.pp.0.cpp:7571:3: warning: Added loop label VITIS_LOOP_106_3:   [xilinx-label-all-loops]
  for (int k = 0; k < size; k++)
  ^~~
  VITIS_LOOP_106_3: 
/home/duludulu/Documents/hls/vitis_batch_generate_rtl/prj/conv_fprop_sol/.autopilot/db/hls.pp.0.cpp:7571:3: note: FIX-IT applied suggested code changes
/home/duludulu/Documents/hls/vitis_batch_generate_rtl/prj/conv_fprop_sol/.autopilot/db/hls.pp.0.cpp:7584:2: warning: Added loop label VITIS_LOOP_149_1:   [xilinx-label-all-loops]
 for (int k = 0; k < layer->map_count; k++)
 ^~~
 VITIS_LOOP_149_1: 
/home/duludulu/Documents/hls/vitis_batch_generate_rtl/prj/conv_fprop_sol/.autopilot/db/hls.pp.0.cpp:7584:2: note: FIX-IT applied suggested code changes
/home/duludulu/Documents/hls/vitis_batch_generate_rtl/prj/conv_fprop_sol/.autopilot/db/hls.pp.0.cpp:7586:3: warning: Added loop label VITIS_LOOP_151_2:   [xilinx-label-all-loops]
  for (int i = 0; i < map_h; i++)
  ^~~
  VITIS_LOOP_151_2: 
/home/duludulu/Documents/hls/vitis_batch_generate_rtl/prj/conv_fprop_sol/.autopilot/db/hls.pp.0.cpp:7586:3: note: FIX-IT applied suggested code changes
/home/duludulu/Documents/hls/vitis_batch_generate_rtl/prj/conv_fprop_sol/.autopilot/db/hls.pp.0.cpp:7588:4: warning: Added loop label VITIS_LOOP_153_3:   [xilinx-label-all-loops]
   for (int j = 0; j < map_w; j++)
   ^~~
   VITIS_LOOP_153_3: 
/home/duludulu/Documents/hls/vitis_batch_generate_rtl/prj/conv_fprop_sol/.autopilot/db/hls.pp.0.cpp:7588:4: note: FIX-IT applied suggested code changes
/home/duludulu/Documents/hls/vitis_batch_generate_rtl/prj/conv_fprop_sol/.autopilot/db/hls.pp.0.cpp:7591:5: warning: Added loop label VITIS_LOOP_156_4:   [xilinx-label-all-loops]
    for (int n = 2*i; n < 2*(i + 1); n++)
    ^~~
    VITIS_LOOP_156_4: 
/home/duludulu/Documents/hls/vitis_batch_generate_rtl/prj/conv_fprop_sol/.autopilot/db/hls.pp.0.cpp:7591:5: note: FIX-IT applied suggested code changes
/home/duludulu/Documents/hls/vitis_batch_generate_rtl/prj/conv_fprop_sol/.autopilot/db/hls.pp.0.cpp:7593:6: warning: Added loop label VITIS_LOOP_158_5:   [xilinx-label-all-loops]
     for (int m = 2*j; m < 2*(j + 1); m++)
     ^~~
     VITIS_LOOP_158_5: 
/home/duludulu/Documents/hls/vitis_batch_generate_rtl/prj/conv_fprop_sol/.autopilot/db/hls.pp.0.cpp:7593:6: note: FIX-IT applied suggested code changes
/home/duludulu/Documents/hls/vitis_batch_generate_rtl/prj/conv_fprop_sol/.autopilot/db/hls.pp.0.cpp:7607:2: warning: Added loop label VITIS_LOOP_172_1:   [xilinx-label-all-loops]
 for (int i = 0; i < layer->map_count; i++)
 ^~~
 VITIS_LOOP_172_1: 
/home/duludulu/Documents/hls/vitis_batch_generate_rtl/prj/conv_fprop_sol/.autopilot/db/hls.pp.0.cpp:7607:2: note: FIX-IT applied suggested code changes
/home/duludulu/Documents/hls/vitis_batch_generate_rtl/prj/conv_fprop_sol/.autopilot/db/hls.pp.0.cpp:7610:3: warning: Added loop label VITIS_LOOP_175_2:   [xilinx-label-all-loops]
  for (int j = 0; j < prev_layer->map_count; j++)
  ^~~
  VITIS_LOOP_175_2: 
/home/duludulu/Documents/hls/vitis_batch_generate_rtl/prj/conv_fprop_sol/.autopilot/db/hls.pp.0.cpp:7610:3: note: FIX-IT applied suggested code changes
