

================================================================
== Vitis HLS Report for 'hevc_loop_filter_chroma_8bit_hls'
================================================================
* Date:           Thu Feb 27 14:43:43 2025

* Version:        2024.2 (Build 5238294 on Nov  8 2024)
* Project:        prj
* Solution:       hevc_loop_filter_chroma_8bit_hls_sol (Vivado IP Flow Target)
* Product family: virtexuplus
* Target device:  xcvu19p-fsvb3824-2-e


================================================================
== Performance Estimates
================================================================
+ Timing: 
    * Summary: 
    +--------+---------+----------+------------+
    |  Clock |  Target | Estimated| Uncertainty|
    +--------+---------+----------+------------+
    |ap_clk  |  3.30 ns|  2.153 ns|     0.89 ns|
    +--------+---------+----------+------------+

+ Latency: 
    * Summary: 
    +---------+---------+-----------+----------+-----+-----+---------+
    |  Latency (cycles) |  Latency (absolute)  |  Interval | Pipeline|
    |   min   |   max   |    min    |    max   | min | max |   Type  |
    +---------+---------+-----------+----------+-----+-----+---------+
    |        5|       65|  16.500 ns|  0.214 us|    6|   66|       no|
    +---------+---------+-----------+----------+-----+-----+---------+

    + Detail: 
        * Instance: 
        +----------------------------------------------------------------------+-----------------------------------------------------------+---------+---------+-----------+-----------+-----+-----+------------------------------------------------+
        |                                                                      |                                                           |  Latency (cycles) |   Latency (absolute)  |  Interval |                    Pipeline                    |
        |                               Instance                               |                           Module                          |   min   |   max   |    min    |    max    | min | max |                      Type                      |
        +----------------------------------------------------------------------+-----------------------------------------------------------+---------+---------+-----------+-----------+-----+-----+------------------------------------------------+
        |grp_hevc_loop_filter_chroma_8bit_hls_Pipeline_VITIS_LOOP_87_2_fu_153  |hevc_loop_filter_chroma_8bit_hls_Pipeline_VITIS_LOOP_87_2  |       30|       30|  99.000 ns|  99.000 ns|   29|   29|  loop auto-rewind stp (delay=0 clock cycles(s))|
        +----------------------------------------------------------------------+-----------------------------------------------------------+---------+---------+-----------+-----------+-----+-----+------------------------------------------------+

        * Loop: 
        +-------------------+---------+---------+----------+-----------+-----------+------+----------+
        |                   |  Latency (cycles) | Iteration|  Initiation Interval  | Trip |          |
        |     Loop Name     |   min   |   max   |  Latency |  achieved |   target  | Count| Pipelined|
        +-------------------+---------+---------+----------+-----------+-----------+------+----------+
        |- VITIS_LOOP_76_1  |        4|       64|    2 ~ 32|          -|          -|     2|        no|
        +-------------------+---------+---------+----------+-----------+-----------+------+----------+



================================================================
== Utilization Estimates
================================================================
* Summary: 
+---------------------+---------+------+---------+---------+-----+
|         Name        | BRAM_18K|  DSP |    FF   |   LUT   | URAM|
+---------------------+---------+------+---------+---------+-----+
|DSP                  |        -|     -|        -|        -|    -|
|Expression           |        -|     -|        0|      201|    -|
|FIFO                 |        -|     -|        -|        -|    -|
|Instance             |        -|     -|      236|      655|    -|
|Memory               |        -|     -|        -|        -|    -|
|Multiplexer          |        -|     -|        0|       56|    -|
|Register             |        -|     -|      382|        -|    -|
+---------------------+---------+------+---------+---------+-----+
|Total                |        0|     0|      618|      912|    0|
+---------------------+---------+------+---------+---------+-----+
|Available SLR        |     1080|   960|  2042880|  1021440|   80|
+---------------------+---------+------+---------+---------+-----+
|Utilization SLR (%)  |        0|     0|       ~0|       ~0|    0|
+---------------------+---------+------+---------+---------+-----+
|Available            |     4320|  3840|  8171520|  4085760|  320|
+---------------------+---------+------+---------+---------+-----+
|Utilization (%)      |        0|     0|       ~0|       ~0|    0|
+---------------------+---------+------+---------+---------+-----+

+ Detail: 
    * Instance: 
    +----------------------------------------------------------------------+-----------------------------------------------------------+---------+----+-----+-----+-----+
    |                               Instance                               |                           Module                          | BRAM_18K| DSP|  FF | LUT | URAM|
    +----------------------------------------------------------------------+-----------------------------------------------------------+---------+----+-----+-----+-----+
    |grp_hevc_loop_filter_chroma_8bit_hls_Pipeline_VITIS_LOOP_87_2_fu_153  |hevc_loop_filter_chroma_8bit_hls_Pipeline_VITIS_LOOP_87_2  |        0|   0|  236|  655|    0|
    +----------------------------------------------------------------------+-----------------------------------------------------------+---------+----+-----+-----+-----+
    |Total                                                                 |                                                           |        0|   0|  236|  655|    0|
    +----------------------------------------------------------------------+-----------------------------------------------------------+---------+----+-----+-----+-----+

    * DSP: 
    N/A

    * Memory: 
    N/A

    * FIFO: 
    N/A

    * Expression: 
    +---------------------------------+----------+----+---+----+------------+------------+
    |          Variable Name          | Operation| DSP| FF| LUT| Bitwidth P0| Bitwidth P1|
    +---------------------------------+----------+----+---+----+------------+------------+
    |add_ln76_1_fu_233_p2             |         +|   0|  0|   9|           2|           1|
    |add_ln76_fu_296_p2               |         +|   0|  0|  43|          36|          36|
    |mul13_cast_fu_200_p2             |         -|   0|  0|  28|           1|          21|
    |sub38_fu_285_p2                  |         -|   0|  0|  23|           1|          16|
    |ap_block_state3_on_subcall_done  |       and|   0|  0|   2|           1|           1|
    |ap_condition_264                 |       and|   0|  0|   2|           1|           1|
    |ap_condition_267                 |       and|   0|  0|   2|           1|           1|
    |ap_predicate_op70_call_state2    |       and|   0|  0|   2|           1|           1|
    |icmp_ln76_fu_227_p2              |      icmp|   0|  0|  10|           2|           3|
    |icmp_ln79_fu_244_p2              |      icmp|   0|  0|   9|           2|           1|
    |icmp_ln80_fu_265_p2              |      icmp|   0|  0|  23|          16|           1|
    |select_ln79_fu_250_p3            |    select|   0|  0|  32|           1|          32|
    |select_ln84_fu_271_p3            |    select|   0|  0|   8|           1|           8|
    |select_ln85_fu_278_p3            |    select|   0|  0|   8|           1|           8|
    +---------------------------------+----------+----+---+----+------------+------------+
    |Total                            |          |   0|  0| 201|          67|         131|
    +---------------------------------+----------+----+---+----+------------+------------+

    * Multiplexer: 
    +--------------------------------------+----+-----------+-----+-----------+
    |                 Name                 | LUT| Input Size| Bits| Total Bits|
    +--------------------------------------+----+-----------+-----+-----------+
    |ap_NS_fsm                             |  20|          4|    1|          4|
    |ap_phi_mux_idx_ext3_pn_phi_fu_147_p4  |   9|          2|   34|         68|
    |idx_ext3_pn_reg_144                   |   9|          2|   34|         68|
    |j_fu_86                               |   9|          2|    2|          4|
    |pix_07_idx_fu_82                      |   9|          2|   36|         72|
    +--------------------------------------+----+-----------+-----+-----------+
    |Total                                 |  56|         12|  107|        216|
    +--------------------------------------+----+-----------+-----+-----------+

    * Register: 
    +-----------------------------------------------------------------------------------+----+----+-----+-----------+
    |                                        Name                                       | FF | LUT| Bits| Const Bits|
    +-----------------------------------------------------------------------------------+----+----+-----+-----------+
    |add_ln76_1_reg_383                                                                 |   2|   0|    2|          0|
    |ap_CS_fsm                                                                          |   3|   0|    3|          0|
    |grp_hevc_loop_filter_chroma_8bit_hls_Pipeline_VITIS_LOOP_87_2_fu_153_ap_start_reg  |   1|   0|    1|          0|
    |icmp_ln80_reg_398                                                                  |   1|   0|    1|          0|
    |idx_ext3_pn_reg_144                                                                |  34|   0|   34|          0|
    |j_fu_86                                                                            |   2|   0|    2|          0|
    |mul13_cast_reg_340                                                                 |  20|   0|   21|          1|
    |mul_cast_reg_335                                                                   |  34|   0|   34|          0|
    |no_p_arr_0_read_reg_360                                                            |   8|   0|    8|          0|
    |no_p_arr_1_read_reg_365                                                            |   8|   0|    8|          0|
    |no_q_arr_0_read_reg_370                                                            |   8|   0|    8|          0|
    |no_q_arr_1_read_reg_375                                                            |   8|   0|    8|          0|
    |pix_07_idx_fu_82                                                                   |  36|   0|   36|          0|
    |select_ln84_reg_402                                                                |   8|   0|    8|          0|
    |select_ln85_reg_407                                                                |   8|   0|    8|          0|
    |shl_ln_reg_345                                                                     |  32|   0|   34|          2|
    |sub38_reg_412                                                                      |  16|   0|   16|          0|
    |tc_arr_0_read_reg_350                                                              |  32|   0|   32|          0|
    |tc_arr_1_read_reg_355                                                              |  32|   0|   32|          0|
    |trunc_ln62_reg_330                                                                 |  21|   0|   21|          0|
    |trunc_ln76_reg_388                                                                 |  21|   0|   21|          0|
    |trunc_ln79_1_reg_393                                                               |  15|   0|   15|          0|
    |ystride_read_reg_325                                                               |  32|   0|   32|          0|
    +-----------------------------------------------------------------------------------+----+----+-----+-----------+
    |Total                                                                              | 382|   0|  385|          3|
    +-----------------------------------------------------------------------------------+----+----+-----+-----------+



================================================================
== Interface
================================================================
* Summary: 
+-------------------+-----+-----+------------+----------------------------------+--------------+
|     RTL Ports     | Dir | Bits|  Protocol  |           Source Object          |    C Type    |
+-------------------+-----+-----+------------+----------------------------------+--------------+
|ap_clk             |   in|    1|  ap_ctrl_hs|  hevc_loop_filter_chroma_8bit_hls|  return value|
|ap_rst             |   in|    1|  ap_ctrl_hs|  hevc_loop_filter_chroma_8bit_hls|  return value|
|ap_start           |   in|    1|  ap_ctrl_hs|  hevc_loop_filter_chroma_8bit_hls|  return value|
|ap_done            |  out|    1|  ap_ctrl_hs|  hevc_loop_filter_chroma_8bit_hls|  return value|
|ap_idle            |  out|    1|  ap_ctrl_hs|  hevc_loop_filter_chroma_8bit_hls|  return value|
|ap_ready           |  out|    1|  ap_ctrl_hs|  hevc_loop_filter_chroma_8bit_hls|  return value|
|ap_ce              |   in|    1|  ap_ctrl_hs|  hevc_loop_filter_chroma_8bit_hls|  return value|
|ap_core            |   in|    8|     ap_none|                           ap_core|        scalar|
|ap_part            |   in|    8|     ap_none|                           ap_part|        scalar|
|ap_parent          |   in|    8|     ap_none|                         ap_parent|        scalar|
|pix_base_address0  |  out|   21|   ap_memory|                          pix_base|         array|
|pix_base_ce0       |  out|    1|   ap_memory|                          pix_base|         array|
|pix_base_we0       |  out|    1|   ap_memory|                          pix_base|         array|
|pix_base_d0        |  out|    8|   ap_memory|                          pix_base|         array|
|pix_base_q0        |   in|    8|   ap_memory|                          pix_base|         array|
|pix_base_address1  |  out|   21|   ap_memory|                          pix_base|         array|
|pix_base_ce1       |  out|    1|   ap_memory|                          pix_base|         array|
|pix_base_q1        |   in|    8|   ap_memory|                          pix_base|         array|
|frame_offset       |   in|   32|     ap_none|                      frame_offset|        scalar|
|xstride            |   in|   32|     ap_none|                           xstride|        scalar|
|ystride            |   in|   32|     ap_none|                           ystride|        scalar|
|tc_arr_0           |   in|   32|     ap_none|                          tc_arr_0|       pointer|
|tc_arr_1           |   in|   32|     ap_none|                          tc_arr_1|       pointer|
|no_p_arr_0         |   in|    8|     ap_none|                        no_p_arr_0|       pointer|
|no_p_arr_1         |   in|    8|     ap_none|                        no_p_arr_1|       pointer|
|no_q_arr_0         |   in|    8|     ap_none|                        no_q_arr_0|       pointer|
|no_q_arr_1         |   in|    8|     ap_none|                        no_q_arr_1|       pointer|
+-------------------+-----+-----+------------+----------------------------------+--------------+

