==============================================================
Vitis HLS - High-Level Synthesis from C, C++ and OpenCL v2024.2 (64-bit)
Tool Version Limit: 2024.11
Copyright 1986-2022 Xilinx, Inc. All Rights Reserved.
Copyright 2022-2024 Advanced Micro Devices, Inc. All Rights Reserved.

==============================================================
INFO: [HLS 200-1505] Using flow_target 'vivado'
INFO: [HLS 200-1510] Running: set_part xcvu19p-fsvb3824-2-e 
INFO: [HLS 200-1611] Setting target device to 'xcvu19p-fsvb3824-2-e'
INFO: [HLS 200-1510] Running: create_clock -period 3.3 -name default 
INFO: [SYN 201-201] Setting up clock 'default' with a period of 3.3ns.
INFO: [HLS 200-1510] Running: config_interface -clock_enable=true 
INFO: [HLS 200-1510] Running: csynth_design 
INFO: [HLS 200-111] Finished File checks and directory preparation: CPU user time: 0.26 seconds. CPU system time: 0.05 seconds. Elapsed time: 0.32 seconds; current allocated memory: 640.520 MB.
INFO: [HLS 200-10] Analyzing design file '../tutorial_example/source/hls.cpp' ... 
WARNING: [HLS 207-5292] unused parameter 'ap_core' (../tutorial_example/source/hls.cpp:11:28)
WARNING: [HLS 207-5292] unused parameter 'ap_part' (../tutorial_example/source/hls.cpp:11:45)
WARNING: [HLS 207-5292] unused parameter 'ap_parent' (../tutorial_example/source/hls.cpp:11:62)
WARNING: [HLS 207-5292] unused parameter 'ap_core' (../tutorial_example/source/hls.cpp:16:92)
WARNING: [HLS 207-5292] unused parameter 'ap_part' (../tutorial_example/source/hls.cpp:16:109)
WARNING: [HLS 207-5292] unused parameter 'ap_parent' (../tutorial_example/source/hls.cpp:16:126)
WARNING: [HLS 207-5292] unused parameter 'ap_core' (../tutorial_example/source/hls.cpp:26:24)
WARNING: [HLS 207-5292] unused parameter 'ap_part' (../tutorial_example/source/hls.cpp:26:41)
WARNING: [HLS 207-5292] unused parameter 'ap_parent' (../tutorial_example/source/hls.cpp:26:58)
WARNING: [HLS 207-5292] unused parameter 'ap_core' (../tutorial_example/source/hls.cpp:35:25)
WARNING: [HLS 207-5292] unused parameter 'ap_part' (../tutorial_example/source/hls.cpp:35:42)
WARNING: [HLS 207-5292] unused parameter 'ap_parent' (../tutorial_example/source/hls.cpp:35:59)
WARNING: [HLS 207-5292] unused parameter 'ap_core' (../tutorial_example/source/hls.cpp:45:25)
WARNING: [HLS 207-5292] unused parameter 'ap_part' (../tutorial_example/source/hls.cpp:45:42)
WARNING: [HLS 207-5292] unused parameter 'ap_parent' (../tutorial_example/source/hls.cpp:45:59)
WARNING: [HLS 207-5292] unused parameter 'ap_core' (../tutorial_example/source/hls.cpp:63:47)
WARNING: [HLS 207-5292] unused parameter 'ap_part' (../tutorial_example/source/hls.cpp:63:64)
WARNING: [HLS 207-5292] unused parameter 'ap_parent' (../tutorial_example/source/hls.cpp:63:81)
WARNING: [HLS 207-5292] unused parameter 'ap_core' (../tutorial_example/source/hls.cpp:118:22)
WARNING: [HLS 207-5292] unused parameter 'ap_part' (../tutorial_example/source/hls.cpp:118:39)
WARNING: [HLS 207-5292] unused parameter 'ap_parent' (../tutorial_example/source/hls.cpp:118:56)
INFO: [HLS 200-111] Finished Source Code Analysis and Preprocessing: CPU user time: 10.64 seconds. CPU system time: 2.25 seconds. Elapsed time: 12.9 seconds; current allocated memory: 643.328 MB.
INFO: [HLS 200-777] Using interface defaults for 'Vivado' flow target.
INFO: [HLS 200-1995] There were 15 instructions in the design after the 'Compile/Link' phase of compilation. See the Design Size Report for more details: /home/duludulu/Documents/vishare_tools/vitis_batch_generate_rtl/prj/assign_array_complete_sol/syn/report/csynth_design_size.rpt
INFO: [HLS 200-1995] There were 12 instructions in the design after the 'Unroll/Inline (step 1)' phase of compilation. See the Design Size Report for more details: /home/duludulu/Documents/vishare_tools/vitis_batch_generate_rtl/prj/assign_array_complete_sol/syn/report/csynth_design_size.rpt
INFO: [HLS 200-1995] There were 10 instructions in the design after the 'Unroll/Inline (step 2)' phase of compilation. See the Design Size Report for more details: /home/duludulu/Documents/vishare_tools/vitis_batch_generate_rtl/prj/assign_array_complete_sol/syn/report/csynth_design_size.rpt
INFO: [HLS 200-1995] There were 11 instructions in the design after the 'Unroll/Inline (step 3)' phase of compilation. See the Design Size Report for more details: /home/duludulu/Documents/vishare_tools/vitis_batch_generate_rtl/prj/assign_array_complete_sol/syn/report/csynth_design_size.rpt
INFO: [HLS 200-1995] There were 10 instructions in the design after the 'Unroll/Inline (step 4)' phase of compilation. See the Design Size Report for more details: /home/duludulu/Documents/vishare_tools/vitis_batch_generate_rtl/prj/assign_array_complete_sol/syn/report/csynth_design_size.rpt
INFO: [HLS 200-1995] There were 26 instructions in the design after the 'Array/Struct (step 1)' phase of compilation. See the Design Size Report for more details: /home/duludulu/Documents/vishare_tools/vitis_batch_generate_rtl/prj/assign_array_complete_sol/syn/report/csynth_design_size.rpt
INFO: [HLS 200-1995] There were 26 instructions in the design after the 'Array/Struct (step 2)' phase of compilation. See the Design Size Report for more details: /home/duludulu/Documents/vishare_tools/vitis_batch_generate_rtl/prj/assign_array_complete_sol/syn/report/csynth_design_size.rpt
INFO: [HLS 200-1995] There were 26 instructions in the design after the 'Array/Struct (step 3)' phase of compilation. See the Design Size Report for more details: /home/duludulu/Documents/vishare_tools/vitis_batch_generate_rtl/prj/assign_array_complete_sol/syn/report/csynth_design_size.rpt
INFO: [HLS 200-1995] There were 26 instructions in the design after the 'Array/Struct (step 4)' phase of compilation. See the Design Size Report for more details: /home/duludulu/Documents/vishare_tools/vitis_batch_generate_rtl/prj/assign_array_complete_sol/syn/report/csynth_design_size.rpt
INFO: [HLS 200-1995] There were 26 instructions in the design after the 'Array/Struct (step 5)' phase of compilation. See the Design Size Report for more details: /home/duludulu/Documents/vishare_tools/vitis_batch_generate_rtl/prj/assign_array_complete_sol/syn/report/csynth_design_size.rpt
INFO: [HLS 200-1995] There were 26 instructions in the design after the 'Performance (step 1)' phase of compilation. See the Design Size Report for more details: /home/duludulu/Documents/vishare_tools/vitis_batch_generate_rtl/prj/assign_array_complete_sol/syn/report/csynth_design_size.rpt
INFO: [HLS 200-1995] There were 26 instructions in the design after the 'Performance (step 2)' phase of compilation. See the Design Size Report for more details: /home/duludulu/Documents/vishare_tools/vitis_batch_generate_rtl/prj/assign_array_complete_sol/syn/report/csynth_design_size.rpt
INFO: [HLS 200-1995] There were 26 instructions in the design after the 'Performance (step 3)' phase of compilation. See the Design Size Report for more details: /home/duludulu/Documents/vishare_tools/vitis_batch_generate_rtl/prj/assign_array_complete_sol/syn/report/csynth_design_size.rpt
INFO: [HLS 200-1995] There were 26 instructions in the design after the 'Performance (step 4)' phase of compilation. See the Design Size Report for more details: /home/duludulu/Documents/vishare_tools/vitis_batch_generate_rtl/prj/assign_array_complete_sol/syn/report/csynth_design_size.rpt
INFO: [HLS 200-1995] There were 44 instructions in the design after the 'HW Transforms (step 1)' phase of compilation. See the Design Size Report for more details: /home/duludulu/Documents/vishare_tools/vitis_batch_generate_rtl/prj/assign_array_complete_sol/syn/report/csynth_design_size.rpt
INFO: [HLS 200-1995] There were 49 instructions in the design after the 'HW Transforms (step 2)' phase of compilation. See the Design Size Report for more details: /home/duludulu/Documents/vishare_tools/vitis_batch_generate_rtl/prj/assign_array_complete_sol/syn/report/csynth_design_size.rpt
INFO: [HLS 214-248] Applying array_partition to 'arr_complete': Complete partitioning on dimension 1. (../tutorial_example/source/hls.cpp:16:0)
INFO: [HLS 200-111] Finished Compiling Optimization and Transform: CPU user time: 5.79 seconds. CPU system time: 1.37 seconds. Elapsed time: 11.36 seconds; current allocated memory: 652.805 MB.
INFO: [HLS 200-111] Finished Checking Pragmas: CPU user time: 0 seconds. CPU system time: 0 seconds. Elapsed time: 0 seconds; current allocated memory: 652.805 MB.
INFO: [HLS 200-10] Starting code transformations ...
INFO: [HLS 200-111] Finished Standard Transforms: CPU user time: 0.01 seconds. CPU system time: 0 seconds. Elapsed time: 0.01 seconds; current allocated memory: 652.930 MB.
INFO: [HLS 200-10] Checking synthesizability ...
INFO: [HLS 200-111] Finished Checking Synthesizability: CPU user time: 0.02 seconds. CPU system time: 0.01 seconds. Elapsed time: 0.03 seconds; current allocated memory: 653.805 MB.
INFO: [HLS 200-111] Finished Loop, function and other optimizations: CPU user time: 0.04 seconds. CPU system time: 0.02 seconds. Elapsed time: 0.06 seconds; current allocated memory: 675.992 MB.
INFO: [HLS 200-111] Finished Architecture Synthesis: CPU user time: 0.02 seconds. CPU system time: 0 seconds. Elapsed time: 0.03 seconds; current allocated memory: 675.992 MB.
INFO: [HLS 200-10] Starting hardware synthesis ...
INFO: [HLS 200-10] Synthesizing 'assign_array_complete' ...
INFO: [HLS 200-10] ----------------------------------------------------------------
INFO: [HLS 200-42] -- Implementing module 'assign_array_complete' 
INFO: [HLS 200-10] ----------------------------------------------------------------
INFO: [SCHED 204-11] Starting scheduling ...
INFO: [SCHED 204-61] Pipelining loop 'VITIS_LOOP_18_1'.
INFO: [HLS 200-1470] Pipelining result : Target II = NA, Final II = 1, Depth = 1, loop 'VITIS_LOOP_18_1'
INFO: [SCHED 204-11] Finished scheduling.
INFO: [HLS 200-111] Finished Scheduling: CPU user time: 0.02 seconds. CPU system time: 0.03 seconds. Elapsed time: 0.06 seconds; current allocated memory: 675.992 MB.
INFO: [BIND 205-100] Starting micro-architecture generation ...
INFO: [BIND 205-101] Performing variable lifetime analysis.
INFO: [BIND 205-101] Exploring resource sharing.
INFO: [BIND 205-101] Binding ...
INFO: [BIND 205-100] Finished micro-architecture generation.
INFO: [HLS 200-111] Finished Binding: CPU user time: 0.02 seconds. CPU system time: 0 seconds. Elapsed time: 0.02 seconds; current allocated memory: 675.992 MB.
INFO: [HLS 200-10] ----------------------------------------------------------------
INFO: [HLS 200-10] -- Generating RTL for module 'assign_array_complete' 
INFO: [HLS 200-10] ----------------------------------------------------------------
INFO: [RTGEN 206-500] Setting interface mode on port 'assign_array_complete/ap_core' to 'ap_none'.
INFO: [RTGEN 206-500] Setting interface mode on port 'assign_array_complete/ap_part' to 'ap_none'.
INFO: [RTGEN 206-500] Setting interface mode on port 'assign_array_complete/ap_parent' to 'ap_none'.
INFO: [RTGEN 206-500] Setting interface mode on port 'assign_array_complete/arr_complete_0' to 'ap_vld'.
INFO: [RTGEN 206-500] Setting interface mode on port 'assign_array_complete/arr_complete_1' to 'ap_vld'.
INFO: [RTGEN 206-500] Setting interface mode on port 'assign_array_complete/arr_complete_2' to 'ap_vld'.
INFO: [RTGEN 206-500] Setting interface mode on port 'assign_array_complete/arr_complete_3' to 'ap_vld'.
INFO: [RTGEN 206-500] Setting interface mode on port 'assign_array_complete/arr_complete_4' to 'ap_vld'.
INFO: [RTGEN 206-500] Setting interface mode on port 'assign_array_complete/base_r' to 'ap_none'.
INFO: [RTGEN 206-500] Setting interface mode on function 'assign_array_complete' to 'ap_ctrl_hs'.
WARNING: [RTGEN 206-101] Port 'assign_array_complete/ap_core' has no fanin or fanout and is left dangling.
               Please use C simulation to confirm this function argument can be read from or written to.
WARNING: [RTGEN 206-101] Port 'assign_array_complete/ap_part' has no fanin or fanout and is left dangling.
               Please use C simulation to confirm this function argument can be read from or written to.
WARNING: [RTGEN 206-101] Port 'assign_array_complete/ap_parent' has no fanin or fanout and is left dangling.
               Please use C simulation to confirm this function argument can be read from or written to.
INFO: [RTGEN 206-100] Finished creating RTL model for 'assign_array_complete'.
INFO: [HLS 200-111] Finished Creating RTL model: CPU user time: 0.03 seconds. CPU system time: 0.03 seconds. Elapsed time: 0.05 seconds; current allocated memory: 675.992 MB.
INFO: [HLS 200-111] Finished Generating all RTL models: CPU user time: 0.24 seconds. CPU system time: 0.01 seconds. Elapsed time: 0.26 seconds; current allocated memory: 675.992 MB.
INFO: [HLS 200-111] Finished Updating report files: CPU user time: 0.34 seconds. CPU system time: 0.01 seconds. Elapsed time: 0.35 seconds; current allocated memory: 675.992 MB.
INFO: [VHDL 208-304] Generating VHDL RTL for assign_array_complete.
INFO: [VLOG 209-307] Generating Verilog RTL for assign_array_complete.
INFO: [HLS 200-790] **** Loop Constraint Status: All loop constraints were satisfied.
INFO: [HLS 200-789] **** Estimated Fmax: 742.94 MHz
INFO: [HLS 200-2161] Finished Command csynth_design Elapsed time: 00:00:25; Allocated memory: 35.473 MB.
INFO: [HLS 200-1510] Running: close_solution 
