

================================================================
== Vitis HLS Report for 'array_xor'
================================================================
* Date:           Thu Feb 27 14:42:33 2025

* Version:        2024.2 (Build 5238294 on Nov  8 2024)
* Project:        prj
* Solution:       array_xor_sol (Vivado IP Flow Target)
* Product family: virtexuplus
* Target device:  xcvu19p-fsvb3824-2-e


================================================================
== Performance Estimates
================================================================
+ Timing: 
    * Summary: 
    +--------+---------+----------+------------+
    |  Clock |  Target | Estimated| Uncertainty|
    +--------+---------+----------+------------+
    |ap_clk  |  3.30 ns|  1.654 ns|     0.89 ns|
    +--------+---------+----------+------------+

+ Latency: 
    * Summary: 
    +---------+---------+----------+----------+-----+-----+------------------------------------------------+
    |  Latency (cycles) |  Latency (absolute) |  Interval |                    Pipeline                    |
    |   min   |   max   |    min   |    max   | min | max |                      Type                      |
    +---------+---------+----------+----------+-----+-----+------------------------------------------------+
    |        ?|        ?|         ?|         ?|    0|    0|  loop auto-rewind stp (delay=0 clock cycles(s))|
    +---------+---------+----------+----------+-----+-----+------------------------------------------------+

    + Detail: 
        * Instance: 
        N/A

        * Loop: 
        +-------------------+---------+---------+----------+-----------+-----------+------+----------+
        |                   |  Latency (cycles) | Iteration|  Initiation Interval  | Trip |          |
        |     Loop Name     |   min   |   max   |  Latency |  achieved |   target  | Count| Pipelined|
        +-------------------+---------+---------+----------+-----------+-----------+------+----------+
        |- VITIS_LOOP_28_1  |        ?|        ?|         2|          1|          1|     ?|       yes|
        +-------------------+---------+---------+----------+-----------+-----------+------+----------+

============================================================
+ Verbose Summary: Synthesis Manager
============================================================
InlineROM: 1
ExposeGlobal: 0
============================================================
+ Verbose Summary: CDFG Model
============================================================
IsTopModel: 1
ResetActiveHigh: 1
IsCombinational: 0
IsDatapathOnly: 0
HasWiredReturn: 1
HasMFsm: 2
HasVarLatency: 1
IsPipeline: 0
IsRtlPipelined: 0
IsInstanceOverlapped: 0
IsDontTouch: 0
HasImplIP: 0
IsGatedGlobalClock: 0

+ Individual pipeline summary: 
  * Pipeline-0: initiation interval (II) = 1, depth = 2


============================================================
+ Verbose Summary: Schedule
============================================================
* Number of FSM states : 2
* Pipeline : 1
  Pipeline-0 : II = 1, D = 2, States = { 1 2 }
* Dataflow Pipeline: 0

* FSM state transitions: 
1 --> 2 
2 --> 

* FSM state operations: 

State 1 <SV = 0> <Delay = 1.65>
ST_1 : Operation 5 [1/1] (0.00ns)   --->   "%i = alloca i32 1" [../tutorial_example/source/hls.cpp:28]   --->   Operation 5 'alloca' 'i' <Predicate = true> <Delay = 0.00>
ST_1 : Operation 6 [1/1] (0.00ns)   --->   "%spectopmodule_ln25 = spectopmodule void @_ssdm_op_SpecTopModule, void @empty_2" [../tutorial_example/source/hls.cpp:25]   --->   Operation 6 'spectopmodule' 'spectopmodule_ln25' <Predicate = true> <Delay = 0.00>
ST_1 : Operation 7 [1/1] (0.00ns)   --->   "%specbitsmap_ln0 = specbitsmap void @_ssdm_op_SpecBitsMap, i8 %ap_core"   --->   Operation 7 'specbitsmap' 'specbitsmap_ln0' <Predicate = true> <Delay = 0.00>
ST_1 : Operation 8 [1/1] (0.00ns)   --->   "%specinterface_ln0 = specinterface void @_ssdm_op_SpecInterface, i8 %ap_core, void @empty, i32 0, i32 0, void @empty_0, i32 0, i32 0, void @empty_0, void @empty_0, void @empty_0, i32 0, i32 0, i32 0, i32 0, void @empty_0, void @empty_0, i32 4294967295, i32 0, i32 0"   --->   Operation 8 'specinterface' 'specinterface_ln0' <Predicate = true> <Delay = 0.00>
ST_1 : Operation 9 [1/1] (0.00ns)   --->   "%specbitsmap_ln0 = specbitsmap void @_ssdm_op_SpecBitsMap, i8 %ap_part"   --->   Operation 9 'specbitsmap' 'specbitsmap_ln0' <Predicate = true> <Delay = 0.00>
ST_1 : Operation 10 [1/1] (0.00ns)   --->   "%specinterface_ln0 = specinterface void @_ssdm_op_SpecInterface, i8 %ap_part, void @empty, i32 0, i32 0, void @empty_0, i32 0, i32 0, void @empty_0, void @empty_0, void @empty_0, i32 0, i32 0, i32 0, i32 0, void @empty_0, void @empty_0, i32 4294967295, i32 0, i32 0"   --->   Operation 10 'specinterface' 'specinterface_ln0' <Predicate = true> <Delay = 0.00>
ST_1 : Operation 11 [1/1] (0.00ns)   --->   "%specbitsmap_ln0 = specbitsmap void @_ssdm_op_SpecBitsMap, i8 %ap_parent"   --->   Operation 11 'specbitsmap' 'specbitsmap_ln0' <Predicate = true> <Delay = 0.00>
ST_1 : Operation 12 [1/1] (0.00ns)   --->   "%specinterface_ln0 = specinterface void @_ssdm_op_SpecInterface, i8 %ap_parent, void @empty, i32 0, i32 0, void @empty_0, i32 0, i32 0, void @empty_0, void @empty_0, void @empty_0, i32 0, i32 0, i32 0, i32 0, void @empty_0, void @empty_0, i32 4294967295, i32 0, i32 0"   --->   Operation 12 'specinterface' 'specinterface_ln0' <Predicate = true> <Delay = 0.00>
ST_1 : Operation 13 [1/1] (0.00ns)   --->   "%specinterface_ln0 = specinterface void @_ssdm_op_SpecInterface, i32 %arr_d1, void @empty_1, i32 0, i32 0, void @empty_0, i32 4294967295, i32 0, void @empty_0, void @empty_0, void @empty_0, i32 0, i32 0, i32 0, i32 0, void @empty_0, void @empty_0, i32 4294967295, i32 0, i32 0"   --->   Operation 13 'specinterface' 'specinterface_ln0' <Predicate = true> <Delay = 0.00>
ST_1 : Operation 14 [1/1] (0.00ns)   --->   "%specbitsmap_ln0 = specbitsmap void @_ssdm_op_SpecBitsMap, i32 %arr_d1"   --->   Operation 14 'specbitsmap' 'specbitsmap_ln0' <Predicate = true> <Delay = 0.00>
ST_1 : Operation 15 [1/1] (0.00ns)   --->   "%specinterface_ln0 = specinterface void @_ssdm_op_SpecInterface, i32 %arr_s1, void @empty_1, i32 0, i32 0, void @empty_0, i32 4294967295, i32 0, void @empty_0, void @empty_0, void @empty_0, i32 0, i32 0, i32 0, i32 0, void @empty_0, void @empty_0, i32 4294967295, i32 0, i32 0"   --->   Operation 15 'specinterface' 'specinterface_ln0' <Predicate = true> <Delay = 0.00>
ST_1 : Operation 16 [1/1] (0.00ns)   --->   "%specbitsmap_ln0 = specbitsmap void @_ssdm_op_SpecBitsMap, i32 %arr_s1"   --->   Operation 16 'specbitsmap' 'specbitsmap_ln0' <Predicate = true> <Delay = 0.00>
ST_1 : Operation 17 [1/1] (0.00ns)   --->   "%specinterface_ln0 = specinterface void @_ssdm_op_SpecInterface, i32 %arr_s2, void @empty_1, i32 0, i32 0, void @empty_0, i32 4294967295, i32 0, void @empty_0, void @empty_0, void @empty_0, i32 0, i32 0, i32 0, i32 0, void @empty_0, void @empty_0, i32 4294967295, i32 0, i32 0"   --->   Operation 17 'specinterface' 'specinterface_ln0' <Predicate = true> <Delay = 0.00>
ST_1 : Operation 18 [1/1] (0.00ns)   --->   "%specbitsmap_ln0 = specbitsmap void @_ssdm_op_SpecBitsMap, i32 %arr_s2"   --->   Operation 18 'specbitsmap' 'specbitsmap_ln0' <Predicate = true> <Delay = 0.00>
ST_1 : Operation 19 [1/1] (0.00ns)   --->   "%specbitsmap_ln0 = specbitsmap void @_ssdm_op_SpecBitsMap, i32 %count"   --->   Operation 19 'specbitsmap' 'specbitsmap_ln0' <Predicate = true> <Delay = 0.00>
ST_1 : Operation 20 [1/1] (0.00ns)   --->   "%specinterface_ln0 = specinterface void @_ssdm_op_SpecInterface, i32 %count, void @empty, i32 0, i32 0, void @empty_0, i32 0, i32 0, void @empty_0, void @empty_0, void @empty_0, i32 0, i32 0, i32 0, i32 0, void @empty_0, void @empty_0, i32 4294967295, i32 0, i32 0"   --->   Operation 20 'specinterface' 'specinterface_ln0' <Predicate = true> <Delay = 0.00>
ST_1 : Operation 21 [1/1] (0.00ns)   --->   "%count_read = read i32 @_ssdm_op_Read.ap_auto.i32, i32 %count" [../tutorial_example/source/hls.cpp:25]   --->   Operation 21 'read' 'count_read' <Predicate = true> <Delay = 0.00>
ST_1 : Operation 22 [1/1] (0.88ns)   --->   "%empty = icmp_sgt  i32 %count_read, i32 0" [../tutorial_example/source/hls.cpp:25]   --->   Operation 22 'icmp' 'empty' <Predicate = true> <Delay = 0.88> <CoreInst = "Cmp">   --->   Core 9 'Cmp' <Latency = 0> <II = 1> <Delay = 0.88> <FuncUnit> <Opcode : 'seteq' 'setne' 'setle' 'setge' 'setlt' 'setgt'> <InPorts = 2> <OutPorts = 1>
ST_1 : Operation 23 [1/1] (0.00ns) (grouped into LUT with out node select_ln28)   --->   "%xor_ln28 = xor i32 %count_read, i32 4294967295" [../tutorial_example/source/hls.cpp:28]   --->   Operation 23 'xor' 'xor_ln28' <Predicate = true> <Delay = 0.00> <CoreInst = "LogicGate">   --->   Core 74 'LogicGate' <Latency = 0> <II = 1> <Delay = 0.21> <FuncUnit> <Opcode : 'and' 'or' 'xor'> <InPorts = 2> <OutPorts = 1>
ST_1 : Operation 24 [1/1] (0.22ns) (out node of the LUT)   --->   "%select_ln28 = select i1 %empty, i32 %xor_ln28, i32 4294967295" [../tutorial_example/source/hls.cpp:28]   --->   Operation 24 'select' 'select_ln28' <Predicate = true> <Delay = 0.22> <CoreInst = "Sel">   --->   Core 73 'Sel' <Latency = 0> <II = 1> <Delay = 0.22> <FuncUnit> <Opcode : 'select'> <InPorts = 3> <OutPorts = 1>
ST_1 : Operation 25 [1/1] (0.88ns)   --->   "%empty_7 = icmp_ugt  i32 %select_ln28, i32 4294967285" [../tutorial_example/source/hls.cpp:28]   --->   Operation 25 'icmp' 'empty_7' <Predicate = true> <Delay = 0.88> <CoreInst = "Cmp">   --->   Core 9 'Cmp' <Latency = 0> <II = 1> <Delay = 0.88> <FuncUnit> <Opcode : 'seteq' 'setne' 'setle' 'setge' 'setlt' 'setgt'> <InPorts = 2> <OutPorts = 1>
ST_1 : Operation 26 [1/1] (0.00ns) (grouped into LUT with out node select_ln28_1)   --->   "%xor_ln28_1 = xor i32 %select_ln28, i32 4294967295" [../tutorial_example/source/hls.cpp:28]   --->   Operation 26 'xor' 'xor_ln28_1' <Predicate = true> <Delay = 0.00> <CoreInst = "LogicGate">   --->   Core 74 'LogicGate' <Latency = 0> <II = 1> <Delay = 0.21> <FuncUnit> <Opcode : 'and' 'or' 'xor'> <InPorts = 2> <OutPorts = 1>
ST_1 : Operation 27 [1/1] (0.22ns) (out node of the LUT)   --->   "%select_ln28_1 = select i1 %empty_7, i32 %xor_ln28_1, i32 10" [../tutorial_example/source/hls.cpp:28]   --->   Operation 27 'select' 'select_ln28_1' <Predicate = true> <Delay = 0.22> <CoreInst = "Sel">   --->   Core 73 'Sel' <Latency = 0> <II = 1> <Delay = 0.22> <FuncUnit> <Opcode : 'select'> <InPorts = 3> <OutPorts = 1>
ST_1 : Operation 28 [1/1] (0.38ns)   --->   "%store_ln28 = store i4 0, i4 %i" [../tutorial_example/source/hls.cpp:28]   --->   Operation 28 'store' 'store_ln28' <Predicate = true> <Delay = 0.38>
ST_1 : Operation 29 [1/1] (0.00ns)   --->   "%br_ln28 = br void %for.cond" [../tutorial_example/source/hls.cpp:28]   --->   Operation 29 'br' 'br_ln28' <Predicate = true> <Delay = 0.00>
ST_1 : Operation 30 [1/1] (0.00ns)   --->   "%i_1 = load i4 %i" [../tutorial_example/source/hls.cpp:28]   --->   Operation 30 'load' 'i_1' <Predicate = true> <Delay = 0.00>
ST_1 : Operation 31 [1/1] (0.00ns)   --->   "%zext_ln28_1 = zext i4 %i_1" [../tutorial_example/source/hls.cpp:28]   --->   Operation 31 'zext' 'zext_ln28_1' <Predicate = true> <Delay = 0.00>
ST_1 : Operation 32 [1/1] (0.88ns)   --->   "%icmp_ln28 = icmp_eq  i32 %zext_ln28_1, i32 %select_ln28_1" [../tutorial_example/source/hls.cpp:28]   --->   Operation 32 'icmp' 'icmp_ln28' <Predicate = true> <Delay = 0.88> <CoreInst = "Cmp">   --->   Core 9 'Cmp' <Latency = 0> <II = 1> <Delay = 0.88> <FuncUnit> <Opcode : 'seteq' 'setne' 'setle' 'setge' 'setlt' 'setgt'> <InPorts = 2> <OutPorts = 1>
ST_1 : Operation 33 [1/1] (0.00ns)   --->   "%br_ln28 = br i1 %icmp_ln28, void %for.inc, void %for.end" [../tutorial_example/source/hls.cpp:28]   --->   Operation 33 'br' 'br_ln28' <Predicate = true> <Delay = 0.00>
ST_1 : Operation 34 [1/1] (0.70ns)   --->   "%add_ln28 = add i4 %i_1, i4 1" [../tutorial_example/source/hls.cpp:28]   --->   Operation 34 'add' 'add_ln28' <Predicate = (!icmp_ln28)> <Delay = 0.70> <CoreInst = "Adder">   --->   Core 1 'Adder' <Latency = 0> <II = 1> <Delay = 0.70> <FuncUnit> <Opcode : 'add' 'sub'> <InPorts = 2> <OutPorts = 1>
ST_1 : Operation 35 [1/1] (0.00ns)   --->   "%zext_ln28 = zext i4 %i_1" [../tutorial_example/source/hls.cpp:28]   --->   Operation 35 'zext' 'zext_ln28' <Predicate = (!icmp_ln28)> <Delay = 0.00>
ST_1 : Operation 36 [1/1] (0.00ns)   --->   "%arr_s1_addr = getelementptr i32 %arr_s1, i64 0, i64 %zext_ln28" [../tutorial_example/source/hls.cpp:29]   --->   Operation 36 'getelementptr' 'arr_s1_addr' <Predicate = (!icmp_ln28)> <Delay = 0.00>
ST_1 : Operation 37 [2/2] (0.69ns)   --->   "%arr_s1_load = load i4 %arr_s1_addr" [../tutorial_example/source/hls.cpp:29]   --->   Operation 37 'load' 'arr_s1_load' <Predicate = (!icmp_ln28)> <Delay = 0.69> <CoreInst = "RAM">   --->   Core 82 'RAM' <Latency = 1> <II = 1> <Delay = 0.69> <Storage> <Opcode : 'load' 'store'> <Ports = 2> <Width = 32> <Depth = 10> <RAM>
ST_1 : Operation 38 [1/1] (0.00ns)   --->   "%arr_s2_addr = getelementptr i32 %arr_s2, i64 0, i64 %zext_ln28" [../tutorial_example/source/hls.cpp:29]   --->   Operation 38 'getelementptr' 'arr_s2_addr' <Predicate = (!icmp_ln28)> <Delay = 0.00>
ST_1 : Operation 39 [2/2] (0.69ns)   --->   "%arr_s2_load = load i4 %arr_s2_addr" [../tutorial_example/source/hls.cpp:29]   --->   Operation 39 'load' 'arr_s2_load' <Predicate = (!icmp_ln28)> <Delay = 0.69> <CoreInst = "RAM">   --->   Core 82 'RAM' <Latency = 1> <II = 1> <Delay = 0.69> <Storage> <Opcode : 'load' 'store'> <Ports = 2> <Width = 32> <Depth = 10> <RAM>
ST_1 : Operation 40 [1/1] (0.38ns)   --->   "%store_ln28 = store i4 %add_ln28, i4 %i" [../tutorial_example/source/hls.cpp:28]   --->   Operation 40 'store' 'store_ln28' <Predicate = (!icmp_ln28)> <Delay = 0.38>
ST_1 : Operation 49 [1/1] (0.38ns)   --->   "%ret_ln31 = ret" [../tutorial_example/source/hls.cpp:31]   --->   Operation 49 'ret' 'ret_ln31' <Predicate = (icmp_ln28)> <Delay = 0.38>

State 2 <SV = 1> <Delay = 1.60>
ST_2 : Operation 41 [1/1] (0.00ns)   --->   "%specpipeline_ln29 = specpipeline void @_ssdm_op_SpecPipeline, i32 4294967295, i32 0, i32 0, i32 0, void @empty_0" [../tutorial_example/source/hls.cpp:29]   --->   Operation 41 'specpipeline' 'specpipeline_ln29' <Predicate = true> <Delay = 0.00>
ST_2 : Operation 42 [1/1] (0.00ns)   --->   "%specloopname_ln28 = specloopname void @_ssdm_op_SpecLoopName, void @empty_3" [../tutorial_example/source/hls.cpp:28]   --->   Operation 42 'specloopname' 'specloopname_ln28' <Predicate = true> <Delay = 0.00>
ST_2 : Operation 43 [1/2] ( I:0.69ns O:0.69ns )   --->   "%arr_s1_load = load i4 %arr_s1_addr" [../tutorial_example/source/hls.cpp:29]   --->   Operation 43 'load' 'arr_s1_load' <Predicate = true> <Delay = 0.69> <CoreInst = "RAM">   --->   Core 82 'RAM' <Latency = 1> <II = 1> <Delay = 0.69> <Storage> <Opcode : 'load' 'store'> <Ports = 2> <Width = 32> <Depth = 10> <RAM>
ST_2 : Operation 44 [1/2] ( I:0.69ns O:0.69ns )   --->   "%arr_s2_load = load i4 %arr_s2_addr" [../tutorial_example/source/hls.cpp:29]   --->   Operation 44 'load' 'arr_s2_load' <Predicate = true> <Delay = 0.69> <CoreInst = "RAM">   --->   Core 82 'RAM' <Latency = 1> <II = 1> <Delay = 0.69> <Storage> <Opcode : 'load' 'store'> <Ports = 2> <Width = 32> <Depth = 10> <RAM>
ST_2 : Operation 45 [1/1] (0.21ns)   --->   "%xor_ln29 = xor i32 %arr_s2_load, i32 %arr_s1_load" [../tutorial_example/source/hls.cpp:29]   --->   Operation 45 'xor' 'xor_ln29' <Predicate = true> <Delay = 0.21> <CoreInst = "LogicGate">   --->   Core 74 'LogicGate' <Latency = 0> <II = 1> <Delay = 0.21> <FuncUnit> <Opcode : 'and' 'or' 'xor'> <InPorts = 2> <OutPorts = 1>
ST_2 : Operation 46 [1/1] (0.00ns)   --->   "%arr_d1_addr = getelementptr i32 %arr_d1, i64 0, i64 %zext_ln28" [../tutorial_example/source/hls.cpp:29]   --->   Operation 46 'getelementptr' 'arr_d1_addr' <Predicate = true> <Delay = 0.00>
ST_2 : Operation 47 [1/1] ( I:0.69ns O:0.69ns )   --->   "%store_ln29 = store i32 %xor_ln29, i4 %arr_d1_addr" [../tutorial_example/source/hls.cpp:29]   --->   Operation 47 'store' 'store_ln29' <Predicate = true> <Delay = 0.69> <CoreInst = "RAM">   --->   Core 82 'RAM' <Latency = 1> <II = 1> <Delay = 0.69> <Storage> <Opcode : 'load' 'store'> <Ports = 2> <Width = 32> <Depth = 10> <RAM>
ST_2 : Operation 48 [1/1] (0.00ns)   --->   "%br_ln28 = br void %for.cond" [../tutorial_example/source/hls.cpp:28]   --->   Operation 48 'br' 'br_ln28' <Predicate = true> <Delay = 0.00>


============================================================
+ Verbose Summary: Binding
============================================================
STG Binding: 
---------------- STG Properties BEGIN ----------------
- Is combinational: 0
- Is one-state seq: 0
- Is datapath-only: 0
- Is pipelined: 0
- Is top level: 1
Port [ Return ] is wired: 1; IO mode=ap_ctrl_hs_ce:ce=1
Port [ ap_core]:  wired=1; compound=0; hidden=0; nouse=1; global=0; static=0; extern=0; dir=0; type=0; pingpong=0; private_global=0; IO mode=ap_none:ce=0
Port [ ap_part]:  wired=1; compound=0; hidden=0; nouse=1; global=0; static=0; extern=0; dir=0; type=0; pingpong=0; private_global=0; IO mode=ap_none:ce=0
Port [ ap_parent]:  wired=1; compound=0; hidden=0; nouse=1; global=0; static=0; extern=0; dir=0; type=0; pingpong=0; private_global=0; IO mode=ap_none:ce=0
Port [ arr_d1]:  wired=1; compound=1; hidden=0; nouse=0; global=0; static=0; extern=0; dir=1; type=1; pingpong=0; private_global=0; MemPort=[03]; IO mode=ap_memory:ce=0
Port [ arr_s1]:  wired=1; compound=1; hidden=0; nouse=0; global=0; static=0; extern=0; dir=0; type=1; pingpong=0; private_global=0; MemPort=[13]; IO mode=ap_memory:ce=0
Port [ arr_s2]:  wired=1; compound=1; hidden=0; nouse=0; global=0; static=0; extern=0; dir=0; type=1; pingpong=0; private_global=0; MemPort=[13]; IO mode=ap_memory:ce=0
Port [ count]:  wired=1; compound=0; hidden=0; nouse=0; global=0; static=0; extern=0; dir=0; type=0; pingpong=0; private_global=0; IO mode=ap_none:ce=0
---------------- STG Properties END ------------------

---------------- Datapath Model BEGIN ----------------

<LifeTime>
<method=bitvector/>
i                  (alloca       ) [ 010]
spectopmodule_ln25 (spectopmodule) [ 000]
specbitsmap_ln0    (specbitsmap  ) [ 000]
specinterface_ln0  (specinterface) [ 000]
specbitsmap_ln0    (specbitsmap  ) [ 000]
specinterface_ln0  (specinterface) [ 000]
specbitsmap_ln0    (specbitsmap  ) [ 000]
specinterface_ln0  (specinterface) [ 000]
specinterface_ln0  (specinterface) [ 000]
specbitsmap_ln0    (specbitsmap  ) [ 000]
specinterface_ln0  (specinterface) [ 000]
specbitsmap_ln0    (specbitsmap  ) [ 000]
specinterface_ln0  (specinterface) [ 000]
specbitsmap_ln0    (specbitsmap  ) [ 000]
specbitsmap_ln0    (specbitsmap  ) [ 000]
specinterface_ln0  (specinterface) [ 000]
count_read         (read         ) [ 000]
empty              (icmp         ) [ 000]
xor_ln28           (xor          ) [ 000]
select_ln28        (select       ) [ 000]
empty_7            (icmp         ) [ 000]
xor_ln28_1         (xor          ) [ 000]
select_ln28_1      (select       ) [ 000]
store_ln28         (store        ) [ 000]
br_ln28            (br           ) [ 000]
i_1                (load         ) [ 000]
zext_ln28_1        (zext         ) [ 000]
icmp_ln28          (icmp         ) [ 010]
br_ln28            (br           ) [ 000]
add_ln28           (add          ) [ 000]
zext_ln28          (zext         ) [ 011]
arr_s1_addr        (getelementptr) [ 011]
arr_s2_addr        (getelementptr) [ 011]
store_ln28         (store        ) [ 000]
specpipeline_ln29  (specpipeline ) [ 000]
specloopname_ln28  (specloopname ) [ 000]
arr_s1_load        (load         ) [ 000]
arr_s2_load        (load         ) [ 000]
xor_ln29           (xor          ) [ 000]
arr_d1_addr        (getelementptr) [ 000]
store_ln29         (store        ) [ 000]
br_ln28            (br           ) [ 000]
ret_ln31           (ret          ) [ 000]
</LifeTime>

<model>

<comp_list>
<comp id="0" class="1000" name="ap_core">
<pin_list>
<pin id="1" dir="1" index="0" bw="1" slack="2147483647"/>
</pin_list>
<bind>
<StgValue><ssdm name="ap_core"/></StgValue>
</bind>
</comp>

<comp id="2" class="1000" name="ap_part">
<pin_list>
<pin id="3" dir="1" index="0" bw="1" slack="2147483647"/>
</pin_list>
<bind>
<StgValue><ssdm name="ap_part"/></StgValue>
</bind>
</comp>

<comp id="4" class="1000" name="ap_parent">
<pin_list>
<pin id="5" dir="1" index="0" bw="1" slack="2147483647"/>
</pin_list>
<bind>
<StgValue><ssdm name="ap_parent"/></StgValue>
</bind>
</comp>

<comp id="6" class="1000" name="arr_d1">
<pin_list>
<pin id="7" dir="1" index="0" bw="1" slack="0"/>
</pin_list>
<bind>
<StgValue><ssdm name="arr_d1"/><MemPortTyVec>0 3 </MemPortTyVec>
</StgValue>
</bind>
</comp>

<comp id="8" class="1000" name="arr_s1">
<pin_list>
<pin id="9" dir="1" index="0" bw="1" slack="0"/>
</pin_list>
<bind>
<StgValue><ssdm name="arr_s1"/><MemPortTyVec>1 3 </MemPortTyVec>
</StgValue>
</bind>
</comp>

<comp id="10" class="1000" name="arr_s2">
<pin_list>
<pin id="11" dir="1" index="0" bw="1" slack="0"/>
</pin_list>
<bind>
<StgValue><ssdm name="arr_s2"/><MemPortTyVec>1 3 </MemPortTyVec>
</StgValue>
</bind>
</comp>

<comp id="12" class="1000" name="count">
<pin_list>
<pin id="13" dir="1" index="0" bw="1" slack="0"/>
</pin_list>
<bind>
<StgValue><ssdm name="count"/></StgValue>
</bind>
</comp>

<comp id="14" class="1001" name="const_14">
<pin_list>
<pin id="15" dir="1" index="0" bw="1" slack="0"/>
</pin_list>
<bind>
<StgValue><ssdm name=""/></StgValue>
</bind>
</comp>

<comp id="16" class="1001" name="const_16">
<pin_list>
<pin id="17" dir="1" index="0" bw="1" slack="2147483647"/>
</pin_list>
<bind>
<StgValue><ssdm name="_ssdm_op_SpecTopModule"/></StgValue>
</bind>
</comp>

<comp id="18" class="1001" name="const_18">
<pin_list>
<pin id="19" dir="1" index="0" bw="1" slack="2147483647"/>
</pin_list>
<bind>
<StgValue><ssdm name="empty_2"/></StgValue>
</bind>
</comp>

<comp id="20" class="1001" name="const_20">
<pin_list>
<pin id="21" dir="1" index="0" bw="1" slack="2147483647"/>
</pin_list>
<bind>
<StgValue><ssdm name="_ssdm_op_SpecBitsMap"/></StgValue>
</bind>
</comp>

<comp id="22" class="1001" name="const_22">
<pin_list>
<pin id="23" dir="1" index="0" bw="1" slack="2147483647"/>
</pin_list>
<bind>
<StgValue><ssdm name="_ssdm_op_SpecInterface"/></StgValue>
</bind>
</comp>

<comp id="24" class="1001" name="const_24">
<pin_list>
<pin id="25" dir="1" index="0" bw="1" slack="2147483647"/>
</pin_list>
<bind>
<StgValue><ssdm name="empty"/></StgValue>
</bind>
</comp>

<comp id="26" class="1001" name="const_26">
<pin_list>
<pin id="27" dir="1" index="0" bw="1" slack="0"/>
</pin_list>
<bind>
<StgValue><ssdm name=""/></StgValue>
</bind>
</comp>

<comp id="28" class="1001" name="const_28">
<pin_list>
<pin id="29" dir="1" index="0" bw="1" slack="2147483647"/>
</pin_list>
<bind>
<StgValue><ssdm name="empty_0"/></StgValue>
</bind>
</comp>

<comp id="30" class="1001" name="const_30">
<pin_list>
<pin id="31" dir="1" index="0" bw="1" slack="0"/>
</pin_list>
<bind>
<StgValue><ssdm name=""/></StgValue>
</bind>
</comp>

<comp id="32" class="1001" name="const_32">
<pin_list>
<pin id="33" dir="1" index="0" bw="1" slack="2147483647"/>
</pin_list>
<bind>
<StgValue><ssdm name="empty_1"/></StgValue>
</bind>
</comp>

<comp id="34" class="1001" name="const_34">
<pin_list>
<pin id="35" dir="1" index="0" bw="1" slack="0"/>
</pin_list>
<bind>
<StgValue><ssdm name="_ssdm_op_Read.ap_auto.i32"/></StgValue>
</bind>
</comp>

<comp id="36" class="1001" name="const_36">
<pin_list>
<pin id="37" dir="1" index="0" bw="1" slack="0"/>
</pin_list>
<bind>
<StgValue><ssdm name=""/></StgValue>
</bind>
</comp>

<comp id="38" class="1001" name="const_38">
<pin_list>
<pin id="39" dir="1" index="0" bw="1" slack="0"/>
</pin_list>
<bind>
<StgValue><ssdm name=""/></StgValue>
</bind>
</comp>

<comp id="40" class="1001" name="const_40">
<pin_list>
<pin id="41" dir="1" index="0" bw="1" slack="0"/>
</pin_list>
<bind>
<StgValue><ssdm name=""/></StgValue>
</bind>
</comp>

<comp id="42" class="1001" name="const_42">
<pin_list>
<pin id="43" dir="1" index="0" bw="1" slack="0"/>
</pin_list>
<bind>
<StgValue><ssdm name=""/></StgValue>
</bind>
</comp>

<comp id="44" class="1001" name="const_44">
<pin_list>
<pin id="45" dir="1" index="0" bw="1" slack="0"/>
</pin_list>
<bind>
<StgValue><ssdm name=""/></StgValue>
</bind>
</comp>

<comp id="46" class="1001" name="const_46">
<pin_list>
<pin id="47" dir="1" index="0" bw="1" slack="2147483647"/>
</pin_list>
<bind>
<StgValue><ssdm name="_ssdm_op_SpecPipeline"/></StgValue>
</bind>
</comp>

<comp id="48" class="1001" name="const_48">
<pin_list>
<pin id="49" dir="1" index="0" bw="1" slack="2147483647"/>
</pin_list>
<bind>
<StgValue><ssdm name="_ssdm_op_SpecLoopName"/></StgValue>
</bind>
</comp>

<comp id="50" class="1001" name="const_50">
<pin_list>
<pin id="51" dir="1" index="0" bw="1" slack="2147483647"/>
</pin_list>
<bind>
<StgValue><ssdm name="empty_3"/></StgValue>
</bind>
</comp>

<comp id="52" class="1004" name="i_fu_52">
<pin_list>
<pin id="53" dir="0" index="0" bw="1" slack="0"/>
<pin id="54" dir="1" index="1" bw="4" slack="0"/>
</pin_list>
<bind>
<opcode="alloca(26) " fcode="alloca"/>
<opset="i/1 "/>
</bind>
</comp>

<comp id="56" class="1004" name="count_read_read_fu_56">
<pin_list>
<pin id="57" dir="0" index="0" bw="32" slack="0"/>
<pin id="58" dir="0" index="1" bw="32" slack="0"/>
<pin id="59" dir="1" index="2" bw="32" slack="0"/>
</pin_list>
<bind>
<opcode="read(1150) " fcode="read"/>
<opset="count_read/1 "/>
</bind>
</comp>

<comp id="62" class="1004" name="arr_s1_addr_gep_fu_62">
<pin_list>
<pin id="63" dir="0" index="0" bw="32" slack="0"/>
<pin id="64" dir="0" index="1" bw="1" slack="0"/>
<pin id="65" dir="0" index="2" bw="4" slack="0"/>
<pin id="66" dir="1" index="3" bw="4" slack="0"/>
</pin_list>
<bind>
<opcode="getelementptr(29) " fcode="getelementptr"/>
<opset="arr_s1_addr/1 "/>
</bind>
</comp>

<comp id="69" class="1004" name="grp_access_fu_69">
<pin_list>
<pin id="70" dir="0" index="0" bw="4" slack="0"/>
<pin id="71" dir="0" index="1" bw="32" slack="2147483647"/>
<pin id="72" dir="0" index="2" bw="0" slack="2147483647"/>
<pin id="73" dir="1" index="3" bw="32" slack="0"/>
</pin_list>
<bind>
<opcode="load(27) " fcode="load"/>
<opset="arr_s1_load/1 "/>
</bind>
</comp>

<comp id="75" class="1004" name="arr_s2_addr_gep_fu_75">
<pin_list>
<pin id="76" dir="0" index="0" bw="32" slack="0"/>
<pin id="77" dir="0" index="1" bw="1" slack="0"/>
<pin id="78" dir="0" index="2" bw="4" slack="0"/>
<pin id="79" dir="1" index="3" bw="4" slack="0"/>
</pin_list>
<bind>
<opcode="getelementptr(29) " fcode="getelementptr"/>
<opset="arr_s2_addr/1 "/>
</bind>
</comp>

<comp id="82" class="1004" name="grp_access_fu_82">
<pin_list>
<pin id="83" dir="0" index="0" bw="4" slack="0"/>
<pin id="84" dir="0" index="1" bw="32" slack="2147483647"/>
<pin id="85" dir="0" index="2" bw="0" slack="2147483647"/>
<pin id="86" dir="1" index="3" bw="32" slack="0"/>
</pin_list>
<bind>
<opcode="load(27) " fcode="load"/>
<opset="arr_s2_load/1 "/>
</bind>
</comp>

<comp id="88" class="1004" name="arr_d1_addr_gep_fu_88">
<pin_list>
<pin id="89" dir="0" index="0" bw="32" slack="0"/>
<pin id="90" dir="0" index="1" bw="1" slack="0"/>
<pin id="91" dir="0" index="2" bw="4" slack="1"/>
<pin id="92" dir="1" index="3" bw="4" slack="0"/>
</pin_list>
<bind>
<opcode="getelementptr(29) " fcode="getelementptr"/>
<opset="arr_d1_addr/2 "/>
</bind>
</comp>

<comp id="95" class="1004" name="store_ln29_access_fu_95">
<pin_list>
<pin id="96" dir="0" index="0" bw="4" slack="0"/>
<pin id="97" dir="0" index="1" bw="32" slack="0"/>
<pin id="98" dir="0" index="2" bw="0" slack="2147483647"/>
<pin id="99" dir="1" index="3" bw="32" slack="2147483647"/>
</pin_list>
<bind>
<opcode="store(28) " fcode="store"/>
<opset="store_ln29/2 "/>
</bind>
</comp>

<comp id="101" class="1004" name="empty_fu_101">
<pin_list>
<pin id="102" dir="0" index="0" bw="32" slack="0"/>
<pin id="103" dir="0" index="1" bw="1" slack="0"/>
<pin id="104" dir="1" index="2" bw="1" slack="0"/>
</pin_list>
<bind>
<opcode="icmp(45) " fcode="icmp"/>
<opset="empty/1 "/>
</bind>
</comp>

<comp id="107" class="1004" name="xor_ln28_fu_107">
<pin_list>
<pin id="108" dir="0" index="0" bw="32" slack="0"/>
<pin id="109" dir="0" index="1" bw="1" slack="0"/>
<pin id="110" dir="1" index="2" bw="32" slack="0"/>
</pin_list>
<bind>
<opcode="xor(25) " fcode="xor"/>
<opset="xor_ln28/1 "/>
</bind>
</comp>

<comp id="113" class="1004" name="select_ln28_fu_113">
<pin_list>
<pin id="114" dir="0" index="0" bw="1" slack="0"/>
<pin id="115" dir="0" index="1" bw="32" slack="0"/>
<pin id="116" dir="0" index="2" bw="1" slack="0"/>
<pin id="117" dir="1" index="3" bw="32" slack="0"/>
</pin_list>
<bind>
<opcode="select(49) " fcode="select"/>
<opset="select_ln28/1 "/>
</bind>
</comp>

<comp id="121" class="1004" name="empty_7_fu_121">
<pin_list>
<pin id="122" dir="0" index="0" bw="32" slack="0"/>
<pin id="123" dir="0" index="1" bw="32" slack="0"/>
<pin id="124" dir="1" index="2" bw="1" slack="0"/>
</pin_list>
<bind>
<opcode="icmp(45) " fcode="icmp"/>
<opset="empty_7/1 "/>
</bind>
</comp>

<comp id="127" class="1004" name="xor_ln28_1_fu_127">
<pin_list>
<pin id="128" dir="0" index="0" bw="32" slack="0"/>
<pin id="129" dir="0" index="1" bw="1" slack="0"/>
<pin id="130" dir="1" index="2" bw="32" slack="0"/>
</pin_list>
<bind>
<opcode="xor(25) " fcode="xor"/>
<opset="xor_ln28_1/1 "/>
</bind>
</comp>

<comp id="133" class="1004" name="select_ln28_1_fu_133">
<pin_list>
<pin id="134" dir="0" index="0" bw="1" slack="0"/>
<pin id="135" dir="0" index="1" bw="32" slack="0"/>
<pin id="136" dir="0" index="2" bw="5" slack="0"/>
<pin id="137" dir="1" index="3" bw="32" slack="0"/>
</pin_list>
<bind>
<opcode="select(49) " fcode="select"/>
<opset="select_ln28_1/1 "/>
</bind>
</comp>

<comp id="141" class="1004" name="store_ln28_store_fu_141">
<pin_list>
<pin id="142" dir="0" index="0" bw="1" slack="0"/>
<pin id="143" dir="0" index="1" bw="4" slack="0"/>
<pin id="144" dir="1" index="2" bw="0" slack="2147483647"/>
</pin_list>
<bind>
<opcode="store(28) " fcode="store"/>
<opset="store_ln28/1 "/>
</bind>
</comp>

<comp id="146" class="1004" name="i_1_load_fu_146">
<pin_list>
<pin id="147" dir="0" index="0" bw="4" slack="0"/>
<pin id="148" dir="1" index="1" bw="4" slack="0"/>
</pin_list>
<bind>
<opcode="load(27) " fcode="load"/>
<opset="i_1/1 "/>
</bind>
</comp>

<comp id="149" class="1004" name="zext_ln28_1_fu_149">
<pin_list>
<pin id="150" dir="0" index="0" bw="4" slack="0"/>
<pin id="151" dir="1" index="1" bw="32" slack="0"/>
</pin_list>
<bind>
<opcode="zext(34) " fcode="zext"/>
<opset="zext_ln28_1/1 "/>
</bind>
</comp>

<comp id="153" class="1004" name="icmp_ln28_fu_153">
<pin_list>
<pin id="154" dir="0" index="0" bw="4" slack="0"/>
<pin id="155" dir="0" index="1" bw="32" slack="0"/>
<pin id="156" dir="1" index="2" bw="1" slack="2147483647"/>
</pin_list>
<bind>
<opcode="icmp(45) " fcode="icmp"/>
<opset="icmp_ln28/1 "/>
</bind>
</comp>

<comp id="159" class="1004" name="add_ln28_fu_159">
<pin_list>
<pin id="160" dir="0" index="0" bw="4" slack="0"/>
<pin id="161" dir="0" index="1" bw="1" slack="0"/>
<pin id="162" dir="1" index="2" bw="4" slack="0"/>
</pin_list>
<bind>
<opcode="add(8) " fcode="add"/>
<opset="add_ln28/1 "/>
</bind>
</comp>

<comp id="165" class="1004" name="zext_ln28_fu_165">
<pin_list>
<pin id="166" dir="0" index="0" bw="4" slack="0"/>
<pin id="167" dir="1" index="1" bw="64" slack="0"/>
</pin_list>
<bind>
<opcode="zext(34) " fcode="zext"/>
<opset="zext_ln28/1 "/>
</bind>
</comp>

<comp id="171" class="1004" name="store_ln28_store_fu_171">
<pin_list>
<pin id="172" dir="0" index="0" bw="4" slack="0"/>
<pin id="173" dir="0" index="1" bw="4" slack="0"/>
<pin id="174" dir="1" index="2" bw="0" slack="2147483647"/>
</pin_list>
<bind>
<opcode="store(28) " fcode="store"/>
<opset="store_ln28/1 "/>
</bind>
</comp>

<comp id="176" class="1004" name="xor_ln29_fu_176">
<pin_list>
<pin id="177" dir="0" index="0" bw="32" slack="0"/>
<pin id="178" dir="0" index="1" bw="32" slack="0"/>
<pin id="179" dir="1" index="2" bw="32" slack="0"/>
</pin_list>
<bind>
<opcode="xor(25) " fcode="xor"/>
<opset="xor_ln29/2 "/>
</bind>
</comp>

<comp id="183" class="1005" name="i_reg_183">
<pin_list>
<pin id="184" dir="0" index="0" bw="4" slack="0"/>
<pin id="185" dir="1" index="1" bw="4" slack="0"/>
</pin_list>
<bind>
<opset="i "/>
</bind>
</comp>

<comp id="193" class="1005" name="zext_ln28_reg_193">
<pin_list>
<pin id="194" dir="0" index="0" bw="64" slack="1"/>
<pin id="195" dir="1" index="1" bw="64" slack="1"/>
</pin_list>
<bind>
<opset="zext_ln28 "/>
</bind>
</comp>

<comp id="198" class="1005" name="arr_s1_addr_reg_198">
<pin_list>
<pin id="199" dir="0" index="0" bw="4" slack="1"/>
<pin id="200" dir="1" index="1" bw="4" slack="1"/>
</pin_list>
<bind>
<opset="arr_s1_addr "/>
</bind>
</comp>

<comp id="203" class="1005" name="arr_s2_addr_reg_203">
<pin_list>
<pin id="204" dir="0" index="0" bw="4" slack="1"/>
<pin id="205" dir="1" index="1" bw="4" slack="1"/>
</pin_list>
<bind>
<opset="arr_s2_addr "/>
</bind>
</comp>

</comp_list>

<net_list>
<net id="55"><net_src comp="14" pin="0"/><net_sink comp="52" pin=0"/></net>

<net id="60"><net_src comp="34" pin="0"/><net_sink comp="56" pin=0"/></net>

<net id="61"><net_src comp="12" pin="0"/><net_sink comp="56" pin=1"/></net>

<net id="67"><net_src comp="8" pin="0"/><net_sink comp="62" pin=0"/></net>

<net id="68"><net_src comp="44" pin="0"/><net_sink comp="62" pin=1"/></net>

<net id="74"><net_src comp="62" pin="3"/><net_sink comp="69" pin=0"/></net>

<net id="80"><net_src comp="10" pin="0"/><net_sink comp="75" pin=0"/></net>

<net id="81"><net_src comp="44" pin="0"/><net_sink comp="75" pin=1"/></net>

<net id="87"><net_src comp="75" pin="3"/><net_sink comp="82" pin=0"/></net>

<net id="93"><net_src comp="6" pin="0"/><net_sink comp="88" pin=0"/></net>

<net id="94"><net_src comp="44" pin="0"/><net_sink comp="88" pin=1"/></net>

<net id="100"><net_src comp="88" pin="3"/><net_sink comp="95" pin=0"/></net>

<net id="105"><net_src comp="56" pin="2"/><net_sink comp="101" pin=0"/></net>

<net id="106"><net_src comp="26" pin="0"/><net_sink comp="101" pin=1"/></net>

<net id="111"><net_src comp="56" pin="2"/><net_sink comp="107" pin=0"/></net>

<net id="112"><net_src comp="30" pin="0"/><net_sink comp="107" pin=1"/></net>

<net id="118"><net_src comp="101" pin="2"/><net_sink comp="113" pin=0"/></net>

<net id="119"><net_src comp="107" pin="2"/><net_sink comp="113" pin=1"/></net>

<net id="120"><net_src comp="30" pin="0"/><net_sink comp="113" pin=2"/></net>

<net id="125"><net_src comp="113" pin="3"/><net_sink comp="121" pin=0"/></net>

<net id="126"><net_src comp="36" pin="0"/><net_sink comp="121" pin=1"/></net>

<net id="131"><net_src comp="113" pin="3"/><net_sink comp="127" pin=0"/></net>

<net id="132"><net_src comp="30" pin="0"/><net_sink comp="127" pin=1"/></net>

<net id="138"><net_src comp="121" pin="2"/><net_sink comp="133" pin=0"/></net>

<net id="139"><net_src comp="127" pin="2"/><net_sink comp="133" pin=1"/></net>

<net id="140"><net_src comp="38" pin="0"/><net_sink comp="133" pin=2"/></net>

<net id="145"><net_src comp="40" pin="0"/><net_sink comp="141" pin=0"/></net>

<net id="152"><net_src comp="146" pin="1"/><net_sink comp="149" pin=0"/></net>

<net id="157"><net_src comp="149" pin="1"/><net_sink comp="153" pin=0"/></net>

<net id="158"><net_src comp="133" pin="3"/><net_sink comp="153" pin=1"/></net>

<net id="163"><net_src comp="146" pin="1"/><net_sink comp="159" pin=0"/></net>

<net id="164"><net_src comp="42" pin="0"/><net_sink comp="159" pin=1"/></net>

<net id="168"><net_src comp="146" pin="1"/><net_sink comp="165" pin=0"/></net>

<net id="169"><net_src comp="165" pin="1"/><net_sink comp="62" pin=2"/></net>

<net id="170"><net_src comp="165" pin="1"/><net_sink comp="75" pin=2"/></net>

<net id="175"><net_src comp="159" pin="2"/><net_sink comp="171" pin=0"/></net>

<net id="180"><net_src comp="82" pin="3"/><net_sink comp="176" pin=0"/></net>

<net id="181"><net_src comp="69" pin="3"/><net_sink comp="176" pin=1"/></net>

<net id="182"><net_src comp="176" pin="2"/><net_sink comp="95" pin=1"/></net>

<net id="186"><net_src comp="52" pin="1"/><net_sink comp="183" pin=0"/></net>

<net id="187"><net_src comp="183" pin="1"/><net_sink comp="141" pin=1"/></net>

<net id="188"><net_src comp="183" pin="1"/><net_sink comp="146" pin=0"/></net>

<net id="189"><net_src comp="183" pin="1"/><net_sink comp="171" pin=1"/></net>

<net id="196"><net_src comp="165" pin="1"/><net_sink comp="193" pin=0"/></net>

<net id="197"><net_src comp="193" pin="1"/><net_sink comp="88" pin=2"/></net>

<net id="201"><net_src comp="62" pin="3"/><net_sink comp="198" pin=0"/></net>

<net id="202"><net_src comp="198" pin="1"/><net_sink comp="69" pin=0"/></net>

<net id="206"><net_src comp="75" pin="3"/><net_sink comp="203" pin=0"/></net>

<net id="207"><net_src comp="203" pin="1"/><net_sink comp="82" pin=0"/></net>

</net_list>

</model> 
---------------- Datapath Model END ------------------

* FSMD analyzer results:
  - Output states:
	Port: arr_d1 | {2 }
 - Input state : 
	Port: array_xor : arr_s1 | {1 2 }
	Port: array_xor : arr_s2 | {1 2 }
	Port: array_xor : count | {1 }
  - Chain level:
	State 1
		empty_7 : 1
		xor_ln28_1 : 1
		select_ln28_1 : 1
		store_ln28 : 1
		i_1 : 1
		zext_ln28_1 : 2
		icmp_ln28 : 2
		br_ln28 : 3
		add_ln28 : 2
		zext_ln28 : 2
		arr_s1_addr : 3
		arr_s1_load : 4
		arr_s2_addr : 3
		arr_s2_load : 4
		store_ln28 : 3
	State 2
		xor_ln29 : 1
		store_ln29 : 1


============================================================
+ Verbose Summary: Datapath Resource usage 
============================================================

* Functional unit list:
|----------|-----------------------|---------|---------|
| Operation|    Functional Unit    |    FF   |   LUT   |
|----------|-----------------------|---------|---------|
|          |      empty_fu_101     |    0    |    39   |
|   icmp   |     empty_7_fu_121    |    0    |    39   |
|          |    icmp_ln28_fu_153   |    0    |    39   |
|----------|-----------------------|---------|---------|
|          |    xor_ln28_fu_107    |    0    |    32   |
|    xor   |   xor_ln28_1_fu_127   |    0    |    32   |
|          |    xor_ln29_fu_176    |    0    |    32   |
|----------|-----------------------|---------|---------|
|  select  |   select_ln28_fu_113  |    0    |    32   |
|          |  select_ln28_1_fu_133 |    0    |    32   |
|----------|-----------------------|---------|---------|
|    add   |    add_ln28_fu_159    |    0    |    12   |
|----------|-----------------------|---------|---------|
|   read   | count_read_read_fu_56 |    0    |    0    |
|----------|-----------------------|---------|---------|
|   zext   |   zext_ln28_1_fu_149  |    0    |    0    |
|          |    zext_ln28_fu_165   |    0    |    0    |
|----------|-----------------------|---------|---------|
|   Total  |                       |    0    |   289   |
|----------|-----------------------|---------|---------|

Memories:
N/A

* Register list:
+-------------------+--------+
|                   |   FF   |
+-------------------+--------+
|arr_s1_addr_reg_198|    4   |
|arr_s2_addr_reg_203|    4   |
|     i_reg_183     |    4   |
| zext_ln28_reg_193 |   64   |
+-------------------+--------+
|       Total       |   76   |
+-------------------+--------+

* Multiplexer (MUX) list: 
|------------------|------|------|------|--------||---------||---------||---------|
|       Comp       |  Pin | Size |  BW  | S x BW ||  Delay  ||    FF   ||   LUT   |
|------------------|------|------|------|--------||---------||---------||---------|
| grp_access_fu_69 |  p0  |   2  |   4  |    8   ||    0    ||    9    |
| grp_access_fu_82 |  p0  |   2  |   4  |    8   ||    0    ||    9    |
|------------------|------|------|------|--------||---------||---------||---------|
|       Total      |      |      |      |   16   ||  0.774  ||    0    ||    18   |
|------------------|------|------|------|--------||---------||---------||---------|



* Summary:
+-----------+--------+--------+--------+
|           |  Delay |   FF   |   LUT  |
+-----------+--------+--------+--------+
|  Function |    -   |    0   |   289  |
|   Memory  |    -   |    -   |    -   |
|Multiplexer|    0   |    0   |   18   |
|  Register |    -   |   76   |    -   |
+-----------+--------+--------+--------+
|   Total   |    0   |   76   |   307  |
+-----------+--------+--------+--------+
