

================================================================
== Vitis HLS Report for 'fully_connected_fprop'
================================================================
* Date:           Wed Mar 12 17:43:18 2025

* Version:        2024.2 (Build 5238294 on Nov  8 2024)
* Project:        prj
* Solution:       fully_connected_fprop_sol (Vivado IP Flow Target)
* Product family: virtexuplus
* Target device:  xcvu19p-fsvb3824-2-e


================================================================
== Performance Estimates
================================================================
+ Timing: 
    * Summary: 
    +--------+---------+----------+------------+
    |  Clock |  Target | Estimated| Uncertainty|
    +--------+---------+----------+------------+
    |ap_clk  |  3.30 ns|  2.983 ns|     0.89 ns|
    +--------+---------+----------+------------+

+ Latency: 
    * Summary: 
    +---------+---------+----------+----------+-----+-----+---------+
    |  Latency (cycles) |  Latency (absolute) |  Interval | Pipeline|
    |   min   |   max   |    min   |    max   | min | max |   Type  |
    +---------+---------+----------+----------+-----+-----+---------+
    |        ?|        ?|         ?|         ?|    ?|    ?|       no|
    +---------+---------+----------+----------+-----+-----+---------+

    + Detail: 
        * Instance: 
        +------------------------------------------------------------+-------------------------------------------------+---------+---------+----------+----------+-----+-----+------------------------------------------------+
        |                                                            |                                                 |  Latency (cycles) |  Latency (absolute) |  Interval |                    Pipeline                    |
        |                          Instance                          |                      Module                     |   min   |   max   |    min   |    max   | min | max |                      Type                      |
        +------------------------------------------------------------+-------------------------------------------------+---------+---------+----------+----------+-----+-----+------------------------------------------------+
        |grp_fully_connected_fprop_Pipeline_VITIS_LOOP_290_2_fu_148  |fully_connected_fprop_Pipeline_VITIS_LOOP_290_2  |        ?|        ?|         ?|         ?|    0|    0|  loop auto-rewind stp (delay=0 clock cycles(s))|
        +------------------------------------------------------------+-------------------------------------------------+---------+---------+----------+----------+-----+-----+------------------------------------------------+

        * Loop: 
        +--------------------+---------+---------+----------+-----------+-----------+------+----------+
        |                    |  Latency (cycles) | Iteration|  Initiation Interval  | Trip |          |
        |      Loop Name     |   min   |   max   |  Latency |  achieved |   target  | Count| Pipelined|
        +--------------------+---------+---------+----------+-----------+-----------+------+----------+
        |- VITIS_LOOP_287_1  |        ?|        ?|         ?|          -|          -|     ?|        no|
        +--------------------+---------+---------+----------+-----------+-----------+------+----------+



================================================================
== Utilization Estimates
================================================================
* Summary: 
+---------------------+---------+------+---------+---------+-----+
|         Name        | BRAM_18K|  DSP |    FF   |   LUT   | URAM|
+---------------------+---------+------+---------+---------+-----+
|DSP                  |        -|     -|        -|        -|    -|
|Expression           |        -|     -|        0|       65|    -|
|FIFO                 |        -|     -|        -|        -|    -|
|Instance             |        -|    66|     4655|     5473|    -|
|Memory               |        -|     -|        -|        -|    -|
|Multiplexer          |        -|     -|        0|      473|    -|
|Register             |        -|     -|      586|        -|    -|
+---------------------+---------+------+---------+---------+-----+
|Total                |        0|    66|     5241|     6011|    0|
+---------------------+---------+------+---------+---------+-----+
|Available SLR        |     1080|   960|  2042880|  1021440|   80|
+---------------------+---------+------+---------+---------+-----+
|Utilization SLR (%)  |        0|     6|       ~0|       ~0|    0|
+---------------------+---------+------+---------+---------+-----+
|Available            |     4320|  3840|  8171520|  4085760|  320|
+---------------------+---------+------+---------+---------+-----+
|Utilization (%)      |        0|     1|       ~0|       ~0|    0|
+---------------------+---------+------+---------+---------+-----+

+ Detail: 
    * Instance: 
    +------------------------------------------------------------+-------------------------------------------------+---------+----+------+------+-----+
    |                          Instance                          |                      Module                     | BRAM_18K| DSP|  FF  |  LUT | URAM|
    +------------------------------------------------------------+-------------------------------------------------+---------+----+------+------+-----+
    |dadd_64ns_64ns_64_8_full_dsp_1_U11                          |dadd_64ns_64ns_64_8_full_dsp_1                   |        0|   3|   685|   635|    0|
    |dadddsub_64ns_64ns_64_8_full_dsp_1_U10                      |dadddsub_64ns_64ns_64_8_full_dsp_1               |        0|   3|   685|   635|    0|
    |ddiv_64ns_64ns_64_31_no_dsp_1_U12                           |ddiv_64ns_64ns_64_31_no_dsp_1                    |        0|   0|     0|     0|    0|
    |dexp_64ns_64ns_64_30_full_dsp_1_U13                         |dexp_64ns_64ns_64_30_full_dsp_1                  |        0|  26|  1289|  1910|    0|
    |dexp_64ns_64ns_64_30_full_dsp_1_U14                         |dexp_64ns_64ns_64_30_full_dsp_1                  |        0|  26|  1289|  1910|    0|
    |grp_fully_connected_fprop_Pipeline_VITIS_LOOP_290_2_fu_148  |fully_connected_fprop_Pipeline_VITIS_LOOP_290_2  |        0|   8|   707|   383|    0|
    +------------------------------------------------------------+-------------------------------------------------+---------+----+------+------+-----+
    |Total                                                       |                                                 |        0|  66|  4655|  5473|    0|
    +------------------------------------------------------------+-------------------------------------------------+---------+----+------+------+-----+

    * DSP: 
    N/A

    * Memory: 
    N/A

    * FIFO: 
    N/A

    * Expression: 
    +----------------------+----------+----+---+----+------------+------------+
    |     Variable Name    | Operation| DSP| FF| LUT| Bitwidth P0| Bitwidth P1|
    +----------------------+----------+----+---+----+------------+------------+
    |add_ln287_fu_209_p2   |         +|   0|  0|  24|          17|           1|
    |icmp_ln287_fu_204_p2  |      icmp|   0|  0|  39|          32|          32|
    |xor_ln11_fu_250_p2    |       xor|   0|  0|   2|           1|           2|
    +----------------------+----------+----+---+----+------------+------------+
    |Total                 |          |   0|  0|  65|          50|          35|
    +----------------------+----------+----+---+----+------------+------------+

    * Multiplexer: 
    +-------------------+-----+-----------+-----+-----------+
    |        Name       | LUT | Input Size| Bits| Total Bits|
    +-------------------+-----+-----------+-----+-----------+
    |ap_NS_fsm          |  390|         82|    1|         82|
    |grp_fu_160_ce      |   14|          3|    1|          3|
    |grp_fu_160_opcode  |   20|          4|    2|          8|
    |grp_fu_160_p0      |   20|          4|   64|        256|
    |grp_fu_160_p1      |   20|          4|   64|        256|
    |i_fu_102           |    9|          2|   17|         34|
    +-------------------+-----+-----------+-----+-----------+
    |Total              |  473|         99|  149|        639|
    +-------------------+-----+-----------+-----+-----------+

    * Register: 
    +-------------------------------------------------------------------------+----+----+-----+-----------+
    |                                   Name                                  | FF | LUT| Bits| Const Bits|
    +-------------------------------------------------------------------------+----+----+-----+-----------+
    |add_i_reg_363                                                            |  64|   0|   64|          0|
    |ap_CS_fsm                                                                |  81|   0|   81|          0|
    |c5_conv_layer_map_count_read_reg_305                                     |  32|   0|   32|          0|
    |div_i_reg_368                                                            |  64|   0|   64|          0|
    |em_reg_357                                                               |  64|   0|   64|          0|
    |ep_reg_351                                                               |  64|   0|   64|          0|
    |grp_fully_connected_fprop_Pipeline_VITIS_LOOP_290_2_fu_148_ap_start_reg  |   1|   0|    1|          0|
    |i_1_reg_315                                                              |  17|   0|   17|          0|
    |i_fu_102                                                                 |  17|   0|   17|          0|
    |output_layer_map_b_load_reg_333                                          |  64|   0|   64|          0|
    |output_layer_map_count_read_reg_300                                      |  32|   0|   32|          0|
    |reg_182                                                                  |  64|   0|   64|          0|
    |trunc_ln287_1_reg_323                                                    |  11|   0|   11|          0|
    |trunc_ln287_reg_310                                                      |  11|   0|   11|          0|
    +-------------------------------------------------------------------------+----+----+-----+-----------+
    |Total                                                                    | 586|   0|  586|          0|
    +-------------------------------------------------------------------------+----+----+-----+-----------+



================================================================
== Interface
================================================================
* Summary: 
+-----------------------------------+-----+------+------------+----------------------------+--------------+
|             RTL Ports             | Dir | Bits |  Protocol  |        Source Object       |    C Type    |
+-----------------------------------+-----+------+------------+----------------------------+--------------+
|ap_clk                             |   in|     1|  ap_ctrl_hs|       fully_connected_fprop|  return value|
|ap_rst                             |   in|     1|  ap_ctrl_hs|       fully_connected_fprop|  return value|
|ap_start                           |   in|     1|  ap_ctrl_hs|       fully_connected_fprop|  return value|
|ap_done                            |  out|     1|  ap_ctrl_hs|       fully_connected_fprop|  return value|
|ap_idle                            |  out|     1|  ap_ctrl_hs|       fully_connected_fprop|  return value|
|ap_ready                           |  out|     1|  ap_ctrl_hs|       fully_connected_fprop|  return value|
|ap_ce                              |   in|     1|  ap_ctrl_hs|       fully_connected_fprop|  return value|
|ap_core                            |   in|     8|     ap_none|                     ap_core|        scalar|
|ap_part                            |   in|     8|     ap_none|                     ap_part|        scalar|
|ap_parent                          |   in|     8|     ap_none|                   ap_parent|        scalar|
|c5_conv_layer_map_w                |   in|    32|     ap_none|         c5_conv_layer_map_w|       pointer|
|c5_conv_layer_map_h                |   in|    32|     ap_none|         c5_conv_layer_map_h|       pointer|
|c5_conv_layer_map_count            |   in|    32|     ap_none|     c5_conv_layer_map_count|       pointer|
|c5_conv_layer_map_data_address0    |  out|    17|   ap_memory|      c5_conv_layer_map_data|         array|
|c5_conv_layer_map_data_ce0         |  out|     1|   ap_memory|      c5_conv_layer_map_data|         array|
|c5_conv_layer_map_data_q0          |   in|    64|   ap_memory|      c5_conv_layer_map_data|         array|
|c5_conv_layer_map_error_address0   |  out|    17|   ap_memory|     c5_conv_layer_map_error|         array|
|c5_conv_layer_map_error_ce0        |  out|     1|   ap_memory|     c5_conv_layer_map_error|         array|
|c5_conv_layer_map_error_we0        |  out|     1|   ap_memory|     c5_conv_layer_map_error|         array|
|c5_conv_layer_map_error_d0         |  out|    64|   ap_memory|     c5_conv_layer_map_error|         array|
|c5_conv_layer_map_error_q0         |   in|    64|   ap_memory|     c5_conv_layer_map_error|         array|
|c5_conv_layer_map_error_address1   |  out|    17|   ap_memory|     c5_conv_layer_map_error|         array|
|c5_conv_layer_map_error_ce1        |  out|     1|   ap_memory|     c5_conv_layer_map_error|         array|
|c5_conv_layer_map_error_we1        |  out|     1|   ap_memory|     c5_conv_layer_map_error|         array|
|c5_conv_layer_map_error_d1         |  out|    64|   ap_memory|     c5_conv_layer_map_error|         array|
|c5_conv_layer_map_error_q1         |   in|    64|   ap_memory|     c5_conv_layer_map_error|         array|
|c5_conv_layer_map_b_address0       |  out|     7|   ap_memory|         c5_conv_layer_map_b|         array|
|c5_conv_layer_map_b_ce0            |  out|     1|   ap_memory|         c5_conv_layer_map_b|         array|
|c5_conv_layer_map_b_we0            |  out|     1|   ap_memory|         c5_conv_layer_map_b|         array|
|c5_conv_layer_map_b_d0             |  out|    64|   ap_memory|         c5_conv_layer_map_b|         array|
|c5_conv_layer_map_b_q0             |   in|    64|   ap_memory|         c5_conv_layer_map_b|         array|
|c5_conv_layer_map_b_address1       |  out|     7|   ap_memory|         c5_conv_layer_map_b|         array|
|c5_conv_layer_map_b_ce1            |  out|     1|   ap_memory|         c5_conv_layer_map_b|         array|
|c5_conv_layer_map_b_we1            |  out|     1|   ap_memory|         c5_conv_layer_map_b|         array|
|c5_conv_layer_map_b_d1             |  out|    64|   ap_memory|         c5_conv_layer_map_b|         array|
|c5_conv_layer_map_b_q1             |   in|    64|   ap_memory|         c5_conv_layer_map_b|         array|
|c5_conv_layer_map_db_address0      |  out|     7|   ap_memory|        c5_conv_layer_map_db|         array|
|c5_conv_layer_map_db_ce0           |  out|     1|   ap_memory|        c5_conv_layer_map_db|         array|
|c5_conv_layer_map_db_we0           |  out|     1|   ap_memory|        c5_conv_layer_map_db|         array|
|c5_conv_layer_map_db_d0            |  out|    64|   ap_memory|        c5_conv_layer_map_db|         array|
|c5_conv_layer_map_db_q0            |   in|    64|   ap_memory|        c5_conv_layer_map_db|         array|
|c5_conv_layer_map_db_address1      |  out|     7|   ap_memory|        c5_conv_layer_map_db|         array|
|c5_conv_layer_map_db_ce1           |  out|     1|   ap_memory|        c5_conv_layer_map_db|         array|
|c5_conv_layer_map_db_we1           |  out|     1|   ap_memory|        c5_conv_layer_map_db|         array|
|c5_conv_layer_map_db_d1            |  out|    64|   ap_memory|        c5_conv_layer_map_db|         array|
|c5_conv_layer_map_db_q1            |   in|    64|   ap_memory|        c5_conv_layer_map_db|         array|
|c5_conv_layer_kernel_w             |   in|    32|     ap_none|      c5_conv_layer_kernel_w|       pointer|
|c5_conv_layer_kernel_h             |   in|    32|     ap_none|      c5_conv_layer_kernel_h|       pointer|
|c5_conv_layer_kernel_count         |   in|    32|     ap_none|  c5_conv_layer_kernel_count|       pointer|
|c5_conv_layer_kernel_address0      |  out|    11|   ap_memory|        c5_conv_layer_kernel|         array|
|c5_conv_layer_kernel_ce0           |  out|     1|   ap_memory|        c5_conv_layer_kernel|         array|
|c5_conv_layer_kernel_we0           |  out|     1|   ap_memory|        c5_conv_layer_kernel|         array|
|c5_conv_layer_kernel_d0            |  out|  3200|   ap_memory|        c5_conv_layer_kernel|         array|
|c5_conv_layer_kernel_q0            |   in|  3200|   ap_memory|        c5_conv_layer_kernel|         array|
|c5_conv_layer_kernel_address1      |  out|    11|   ap_memory|        c5_conv_layer_kernel|         array|
|c5_conv_layer_kernel_ce1           |  out|     1|   ap_memory|        c5_conv_layer_kernel|         array|
|c5_conv_layer_kernel_we1           |  out|     1|   ap_memory|        c5_conv_layer_kernel|         array|
|c5_conv_layer_kernel_d1            |  out|  3200|   ap_memory|        c5_conv_layer_kernel|         array|
|c5_conv_layer_kernel_q1            |   in|  3200|   ap_memory|        c5_conv_layer_kernel|         array|
|c5_conv_layer_map_common_address0  |  out|    10|   ap_memory|    c5_conv_layer_map_common|         array|
|c5_conv_layer_map_common_ce0       |  out|     1|   ap_memory|    c5_conv_layer_map_common|         array|
|c5_conv_layer_map_common_we0       |  out|     1|   ap_memory|    c5_conv_layer_map_common|         array|
|c5_conv_layer_map_common_d0        |  out|    64|   ap_memory|    c5_conv_layer_map_common|         array|
|c5_conv_layer_map_common_q0        |   in|    64|   ap_memory|    c5_conv_layer_map_common|         array|
|c5_conv_layer_map_common_address1  |  out|    10|   ap_memory|    c5_conv_layer_map_common|         array|
|c5_conv_layer_map_common_ce1       |  out|     1|   ap_memory|    c5_conv_layer_map_common|         array|
|c5_conv_layer_map_common_we1       |  out|     1|   ap_memory|    c5_conv_layer_map_common|         array|
|c5_conv_layer_map_common_d1        |  out|    64|   ap_memory|    c5_conv_layer_map_common|         array|
|c5_conv_layer_map_common_q1        |   in|    64|   ap_memory|    c5_conv_layer_map_common|         array|
|output_layer_map_w                 |   in|    32|     ap_none|          output_layer_map_w|       pointer|
|output_layer_map_h                 |   in|    32|     ap_none|          output_layer_map_h|       pointer|
|output_layer_map_count             |   in|    32|     ap_none|      output_layer_map_count|       pointer|
|output_layer_map_data_address0     |  out|    17|   ap_memory|       output_layer_map_data|         array|
|output_layer_map_data_ce0          |  out|     1|   ap_memory|       output_layer_map_data|         array|
|output_layer_map_data_we0          |  out|     1|   ap_memory|       output_layer_map_data|         array|
|output_layer_map_data_d0           |  out|    64|   ap_memory|       output_layer_map_data|         array|
|output_layer_map_error_address0    |  out|    17|   ap_memory|      output_layer_map_error|         array|
|output_layer_map_error_ce0         |  out|     1|   ap_memory|      output_layer_map_error|         array|
|output_layer_map_error_we0         |  out|     1|   ap_memory|      output_layer_map_error|         array|
|output_layer_map_error_d0          |  out|    64|   ap_memory|      output_layer_map_error|         array|
|output_layer_map_error_q0          |   in|    64|   ap_memory|      output_layer_map_error|         array|
|output_layer_map_error_address1    |  out|    17|   ap_memory|      output_layer_map_error|         array|
|output_layer_map_error_ce1         |  out|     1|   ap_memory|      output_layer_map_error|         array|
|output_layer_map_error_we1         |  out|     1|   ap_memory|      output_layer_map_error|         array|
|output_layer_map_error_d1          |  out|    64|   ap_memory|      output_layer_map_error|         array|
|output_layer_map_error_q1          |   in|    64|   ap_memory|      output_layer_map_error|         array|
|output_layer_map_b_address0        |  out|     7|   ap_memory|          output_layer_map_b|         array|
|output_layer_map_b_ce0             |  out|     1|   ap_memory|          output_layer_map_b|         array|
|output_layer_map_b_q0              |   in|    64|   ap_memory|          output_layer_map_b|         array|
|output_layer_map_db_address0       |  out|     7|   ap_memory|         output_layer_map_db|         array|
|output_layer_map_db_ce0            |  out|     1|   ap_memory|         output_layer_map_db|         array|
|output_layer_map_db_we0            |  out|     1|   ap_memory|         output_layer_map_db|         array|
|output_layer_map_db_d0             |  out|    64|   ap_memory|         output_layer_map_db|         array|
|output_layer_map_db_q0             |   in|    64|   ap_memory|         output_layer_map_db|         array|
|output_layer_map_db_address1       |  out|     7|   ap_memory|         output_layer_map_db|         array|
|output_layer_map_db_ce1            |  out|     1|   ap_memory|         output_layer_map_db|         array|
|output_layer_map_db_we1            |  out|     1|   ap_memory|         output_layer_map_db|         array|
|output_layer_map_db_d1             |  out|    64|   ap_memory|         output_layer_map_db|         array|
|output_layer_map_db_q1             |   in|    64|   ap_memory|         output_layer_map_db|         array|
|output_layer_kernel_w              |   in|    32|     ap_none|       output_layer_kernel_w|       pointer|
|output_layer_kernel_h              |   in|    32|     ap_none|       output_layer_kernel_h|       pointer|
|output_layer_kernel_count          |   in|    32|     ap_none|   output_layer_kernel_count|       pointer|
|output_layer_kernel_address0       |  out|    11|   ap_memory|         output_layer_kernel|         array|
|output_layer_kernel_ce0            |  out|     1|   ap_memory|         output_layer_kernel|         array|
|output_layer_kernel_q0             |   in|  3200|   ap_memory|         output_layer_kernel|         array|
|output_layer_map_common_address0   |  out|    10|   ap_memory|     output_layer_map_common|         array|
|output_layer_map_common_ce0        |  out|     1|   ap_memory|     output_layer_map_common|         array|
|output_layer_map_common_we0        |  out|     1|   ap_memory|     output_layer_map_common|         array|
|output_layer_map_common_d0         |  out|    64|   ap_memory|     output_layer_map_common|         array|
|output_layer_map_common_q0         |   in|    64|   ap_memory|     output_layer_map_common|         array|
|output_layer_map_common_address1   |  out|    10|   ap_memory|     output_layer_map_common|         array|
|output_layer_map_common_ce1        |  out|     1|   ap_memory|     output_layer_map_common|         array|
|output_layer_map_common_we1        |  out|     1|   ap_memory|     output_layer_map_common|         array|
|output_layer_map_common_d1         |  out|    64|   ap_memory|     output_layer_map_common|         array|
|output_layer_map_common_q1         |   in|    64|   ap_memory|     output_layer_map_common|         array|
+-----------------------------------+-----+------+------------+----------------------------+--------------+

