/home/duludulu/Documents/hls/vitis_batch_generate_rtl/prj/max_pooling_fprop2_sol/.autopilot/db/hls.pp.0.cpp:2260:5: warning: Added loop label VITIS_LOOP_676_1:   [xilinx-label-all-loops]
    for (unsigned i = low; i != high+1; ++i) {
    ^~~
    VITIS_LOOP_676_1: 
/home/duludulu/Documents/hls/vitis_batch_generate_rtl/prj/max_pooling_fprop2_sol/.autopilot/db/hls.pp.0.cpp:2260:5: note: FIX-IT applied suggested code changes
/home/duludulu/Documents/hls/vitis_batch_generate_rtl/prj/max_pooling_fprop2_sol/.autopilot/db/hls.pp.0.cpp:2274:5: warning: Added loop label VITIS_LOOP_690_1:   [xilinx-label-all-loops]
    for (unsigned i = low; i != high+1; ++i) {
    ^~~
    VITIS_LOOP_690_1: 
/home/duludulu/Documents/hls/vitis_batch_generate_rtl/prj/max_pooling_fprop2_sol/.autopilot/db/hls.pp.0.cpp:2274:5: note: FIX-IT applied suggested code changes
/home/duludulu/Documents/hls/vitis_batch_generate_rtl/prj/max_pooling_fprop2_sol/.autopilot/db/hls.pp.0.cpp:2288:5: warning: Added loop label VITIS_LOOP_704_1:   [xilinx-label-all-loops]
    for (unsigned i = low; i != high+1; ++i) {
    ^~~
    VITIS_LOOP_704_1: 
/home/duludulu/Documents/hls/vitis_batch_generate_rtl/prj/max_pooling_fprop2_sol/.autopilot/db/hls.pp.0.cpp:2288:5: note: FIX-IT applied suggested code changes
/home/duludulu/Documents/hls/vitis_batch_generate_rtl/prj/max_pooling_fprop2_sol/.autopilot/db/hls.pp.0.cpp:3922:7: warning: Added loop label VITIS_LOOP_1248_1:   [xilinx-label-all-loops]
      for (i = 0; i < __N - 1; ++i) {
      ^~~
      VITIS_LOOP_1248_1: 
/home/duludulu/Documents/hls/vitis_batch_generate_rtl/prj/max_pooling_fprop2_sol/.autopilot/db/hls.pp.0.cpp:3922:7: note: FIX-IT applied suggested code changes
/home/duludulu/Documents/hls/vitis_batch_generate_rtl/prj/max_pooling_fprop2_sol/.autopilot/db/hls.pp.0.cpp:12975:2: warning: Added loop label VITIS_LOOP_92_1:   [xilinx-label-all-loops]
 for (size_t i = 0; i < num; i++)
 ^~~
 VITIS_LOOP_92_1: 
/home/duludulu/Documents/hls/vitis_batch_generate_rtl/prj/max_pooling_fprop2_sol/.autopilot/db/hls.pp.0.cpp:12975:2: note: FIX-IT applied suggested code changes
/home/duludulu/Documents/hls/vitis_batch_generate_rtl/prj/max_pooling_fprop2_sol/.autopilot/db/hls.pp.0.cpp:12985:2: warning: Added loop label VITIS_LOOP_102_1:   [xilinx-label-all-loops]
 for (size_t i = 0; i < num; i++)
 ^~~
 VITIS_LOOP_102_1: 
/home/duludulu/Documents/hls/vitis_batch_generate_rtl/prj/max_pooling_fprop2_sol/.autopilot/db/hls.pp.0.cpp:12985:2: note: FIX-IT applied suggested code changes
/home/duludulu/Documents/hls/vitis_batch_generate_rtl/prj/max_pooling_fprop2_sol/.autopilot/db/hls.pp.0.cpp:13083:5: warning: Added loop label VITIS_LOOP_52_1:   [xilinx-label-all-loops]
    for (int i = 0; i < out_h; i++)
    ^~~
    VITIS_LOOP_52_1: 
/home/duludulu/Documents/hls/vitis_batch_generate_rtl/prj/max_pooling_fprop2_sol/.autopilot/db/hls.pp.0.cpp:13083:5: note: FIX-IT applied suggested code changes
/home/duludulu/Documents/hls/vitis_batch_generate_rtl/prj/max_pooling_fprop2_sol/.autopilot/db/hls.pp.0.cpp:13085:9: warning: Added loop label VITIS_LOOP_54_2:   [xilinx-label-all-loops]
        for (int j = 0; j < out_w; j++)
        ^~~
        VITIS_LOOP_54_2: 
/home/duludulu/Documents/hls/vitis_batch_generate_rtl/prj/max_pooling_fprop2_sol/.autopilot/db/hls.pp.0.cpp:13085:9: note: FIX-IT applied suggested code changes
/home/duludulu/Documents/hls/vitis_batch_generate_rtl/prj/max_pooling_fprop2_sol/.autopilot/db/hls.pp.0.cpp:13088:13: warning: Added loop label VITIS_LOOP_57_3:   [xilinx-label-all-loops]
            for (int n = 0; n < kernel_h; n++)
            ^~~
            VITIS_LOOP_57_3: 
/home/duludulu/Documents/hls/vitis_batch_generate_rtl/prj/max_pooling_fprop2_sol/.autopilot/db/hls.pp.0.cpp:13088:13: note: FIX-IT applied suggested code changes
/home/duludulu/Documents/hls/vitis_batch_generate_rtl/prj/max_pooling_fprop2_sol/.autopilot/db/hls.pp.0.cpp:13090:17: warning: Added loop label VITIS_LOOP_59_4:   [xilinx-label-all-loops]
                for (int m = 0; m < kernel_w; m++)
                ^~~
                VITIS_LOOP_59_4: 
/home/duludulu/Documents/hls/vitis_batch_generate_rtl/prj/max_pooling_fprop2_sol/.autopilot/db/hls.pp.0.cpp:13090:17: note: FIX-IT applied suggested code changes
/home/duludulu/Documents/hls/vitis_batch_generate_rtl/prj/max_pooling_fprop2_sol/.autopilot/db/hls.pp.0.cpp:13124:5: warning: Added loop label VITIS_LOOP_93_1:   [xilinx-label-all-loops]
    for (int i = 0; i < c1_conv_layer1->map_count; i++)
    ^~~
    VITIS_LOOP_93_1: 
/home/duludulu/Documents/hls/vitis_batch_generate_rtl/prj/max_pooling_fprop2_sol/.autopilot/db/hls.pp.0.cpp:13124:5: note: FIX-IT applied suggested code changes
/home/duludulu/Documents/hls/vitis_batch_generate_rtl/prj/max_pooling_fprop2_sol/.autopilot/db/hls.pp.0.cpp:13127:9: warning: Added loop label VITIS_LOOP_96_2:   [xilinx-label-all-loops]
        for (int j = 0; j < input_layer1->map_count; j++)
        ^~~
        VITIS_LOOP_96_2: 
/home/duludulu/Documents/hls/vitis_batch_generate_rtl/prj/max_pooling_fprop2_sol/.autopilot/db/hls.pp.0.cpp:13127:9: note: FIX-IT applied suggested code changes
/home/duludulu/Documents/hls/vitis_batch_generate_rtl/prj/max_pooling_fprop2_sol/.autopilot/db/hls.pp.0.cpp:13141:9: warning: Added loop label VITIS_LOOP_110_3:   [xilinx-label-all-loops]
        for (int k = 0; k < size; k++)
        ^~~
        VITIS_LOOP_110_3: 
/home/duludulu/Documents/hls/vitis_batch_generate_rtl/prj/max_pooling_fprop2_sol/.autopilot/db/hls.pp.0.cpp:13141:9: note: FIX-IT applied suggested code changes
/home/duludulu/Documents/hls/vitis_batch_generate_rtl/prj/max_pooling_fprop2_sol/.autopilot/db/hls.pp.0.cpp:13158:5: warning: Added loop label VITIS_LOOP_127_1:   [xilinx-label-all-loops]
    for (int i = 0; i < c3_conv_layer1->map_count; i++)
    ^~~
    VITIS_LOOP_127_1: 
/home/duludulu/Documents/hls/vitis_batch_generate_rtl/prj/max_pooling_fprop2_sol/.autopilot/db/hls.pp.0.cpp:13158:5: note: FIX-IT applied suggested code changes
/home/duludulu/Documents/hls/vitis_batch_generate_rtl/prj/max_pooling_fprop2_sol/.autopilot/db/hls.pp.0.cpp:13161:9: warning: Added loop label VITIS_LOOP_130_2:   [xilinx-label-all-loops]
        for (int j = 0; j < s2_pooling_layer1->map_count; j++)
        ^~~
        VITIS_LOOP_130_2: 
/home/duludulu/Documents/hls/vitis_batch_generate_rtl/prj/max_pooling_fprop2_sol/.autopilot/db/hls.pp.0.cpp:13161:9: note: FIX-IT applied suggested code changes
/home/duludulu/Documents/hls/vitis_batch_generate_rtl/prj/max_pooling_fprop2_sol/.autopilot/db/hls.pp.0.cpp:13175:9: warning: Added loop label VITIS_LOOP_144_3:   [xilinx-label-all-loops]
        for (int k = 0; k < size; k++)
        ^~~
        VITIS_LOOP_144_3: 
/home/duludulu/Documents/hls/vitis_batch_generate_rtl/prj/max_pooling_fprop2_sol/.autopilot/db/hls.pp.0.cpp:13175:9: note: FIX-IT applied suggested code changes
/home/duludulu/Documents/hls/vitis_batch_generate_rtl/prj/max_pooling_fprop2_sol/.autopilot/db/hls.pp.0.cpp:13192:5: warning: Added loop label VITIS_LOOP_161_1:   [xilinx-label-all-loops]
    for (int i = 0; i < c5_conv_layer1->map_count; i++)
    ^~~
    VITIS_LOOP_161_1: 
/home/duludulu/Documents/hls/vitis_batch_generate_rtl/prj/max_pooling_fprop2_sol/.autopilot/db/hls.pp.0.cpp:13192:5: note: FIX-IT applied suggested code changes
/home/duludulu/Documents/hls/vitis_batch_generate_rtl/prj/max_pooling_fprop2_sol/.autopilot/db/hls.pp.0.cpp:13195:9: warning: Added loop label VITIS_LOOP_164_2:   [xilinx-label-all-loops]
        for (int j = 0; j < s4_pooling_layer1->map_count; j++)
        ^~~
        VITIS_LOOP_164_2: 
/home/duludulu/Documents/hls/vitis_batch_generate_rtl/prj/max_pooling_fprop2_sol/.autopilot/db/hls.pp.0.cpp:13195:9: note: FIX-IT applied suggested code changes
/home/duludulu/Documents/hls/vitis_batch_generate_rtl/prj/max_pooling_fprop2_sol/.autopilot/db/hls.pp.0.cpp:13209:9: warning: Added loop label VITIS_LOOP_178_3:   [xilinx-label-all-loops]
        for (int k = 0; k < size; k++)
        ^~~
        VITIS_LOOP_178_3: 
/home/duludulu/Documents/hls/vitis_batch_generate_rtl/prj/max_pooling_fprop2_sol/.autopilot/db/hls.pp.0.cpp:13209:9: note: FIX-IT applied suggested code changes
/home/duludulu/Documents/hls/vitis_batch_generate_rtl/prj/max_pooling_fprop2_sol/.autopilot/db/hls.pp.0.cpp:13228:5: warning: Added loop label VITIS_LOOP_197_1:   [xilinx-label-all-loops]
    for (int k = 0; k < s2_pooling_layer1->map_count; k++)
    ^~~
    VITIS_LOOP_197_1: 
/home/duludulu/Documents/hls/vitis_batch_generate_rtl/prj/max_pooling_fprop2_sol/.autopilot/db/hls.pp.0.cpp:13228:5: note: FIX-IT applied suggested code changes
/home/duludulu/Documents/hls/vitis_batch_generate_rtl/prj/max_pooling_fprop2_sol/.autopilot/db/hls.pp.0.cpp:13230:9: warning: Added loop label VITIS_LOOP_199_2:   [xilinx-label-all-loops]
        for (int i = 0; i < map_h; i++)
        ^~~
        VITIS_LOOP_199_2: 
/home/duludulu/Documents/hls/vitis_batch_generate_rtl/prj/max_pooling_fprop2_sol/.autopilot/db/hls.pp.0.cpp:13230:9: note: FIX-IT applied suggested code changes
/home/duludulu/Documents/hls/vitis_batch_generate_rtl/prj/max_pooling_fprop2_sol/.autopilot/db/hls.pp.0.cpp:13232:13: warning: Added loop label VITIS_LOOP_201_3:   [xilinx-label-all-loops]
            for (int j = 0; j < map_w; j++)
            ^~~
            VITIS_LOOP_201_3: 
/home/duludulu/Documents/hls/vitis_batch_generate_rtl/prj/max_pooling_fprop2_sol/.autopilot/db/hls.pp.0.cpp:13232:13: note: FIX-IT applied suggested code changes
/home/duludulu/Documents/hls/vitis_batch_generate_rtl/prj/max_pooling_fprop2_sol/.autopilot/db/hls.pp.0.cpp:13235:17: warning: Added loop label VITIS_LOOP_204_4:   [xilinx-label-all-loops]
                for (int n = 2*i; n < 2*(i + 1); n++)
                ^~~
                VITIS_LOOP_204_4: 
/home/duludulu/Documents/hls/vitis_batch_generate_rtl/prj/max_pooling_fprop2_sol/.autopilot/db/hls.pp.0.cpp:13235:17: note: FIX-IT applied suggested code changes
/home/duludulu/Documents/hls/vitis_batch_generate_rtl/prj/max_pooling_fprop2_sol/.autopilot/db/hls.pp.0.cpp:13237:21: warning: Added loop label VITIS_LOOP_206_5:   [xilinx-label-all-loops]
                    for (int m = 2*j; m < 2*(j + 1); m++)
                    ^~~
                    VITIS_LOOP_206_5: 
/home/duludulu/Documents/hls/vitis_batch_generate_rtl/prj/max_pooling_fprop2_sol/.autopilot/db/hls.pp.0.cpp:13237:21: note: FIX-IT applied suggested code changes
/home/duludulu/Documents/hls/vitis_batch_generate_rtl/prj/max_pooling_fprop2_sol/.autopilot/db/hls.pp.0.cpp:13265:5: warning: Added loop label VITIS_LOOP_230_1:   [xilinx-label-all-loops]
    for (int k = 0; k < s4_pooling_layer1->map_count; k++)
    ^~~
    VITIS_LOOP_230_1: 
/home/duludulu/Documents/hls/vitis_batch_generate_rtl/prj/max_pooling_fprop2_sol/.autopilot/db/hls.pp.0.cpp:13265:5: note: FIX-IT applied suggested code changes
/home/duludulu/Documents/hls/vitis_batch_generate_rtl/prj/max_pooling_fprop2_sol/.autopilot/db/hls.pp.0.cpp:13267:9: warning: Added loop label VITIS_LOOP_232_2:   [xilinx-label-all-loops]
        for (int i = 0; i < s4_map_h; i++)
        ^~~
        VITIS_LOOP_232_2: 
/home/duludulu/Documents/hls/vitis_batch_generate_rtl/prj/max_pooling_fprop2_sol/.autopilot/db/hls.pp.0.cpp:13267:9: note: FIX-IT applied suggested code changes
/home/duludulu/Documents/hls/vitis_batch_generate_rtl/prj/max_pooling_fprop2_sol/.autopilot/db/hls.pp.0.cpp:13269:13: warning: Added loop label VITIS_LOOP_234_3:   [xilinx-label-all-loops]
            for (int j = 0; j < s4_map_w; j++)
            ^~~
            VITIS_LOOP_234_3: 
/home/duludulu/Documents/hls/vitis_batch_generate_rtl/prj/max_pooling_fprop2_sol/.autopilot/db/hls.pp.0.cpp:13269:13: note: FIX-IT applied suggested code changes
/home/duludulu/Documents/hls/vitis_batch_generate_rtl/prj/max_pooling_fprop2_sol/.autopilot/db/hls.pp.0.cpp:13272:17: warning: Added loop label VITIS_LOOP_237_4:   [xilinx-label-all-loops]
                for (int n = 2*i; n < 2*(i + 1); n++)
                ^~~
                VITIS_LOOP_237_4: 
/home/duludulu/Documents/hls/vitis_batch_generate_rtl/prj/max_pooling_fprop2_sol/.autopilot/db/hls.pp.0.cpp:13272:17: note: FIX-IT applied suggested code changes
/home/duludulu/Documents/hls/vitis_batch_generate_rtl/prj/max_pooling_fprop2_sol/.autopilot/db/hls.pp.0.cpp:13274:21: warning: Added loop label VITIS_LOOP_239_5:   [xilinx-label-all-loops]
                    for (int m = 2*j; m < 2*(j + 1); m++)
                    ^~~
                    VITIS_LOOP_239_5: 
/home/duludulu/Documents/hls/vitis_batch_generate_rtl/prj/max_pooling_fprop2_sol/.autopilot/db/hls.pp.0.cpp:13274:21: note: FIX-IT applied suggested code changes
/home/duludulu/Documents/hls/vitis_batch_generate_rtl/prj/max_pooling_fprop2_sol/.autopilot/db/hls.pp.0.cpp:13294:2: warning: Added loop label VITIS_LOOP_259_1:   [xilinx-label-all-loops]
 for (int i = 0; i < output_layer1->map_count; i++)
 ^~~
 VITIS_LOOP_259_1: 
/home/duludulu/Documents/hls/vitis_batch_generate_rtl/prj/max_pooling_fprop2_sol/.autopilot/db/hls.pp.0.cpp:13294:2: note: FIX-IT applied suggested code changes
/home/duludulu/Documents/hls/vitis_batch_generate_rtl/prj/max_pooling_fprop2_sol/.autopilot/db/hls.pp.0.cpp:13297:9: warning: Added loop label VITIS_LOOP_262_2:   [xilinx-label-all-loops]
        for (int j = 0; j < c5_conv_layer1->map_count; j++)
        ^~~
        VITIS_LOOP_262_2: 
/home/duludulu/Documents/hls/vitis_batch_generate_rtl/prj/max_pooling_fprop2_sol/.autopilot/db/hls.pp.0.cpp:13297:9: note: FIX-IT applied suggested code changes
