In file included from ../tutorial_example/source/hls.cpp:4:
../tutorial_example/source/cnn.h:100:9: warning: HLS pragma dump _XLX_SEP_ PragmaIsValid=1_XLX_SEP_ PragmaType=inline_XLX_SEP_ PragmaContext=_XLX_SEP_ PragmaFunction=shiftUp_XLX_SEP_ PragmaOptions=_XLX_SEP_ [-Wdump-hls-pragmas]
#pragma HLS INLINE
        ^
../tutorial_example/source/cnn.h:114:9: warning: HLS pragma dump _XLX_SEP_ PragmaIsValid=1_XLX_SEP_ PragmaType=inline_XLX_SEP_ PragmaContext=_XLX_SEP_ PragmaFunction=shiftLeft_XLX_SEP_ PragmaOptions=_XLX_SEP_ [-Wdump-hls-pragmas]
#pragma HLS INLINE
        ^
../tutorial_example/source/cnn.h:138:9: warning: HLS pragma dump _XLX_SEP_ PragmaIsValid=1_XLX_SEP_ PragmaType=inline_XLX_SEP_ PragmaContext=_XLX_SEP_ PragmaFunction=shiftDown_XLX_SEP_ PragmaOptions=_XLX_SEP_ [-Wdump-hls-pragmas]
#pragma HLS INLINE
        ^
../tutorial_example/source/hls.cpp:11:28: warning: unused parameter 'ap_core' [-Wunused-parameter]
void xor_diff_type(uint8_t ap_core, uint8_t ap_part, uint8_t ap_parent, uint32_t *xor_val32, uint16_t xor_val16, uint8_t xor_val8){
                           ^
../tutorial_example/source/hls.cpp:11:45: warning: unused parameter 'ap_part' [-Wunused-parameter]
void xor_diff_type(uint8_t ap_core, uint8_t ap_part, uint8_t ap_parent, uint32_t *xor_val32, uint16_t xor_val16, uint8_t xor_val8){
                                            ^
../tutorial_example/source/hls.cpp:11:62: warning: unused parameter 'ap_parent' [-Wunused-parameter]
void xor_diff_type(uint8_t ap_core, uint8_t ap_part, uint8_t ap_parent, uint32_t *xor_val32, uint16_t xor_val16, uint8_t xor_val8){
                                                             ^
../tutorial_example/source/hls.cpp:17:9: warning: HLS pragma dump _XLX_SEP_ PragmaIsValid=1_XLX_SEP_ PragmaType=array_partition_XLX_SEP_ PragmaContext=_XLX_SEP_ PragmaFunction=assign_array_complete_XLX_SEP_ PragmaOptions=variable=arr_complete type=complete_XLX_SEP_ [-Wdump-hls-pragmas]
#pragma HLS array_partition variable=arr_complete type=complete
        ^
../tutorial_example/source/hls.cpp:16:36: warning: unused parameter 'ap_core' [-Wunused-parameter]
void assign_array_complete(uint8_t ap_core, uint8_t ap_part, uint8_t ap_parent, int arr_complete[5], int base){
                                   ^
../tutorial_example/source/hls.cpp:16:53: warning: unused parameter 'ap_part' [-Wunused-parameter]
void assign_array_complete(uint8_t ap_core, uint8_t ap_part, uint8_t ap_parent, int arr_complete[5], int base){
                                                    ^
../tutorial_example/source/hls.cpp:16:70: warning: unused parameter 'ap_parent' [-Wunused-parameter]
void assign_array_complete(uint8_t ap_core, uint8_t ap_part, uint8_t ap_parent, int arr_complete[5], int base){
                                                                     ^
../tutorial_example/source/hls.cpp:25:24: warning: unused parameter 'ap_core' [-Wunused-parameter]
void array_xor(uint8_t ap_core, uint8_t ap_part, uint8_t ap_parent, int arr_d1[10], int arr_s1[10], int arr_s2[10], int count){
                       ^
../tutorial_example/source/hls.cpp:25:41: warning: unused parameter 'ap_part' [-Wunused-parameter]
void array_xor(uint8_t ap_core, uint8_t ap_part, uint8_t ap_parent, int arr_d1[10], int arr_s1[10], int arr_s2[10], int count){
                                        ^
../tutorial_example/source/hls.cpp:25:58: warning: unused parameter 'ap_parent' [-Wunused-parameter]
void array_xor(uint8_t ap_core, uint8_t ap_part, uint8_t ap_parent, int arr_d1[10], int arr_s1[10], int arr_s2[10], int count){
                                                         ^
../tutorial_example/source/hls.cpp:35:9: warning: HLS pragma dump _XLX_SEP_ PragmaIsValid=1_XLX_SEP_ PragmaType=disaggregate_XLX_SEP_ PragmaContext=_XLX_SEP_ PragmaFunction=vector_add_XLX_SEP_ PragmaOptions=variable=vec_s1_XLX_SEP_ [-Wdump-hls-pragmas]
#pragma HLS disaggregate variable=vec_s1
        ^
../tutorial_example/source/hls.cpp:36:9: warning: HLS pragma dump _XLX_SEP_ PragmaIsValid=1_XLX_SEP_ PragmaType=disaggregate_XLX_SEP_ PragmaContext=_XLX_SEP_ PragmaFunction=vector_add_XLX_SEP_ PragmaOptions=variable=vec_s2_XLX_SEP_ [-Wdump-hls-pragmas]
#pragma HLS disaggregate variable=vec_s2
        ^
../tutorial_example/source/hls.cpp:37:9: warning: HLS pragma dump _XLX_SEP_ PragmaIsValid=1_XLX_SEP_ PragmaType=disaggregate_XLX_SEP_ PragmaContext=_XLX_SEP_ PragmaFunction=vector_add_XLX_SEP_ PragmaOptions=variable=vec_d1_XLX_SEP_ [-Wdump-hls-pragmas]
#pragma HLS disaggregate variable=vec_d1
        ^
../tutorial_example/source/hls.cpp:34:25: warning: unused parameter 'ap_core' [-Wunused-parameter]
void vector_add(uint8_t ap_core, uint8_t ap_part, uint8_t ap_parent, vector_2d *vec_d1, const vector_2d *vec_s1, const vector_2d *vec_s2){
                        ^
../tutorial_example/source/hls.cpp:34:42: warning: unused parameter 'ap_part' [-Wunused-parameter]
void vector_add(uint8_t ap_core, uint8_t ap_part, uint8_t ap_parent, vector_2d *vec_d1, const vector_2d *vec_s1, const vector_2d *vec_s2){
                                         ^
../tutorial_example/source/hls.cpp:34:59: warning: unused parameter 'ap_parent' [-Wunused-parameter]
void vector_add(uint8_t ap_core, uint8_t ap_part, uint8_t ap_parent, vector_2d *vec_d1, const vector_2d *vec_s1, const vector_2d *vec_s2){
                                                          ^
../tutorial_example/source/hls.cpp:46:9: warning: HLS pragma dump _XLX_SEP_ PragmaIsValid=1_XLX_SEP_ PragmaType=pipeline_XLX_SEP_ PragmaContext=_XLX_SEP_ PragmaFunction=fill_value_XLX_SEP_ PragmaOptions=OFF_XLX_SEP_ [-Wdump-hls-pragmas]
#pragma HLS PIPELINE OFF
        ^
../tutorial_example/source/hls.cpp:44:25: warning: unused parameter 'ap_core' [-Wunused-parameter]
void fill_value(uint8_t ap_core, uint8_t ap_part, uint8_t ap_parent, int value, int fillsize, int big_array[10000]){
                        ^
../tutorial_example/source/hls.cpp:44:42: warning: unused parameter 'ap_part' [-Wunused-parameter]
void fill_value(uint8_t ap_core, uint8_t ap_part, uint8_t ap_parent, int value, int fillsize, int big_array[10000]){
                                         ^
../tutorial_example/source/hls.cpp:44:59: warning: unused parameter 'ap_parent' [-Wunused-parameter]
void fill_value(uint8_t ap_core, uint8_t ap_part, uint8_t ap_parent, int value, int fillsize, int big_array[10000]){
                                                          ^
../tutorial_example/source/hls.cpp:66:9: warning: HLS pragma dump _XLX_SEP_ PragmaIsValid=1_XLX_SEP_ PragmaType=array_partition_XLX_SEP_ PragmaContext=_XLX_SEP_ PragmaFunction=hevc_loop_filter_chroma_8bit_hls_XLX_SEP_ PragmaOptions=variable=tc_arr type=complete_XLX_SEP_ [-Wdump-hls-pragmas]
#pragma HLS ARRAY_PARTITION variable=tc_arr type=complete
        ^
../tutorial_example/source/hls.cpp:67:9: warning: HLS pragma dump _XLX_SEP_ PragmaIsValid=1_XLX_SEP_ PragmaType=array_partition_XLX_SEP_ PragmaContext=_XLX_SEP_ PragmaFunction=hevc_loop_filter_chroma_8bit_hls_XLX_SEP_ PragmaOptions=variable=no_p_arr type=complete_XLX_SEP_ [-Wdump-hls-pragmas]
#pragma HLS ARRAY_PARTITION variable=no_p_arr type=complete
        ^
../tutorial_example/source/hls.cpp:68:9: warning: HLS pragma dump _XLX_SEP_ PragmaIsValid=1_XLX_SEP_ PragmaType=array_partition_XLX_SEP_ PragmaContext=_XLX_SEP_ PragmaFunction=hevc_loop_filter_chroma_8bit_hls_XLX_SEP_ PragmaOptions=variable=no_q_arr type=complete_XLX_SEP_ [-Wdump-hls-pragmas]
#pragma HLS ARRAY_PARTITION variable=no_q_arr type=complete
        ^
../tutorial_example/source/hls.cpp:78:9: warning: HLS pragma dump _XLX_SEP_ PragmaIsValid=1_XLX_SEP_ PragmaType=unroll_XLX_SEP_ PragmaContext=_XLX_SEP_ PragmaFunction=hevc_loop_filter_chroma_8bit_hls_XLX_SEP_ PragmaOptions=OFF = TRUE_XLX_SEP_ [-Wdump-hls-pragmas]
#pragma HLS UNROLL OFF = TRUE
        ^
../tutorial_example/source/hls.cpp:88:9: warning: HLS pragma dump _XLX_SEP_ PragmaIsValid=1_XLX_SEP_ PragmaType=pipeline_XLX_SEP_ PragmaContext=_XLX_SEP_ PragmaFunction=hevc_loop_filter_chroma_8bit_hls_XLX_SEP_ PragmaOptions=_XLX_SEP_ [-Wdump-hls-pragmas]
#pragma HLS PIPELINE
        ^
../tutorial_example/source/hls.cpp:62:47: warning: unused parameter 'ap_core' [-Wunused-parameter]
void hevc_loop_filter_chroma_8bit_hls(uint8_t ap_core, uint8_t ap_part, uint8_t ap_parent, uint8_t pix_base[1920*1080], int frame_offset, int xstride,
                                              ^
../tutorial_example/source/hls.cpp:62:64: warning: unused parameter 'ap_part' [-Wunused-parameter]
void hevc_loop_filter_chroma_8bit_hls(uint8_t ap_core, uint8_t ap_part, uint8_t ap_parent, uint8_t pix_base[1920*1080], int frame_offset, int xstride,
                                                               ^
../tutorial_example/source/hls.cpp:62:81: warning: unused parameter 'ap_parent' [-Wunused-parameter]
void hevc_loop_filter_chroma_8bit_hls(uint8_t ap_core, uint8_t ap_part, uint8_t ap_parent, uint8_t pix_base[1920*1080], int frame_offset, int xstride,
                                                                                ^
/home/duludulu/Documents/vishare_tools/vitis_batch_generate_rtl/hls.tcl:68:9: warning: HLS pragma dump _XLX_SEP_ PragmaIsValid=1_XLX_SEP_ PragmaType=top_XLX_SEP_ PragmaContext=directive_XLX_SEP_ PragmaFunction=cnn_hls_XLX_SEP_ PragmaOptions=name=cnn_hls_XLX_SEP_ [-Wdump-hls-pragmas]
#pragma HLSDIRECTIVE TOP name=cnn_hls
        ^
../tutorial_example/source/hls.cpp:118:9: warning: HLS pragma dump _XLX_SEP_ PragmaIsValid=1_XLX_SEP_ PragmaType=interface_XLX_SEP_ PragmaContext=_XLX_SEP_ PragmaFunction=cnn_hls_XLX_SEP_ PragmaOptions=ap_memory port=pixel storage_type=RAM_2P_XLX_SEP_ [-Wdump-hls-pragmas]
#pragma HLS INTERFACE ap_memory port=pixel storage_type=RAM_2P
        ^
../tutorial_example/source/hls.cpp:117:64: warning: unused parameter 'ap_core' [-Wunused-parameter]
__attribute__((sdx_kernel("cnn_hls", 0))) void cnn_hls(uint8_t ap_core, uint8_t ap_part, uint8_t ap_parent, int width, int height, int filter, char pixel[(64 + 8 -1 ) * (64 + 8 - 1)], char filter_map[8 * 8], int sum[64 * 64]) {
                                                               ^
../tutorial_example/source/hls.cpp:117:81: warning: unused parameter 'ap_part' [-Wunused-parameter]
__attribute__((sdx_kernel("cnn_hls", 0))) void cnn_hls(uint8_t ap_core, uint8_t ap_part, uint8_t ap_parent, int width, int height, int filter, char pixel[(64 + 8 -1 ) * (64 + 8 - 1)], char filter_map[8 * 8], int sum[64 * 64]) {
                                                                                ^
../tutorial_example/source/hls.cpp:117:98: warning: unused parameter 'ap_parent' [-Wunused-parameter]
__attribute__((sdx_kernel("cnn_hls", 0))) void cnn_hls(uint8_t ap_core, uint8_t ap_part, uint8_t ap_parent, int width, int height, int filter, char pixel[(64 + 8 -1 ) * (64 + 8 - 1)], char filter_map[8 * 8], int sum[64 * 64]) {
                                                                                                 ^
36 warnings generated.
