In file included from ../source/hls.cpp:1:
In file included from ../source/hls.h:10:
../source/xmem.h:46:35: warning: declaration does not declare anything [-Wmissing-declarations]
    uint8_t xxxxx_paddingA[1976]; __attribute__((aligned(4)));
                                  ^
../source/hls.cpp:74:54: warning: unused parameter 'in_h' [-Wunused-parameter]
void convn_valid(double in_data[1024], int in_w, int in_h,
                                                     ^
../source/hls.cpp:111:26: warning: unused parameter 'ap_core' [-Wunused-parameter]
void conv_fprop1(uint8_t ap_core, uint8_t ap_part, uint8_t ap_parent, Layer *input_layer, Layer *c1_conv_layer, bool pconnection[96])
                         ^
../source/hls.cpp:111:43: warning: unused parameter 'ap_part' [-Wunused-parameter]
void conv_fprop1(uint8_t ap_core, uint8_t ap_part, uint8_t ap_parent, Layer *input_layer, Layer *c1_conv_layer, bool pconnection[96])
                                          ^
../source/hls.cpp:111:60: warning: unused parameter 'ap_parent' [-Wunused-parameter]
void conv_fprop1(uint8_t ap_core, uint8_t ap_part, uint8_t ap_parent, Layer *input_layer, Layer *c1_conv_layer, bool pconnection[96])
                                                           ^
../source/hls.cpp:140:26: warning: unused parameter 'ap_core' [-Wunused-parameter]
void conv_fprop2(uint8_t ap_core, uint8_t ap_part, uint8_t ap_parent, Layer *s2_pooling_la, Layer *c3_conv_layer, bool pconnection[96])
                         ^
../source/hls.cpp:140:43: warning: unused parameter 'ap_part' [-Wunused-parameter]
void conv_fprop2(uint8_t ap_core, uint8_t ap_part, uint8_t ap_parent, Layer *s2_pooling_la, Layer *c3_conv_layer, bool pconnection[96])
                                          ^
../source/hls.cpp:140:60: warning: unused parameter 'ap_parent' [-Wunused-parameter]
void conv_fprop2(uint8_t ap_core, uint8_t ap_part, uint8_t ap_parent, Layer *s2_pooling_la, Layer *c3_conv_layer, bool pconnection[96])
                                                           ^
../source/hls.cpp:168:26: warning: unused parameter 'ap_core' [-Wunused-parameter]
void conv_fprop3(uint8_t ap_core, uint8_t ap_part, uint8_t ap_parent, Layer *s4_pooling_layer, Layer *c5_conv_layer, bool pconnection[96])
                         ^
../source/hls.cpp:168:43: warning: unused parameter 'ap_part' [-Wunused-parameter]
void conv_fprop3(uint8_t ap_core, uint8_t ap_part, uint8_t ap_parent, Layer *s4_pooling_layer, Layer *c5_conv_layer, bool pconnection[96])
                                          ^
../source/hls.cpp:168:60: warning: unused parameter 'ap_parent' [-Wunused-parameter]
void conv_fprop3(uint8_t ap_core, uint8_t ap_part, uint8_t ap_parent, Layer *s4_pooling_layer, Layer *c5_conv_layer, bool pconnection[96])
                                                           ^
/home/duludulu/Documents/hls/vitis_batch_generate_rtl/hls.tcl:68:9: warning: HLS pragma dump _XLX_SEP_ PragmaIsValid=1_XLX_SEP_ PragmaType=top_XLX_SEP_ PragmaContext=directive_XLX_SEP_ PragmaFunction=max_pooling_fprop1_XLX_SEP_ PragmaOptions=name=max_pooling_fprop1_XLX_SEP_ [-Wdump-hls-pragmas]
#pragma HLSDIRECTIVE TOP name=max_pooling_fprop1
        ^
../source/hls.cpp:227:86: warning: unused parameter 'ap_core' [-Wunused-parameter]
__attribute__((sdx_kernel("max_pooling_fprop1", 0))) void max_pooling_fprop1(uint8_t ap_core, uint8_t ap_part, uint8_t ap_parent, Layer *c1_conv_layer, Layer *s2_pooling_layer)
                                                                                     ^
../source/hls.cpp:227:103: warning: unused parameter 'ap_part' [-Wunused-parameter]
__attribute__((sdx_kernel("max_pooling_fprop1", 0))) void max_pooling_fprop1(uint8_t ap_core, uint8_t ap_part, uint8_t ap_parent, Layer *c1_conv_layer, Layer *s2_pooling_layer)
                                                                                                      ^
../source/hls.cpp:227:120: warning: unused parameter 'ap_parent' [-Wunused-parameter]
__attribute__((sdx_kernel("max_pooling_fprop1", 0))) void max_pooling_fprop1(uint8_t ap_core, uint8_t ap_part, uint8_t ap_parent, Layer *c1_conv_layer, Layer *s2_pooling_layer)
                                                                                                                       ^
../source/hls.cpp:255:33: warning: unused parameter 'ap_core' [-Wunused-parameter]
void max_pooling_fprop2(uint8_t ap_core, uint8_t ap_part, uint8_t ap_parent, Layer *c3_conv_layer, Layer *s4_pooling_layer)
                                ^
../source/hls.cpp:255:50: warning: unused parameter 'ap_part' [-Wunused-parameter]
void max_pooling_fprop2(uint8_t ap_core, uint8_t ap_part, uint8_t ap_parent, Layer *c3_conv_layer, Layer *s4_pooling_layer)
                                                 ^
../source/hls.cpp:255:67: warning: unused parameter 'ap_parent' [-Wunused-parameter]
void max_pooling_fprop2(uint8_t ap_core, uint8_t ap_part, uint8_t ap_parent, Layer *c3_conv_layer, Layer *s4_pooling_layer)
                                                                  ^
../source/hls.cpp:285:36: warning: unused parameter 'ap_core' [-Wunused-parameter]
void fully_connected_fprop(uint8_t ap_core, uint8_t ap_part, uint8_t ap_parent, Layer *c5_conv_layer, Layer *output_layer)
                                   ^
../source/hls.cpp:285:53: warning: unused parameter 'ap_part' [-Wunused-parameter]
void fully_connected_fprop(uint8_t ap_core, uint8_t ap_part, uint8_t ap_parent, Layer *c5_conv_layer, Layer *output_layer)
                                                    ^
../source/hls.cpp:285:70: warning: unused parameter 'ap_parent' [-Wunused-parameter]
void fully_connected_fprop(uint8_t ap_core, uint8_t ap_part, uint8_t ap_parent, Layer *c5_conv_layer, Layer *output_layer)
                                                                     ^
21 warnings generated.
