

================================================================
== Vitis HLS Report for 'max_pooling_fprop1'
================================================================
* Date:           Wed Mar 12 17:42:47 2025

* Version:        2024.2 (Build 5238294 on Nov  8 2024)
* Project:        prj
* Solution:       max_pooling_fprop1_sol (Vivado IP Flow Target)
* Product family: virtexuplus
* Target device:  xcvu19p-fsvb3824-2-e


================================================================
== Performance Estimates
================================================================
+ Timing: 
    * Summary: 
    +--------+---------+----------+------------+
    |  Clock |  Target | Estimated| Uncertainty|
    +--------+---------+----------+------------+
    |ap_clk  |  3.30 ns|  2.983 ns|     0.89 ns|
    +--------+---------+----------+------------+

+ Latency: 
    * Summary: 
    +---------+---------+----------+----------+-----+-----+---------+
    |  Latency (cycles) |  Latency (absolute) |  Interval | Pipeline|
    |   min   |   max   |    min   |    max   | min | max |   Type  |
    +---------+---------+----------+----------+-----+-----+---------+
    |        ?|        ?|         ?|         ?|    ?|    ?|       no|
    +---------+---------+----------+----------+-----+-----+---------+

    + Detail: 
        * Instance: 
        N/A

        * Loop: 
        +-----------------------+---------+---------+----------+-----------+-----------+------+----------+
        |                       |  Latency (cycles) | Iteration|  Initiation Interval  | Trip |          |
        |       Loop Name       |   min   |   max   |  Latency |  achieved |   target  | Count| Pipelined|
        +-----------------------+---------+---------+----------+-----------+-----------+------+----------+
        |- VITIS_LOOP_233_1     |        ?|        ?|         ?|          -|          -|     ?|        no|
        | + VITIS_LOOP_235_2    |        ?|        ?|         ?|          -|          -|     ?|        no|
        |  ++ VITIS_LOOP_237_3  |        ?|        ?|        92|          -|          -|     ?|        no|
        +-----------------------+---------+---------+----------+-----------+-----------+------+----------+

============================================================
+ Verbose Summary: Synthesis Manager
============================================================
InlineROM: 1
ExposeGlobal: 0
============================================================
+ Verbose Summary: CDFG Model
============================================================
IsTopModel: 1
ResetActiveHigh: 1
IsCombinational: 0
IsDatapathOnly: 0
HasWiredReturn: 1
HasMFsm: 0
HasVarLatency: 1
IsPipeline: 0
IsRtlPipelined: 0
IsInstanceOverlapped: 0
IsDontTouch: 0
HasImplIP: 0
IsGatedGlobalClock: 0


============================================================
+ Verbose Summary: Schedule
============================================================
* Number of FSM states : 78
* Pipeline : 0
* Dataflow Pipeline: 0

* FSM state transitions: 
1 --> 2 
2 --> 3 
3 --> 4 2 
4 --> 5 3 
5 --> 6 
6 --> 7 
7 --> 8 
8 --> 9 
9 --> 10 
10 --> 11 
11 --> 12 
12 --> 13 
13 --> 14 
14 --> 15 
15 --> 16 
16 --> 17 
17 --> 18 
18 --> 19 
19 --> 20 
20 --> 21 
21 --> 22 
22 --> 23 
23 --> 24 
24 --> 25 
25 --> 26 
26 --> 27 
27 --> 28 
28 --> 29 
29 --> 30 
30 --> 31 
31 --> 32 
32 --> 33 
33 --> 34 
34 --> 35 
35 --> 36 
36 --> 37 
37 --> 38 
38 --> 39 
39 --> 40 
40 --> 41 
41 --> 42 
42 --> 43 
43 --> 44 
44 --> 45 
45 --> 46 
46 --> 47 
47 --> 48 
48 --> 49 
49 --> 50 
50 --> 51 
51 --> 52 
52 --> 53 
53 --> 54 
54 --> 55 
55 --> 56 
56 --> 57 
57 --> 58 
58 --> 59 
59 --> 60 
60 --> 61 
61 --> 62 
62 --> 63 
63 --> 64 
64 --> 65 
65 --> 66 
66 --> 67 
67 --> 68 
68 --> 69 
69 --> 70 
70 --> 71 
71 --> 72 
72 --> 73 
73 --> 74 
74 --> 75 
75 --> 76 
76 --> 77 
77 --> 78 
78 --> 4 

* FSM state operations: 

State 1 <SV = 0> <Delay = 0.38>
ST_1 : Operation 79 [1/1] (0.00ns)   --->   "%k = alloca i32 1" [../source/hls.cpp:233]   --->   Operation 79 'alloca' 'k' <Predicate = true> <Delay = 0.00>
ST_1 : Operation 80 [1/1] (0.00ns)   --->   "%max_value_1_loc = alloca i64 1"   --->   Operation 80 'alloca' 'max_value_1_loc' <Predicate = true> <Delay = 0.00>
ST_1 : Operation 81 [1/1] (0.00ns)   --->   "%spectopmodule_ln227 = spectopmodule void @_ssdm_op_SpecTopModule, void @empty_2" [../source/hls.cpp:227]   --->   Operation 81 'spectopmodule' 'spectopmodule_ln227' <Predicate = true> <Delay = 0.00>
ST_1 : Operation 82 [1/1] (0.00ns)   --->   "%specbitsmap_ln0 = specbitsmap void @_ssdm_op_SpecBitsMap, i8 %ap_core"   --->   Operation 82 'specbitsmap' 'specbitsmap_ln0' <Predicate = true> <Delay = 0.00>
ST_1 : Operation 83 [1/1] (0.00ns)   --->   "%specinterface_ln0 = specinterface void @_ssdm_op_SpecInterface, i8 %ap_core, void @empty, i32 0, i32 0, void @empty_0, i32 0, i32 0, void @empty_0, void @empty_0, void @empty_0, i32 0, i32 0, i32 0, i32 0, void @empty_0, void @empty_0, i32 4294967295, i32 0, i32 0"   --->   Operation 83 'specinterface' 'specinterface_ln0' <Predicate = true> <Delay = 0.00>
ST_1 : Operation 84 [1/1] (0.00ns)   --->   "%specbitsmap_ln0 = specbitsmap void @_ssdm_op_SpecBitsMap, i8 %ap_part"   --->   Operation 84 'specbitsmap' 'specbitsmap_ln0' <Predicate = true> <Delay = 0.00>
ST_1 : Operation 85 [1/1] (0.00ns)   --->   "%specinterface_ln0 = specinterface void @_ssdm_op_SpecInterface, i8 %ap_part, void @empty, i32 0, i32 0, void @empty_0, i32 0, i32 0, void @empty_0, void @empty_0, void @empty_0, i32 0, i32 0, i32 0, i32 0, void @empty_0, void @empty_0, i32 4294967295, i32 0, i32 0"   --->   Operation 85 'specinterface' 'specinterface_ln0' <Predicate = true> <Delay = 0.00>
ST_1 : Operation 86 [1/1] (0.00ns)   --->   "%specbitsmap_ln0 = specbitsmap void @_ssdm_op_SpecBitsMap, i8 %ap_parent"   --->   Operation 86 'specbitsmap' 'specbitsmap_ln0' <Predicate = true> <Delay = 0.00>
ST_1 : Operation 87 [1/1] (0.00ns)   --->   "%specinterface_ln0 = specinterface void @_ssdm_op_SpecInterface, i8 %ap_parent, void @empty, i32 0, i32 0, void @empty_0, i32 0, i32 0, void @empty_0, void @empty_0, void @empty_0, i32 0, i32 0, i32 0, i32 0, void @empty_0, void @empty_0, i32 4294967295, i32 0, i32 0"   --->   Operation 87 'specinterface' 'specinterface_ln0' <Predicate = true> <Delay = 0.00>
ST_1 : Operation 88 [1/1] (0.00ns)   --->   "%specbitsmap_ln0 = specbitsmap void @_ssdm_op_SpecBitsMap, i32 %c1_conv_layer_map_w"   --->   Operation 88 'specbitsmap' 'specbitsmap_ln0' <Predicate = true> <Delay = 0.00>
ST_1 : Operation 89 [1/1] (0.00ns)   --->   "%specinterface_ln0 = specinterface void @_ssdm_op_SpecInterface, i32 %c1_conv_layer_map_w, void @empty, i32 0, i32 0, void @empty_0, i32 0, i32 0, void @empty_0, void @empty_0, void @empty_0, i32 0, i32 0, i32 0, i32 0, void @empty_0, void @empty_0, i32 4294967295, i32 0, i32 0"   --->   Operation 89 'specinterface' 'specinterface_ln0' <Predicate = true> <Delay = 0.00>
ST_1 : Operation 90 [1/1] (0.00ns)   --->   "%specbitsmap_ln0 = specbitsmap void @_ssdm_op_SpecBitsMap, i32 %c1_conv_layer_map_h"   --->   Operation 90 'specbitsmap' 'specbitsmap_ln0' <Predicate = true> <Delay = 0.00>
ST_1 : Operation 91 [1/1] (0.00ns)   --->   "%specinterface_ln0 = specinterface void @_ssdm_op_SpecInterface, i32 %c1_conv_layer_map_h, void @empty, i32 0, i32 0, void @empty_0, i32 0, i32 0, void @empty_0, void @empty_0, void @empty_0, i32 0, i32 0, i32 0, i32 0, void @empty_0, void @empty_0, i32 4294967295, i32 0, i32 0"   --->   Operation 91 'specinterface' 'specinterface_ln0' <Predicate = true> <Delay = 0.00>
ST_1 : Operation 92 [1/1] (0.00ns)   --->   "%specbitsmap_ln0 = specbitsmap void @_ssdm_op_SpecBitsMap, i32 %c1_conv_layer_map_count"   --->   Operation 92 'specbitsmap' 'specbitsmap_ln0' <Predicate = true> <Delay = 0.00>
ST_1 : Operation 93 [1/1] (0.00ns)   --->   "%specinterface_ln0 = specinterface void @_ssdm_op_SpecInterface, i32 %c1_conv_layer_map_count, void @empty, i32 0, i32 0, void @empty_0, i32 0, i32 0, void @empty_0, void @empty_0, void @empty_0, i32 0, i32 0, i32 0, i32 0, void @empty_0, void @empty_0, i32 4294967295, i32 0, i32 0"   --->   Operation 93 'specinterface' 'specinterface_ln0' <Predicate = true> <Delay = 0.00>
ST_1 : Operation 94 [1/1] (0.00ns)   --->   "%specinterface_ln0 = specinterface void @_ssdm_op_SpecInterface, i64 %c1_conv_layer_map_data, void @empty_1, i32 0, i32 0, void @empty_0, i32 4294967295, i32 0, void @empty_0, void @empty_0, void @empty_0, i32 0, i32 0, i32 0, i32 0, void @empty_0, void @empty_0, i32 4294967295, i32 0, i32 0"   --->   Operation 94 'specinterface' 'specinterface_ln0' <Predicate = true> <Delay = 0.00>
ST_1 : Operation 95 [1/1] (0.00ns)   --->   "%specbitsmap_ln0 = specbitsmap void @_ssdm_op_SpecBitsMap, i64 %c1_conv_layer_map_data"   --->   Operation 95 'specbitsmap' 'specbitsmap_ln0' <Predicate = true> <Delay = 0.00>
ST_1 : Operation 96 [1/1] (0.00ns)   --->   "%specinterface_ln0 = specinterface void @_ssdm_op_SpecInterface, i64 %c1_conv_layer_map_error, void @empty_1, i32 0, i32 0, void @empty_0, i32 4294967295, i32 0, void @empty_0, void @empty_0, void @empty_0, i32 0, i32 0, i32 0, i32 0, void @empty_0, void @empty_0, i32 4294967295, i32 0, i32 0"   --->   Operation 96 'specinterface' 'specinterface_ln0' <Predicate = true> <Delay = 0.00>
ST_1 : Operation 97 [1/1] (0.00ns)   --->   "%specbitsmap_ln0 = specbitsmap void @_ssdm_op_SpecBitsMap, i64 %c1_conv_layer_map_error"   --->   Operation 97 'specbitsmap' 'specbitsmap_ln0' <Predicate = true> <Delay = 0.00>
ST_1 : Operation 98 [1/1] (0.00ns)   --->   "%specinterface_ln0 = specinterface void @_ssdm_op_SpecInterface, i64 %c1_conv_layer_map_b, void @empty_1, i32 0, i32 0, void @empty_0, i32 4294967295, i32 0, void @empty_0, void @empty_0, void @empty_0, i32 0, i32 0, i32 0, i32 0, void @empty_0, void @empty_0, i32 4294967295, i32 0, i32 0"   --->   Operation 98 'specinterface' 'specinterface_ln0' <Predicate = true> <Delay = 0.00>
ST_1 : Operation 99 [1/1] (0.00ns)   --->   "%specbitsmap_ln0 = specbitsmap void @_ssdm_op_SpecBitsMap, i64 %c1_conv_layer_map_b"   --->   Operation 99 'specbitsmap' 'specbitsmap_ln0' <Predicate = true> <Delay = 0.00>
ST_1 : Operation 100 [1/1] (0.00ns)   --->   "%specinterface_ln0 = specinterface void @_ssdm_op_SpecInterface, i64 %c1_conv_layer_map_db, void @empty_1, i32 0, i32 0, void @empty_0, i32 4294967295, i32 0, void @empty_0, void @empty_0, void @empty_0, i32 0, i32 0, i32 0, i32 0, void @empty_0, void @empty_0, i32 4294967295, i32 0, i32 0"   --->   Operation 100 'specinterface' 'specinterface_ln0' <Predicate = true> <Delay = 0.00>
ST_1 : Operation 101 [1/1] (0.00ns)   --->   "%specbitsmap_ln0 = specbitsmap void @_ssdm_op_SpecBitsMap, i64 %c1_conv_layer_map_db"   --->   Operation 101 'specbitsmap' 'specbitsmap_ln0' <Predicate = true> <Delay = 0.00>
ST_1 : Operation 102 [1/1] (0.00ns)   --->   "%specbitsmap_ln0 = specbitsmap void @_ssdm_op_SpecBitsMap, i32 %c1_conv_layer_kernel_w"   --->   Operation 102 'specbitsmap' 'specbitsmap_ln0' <Predicate = true> <Delay = 0.00>
ST_1 : Operation 103 [1/1] (0.00ns)   --->   "%specinterface_ln0 = specinterface void @_ssdm_op_SpecInterface, i32 %c1_conv_layer_kernel_w, void @empty, i32 0, i32 0, void @empty_0, i32 0, i32 0, void @empty_0, void @empty_0, void @empty_0, i32 0, i32 0, i32 0, i32 0, void @empty_0, void @empty_0, i32 4294967295, i32 0, i32 0"   --->   Operation 103 'specinterface' 'specinterface_ln0' <Predicate = true> <Delay = 0.00>
ST_1 : Operation 104 [1/1] (0.00ns)   --->   "%specbitsmap_ln0 = specbitsmap void @_ssdm_op_SpecBitsMap, i32 %c1_conv_layer_kernel_h"   --->   Operation 104 'specbitsmap' 'specbitsmap_ln0' <Predicate = true> <Delay = 0.00>
ST_1 : Operation 105 [1/1] (0.00ns)   --->   "%specinterface_ln0 = specinterface void @_ssdm_op_SpecInterface, i32 %c1_conv_layer_kernel_h, void @empty, i32 0, i32 0, void @empty_0, i32 0, i32 0, void @empty_0, void @empty_0, void @empty_0, i32 0, i32 0, i32 0, i32 0, void @empty_0, void @empty_0, i32 4294967295, i32 0, i32 0"   --->   Operation 105 'specinterface' 'specinterface_ln0' <Predicate = true> <Delay = 0.00>
ST_1 : Operation 106 [1/1] (0.00ns)   --->   "%specbitsmap_ln0 = specbitsmap void @_ssdm_op_SpecBitsMap, i32 %c1_conv_layer_kernel_count"   --->   Operation 106 'specbitsmap' 'specbitsmap_ln0' <Predicate = true> <Delay = 0.00>
ST_1 : Operation 107 [1/1] (0.00ns)   --->   "%specinterface_ln0 = specinterface void @_ssdm_op_SpecInterface, i32 %c1_conv_layer_kernel_count, void @empty, i32 0, i32 0, void @empty_0, i32 0, i32 0, void @empty_0, void @empty_0, void @empty_0, i32 0, i32 0, i32 0, i32 0, void @empty_0, void @empty_0, i32 4294967295, i32 0, i32 0"   --->   Operation 107 'specinterface' 'specinterface_ln0' <Predicate = true> <Delay = 0.00>
ST_1 : Operation 108 [1/1] (0.00ns)   --->   "%specinterface_ln0 = specinterface void @_ssdm_op_SpecInterface, i3200 %c1_conv_layer_kernel, void @empty_1, i32 0, i32 0, void @empty_0, i32 4294967295, i32 0, void @empty_0, void @empty_0, void @empty_0, i32 0, i32 0, i32 0, i32 0, void @empty_0, void @empty_0, i32 4294967295, i32 0, i32 0"   --->   Operation 108 'specinterface' 'specinterface_ln0' <Predicate = true> <Delay = 0.00>
ST_1 : Operation 109 [1/1] (0.00ns)   --->   "%specbitsmap_ln0 = specbitsmap void @_ssdm_op_SpecBitsMap, i3200 %c1_conv_layer_kernel"   --->   Operation 109 'specbitsmap' 'specbitsmap_ln0' <Predicate = true> <Delay = 0.00>
ST_1 : Operation 110 [1/1] (0.00ns)   --->   "%specinterface_ln0 = specinterface void @_ssdm_op_SpecInterface, i64 %c1_conv_layer_map_common, void @empty_1, i32 0, i32 0, void @empty_0, i32 4294967295, i32 0, void @empty_0, void @empty_0, void @empty_0, i32 0, i32 0, i32 0, i32 0, void @empty_0, void @empty_0, i32 4294967295, i32 0, i32 0"   --->   Operation 110 'specinterface' 'specinterface_ln0' <Predicate = true> <Delay = 0.00>
ST_1 : Operation 111 [1/1] (0.00ns)   --->   "%specbitsmap_ln0 = specbitsmap void @_ssdm_op_SpecBitsMap, i64 %c1_conv_layer_map_common"   --->   Operation 111 'specbitsmap' 'specbitsmap_ln0' <Predicate = true> <Delay = 0.00>
ST_1 : Operation 112 [1/1] (0.00ns)   --->   "%specbitsmap_ln0 = specbitsmap void @_ssdm_op_SpecBitsMap, i32 %s2_pooling_layer_map_w"   --->   Operation 112 'specbitsmap' 'specbitsmap_ln0' <Predicate = true> <Delay = 0.00>
ST_1 : Operation 113 [1/1] (0.00ns)   --->   "%specinterface_ln0 = specinterface void @_ssdm_op_SpecInterface, i32 %s2_pooling_layer_map_w, void @empty, i32 0, i32 0, void @empty_0, i32 0, i32 0, void @empty_0, void @empty_0, void @empty_0, i32 0, i32 0, i32 0, i32 0, void @empty_0, void @empty_0, i32 4294967295, i32 0, i32 0"   --->   Operation 113 'specinterface' 'specinterface_ln0' <Predicate = true> <Delay = 0.00>
ST_1 : Operation 114 [1/1] (0.00ns)   --->   "%specbitsmap_ln0 = specbitsmap void @_ssdm_op_SpecBitsMap, i32 %s2_pooling_layer_map_h"   --->   Operation 114 'specbitsmap' 'specbitsmap_ln0' <Predicate = true> <Delay = 0.00>
ST_1 : Operation 115 [1/1] (0.00ns)   --->   "%specinterface_ln0 = specinterface void @_ssdm_op_SpecInterface, i32 %s2_pooling_layer_map_h, void @empty, i32 0, i32 0, void @empty_0, i32 0, i32 0, void @empty_0, void @empty_0, void @empty_0, i32 0, i32 0, i32 0, i32 0, void @empty_0, void @empty_0, i32 4294967295, i32 0, i32 0"   --->   Operation 115 'specinterface' 'specinterface_ln0' <Predicate = true> <Delay = 0.00>
ST_1 : Operation 116 [1/1] (0.00ns)   --->   "%specbitsmap_ln0 = specbitsmap void @_ssdm_op_SpecBitsMap, i32 %s2_pooling_layer_map_count"   --->   Operation 116 'specbitsmap' 'specbitsmap_ln0' <Predicate = true> <Delay = 0.00>
ST_1 : Operation 117 [1/1] (0.00ns)   --->   "%specinterface_ln0 = specinterface void @_ssdm_op_SpecInterface, i32 %s2_pooling_layer_map_count, void @empty, i32 0, i32 0, void @empty_0, i32 0, i32 0, void @empty_0, void @empty_0, void @empty_0, i32 0, i32 0, i32 0, i32 0, void @empty_0, void @empty_0, i32 4294967295, i32 0, i32 0"   --->   Operation 117 'specinterface' 'specinterface_ln0' <Predicate = true> <Delay = 0.00>
ST_1 : Operation 118 [1/1] (0.00ns)   --->   "%specinterface_ln0 = specinterface void @_ssdm_op_SpecInterface, i64 %s2_pooling_layer_map_data, void @empty_1, i32 0, i32 0, void @empty_0, i32 4294967295, i32 0, void @empty_0, void @empty_0, void @empty_0, i32 0, i32 0, i32 0, i32 0, void @empty_0, void @empty_0, i32 4294967295, i32 0, i32 0"   --->   Operation 118 'specinterface' 'specinterface_ln0' <Predicate = true> <Delay = 0.00>
ST_1 : Operation 119 [1/1] (0.00ns)   --->   "%specbitsmap_ln0 = specbitsmap void @_ssdm_op_SpecBitsMap, i64 %s2_pooling_layer_map_data"   --->   Operation 119 'specbitsmap' 'specbitsmap_ln0' <Predicate = true> <Delay = 0.00>
ST_1 : Operation 120 [1/1] (0.00ns)   --->   "%specinterface_ln0 = specinterface void @_ssdm_op_SpecInterface, i64 %s2_pooling_layer_map_error, void @empty_1, i32 0, i32 0, void @empty_0, i32 4294967295, i32 0, void @empty_0, void @empty_0, void @empty_0, i32 0, i32 0, i32 0, i32 0, void @empty_0, void @empty_0, i32 4294967295, i32 0, i32 0"   --->   Operation 120 'specinterface' 'specinterface_ln0' <Predicate = true> <Delay = 0.00>
ST_1 : Operation 121 [1/1] (0.00ns)   --->   "%specbitsmap_ln0 = specbitsmap void @_ssdm_op_SpecBitsMap, i64 %s2_pooling_layer_map_error"   --->   Operation 121 'specbitsmap' 'specbitsmap_ln0' <Predicate = true> <Delay = 0.00>
ST_1 : Operation 122 [1/1] (0.00ns)   --->   "%specinterface_ln0 = specinterface void @_ssdm_op_SpecInterface, i64 %s2_pooling_layer_map_b, void @empty_1, i32 0, i32 0, void @empty_0, i32 4294967295, i32 0, void @empty_0, void @empty_0, void @empty_0, i32 0, i32 0, i32 0, i32 0, void @empty_0, void @empty_0, i32 4294967295, i32 0, i32 0"   --->   Operation 122 'specinterface' 'specinterface_ln0' <Predicate = true> <Delay = 0.00>
ST_1 : Operation 123 [1/1] (0.00ns)   --->   "%specbitsmap_ln0 = specbitsmap void @_ssdm_op_SpecBitsMap, i64 %s2_pooling_layer_map_b"   --->   Operation 123 'specbitsmap' 'specbitsmap_ln0' <Predicate = true> <Delay = 0.00>
ST_1 : Operation 124 [1/1] (0.00ns)   --->   "%specinterface_ln0 = specinterface void @_ssdm_op_SpecInterface, i64 %s2_pooling_layer_map_db, void @empty_1, i32 0, i32 0, void @empty_0, i32 4294967295, i32 0, void @empty_0, void @empty_0, void @empty_0, i32 0, i32 0, i32 0, i32 0, void @empty_0, void @empty_0, i32 4294967295, i32 0, i32 0"   --->   Operation 124 'specinterface' 'specinterface_ln0' <Predicate = true> <Delay = 0.00>
ST_1 : Operation 125 [1/1] (0.00ns)   --->   "%specbitsmap_ln0 = specbitsmap void @_ssdm_op_SpecBitsMap, i64 %s2_pooling_layer_map_db"   --->   Operation 125 'specbitsmap' 'specbitsmap_ln0' <Predicate = true> <Delay = 0.00>
ST_1 : Operation 126 [1/1] (0.00ns)   --->   "%specbitsmap_ln0 = specbitsmap void @_ssdm_op_SpecBitsMap, i32 %s2_pooling_layer_kernel_w"   --->   Operation 126 'specbitsmap' 'specbitsmap_ln0' <Predicate = true> <Delay = 0.00>
ST_1 : Operation 127 [1/1] (0.00ns)   --->   "%specinterface_ln0 = specinterface void @_ssdm_op_SpecInterface, i32 %s2_pooling_layer_kernel_w, void @empty, i32 0, i32 0, void @empty_0, i32 0, i32 0, void @empty_0, void @empty_0, void @empty_0, i32 0, i32 0, i32 0, i32 0, void @empty_0, void @empty_0, i32 4294967295, i32 0, i32 0"   --->   Operation 127 'specinterface' 'specinterface_ln0' <Predicate = true> <Delay = 0.00>
ST_1 : Operation 128 [1/1] (0.00ns)   --->   "%specbitsmap_ln0 = specbitsmap void @_ssdm_op_SpecBitsMap, i32 %s2_pooling_layer_kernel_h"   --->   Operation 128 'specbitsmap' 'specbitsmap_ln0' <Predicate = true> <Delay = 0.00>
ST_1 : Operation 129 [1/1] (0.00ns)   --->   "%specinterface_ln0 = specinterface void @_ssdm_op_SpecInterface, i32 %s2_pooling_layer_kernel_h, void @empty, i32 0, i32 0, void @empty_0, i32 0, i32 0, void @empty_0, void @empty_0, void @empty_0, i32 0, i32 0, i32 0, i32 0, void @empty_0, void @empty_0, i32 4294967295, i32 0, i32 0"   --->   Operation 129 'specinterface' 'specinterface_ln0' <Predicate = true> <Delay = 0.00>
ST_1 : Operation 130 [1/1] (0.00ns)   --->   "%specbitsmap_ln0 = specbitsmap void @_ssdm_op_SpecBitsMap, i32 %s2_pooling_layer_kernel_count"   --->   Operation 130 'specbitsmap' 'specbitsmap_ln0' <Predicate = true> <Delay = 0.00>
ST_1 : Operation 131 [1/1] (0.00ns)   --->   "%specinterface_ln0 = specinterface void @_ssdm_op_SpecInterface, i32 %s2_pooling_layer_kernel_count, void @empty, i32 0, i32 0, void @empty_0, i32 0, i32 0, void @empty_0, void @empty_0, void @empty_0, i32 0, i32 0, i32 0, i32 0, void @empty_0, void @empty_0, i32 4294967295, i32 0, i32 0"   --->   Operation 131 'specinterface' 'specinterface_ln0' <Predicate = true> <Delay = 0.00>
ST_1 : Operation 132 [1/1] (0.00ns)   --->   "%specinterface_ln0 = specinterface void @_ssdm_op_SpecInterface, i3200 %s2_pooling_layer_kernel, void @empty_1, i32 0, i32 0, void @empty_0, i32 4294967295, i32 0, void @empty_0, void @empty_0, void @empty_0, i32 0, i32 0, i32 0, i32 0, void @empty_0, void @empty_0, i32 4294967295, i32 0, i32 0"   --->   Operation 132 'specinterface' 'specinterface_ln0' <Predicate = true> <Delay = 0.00>
ST_1 : Operation 133 [1/1] (0.00ns)   --->   "%specbitsmap_ln0 = specbitsmap void @_ssdm_op_SpecBitsMap, i3200 %s2_pooling_layer_kernel"   --->   Operation 133 'specbitsmap' 'specbitsmap_ln0' <Predicate = true> <Delay = 0.00>
ST_1 : Operation 134 [1/1] (0.00ns)   --->   "%specinterface_ln0 = specinterface void @_ssdm_op_SpecInterface, i64 %s2_pooling_layer_map_common, void @empty_1, i32 0, i32 0, void @empty_0, i32 4294967295, i32 0, void @empty_0, void @empty_0, void @empty_0, i32 0, i32 0, i32 0, i32 0, void @empty_0, void @empty_0, i32 4294967295, i32 0, i32 0"   --->   Operation 134 'specinterface' 'specinterface_ln0' <Predicate = true> <Delay = 0.00>
ST_1 : Operation 135 [1/1] (0.00ns)   --->   "%specbitsmap_ln0 = specbitsmap void @_ssdm_op_SpecBitsMap, i64 %s2_pooling_layer_map_common"   --->   Operation 135 'specbitsmap' 'specbitsmap_ln0' <Predicate = true> <Delay = 0.00>
ST_1 : Operation 136 [1/1] (0.00ns)   --->   "%map_w = read i32 @_ssdm_op_Read.ap_auto.i32P0A, i32 %s2_pooling_layer_map_w" [../source/hls.cpp:229]   --->   Operation 136 'read' 'map_w' <Predicate = true> <Delay = 0.00>
ST_1 : Operation 137 [1/1] (0.00ns)   --->   "%map_h = read i32 @_ssdm_op_Read.ap_auto.i32P0A, i32 %s2_pooling_layer_map_h" [../source/hls.cpp:230]   --->   Operation 137 'read' 'map_h' <Predicate = true> <Delay = 0.00>
ST_1 : Operation 138 [1/1] (0.00ns)   --->   "%upmap_w = read i32 @_ssdm_op_Read.ap_auto.i32P0A, i32 %c1_conv_layer_map_w" [../source/hls.cpp:231]   --->   Operation 138 'read' 'upmap_w' <Predicate = true> <Delay = 0.00>
ST_1 : Operation 139 [1/1] (0.00ns)   --->   "%s2_pooling_layer_map_count_read = read i32 @_ssdm_op_Read.ap_auto.i32P0A, i32 %s2_pooling_layer_map_count"   --->   Operation 139 'read' 's2_pooling_layer_map_count_read' <Predicate = true> <Delay = 0.00>
ST_1 : Operation 140 [1/1] (0.00ns)   --->   "%trunc_ln233 = trunc i32 %upmap_w" [../source/hls.cpp:233]   --->   Operation 140 'trunc' 'trunc_ln233' <Predicate = true> <Delay = 0.00>
ST_1 : Operation 141 [1/1] (0.00ns)   --->   "%trunc_ln233_1 = trunc i32 %upmap_w" [../source/hls.cpp:233]   --->   Operation 141 'trunc' 'trunc_ln233_1' <Predicate = true> <Delay = 0.00>
ST_1 : Operation 142 [1/1] (0.00ns)   --->   "%trunc_ln233_2 = trunc i32 %map_w" [../source/hls.cpp:233]   --->   Operation 142 'trunc' 'trunc_ln233_2' <Predicate = true> <Delay = 0.00>
ST_1 : Operation 143 [1/1] (0.38ns)   --->   "%store_ln233 = store i31 0, i31 %k" [../source/hls.cpp:233]   --->   Operation 143 'store' 'store_ln233' <Predicate = true> <Delay = 0.38>
ST_1 : Operation 144 [1/1] (0.00ns)   --->   "%br_ln233 = br void %VITIS_LOOP_235_2" [../source/hls.cpp:233]   --->   Operation 144 'br' 'br_ln233' <Predicate = true> <Delay = 0.00>

State 2 <SV = 1> <Delay = 1.26>
ST_2 : Operation 145 [1/1] (0.00ns)   --->   "%k_1 = load i31 %k" [../source/hls.cpp:233]   --->   Operation 145 'load' 'k_1' <Predicate = true> <Delay = 0.00>
ST_2 : Operation 146 [1/1] (0.00ns)   --->   "%zext_ln233 = zext i31 %k_1" [../source/hls.cpp:233]   --->   Operation 146 'zext' 'zext_ln233' <Predicate = true> <Delay = 0.00>
ST_2 : Operation 147 [1/1] (0.88ns)   --->   "%icmp_ln233 = icmp_slt  i32 %zext_ln233, i32 %s2_pooling_layer_map_count_read" [../source/hls.cpp:233]   --->   Operation 147 'icmp' 'icmp_ln233' <Predicate = true> <Delay = 0.88> <CoreInst = "Cmp">   --->   Core 9 'Cmp' <Latency = 0> <II = 1> <Delay = 0.88> <FuncUnit> <Opcode : 'seteq' 'setne' 'setle' 'setge' 'setlt' 'setgt'> <InPorts = 2> <OutPorts = 1>
ST_2 : Operation 148 [1/1] (0.87ns)   --->   "%add_ln233 = add i31 %k_1, i31 1" [../source/hls.cpp:233]   --->   Operation 148 'add' 'add_ln233' <Predicate = true> <Delay = 0.87> <CoreInst = "Adder">   --->   Core 1 'Adder' <Latency = 0> <II = 1> <Delay = 0.87> <FuncUnit> <Opcode : 'add' 'sub'> <InPorts = 2> <OutPorts = 1>
ST_2 : Operation 149 [1/1] (0.00ns)   --->   "%br_ln233 = br i1 %icmp_ln233, void %for.end66.loopexit, void %VITIS_LOOP_235_2.split" [../source/hls.cpp:233]   --->   Operation 149 'br' 'br_ln233' <Predicate = true> <Delay = 0.00>
ST_2 : Operation 150 [1/1] (0.00ns)   --->   "%trunc_ln233_3 = trunc i31 %k_1" [../source/hls.cpp:233]   --->   Operation 150 'trunc' 'trunc_ln233_3' <Predicate = (icmp_ln233)> <Delay = 0.00>
ST_2 : Operation 151 [1/1] (0.00ns)   --->   "%tmp_6 = bitconcatenate i17 @_ssdm_op_BitConcatenate.i17.i7.i10, i7 %trunc_ln233_3, i10 0" [../source/hls.cpp:239]   --->   Operation 151 'bitconcatenate' 'tmp_6' <Predicate = (icmp_ln233)> <Delay = 0.00>
ST_2 : Operation 152 [1/1] (0.00ns)   --->   "%specloopname_ln233 = specloopname void @_ssdm_op_SpecLoopName, void @empty_6" [../source/hls.cpp:233]   --->   Operation 152 'specloopname' 'specloopname_ln233' <Predicate = (icmp_ln233)> <Delay = 0.00>
ST_2 : Operation 153 [1/1] (0.38ns)   --->   "%br_ln235 = br void %VITIS_LOOP_237_3" [../source/hls.cpp:235]   --->   Operation 153 'br' 'br_ln235' <Predicate = (icmp_ln233)> <Delay = 0.38>
ST_2 : Operation 154 [1/1] (0.00ns)   --->   "%ret_ln252 = ret" [../source/hls.cpp:252]   --->   Operation 154 'ret' 'ret_ln252' <Predicate = (!icmp_ln233)> <Delay = 0.00>

State 3 <SV = 2> <Delay = 1.98>
ST_3 : Operation 155 [1/1] (0.00ns)   --->   "%i = phi i31 0, void %VITIS_LOOP_235_2.split, i31 %indvars_iv_next39, void %for.inc61.loopexit"   --->   Operation 155 'phi' 'i' <Predicate = true> <Delay = 0.00>
ST_3 : Operation 156 [1/1] (0.00ns)   --->   "%indvars_iv24 = phi i32 2, void %VITIS_LOOP_235_2.split, i32 %add_ln235_1, void %for.inc61.loopexit" [../source/hls.cpp:235]   --->   Operation 156 'phi' 'indvars_iv24' <Predicate = true> <Delay = 0.00>
ST_3 : Operation 157 [1/1] (0.00ns)   --->   "%indvars_iv19 = phi i32 0, void %VITIS_LOOP_235_2.split, i32 %add_ln235, void %for.inc61.loopexit" [../source/hls.cpp:235]   --->   Operation 157 'phi' 'indvars_iv19' <Predicate = true> <Delay = 0.00>
ST_3 : Operation 158 [1/1] (0.00ns)   --->   "%zext_ln235 = zext i31 %i" [../source/hls.cpp:235]   --->   Operation 158 'zext' 'zext_ln235' <Predicate = true> <Delay = 0.00>
ST_3 : Operation 159 [1/1] (0.88ns)   --->   "%icmp_ln235 = icmp_slt  i32 %zext_ln235, i32 %map_h" [../source/hls.cpp:235]   --->   Operation 159 'icmp' 'icmp_ln235' <Predicate = true> <Delay = 0.88> <CoreInst = "Cmp">   --->   Core 9 'Cmp' <Latency = 0> <II = 1> <Delay = 0.88> <FuncUnit> <Opcode : 'seteq' 'setne' 'setle' 'setge' 'setlt' 'setgt'> <InPorts = 2> <OutPorts = 1>
ST_3 : Operation 160 [1/1] (0.87ns)   --->   "%indvars_iv_next39 = add i31 %i, i31 1"   --->   Operation 160 'add' 'indvars_iv_next39' <Predicate = true> <Delay = 0.87> <CoreInst = "Adder">   --->   Core 1 'Adder' <Latency = 0> <II = 1> <Delay = 0.87> <FuncUnit> <Opcode : 'add' 'sub'> <InPorts = 2> <OutPorts = 1>
ST_3 : Operation 161 [1/1] (0.00ns)   --->   "%br_ln235 = br i1 %icmp_ln235, void %for.inc64.loopexit, void %VITIS_LOOP_237_3.split" [../source/hls.cpp:235]   --->   Operation 161 'br' 'br_ln235' <Predicate = true> <Delay = 0.00>
ST_3 : Operation 162 [1/1] (0.00ns)   --->   "%trunc_ln235 = trunc i31 %i" [../source/hls.cpp:235]   --->   Operation 162 'trunc' 'trunc_ln235' <Predicate = (icmp_ln235)> <Delay = 0.00>
ST_3 : Operation 163 [1/1] (0.00ns)   --->   "%trunc_ln235_1 = trunc i31 %i" [../source/hls.cpp:235]   --->   Operation 163 'trunc' 'trunc_ln235_1' <Predicate = (icmp_ln235)> <Delay = 0.00>
ST_3 : Operation 164 [1/1] (0.00ns)   --->   "%specloopname_ln235 = specloopname void @_ssdm_op_SpecLoopName, void @empty_5" [../source/hls.cpp:235]   --->   Operation 164 'specloopname' 'specloopname_ln235' <Predicate = (icmp_ln235)> <Delay = 0.00>
ST_3 : Operation 165 [1/1] (1.94ns)   --->   "%empty = mul i16 %trunc_ln235_1, i16 %trunc_ln233_1" [../source/hls.cpp:235]   --->   Operation 165 'mul' 'empty' <Predicate = (icmp_ln235)> <Delay = 1.94> <CoreInst = "Multiplier">   --->   Core 3 'Multiplier' <Latency = 0> <II = 1> <Delay = 1.94> <FuncUnit> <Opcode : 'mul'> <InPorts = 2> <OutPorts = 1>
ST_3 : Operation 166 [1/1] (1.98ns)   --->   "%empty_16 = mul i17 %trunc_ln235, i17 %trunc_ln233_2" [../source/hls.cpp:235]   --->   Operation 166 'mul' 'empty_16' <Predicate = (icmp_ln235)> <Delay = 1.98> <CoreInst = "Multiplier">   --->   Core 3 'Multiplier' <Latency = 0> <II = 1> <Delay = 1.98> <FuncUnit> <Opcode : 'mul'> <InPorts = 2> <OutPorts = 1>
ST_3 : Operation 167 [1/1] (0.88ns)   --->   "%icmp_ln240 = icmp_ne  i32 %indvars_iv19, i32 %indvars_iv24" [../source/hls.cpp:240]   --->   Operation 167 'icmp' 'icmp_ln240' <Predicate = (icmp_ln235)> <Delay = 0.88> <CoreInst = "Cmp">   --->   Core 9 'Cmp' <Latency = 0> <II = 1> <Delay = 0.88> <FuncUnit> <Opcode : 'seteq' 'setne' 'setle' 'setge' 'setlt' 'setgt'> <InPorts = 2> <OutPorts = 1>
ST_3 : Operation 168 [1/1] (0.00ns)   --->   "%tmp_7 = partselect i31 @_ssdm_op_PartSelect.i31.i32.i32.i32, i32 %indvars_iv19, i32 1, i32 31" [../source/hls.cpp:240]   --->   Operation 168 'partselect' 'tmp_7' <Predicate = (icmp_ln235)> <Delay = 0.00>
ST_3 : Operation 169 [1/1] (0.00ns)   --->   "%or_ln = bitconcatenate i32 @_ssdm_op_BitConcatenate.i32.i31.i1, i31 %tmp_7, i1 1" [../source/hls.cpp:240]   --->   Operation 169 'bitconcatenate' 'or_ln' <Predicate = (icmp_ln235)> <Delay = 0.00>
ST_3 : Operation 170 [1/1] (0.22ns)   --->   "%select_ln240 = select i1 %icmp_ln240, i32 %indvars_iv24, i32 %or_ln" [../source/hls.cpp:240]   --->   Operation 170 'select' 'select_ln240' <Predicate = (icmp_ln235)> <Delay = 0.22> <CoreInst = "Sel">   --->   Core 73 'Sel' <Latency = 0> <II = 1> <Delay = 0.22> <FuncUnit> <Opcode : 'select'> <InPorts = 3> <OutPorts = 1>
ST_3 : Operation 171 [1/1] (0.38ns)   --->   "%br_ln237 = br void %VITIS_LOOP_240_4" [../source/hls.cpp:237]   --->   Operation 171 'br' 'br_ln237' <Predicate = (icmp_ln235)> <Delay = 0.38>
ST_3 : Operation 172 [1/1] (0.38ns)   --->   "%store_ln233 = store i31 %add_ln233, i31 %k" [../source/hls.cpp:233]   --->   Operation 172 'store' 'store_ln233' <Predicate = (!icmp_ln235)> <Delay = 0.38>
ST_3 : Operation 173 [1/1] (0.00ns)   --->   "%br_ln233 = br void %VITIS_LOOP_235_2" [../source/hls.cpp:233]   --->   Operation 173 'br' 'br_ln233' <Predicate = (!icmp_ln235)> <Delay = 0.00>

State 4 <SV = 3> <Delay = 1.57>
ST_4 : Operation 174 [1/1] (0.00ns)   --->   "%j = phi i31 0, void %VITIS_LOOP_237_3.split, i31 %indvars_iv_next31, void %VITIS_LOOP_240_4.split"   --->   Operation 174 'phi' 'j' <Predicate = true> <Delay = 0.00>
ST_4 : Operation 175 [1/1] (0.00ns)   --->   "%m = phi i32 0, void %VITIS_LOOP_237_3.split, i32 %add_ln237, void %VITIS_LOOP_240_4.split" [../source/hls.cpp:237]   --->   Operation 175 'phi' 'm' <Predicate = true> <Delay = 0.00>
ST_4 : Operation 176 [1/1] (0.00ns)   --->   "%zext_ln237 = zext i31 %j" [../source/hls.cpp:237]   --->   Operation 176 'zext' 'zext_ln237' <Predicate = true> <Delay = 0.00>
ST_4 : Operation 177 [1/1] (0.88ns)   --->   "%icmp_ln237 = icmp_slt  i32 %zext_ln237, i32 %map_w" [../source/hls.cpp:237]   --->   Operation 177 'icmp' 'icmp_ln237' <Predicate = true> <Delay = 0.88> <CoreInst = "Cmp">   --->   Core 9 'Cmp' <Latency = 0> <II = 1> <Delay = 0.88> <FuncUnit> <Opcode : 'seteq' 'setne' 'setle' 'setge' 'setlt' 'setgt'> <InPorts = 2> <OutPorts = 1>
ST_4 : Operation 178 [1/1] (0.87ns)   --->   "%indvars_iv_next31 = add i31 %j, i31 1"   --->   Operation 178 'add' 'indvars_iv_next31' <Predicate = true> <Delay = 0.87> <CoreInst = "Adder">   --->   Core 1 'Adder' <Latency = 0> <II = 1> <Delay = 0.87> <FuncUnit> <Opcode : 'add' 'sub'> <InPorts = 2> <OutPorts = 1>
ST_4 : Operation 179 [1/1] (0.00ns)   --->   "%br_ln237 = br i1 %icmp_ln237, void %for.inc61.loopexit, void %VITIS_LOOP_240_4.split" [../source/hls.cpp:237]   --->   Operation 179 'br' 'br_ln237' <Predicate = true> <Delay = 0.00>
ST_4 : Operation 180 [1/1] (0.00ns)   --->   "%trunc_ln237 = trunc i31 %j" [../source/hls.cpp:237]   --->   Operation 180 'trunc' 'trunc_ln237' <Predicate = (icmp_ln237)> <Delay = 0.00>
ST_4 : Operation 181 [1/1] (0.00ns)   --->   "%trunc_ln237_2 = trunc i31 %j" [../source/hls.cpp:237]   --->   Operation 181 'trunc' 'trunc_ln237_2' <Predicate = (icmp_ln237)> <Delay = 0.00>
ST_4 : Operation 182 [1/1] (0.78ns)   --->   "%add_ln239 = add i16 %trunc_ln237_2, i16 %empty" [../source/hls.cpp:239]   --->   Operation 182 'add' 'add_ln239' <Predicate = (icmp_ln237)> <Delay = 0.78> <CoreInst = "Adder">   --->   Core 1 'Adder' <Latency = 0> <II = 1> <Delay = 0.78> <FuncUnit> <Opcode : 'add' 'sub'> <InPorts = 2> <OutPorts = 1>
ST_4 : Operation 183 [1/1] (0.00ns)   --->   "%shl_ln = bitconcatenate i17 @_ssdm_op_BitConcatenate.i17.i16.i1, i16 %add_ln239, i1 0" [../source/hls.cpp:239]   --->   Operation 183 'bitconcatenate' 'shl_ln' <Predicate = (icmp_ln237)> <Delay = 0.00>
ST_4 : Operation 184 [1/1] (0.79ns)   --->   "%add_ln239_1 = add i17 %tmp_6, i17 %shl_ln" [../source/hls.cpp:239]   --->   Operation 184 'add' 'add_ln239_1' <Predicate = (icmp_ln237)> <Delay = 0.79> <CoreInst = "Adder">   --->   Core 1 'Adder' <Latency = 0> <II = 1> <Delay = 0.79> <FuncUnit> <Opcode : 'add' 'sub'> <InPorts = 2> <OutPorts = 1>
ST_4 : Operation 185 [1/1] (0.00ns) (grouped into TernaryAdder)   --->   "%add_ln248 = add i17 %trunc_ln237, i17 %empty_16" [../source/hls.cpp:248]   --->   Operation 185 'add' 'add_ln248' <Predicate = (icmp_ln237)> <Delay = 0.00> <CoreInst = "TAddSub">   --->   Core 10 'TAddSub' <Latency = 0> <II = 1> <Delay = 0.33> <IPBlock> <Opcode : '' 'add' 'sub'> <InPorts = 3> <OutPorts = 1> <Sync> <CReg>
ST_4 : Operation 186 [1/1] (0.67ns) (root node of TernaryAdder)   --->   "%add_ln248_1 = add i17 %tmp_6, i17 %add_ln248" [../source/hls.cpp:248]   --->   Operation 186 'add' 'add_ln248_1' <Predicate = (icmp_ln237)> <Delay = 0.67> <CoreInst = "TAddSub">   --->   Core 10 'TAddSub' <Latency = 0> <II = 1> <Delay = 0.33> <IPBlock> <Opcode : '' 'add' 'sub'> <InPorts = 3> <OutPorts = 1> <Sync> <CReg>
ST_4 : Operation 187 [1/1] (0.88ns)   --->   "%add_ln237 = add i32 %m, i32 2" [../source/hls.cpp:237]   --->   Operation 187 'add' 'add_ln237' <Predicate = (icmp_ln237)> <Delay = 0.88> <CoreInst = "Adder">   --->   Core 1 'Adder' <Latency = 0> <II = 1> <Delay = 0.88> <FuncUnit> <Opcode : 'add' 'sub'> <InPorts = 2> <OutPorts = 1>
ST_4 : Operation 188 [1/1] (0.88ns)   --->   "%add_ln235 = add i32 %indvars_iv19, i32 2" [../source/hls.cpp:235]   --->   Operation 188 'add' 'add_ln235' <Predicate = (!icmp_ln237)> <Delay = 0.88> <CoreInst = "Adder">   --->   Core 1 'Adder' <Latency = 0> <II = 1> <Delay = 0.88> <FuncUnit> <Opcode : 'add' 'sub'> <InPorts = 2> <OutPorts = 1>
ST_4 : Operation 189 [1/1] (0.88ns)   --->   "%add_ln235_1 = add i32 %indvars_iv24, i32 2" [../source/hls.cpp:235]   --->   Operation 189 'add' 'add_ln235_1' <Predicate = (!icmp_ln237)> <Delay = 0.88> <CoreInst = "Adder">   --->   Core 1 'Adder' <Latency = 0> <II = 1> <Delay = 0.88> <FuncUnit> <Opcode : 'add' 'sub'> <InPorts = 2> <OutPorts = 1>
ST_4 : Operation 190 [1/1] (0.00ns)   --->   "%br_ln235 = br void %VITIS_LOOP_237_3" [../source/hls.cpp:235]   --->   Operation 190 'br' 'br_ln235' <Predicate = (!icmp_ln237)> <Delay = 0.00>

State 5 <SV = 4> <Delay = 2.98>
ST_5 : Operation 191 [1/1] (0.00ns)   --->   "%zext_ln239 = zext i17 %add_ln239_1" [../source/hls.cpp:239]   --->   Operation 191 'zext' 'zext_ln239' <Predicate = true> <Delay = 0.00>
ST_5 : Operation 192 [1/1] (0.00ns)   --->   "%c1_conv_layer_map_data_addr = getelementptr i64 %c1_conv_layer_map_data, i64 0, i64 %zext_ln239" [../source/hls.cpp:239]   --->   Operation 192 'getelementptr' 'c1_conv_layer_map_data_addr' <Predicate = true> <Delay = 0.00>
ST_5 : Operation 193 [2/2] (2.98ns)   --->   "%c1_conv_layer_map_data_load = load i17 %c1_conv_layer_map_data_addr" [../source/hls.cpp:239]   --->   Operation 193 'load' 'c1_conv_layer_map_data_load' <Predicate = true> <Delay = 2.98> <CoreInst = "RAM">   --->   Core 82 'RAM' <Latency = 1> <II = 1> <Delay = 2.98> <Storage> <Opcode : 'load' 'store'> <Ports = 2> <Width = 64> <Depth = 122880> <RAM>

State 6 <SV = 5> <Delay = 2.98>
ST_6 : Operation 194 [1/2] ( I:2.98ns O:2.98ns )   --->   "%c1_conv_layer_map_data_load = load i17 %c1_conv_layer_map_data_addr" [../source/hls.cpp:239]   --->   Operation 194 'load' 'c1_conv_layer_map_data_load' <Predicate = true> <Delay = 2.98> <CoreInst = "RAM">   --->   Core 82 'RAM' <Latency = 1> <II = 1> <Delay = 2.98> <Storage> <Opcode : 'load' 'store'> <Ports = 2> <Width = 64> <Depth = 122880> <RAM>

State 7 <SV = 6> <Delay = 0.38>
ST_7 : Operation 195 [1/1] (0.00ns)   --->   "%trunc_ln237_1 = trunc i32 %m" [../source/hls.cpp:237]   --->   Operation 195 'trunc' 'trunc_ln237_1' <Predicate = true> <Delay = 0.00>
ST_7 : Operation 196 [1/1] (0.00ns)   --->   "%max_value = bitcast i64 %c1_conv_layer_map_data_load" [../source/hls.cpp:239]   --->   Operation 196 'bitcast' 'max_value' <Predicate = true> <Delay = 0.00>
ST_7 : Operation 197 [1/1] (0.00ns)   --->   "%tmp_8 = partselect i16 @_ssdm_op_PartSelect.i16.i32.i32.i32, i32 %m, i32 1, i32 16" [../source/hls.cpp:237]   --->   Operation 197 'partselect' 'tmp_8' <Predicate = true> <Delay = 0.00>
ST_7 : Operation 198 [1/1] (0.00ns)   --->   "%m_1 = bitconcatenate i17 @_ssdm_op_BitConcatenate.i17.i16.i1, i16 %tmp_8, i1 1" [../source/hls.cpp:237]   --->   Operation 198 'bitconcatenate' 'm_1' <Predicate = true> <Delay = 0.00>
ST_7 : Operation 199 [2/2] (0.38ns)   --->   "%call_ln235 = call void @max_pooling_fprop1_Pipeline_VITIS_LOOP_240_4, i32 %indvars_iv19, i64 %max_value, i32 %select_ln240, i17 %trunc_ln233, i17 %trunc_ln237_1, i17 %tmp_6, i64 %c1_conv_layer_map_data, i17 %m_1, i64 %max_value_1_loc" [../source/hls.cpp:235]   --->   Operation 199 'call' 'call_ln235' <Predicate = true> <Delay = 0.38> <CoreType = "Generic">   --->   Generic Core

State 8 <SV = 7> <Delay = 0.00>
ST_8 : Operation 200 [1/2] (0.00ns)   --->   "%call_ln235 = call void @max_pooling_fprop1_Pipeline_VITIS_LOOP_240_4, i32 %indvars_iv19, i64 %max_value, i32 %select_ln240, i17 %trunc_ln233, i17 %trunc_ln237_1, i17 %tmp_6, i64 %c1_conv_layer_map_data, i17 %m_1, i64 %max_value_1_loc" [../source/hls.cpp:235]   --->   Operation 200 'call' 'call_ln235' <Predicate = true> <Delay = 0.00> <CoreType = "Generic">   --->   Generic Core

State 9 <SV = 8> <Delay = 2.07>
ST_9 : Operation 201 [1/1] (0.00ns)   --->   "%max_value_1_loc_load = load i64 %max_value_1_loc"   --->   Operation 201 'load' 'max_value_1_loc_load' <Predicate = true> <Delay = 0.00>
ST_9 : Operation 202 [30/30] (1.95ns)   --->   "%ep = dexp i64 @llvm.exp.f64, i64 %max_value_1_loc_load" [../source/hls.cpp:10->../source/hls.cpp:248]   --->   Operation 202 'dexp' 'ep' <Predicate = true> <Delay = 1.95> <CoreInst = "DExp_fulldsp">   --->   Core 42 'DExp_fulldsp' <Latency = 29> <II = 1> <Delay = 1.95> <FuncUnit> <Opcode : 'dexp'> <InPorts = 1> <OutPorts = 1>
ST_9 : Operation 203 [1/1] (0.00ns)   --->   "%bitcast_ln11 = bitcast i64 %max_value_1_loc_load" [../source/hls.cpp:11->../source/hls.cpp:248]   --->   Operation 203 'bitcast' 'bitcast_ln11' <Predicate = true> <Delay = 0.00>
ST_9 : Operation 204 [1/1] (0.00ns)   --->   "%bit_sel = bitselect i1 @_ssdm_op_BitSelect.i1.i64.i64, i64 %bitcast_ln11, i64 63" [../source/hls.cpp:11->../source/hls.cpp:248]   --->   Operation 204 'bitselect' 'bit_sel' <Predicate = true> <Delay = 0.00>
ST_9 : Operation 205 [1/1] (0.12ns)   --->   "%xor_ln11 = xor i1 %bit_sel, i1 1" [../source/hls.cpp:11->../source/hls.cpp:248]   --->   Operation 205 'xor' 'xor_ln11' <Predicate = true> <Delay = 0.12> <CoreInst = "LogicGate">   --->   Core 74 'LogicGate' <Latency = 0> <II = 1> <Delay = 0.12> <FuncUnit> <Opcode : 'and' 'or' 'xor'> <InPorts = 2> <OutPorts = 1>
ST_9 : Operation 206 [1/1] (0.00ns)   --->   "%trunc_ln11 = trunc i64 %bitcast_ln11" [../source/hls.cpp:11->../source/hls.cpp:248]   --->   Operation 206 'trunc' 'trunc_ln11' <Predicate = true> <Delay = 0.00>
ST_9 : Operation 207 [1/1] (0.00ns)   --->   "%xor_ln = bitconcatenate i64 @_ssdm_op_BitConcatenate.i64.i1.i63, i1 %xor_ln11, i63 %trunc_ln11" [../source/hls.cpp:11->../source/hls.cpp:248]   --->   Operation 207 'bitconcatenate' 'xor_ln' <Predicate = true> <Delay = 0.00>
ST_9 : Operation 208 [1/1] (0.00ns)   --->   "%bitcast_ln11_1 = bitcast i64 %xor_ln" [../source/hls.cpp:11->../source/hls.cpp:248]   --->   Operation 208 'bitcast' 'bitcast_ln11_1' <Predicate = true> <Delay = 0.00>
ST_9 : Operation 209 [30/30] (1.95ns)   --->   "%em = dexp i64 @llvm.exp.f64, i64 %bitcast_ln11_1" [../source/hls.cpp:11->../source/hls.cpp:248]   --->   Operation 209 'dexp' 'em' <Predicate = true> <Delay = 1.95> <CoreInst = "DExp_fulldsp">   --->   Core 42 'DExp_fulldsp' <Latency = 29> <II = 1> <Delay = 1.95> <FuncUnit> <Opcode : 'dexp'> <InPorts = 1> <OutPorts = 1>

State 10 <SV = 9> <Delay = 1.95>
ST_10 : Operation 210 [29/30] (1.95ns)   --->   "%ep = dexp i64 @llvm.exp.f64, i64 %max_value_1_loc_load" [../source/hls.cpp:10->../source/hls.cpp:248]   --->   Operation 210 'dexp' 'ep' <Predicate = true> <Delay = 1.95> <CoreInst = "DExp_fulldsp">   --->   Core 42 'DExp_fulldsp' <Latency = 29> <II = 1> <Delay = 1.95> <FuncUnit> <Opcode : 'dexp'> <InPorts = 1> <OutPorts = 1>
ST_10 : Operation 211 [29/30] (1.95ns)   --->   "%em = dexp i64 @llvm.exp.f64, i64 %bitcast_ln11_1" [../source/hls.cpp:11->../source/hls.cpp:248]   --->   Operation 211 'dexp' 'em' <Predicate = true> <Delay = 1.95> <CoreInst = "DExp_fulldsp">   --->   Core 42 'DExp_fulldsp' <Latency = 29> <II = 1> <Delay = 1.95> <FuncUnit> <Opcode : 'dexp'> <InPorts = 1> <OutPorts = 1>

State 11 <SV = 10> <Delay = 1.95>
ST_11 : Operation 212 [28/30] (1.95ns)   --->   "%ep = dexp i64 @llvm.exp.f64, i64 %max_value_1_loc_load" [../source/hls.cpp:10->../source/hls.cpp:248]   --->   Operation 212 'dexp' 'ep' <Predicate = true> <Delay = 1.95> <CoreInst = "DExp_fulldsp">   --->   Core 42 'DExp_fulldsp' <Latency = 29> <II = 1> <Delay = 1.95> <FuncUnit> <Opcode : 'dexp'> <InPorts = 1> <OutPorts = 1>
ST_11 : Operation 213 [28/30] (1.95ns)   --->   "%em = dexp i64 @llvm.exp.f64, i64 %bitcast_ln11_1" [../source/hls.cpp:11->../source/hls.cpp:248]   --->   Operation 213 'dexp' 'em' <Predicate = true> <Delay = 1.95> <CoreInst = "DExp_fulldsp">   --->   Core 42 'DExp_fulldsp' <Latency = 29> <II = 1> <Delay = 1.95> <FuncUnit> <Opcode : 'dexp'> <InPorts = 1> <OutPorts = 1>

State 12 <SV = 11> <Delay = 1.95>
ST_12 : Operation 214 [27/30] (1.95ns)   --->   "%ep = dexp i64 @llvm.exp.f64, i64 %max_value_1_loc_load" [../source/hls.cpp:10->../source/hls.cpp:248]   --->   Operation 214 'dexp' 'ep' <Predicate = true> <Delay = 1.95> <CoreInst = "DExp_fulldsp">   --->   Core 42 'DExp_fulldsp' <Latency = 29> <II = 1> <Delay = 1.95> <FuncUnit> <Opcode : 'dexp'> <InPorts = 1> <OutPorts = 1>
ST_12 : Operation 215 [27/30] (1.95ns)   --->   "%em = dexp i64 @llvm.exp.f64, i64 %bitcast_ln11_1" [../source/hls.cpp:11->../source/hls.cpp:248]   --->   Operation 215 'dexp' 'em' <Predicate = true> <Delay = 1.95> <CoreInst = "DExp_fulldsp">   --->   Core 42 'DExp_fulldsp' <Latency = 29> <II = 1> <Delay = 1.95> <FuncUnit> <Opcode : 'dexp'> <InPorts = 1> <OutPorts = 1>

State 13 <SV = 12> <Delay = 1.95>
ST_13 : Operation 216 [26/30] (1.95ns)   --->   "%ep = dexp i64 @llvm.exp.f64, i64 %max_value_1_loc_load" [../source/hls.cpp:10->../source/hls.cpp:248]   --->   Operation 216 'dexp' 'ep' <Predicate = true> <Delay = 1.95> <CoreInst = "DExp_fulldsp">   --->   Core 42 'DExp_fulldsp' <Latency = 29> <II = 1> <Delay = 1.95> <FuncUnit> <Opcode : 'dexp'> <InPorts = 1> <OutPorts = 1>
ST_13 : Operation 217 [26/30] (1.95ns)   --->   "%em = dexp i64 @llvm.exp.f64, i64 %bitcast_ln11_1" [../source/hls.cpp:11->../source/hls.cpp:248]   --->   Operation 217 'dexp' 'em' <Predicate = true> <Delay = 1.95> <CoreInst = "DExp_fulldsp">   --->   Core 42 'DExp_fulldsp' <Latency = 29> <II = 1> <Delay = 1.95> <FuncUnit> <Opcode : 'dexp'> <InPorts = 1> <OutPorts = 1>

State 14 <SV = 13> <Delay = 1.95>
ST_14 : Operation 218 [25/30] (1.95ns)   --->   "%ep = dexp i64 @llvm.exp.f64, i64 %max_value_1_loc_load" [../source/hls.cpp:10->../source/hls.cpp:248]   --->   Operation 218 'dexp' 'ep' <Predicate = true> <Delay = 1.95> <CoreInst = "DExp_fulldsp">   --->   Core 42 'DExp_fulldsp' <Latency = 29> <II = 1> <Delay = 1.95> <FuncUnit> <Opcode : 'dexp'> <InPorts = 1> <OutPorts = 1>
ST_14 : Operation 219 [25/30] (1.95ns)   --->   "%em = dexp i64 @llvm.exp.f64, i64 %bitcast_ln11_1" [../source/hls.cpp:11->../source/hls.cpp:248]   --->   Operation 219 'dexp' 'em' <Predicate = true> <Delay = 1.95> <CoreInst = "DExp_fulldsp">   --->   Core 42 'DExp_fulldsp' <Latency = 29> <II = 1> <Delay = 1.95> <FuncUnit> <Opcode : 'dexp'> <InPorts = 1> <OutPorts = 1>

State 15 <SV = 14> <Delay = 1.95>
ST_15 : Operation 220 [24/30] (1.95ns)   --->   "%ep = dexp i64 @llvm.exp.f64, i64 %max_value_1_loc_load" [../source/hls.cpp:10->../source/hls.cpp:248]   --->   Operation 220 'dexp' 'ep' <Predicate = true> <Delay = 1.95> <CoreInst = "DExp_fulldsp">   --->   Core 42 'DExp_fulldsp' <Latency = 29> <II = 1> <Delay = 1.95> <FuncUnit> <Opcode : 'dexp'> <InPorts = 1> <OutPorts = 1>
ST_15 : Operation 221 [24/30] (1.95ns)   --->   "%em = dexp i64 @llvm.exp.f64, i64 %bitcast_ln11_1" [../source/hls.cpp:11->../source/hls.cpp:248]   --->   Operation 221 'dexp' 'em' <Predicate = true> <Delay = 1.95> <CoreInst = "DExp_fulldsp">   --->   Core 42 'DExp_fulldsp' <Latency = 29> <II = 1> <Delay = 1.95> <FuncUnit> <Opcode : 'dexp'> <InPorts = 1> <OutPorts = 1>

State 16 <SV = 15> <Delay = 1.95>
ST_16 : Operation 222 [23/30] (1.95ns)   --->   "%ep = dexp i64 @llvm.exp.f64, i64 %max_value_1_loc_load" [../source/hls.cpp:10->../source/hls.cpp:248]   --->   Operation 222 'dexp' 'ep' <Predicate = true> <Delay = 1.95> <CoreInst = "DExp_fulldsp">   --->   Core 42 'DExp_fulldsp' <Latency = 29> <II = 1> <Delay = 1.95> <FuncUnit> <Opcode : 'dexp'> <InPorts = 1> <OutPorts = 1>
ST_16 : Operation 223 [23/30] (1.95ns)   --->   "%em = dexp i64 @llvm.exp.f64, i64 %bitcast_ln11_1" [../source/hls.cpp:11->../source/hls.cpp:248]   --->   Operation 223 'dexp' 'em' <Predicate = true> <Delay = 1.95> <CoreInst = "DExp_fulldsp">   --->   Core 42 'DExp_fulldsp' <Latency = 29> <II = 1> <Delay = 1.95> <FuncUnit> <Opcode : 'dexp'> <InPorts = 1> <OutPorts = 1>

State 17 <SV = 16> <Delay = 1.95>
ST_17 : Operation 224 [22/30] (1.95ns)   --->   "%ep = dexp i64 @llvm.exp.f64, i64 %max_value_1_loc_load" [../source/hls.cpp:10->../source/hls.cpp:248]   --->   Operation 224 'dexp' 'ep' <Predicate = true> <Delay = 1.95> <CoreInst = "DExp_fulldsp">   --->   Core 42 'DExp_fulldsp' <Latency = 29> <II = 1> <Delay = 1.95> <FuncUnit> <Opcode : 'dexp'> <InPorts = 1> <OutPorts = 1>
ST_17 : Operation 225 [22/30] (1.95ns)   --->   "%em = dexp i64 @llvm.exp.f64, i64 %bitcast_ln11_1" [../source/hls.cpp:11->../source/hls.cpp:248]   --->   Operation 225 'dexp' 'em' <Predicate = true> <Delay = 1.95> <CoreInst = "DExp_fulldsp">   --->   Core 42 'DExp_fulldsp' <Latency = 29> <II = 1> <Delay = 1.95> <FuncUnit> <Opcode : 'dexp'> <InPorts = 1> <OutPorts = 1>

State 18 <SV = 17> <Delay = 1.95>
ST_18 : Operation 226 [21/30] (1.95ns)   --->   "%ep = dexp i64 @llvm.exp.f64, i64 %max_value_1_loc_load" [../source/hls.cpp:10->../source/hls.cpp:248]   --->   Operation 226 'dexp' 'ep' <Predicate = true> <Delay = 1.95> <CoreInst = "DExp_fulldsp">   --->   Core 42 'DExp_fulldsp' <Latency = 29> <II = 1> <Delay = 1.95> <FuncUnit> <Opcode : 'dexp'> <InPorts = 1> <OutPorts = 1>
ST_18 : Operation 227 [21/30] (1.95ns)   --->   "%em = dexp i64 @llvm.exp.f64, i64 %bitcast_ln11_1" [../source/hls.cpp:11->../source/hls.cpp:248]   --->   Operation 227 'dexp' 'em' <Predicate = true> <Delay = 1.95> <CoreInst = "DExp_fulldsp">   --->   Core 42 'DExp_fulldsp' <Latency = 29> <II = 1> <Delay = 1.95> <FuncUnit> <Opcode : 'dexp'> <InPorts = 1> <OutPorts = 1>

State 19 <SV = 18> <Delay = 1.95>
ST_19 : Operation 228 [20/30] (1.95ns)   --->   "%ep = dexp i64 @llvm.exp.f64, i64 %max_value_1_loc_load" [../source/hls.cpp:10->../source/hls.cpp:248]   --->   Operation 228 'dexp' 'ep' <Predicate = true> <Delay = 1.95> <CoreInst = "DExp_fulldsp">   --->   Core 42 'DExp_fulldsp' <Latency = 29> <II = 1> <Delay = 1.95> <FuncUnit> <Opcode : 'dexp'> <InPorts = 1> <OutPorts = 1>
ST_19 : Operation 229 [20/30] (1.95ns)   --->   "%em = dexp i64 @llvm.exp.f64, i64 %bitcast_ln11_1" [../source/hls.cpp:11->../source/hls.cpp:248]   --->   Operation 229 'dexp' 'em' <Predicate = true> <Delay = 1.95> <CoreInst = "DExp_fulldsp">   --->   Core 42 'DExp_fulldsp' <Latency = 29> <II = 1> <Delay = 1.95> <FuncUnit> <Opcode : 'dexp'> <InPorts = 1> <OutPorts = 1>

State 20 <SV = 19> <Delay = 1.95>
ST_20 : Operation 230 [19/30] (1.95ns)   --->   "%ep = dexp i64 @llvm.exp.f64, i64 %max_value_1_loc_load" [../source/hls.cpp:10->../source/hls.cpp:248]   --->   Operation 230 'dexp' 'ep' <Predicate = true> <Delay = 1.95> <CoreInst = "DExp_fulldsp">   --->   Core 42 'DExp_fulldsp' <Latency = 29> <II = 1> <Delay = 1.95> <FuncUnit> <Opcode : 'dexp'> <InPorts = 1> <OutPorts = 1>
ST_20 : Operation 231 [19/30] (1.95ns)   --->   "%em = dexp i64 @llvm.exp.f64, i64 %bitcast_ln11_1" [../source/hls.cpp:11->../source/hls.cpp:248]   --->   Operation 231 'dexp' 'em' <Predicate = true> <Delay = 1.95> <CoreInst = "DExp_fulldsp">   --->   Core 42 'DExp_fulldsp' <Latency = 29> <II = 1> <Delay = 1.95> <FuncUnit> <Opcode : 'dexp'> <InPorts = 1> <OutPorts = 1>

State 21 <SV = 20> <Delay = 1.95>
ST_21 : Operation 232 [18/30] (1.95ns)   --->   "%ep = dexp i64 @llvm.exp.f64, i64 %max_value_1_loc_load" [../source/hls.cpp:10->../source/hls.cpp:248]   --->   Operation 232 'dexp' 'ep' <Predicate = true> <Delay = 1.95> <CoreInst = "DExp_fulldsp">   --->   Core 42 'DExp_fulldsp' <Latency = 29> <II = 1> <Delay = 1.95> <FuncUnit> <Opcode : 'dexp'> <InPorts = 1> <OutPorts = 1>
ST_21 : Operation 233 [18/30] (1.95ns)   --->   "%em = dexp i64 @llvm.exp.f64, i64 %bitcast_ln11_1" [../source/hls.cpp:11->../source/hls.cpp:248]   --->   Operation 233 'dexp' 'em' <Predicate = true> <Delay = 1.95> <CoreInst = "DExp_fulldsp">   --->   Core 42 'DExp_fulldsp' <Latency = 29> <II = 1> <Delay = 1.95> <FuncUnit> <Opcode : 'dexp'> <InPorts = 1> <OutPorts = 1>

State 22 <SV = 21> <Delay = 1.95>
ST_22 : Operation 234 [17/30] (1.95ns)   --->   "%ep = dexp i64 @llvm.exp.f64, i64 %max_value_1_loc_load" [../source/hls.cpp:10->../source/hls.cpp:248]   --->   Operation 234 'dexp' 'ep' <Predicate = true> <Delay = 1.95> <CoreInst = "DExp_fulldsp">   --->   Core 42 'DExp_fulldsp' <Latency = 29> <II = 1> <Delay = 1.95> <FuncUnit> <Opcode : 'dexp'> <InPorts = 1> <OutPorts = 1>
ST_22 : Operation 235 [17/30] (1.95ns)   --->   "%em = dexp i64 @llvm.exp.f64, i64 %bitcast_ln11_1" [../source/hls.cpp:11->../source/hls.cpp:248]   --->   Operation 235 'dexp' 'em' <Predicate = true> <Delay = 1.95> <CoreInst = "DExp_fulldsp">   --->   Core 42 'DExp_fulldsp' <Latency = 29> <II = 1> <Delay = 1.95> <FuncUnit> <Opcode : 'dexp'> <InPorts = 1> <OutPorts = 1>

State 23 <SV = 22> <Delay = 1.95>
ST_23 : Operation 236 [16/30] (1.95ns)   --->   "%ep = dexp i64 @llvm.exp.f64, i64 %max_value_1_loc_load" [../source/hls.cpp:10->../source/hls.cpp:248]   --->   Operation 236 'dexp' 'ep' <Predicate = true> <Delay = 1.95> <CoreInst = "DExp_fulldsp">   --->   Core 42 'DExp_fulldsp' <Latency = 29> <II = 1> <Delay = 1.95> <FuncUnit> <Opcode : 'dexp'> <InPorts = 1> <OutPorts = 1>
ST_23 : Operation 237 [16/30] (1.95ns)   --->   "%em = dexp i64 @llvm.exp.f64, i64 %bitcast_ln11_1" [../source/hls.cpp:11->../source/hls.cpp:248]   --->   Operation 237 'dexp' 'em' <Predicate = true> <Delay = 1.95> <CoreInst = "DExp_fulldsp">   --->   Core 42 'DExp_fulldsp' <Latency = 29> <II = 1> <Delay = 1.95> <FuncUnit> <Opcode : 'dexp'> <InPorts = 1> <OutPorts = 1>

State 24 <SV = 23> <Delay = 1.95>
ST_24 : Operation 238 [15/30] (1.95ns)   --->   "%ep = dexp i64 @llvm.exp.f64, i64 %max_value_1_loc_load" [../source/hls.cpp:10->../source/hls.cpp:248]   --->   Operation 238 'dexp' 'ep' <Predicate = true> <Delay = 1.95> <CoreInst = "DExp_fulldsp">   --->   Core 42 'DExp_fulldsp' <Latency = 29> <II = 1> <Delay = 1.95> <FuncUnit> <Opcode : 'dexp'> <InPorts = 1> <OutPorts = 1>
ST_24 : Operation 239 [15/30] (1.95ns)   --->   "%em = dexp i64 @llvm.exp.f64, i64 %bitcast_ln11_1" [../source/hls.cpp:11->../source/hls.cpp:248]   --->   Operation 239 'dexp' 'em' <Predicate = true> <Delay = 1.95> <CoreInst = "DExp_fulldsp">   --->   Core 42 'DExp_fulldsp' <Latency = 29> <II = 1> <Delay = 1.95> <FuncUnit> <Opcode : 'dexp'> <InPorts = 1> <OutPorts = 1>

State 25 <SV = 24> <Delay = 1.95>
ST_25 : Operation 240 [14/30] (1.95ns)   --->   "%ep = dexp i64 @llvm.exp.f64, i64 %max_value_1_loc_load" [../source/hls.cpp:10->../source/hls.cpp:248]   --->   Operation 240 'dexp' 'ep' <Predicate = true> <Delay = 1.95> <CoreInst = "DExp_fulldsp">   --->   Core 42 'DExp_fulldsp' <Latency = 29> <II = 1> <Delay = 1.95> <FuncUnit> <Opcode : 'dexp'> <InPorts = 1> <OutPorts = 1>
ST_25 : Operation 241 [14/30] (1.95ns)   --->   "%em = dexp i64 @llvm.exp.f64, i64 %bitcast_ln11_1" [../source/hls.cpp:11->../source/hls.cpp:248]   --->   Operation 241 'dexp' 'em' <Predicate = true> <Delay = 1.95> <CoreInst = "DExp_fulldsp">   --->   Core 42 'DExp_fulldsp' <Latency = 29> <II = 1> <Delay = 1.95> <FuncUnit> <Opcode : 'dexp'> <InPorts = 1> <OutPorts = 1>

State 26 <SV = 25> <Delay = 1.95>
ST_26 : Operation 242 [13/30] (1.95ns)   --->   "%ep = dexp i64 @llvm.exp.f64, i64 %max_value_1_loc_load" [../source/hls.cpp:10->../source/hls.cpp:248]   --->   Operation 242 'dexp' 'ep' <Predicate = true> <Delay = 1.95> <CoreInst = "DExp_fulldsp">   --->   Core 42 'DExp_fulldsp' <Latency = 29> <II = 1> <Delay = 1.95> <FuncUnit> <Opcode : 'dexp'> <InPorts = 1> <OutPorts = 1>
ST_26 : Operation 243 [13/30] (1.95ns)   --->   "%em = dexp i64 @llvm.exp.f64, i64 %bitcast_ln11_1" [../source/hls.cpp:11->../source/hls.cpp:248]   --->   Operation 243 'dexp' 'em' <Predicate = true> <Delay = 1.95> <CoreInst = "DExp_fulldsp">   --->   Core 42 'DExp_fulldsp' <Latency = 29> <II = 1> <Delay = 1.95> <FuncUnit> <Opcode : 'dexp'> <InPorts = 1> <OutPorts = 1>

State 27 <SV = 26> <Delay = 1.95>
ST_27 : Operation 244 [12/30] (1.95ns)   --->   "%ep = dexp i64 @llvm.exp.f64, i64 %max_value_1_loc_load" [../source/hls.cpp:10->../source/hls.cpp:248]   --->   Operation 244 'dexp' 'ep' <Predicate = true> <Delay = 1.95> <CoreInst = "DExp_fulldsp">   --->   Core 42 'DExp_fulldsp' <Latency = 29> <II = 1> <Delay = 1.95> <FuncUnit> <Opcode : 'dexp'> <InPorts = 1> <OutPorts = 1>
ST_27 : Operation 245 [12/30] (1.95ns)   --->   "%em = dexp i64 @llvm.exp.f64, i64 %bitcast_ln11_1" [../source/hls.cpp:11->../source/hls.cpp:248]   --->   Operation 245 'dexp' 'em' <Predicate = true> <Delay = 1.95> <CoreInst = "DExp_fulldsp">   --->   Core 42 'DExp_fulldsp' <Latency = 29> <II = 1> <Delay = 1.95> <FuncUnit> <Opcode : 'dexp'> <InPorts = 1> <OutPorts = 1>

State 28 <SV = 27> <Delay = 1.95>
ST_28 : Operation 246 [11/30] (1.95ns)   --->   "%ep = dexp i64 @llvm.exp.f64, i64 %max_value_1_loc_load" [../source/hls.cpp:10->../source/hls.cpp:248]   --->   Operation 246 'dexp' 'ep' <Predicate = true> <Delay = 1.95> <CoreInst = "DExp_fulldsp">   --->   Core 42 'DExp_fulldsp' <Latency = 29> <II = 1> <Delay = 1.95> <FuncUnit> <Opcode : 'dexp'> <InPorts = 1> <OutPorts = 1>
ST_28 : Operation 247 [11/30] (1.95ns)   --->   "%em = dexp i64 @llvm.exp.f64, i64 %bitcast_ln11_1" [../source/hls.cpp:11->../source/hls.cpp:248]   --->   Operation 247 'dexp' 'em' <Predicate = true> <Delay = 1.95> <CoreInst = "DExp_fulldsp">   --->   Core 42 'DExp_fulldsp' <Latency = 29> <II = 1> <Delay = 1.95> <FuncUnit> <Opcode : 'dexp'> <InPorts = 1> <OutPorts = 1>

State 29 <SV = 28> <Delay = 1.95>
ST_29 : Operation 248 [10/30] (1.95ns)   --->   "%ep = dexp i64 @llvm.exp.f64, i64 %max_value_1_loc_load" [../source/hls.cpp:10->../source/hls.cpp:248]   --->   Operation 248 'dexp' 'ep' <Predicate = true> <Delay = 1.95> <CoreInst = "DExp_fulldsp">   --->   Core 42 'DExp_fulldsp' <Latency = 29> <II = 1> <Delay = 1.95> <FuncUnit> <Opcode : 'dexp'> <InPorts = 1> <OutPorts = 1>
ST_29 : Operation 249 [10/30] (1.95ns)   --->   "%em = dexp i64 @llvm.exp.f64, i64 %bitcast_ln11_1" [../source/hls.cpp:11->../source/hls.cpp:248]   --->   Operation 249 'dexp' 'em' <Predicate = true> <Delay = 1.95> <CoreInst = "DExp_fulldsp">   --->   Core 42 'DExp_fulldsp' <Latency = 29> <II = 1> <Delay = 1.95> <FuncUnit> <Opcode : 'dexp'> <InPorts = 1> <OutPorts = 1>

State 30 <SV = 29> <Delay = 1.95>
ST_30 : Operation 250 [9/30] (1.95ns)   --->   "%ep = dexp i64 @llvm.exp.f64, i64 %max_value_1_loc_load" [../source/hls.cpp:10->../source/hls.cpp:248]   --->   Operation 250 'dexp' 'ep' <Predicate = true> <Delay = 1.95> <CoreInst = "DExp_fulldsp">   --->   Core 42 'DExp_fulldsp' <Latency = 29> <II = 1> <Delay = 1.95> <FuncUnit> <Opcode : 'dexp'> <InPorts = 1> <OutPorts = 1>
ST_30 : Operation 251 [9/30] (1.95ns)   --->   "%em = dexp i64 @llvm.exp.f64, i64 %bitcast_ln11_1" [../source/hls.cpp:11->../source/hls.cpp:248]   --->   Operation 251 'dexp' 'em' <Predicate = true> <Delay = 1.95> <CoreInst = "DExp_fulldsp">   --->   Core 42 'DExp_fulldsp' <Latency = 29> <II = 1> <Delay = 1.95> <FuncUnit> <Opcode : 'dexp'> <InPorts = 1> <OutPorts = 1>

State 31 <SV = 30> <Delay = 1.95>
ST_31 : Operation 252 [8/30] (1.95ns)   --->   "%ep = dexp i64 @llvm.exp.f64, i64 %max_value_1_loc_load" [../source/hls.cpp:10->../source/hls.cpp:248]   --->   Operation 252 'dexp' 'ep' <Predicate = true> <Delay = 1.95> <CoreInst = "DExp_fulldsp">   --->   Core 42 'DExp_fulldsp' <Latency = 29> <II = 1> <Delay = 1.95> <FuncUnit> <Opcode : 'dexp'> <InPorts = 1> <OutPorts = 1>
ST_31 : Operation 253 [8/30] (1.95ns)   --->   "%em = dexp i64 @llvm.exp.f64, i64 %bitcast_ln11_1" [../source/hls.cpp:11->../source/hls.cpp:248]   --->   Operation 253 'dexp' 'em' <Predicate = true> <Delay = 1.95> <CoreInst = "DExp_fulldsp">   --->   Core 42 'DExp_fulldsp' <Latency = 29> <II = 1> <Delay = 1.95> <FuncUnit> <Opcode : 'dexp'> <InPorts = 1> <OutPorts = 1>

State 32 <SV = 31> <Delay = 1.95>
ST_32 : Operation 254 [7/30] (1.95ns)   --->   "%ep = dexp i64 @llvm.exp.f64, i64 %max_value_1_loc_load" [../source/hls.cpp:10->../source/hls.cpp:248]   --->   Operation 254 'dexp' 'ep' <Predicate = true> <Delay = 1.95> <CoreInst = "DExp_fulldsp">   --->   Core 42 'DExp_fulldsp' <Latency = 29> <II = 1> <Delay = 1.95> <FuncUnit> <Opcode : 'dexp'> <InPorts = 1> <OutPorts = 1>
ST_32 : Operation 255 [7/30] (1.95ns)   --->   "%em = dexp i64 @llvm.exp.f64, i64 %bitcast_ln11_1" [../source/hls.cpp:11->../source/hls.cpp:248]   --->   Operation 255 'dexp' 'em' <Predicate = true> <Delay = 1.95> <CoreInst = "DExp_fulldsp">   --->   Core 42 'DExp_fulldsp' <Latency = 29> <II = 1> <Delay = 1.95> <FuncUnit> <Opcode : 'dexp'> <InPorts = 1> <OutPorts = 1>

State 33 <SV = 32> <Delay = 1.95>
ST_33 : Operation 256 [6/30] (1.95ns)   --->   "%ep = dexp i64 @llvm.exp.f64, i64 %max_value_1_loc_load" [../source/hls.cpp:10->../source/hls.cpp:248]   --->   Operation 256 'dexp' 'ep' <Predicate = true> <Delay = 1.95> <CoreInst = "DExp_fulldsp">   --->   Core 42 'DExp_fulldsp' <Latency = 29> <II = 1> <Delay = 1.95> <FuncUnit> <Opcode : 'dexp'> <InPorts = 1> <OutPorts = 1>
ST_33 : Operation 257 [6/30] (1.95ns)   --->   "%em = dexp i64 @llvm.exp.f64, i64 %bitcast_ln11_1" [../source/hls.cpp:11->../source/hls.cpp:248]   --->   Operation 257 'dexp' 'em' <Predicate = true> <Delay = 1.95> <CoreInst = "DExp_fulldsp">   --->   Core 42 'DExp_fulldsp' <Latency = 29> <II = 1> <Delay = 1.95> <FuncUnit> <Opcode : 'dexp'> <InPorts = 1> <OutPorts = 1>

State 34 <SV = 33> <Delay = 1.95>
ST_34 : Operation 258 [5/30] (1.95ns)   --->   "%ep = dexp i64 @llvm.exp.f64, i64 %max_value_1_loc_load" [../source/hls.cpp:10->../source/hls.cpp:248]   --->   Operation 258 'dexp' 'ep' <Predicate = true> <Delay = 1.95> <CoreInst = "DExp_fulldsp">   --->   Core 42 'DExp_fulldsp' <Latency = 29> <II = 1> <Delay = 1.95> <FuncUnit> <Opcode : 'dexp'> <InPorts = 1> <OutPorts = 1>
ST_34 : Operation 259 [5/30] (1.95ns)   --->   "%em = dexp i64 @llvm.exp.f64, i64 %bitcast_ln11_1" [../source/hls.cpp:11->../source/hls.cpp:248]   --->   Operation 259 'dexp' 'em' <Predicate = true> <Delay = 1.95> <CoreInst = "DExp_fulldsp">   --->   Core 42 'DExp_fulldsp' <Latency = 29> <II = 1> <Delay = 1.95> <FuncUnit> <Opcode : 'dexp'> <InPorts = 1> <OutPorts = 1>

State 35 <SV = 34> <Delay = 1.95>
ST_35 : Operation 260 [4/30] (1.95ns)   --->   "%ep = dexp i64 @llvm.exp.f64, i64 %max_value_1_loc_load" [../source/hls.cpp:10->../source/hls.cpp:248]   --->   Operation 260 'dexp' 'ep' <Predicate = true> <Delay = 1.95> <CoreInst = "DExp_fulldsp">   --->   Core 42 'DExp_fulldsp' <Latency = 29> <II = 1> <Delay = 1.95> <FuncUnit> <Opcode : 'dexp'> <InPorts = 1> <OutPorts = 1>
ST_35 : Operation 261 [4/30] (1.95ns)   --->   "%em = dexp i64 @llvm.exp.f64, i64 %bitcast_ln11_1" [../source/hls.cpp:11->../source/hls.cpp:248]   --->   Operation 261 'dexp' 'em' <Predicate = true> <Delay = 1.95> <CoreInst = "DExp_fulldsp">   --->   Core 42 'DExp_fulldsp' <Latency = 29> <II = 1> <Delay = 1.95> <FuncUnit> <Opcode : 'dexp'> <InPorts = 1> <OutPorts = 1>

State 36 <SV = 35> <Delay = 1.95>
ST_36 : Operation 262 [3/30] (1.95ns)   --->   "%ep = dexp i64 @llvm.exp.f64, i64 %max_value_1_loc_load" [../source/hls.cpp:10->../source/hls.cpp:248]   --->   Operation 262 'dexp' 'ep' <Predicate = true> <Delay = 1.95> <CoreInst = "DExp_fulldsp">   --->   Core 42 'DExp_fulldsp' <Latency = 29> <II = 1> <Delay = 1.95> <FuncUnit> <Opcode : 'dexp'> <InPorts = 1> <OutPorts = 1>
ST_36 : Operation 263 [3/30] (1.95ns)   --->   "%em = dexp i64 @llvm.exp.f64, i64 %bitcast_ln11_1" [../source/hls.cpp:11->../source/hls.cpp:248]   --->   Operation 263 'dexp' 'em' <Predicate = true> <Delay = 1.95> <CoreInst = "DExp_fulldsp">   --->   Core 42 'DExp_fulldsp' <Latency = 29> <II = 1> <Delay = 1.95> <FuncUnit> <Opcode : 'dexp'> <InPorts = 1> <OutPorts = 1>

State 37 <SV = 36> <Delay = 1.95>
ST_37 : Operation 264 [2/30] (1.95ns)   --->   "%ep = dexp i64 @llvm.exp.f64, i64 %max_value_1_loc_load" [../source/hls.cpp:10->../source/hls.cpp:248]   --->   Operation 264 'dexp' 'ep' <Predicate = true> <Delay = 1.95> <CoreInst = "DExp_fulldsp">   --->   Core 42 'DExp_fulldsp' <Latency = 29> <II = 1> <Delay = 1.95> <FuncUnit> <Opcode : 'dexp'> <InPorts = 1> <OutPorts = 1>
ST_37 : Operation 265 [2/30] (1.95ns)   --->   "%em = dexp i64 @llvm.exp.f64, i64 %bitcast_ln11_1" [../source/hls.cpp:11->../source/hls.cpp:248]   --->   Operation 265 'dexp' 'em' <Predicate = true> <Delay = 1.95> <CoreInst = "DExp_fulldsp">   --->   Core 42 'DExp_fulldsp' <Latency = 29> <II = 1> <Delay = 1.95> <FuncUnit> <Opcode : 'dexp'> <InPorts = 1> <OutPorts = 1>

State 38 <SV = 37> <Delay = 1.95>
ST_38 : Operation 266 [1/30] (1.95ns)   --->   "%ep = dexp i64 @llvm.exp.f64, i64 %max_value_1_loc_load" [../source/hls.cpp:10->../source/hls.cpp:248]   --->   Operation 266 'dexp' 'ep' <Predicate = true> <Delay = 1.95> <CoreInst = "DExp_fulldsp">   --->   Core 42 'DExp_fulldsp' <Latency = 29> <II = 1> <Delay = 1.95> <FuncUnit> <Opcode : 'dexp'> <InPorts = 1> <OutPorts = 1>
ST_38 : Operation 267 [1/30] (1.95ns)   --->   "%em = dexp i64 @llvm.exp.f64, i64 %bitcast_ln11_1" [../source/hls.cpp:11->../source/hls.cpp:248]   --->   Operation 267 'dexp' 'em' <Predicate = true> <Delay = 1.95> <CoreInst = "DExp_fulldsp">   --->   Core 42 'DExp_fulldsp' <Latency = 29> <II = 1> <Delay = 1.95> <FuncUnit> <Opcode : 'dexp'> <InPorts = 1> <OutPorts = 1>

State 39 <SV = 38> <Delay = 1.90>
ST_39 : Operation 268 [8/8] (1.90ns)   --->   "%sub1_i = dsub i64 %ep, i64 %em" [../source/hls.cpp:13->../source/hls.cpp:248]   --->   Operation 268 'dsub' 'sub1_i' <Predicate = true> <Delay = 1.90> <CoreInst = "DAddSub_fulldsp">   --->   Core 37 'DAddSub_fulldsp' <Latency = 7> <II = 1> <Delay = 1.90> <FuncUnit> <Opcode : 'dadd' 'dsub'> <InPorts = 2> <OutPorts = 1>
ST_39 : Operation 269 [8/8] (1.90ns)   --->   "%add_i = dadd i64 %ep, i64 %em" [../source/hls.cpp:13->../source/hls.cpp:248]   --->   Operation 269 'dadd' 'add_i' <Predicate = true> <Delay = 1.90> <CoreInst = "DAddSub_fulldsp">   --->   Core 37 'DAddSub_fulldsp' <Latency = 7> <II = 1> <Delay = 1.90> <FuncUnit> <Opcode : 'dadd' 'dsub'> <InPorts = 2> <OutPorts = 1>

State 40 <SV = 39> <Delay = 1.90>
ST_40 : Operation 270 [7/8] (1.90ns)   --->   "%sub1_i = dsub i64 %ep, i64 %em" [../source/hls.cpp:13->../source/hls.cpp:248]   --->   Operation 270 'dsub' 'sub1_i' <Predicate = true> <Delay = 1.90> <CoreInst = "DAddSub_fulldsp">   --->   Core 37 'DAddSub_fulldsp' <Latency = 7> <II = 1> <Delay = 1.90> <FuncUnit> <Opcode : 'dadd' 'dsub'> <InPorts = 2> <OutPorts = 1>
ST_40 : Operation 271 [7/8] (1.90ns)   --->   "%add_i = dadd i64 %ep, i64 %em" [../source/hls.cpp:13->../source/hls.cpp:248]   --->   Operation 271 'dadd' 'add_i' <Predicate = true> <Delay = 1.90> <CoreInst = "DAddSub_fulldsp">   --->   Core 37 'DAddSub_fulldsp' <Latency = 7> <II = 1> <Delay = 1.90> <FuncUnit> <Opcode : 'dadd' 'dsub'> <InPorts = 2> <OutPorts = 1>

State 41 <SV = 40> <Delay = 1.90>
ST_41 : Operation 272 [6/8] (1.90ns)   --->   "%sub1_i = dsub i64 %ep, i64 %em" [../source/hls.cpp:13->../source/hls.cpp:248]   --->   Operation 272 'dsub' 'sub1_i' <Predicate = true> <Delay = 1.90> <CoreInst = "DAddSub_fulldsp">   --->   Core 37 'DAddSub_fulldsp' <Latency = 7> <II = 1> <Delay = 1.90> <FuncUnit> <Opcode : 'dadd' 'dsub'> <InPorts = 2> <OutPorts = 1>
ST_41 : Operation 273 [6/8] (1.90ns)   --->   "%add_i = dadd i64 %ep, i64 %em" [../source/hls.cpp:13->../source/hls.cpp:248]   --->   Operation 273 'dadd' 'add_i' <Predicate = true> <Delay = 1.90> <CoreInst = "DAddSub_fulldsp">   --->   Core 37 'DAddSub_fulldsp' <Latency = 7> <II = 1> <Delay = 1.90> <FuncUnit> <Opcode : 'dadd' 'dsub'> <InPorts = 2> <OutPorts = 1>

State 42 <SV = 41> <Delay = 1.90>
ST_42 : Operation 274 [5/8] (1.90ns)   --->   "%sub1_i = dsub i64 %ep, i64 %em" [../source/hls.cpp:13->../source/hls.cpp:248]   --->   Operation 274 'dsub' 'sub1_i' <Predicate = true> <Delay = 1.90> <CoreInst = "DAddSub_fulldsp">   --->   Core 37 'DAddSub_fulldsp' <Latency = 7> <II = 1> <Delay = 1.90> <FuncUnit> <Opcode : 'dadd' 'dsub'> <InPorts = 2> <OutPorts = 1>
ST_42 : Operation 275 [5/8] (1.90ns)   --->   "%add_i = dadd i64 %ep, i64 %em" [../source/hls.cpp:13->../source/hls.cpp:248]   --->   Operation 275 'dadd' 'add_i' <Predicate = true> <Delay = 1.90> <CoreInst = "DAddSub_fulldsp">   --->   Core 37 'DAddSub_fulldsp' <Latency = 7> <II = 1> <Delay = 1.90> <FuncUnit> <Opcode : 'dadd' 'dsub'> <InPorts = 2> <OutPorts = 1>

State 43 <SV = 42> <Delay = 1.90>
ST_43 : Operation 276 [4/8] (1.90ns)   --->   "%sub1_i = dsub i64 %ep, i64 %em" [../source/hls.cpp:13->../source/hls.cpp:248]   --->   Operation 276 'dsub' 'sub1_i' <Predicate = true> <Delay = 1.90> <CoreInst = "DAddSub_fulldsp">   --->   Core 37 'DAddSub_fulldsp' <Latency = 7> <II = 1> <Delay = 1.90> <FuncUnit> <Opcode : 'dadd' 'dsub'> <InPorts = 2> <OutPorts = 1>
ST_43 : Operation 277 [4/8] (1.90ns)   --->   "%add_i = dadd i64 %ep, i64 %em" [../source/hls.cpp:13->../source/hls.cpp:248]   --->   Operation 277 'dadd' 'add_i' <Predicate = true> <Delay = 1.90> <CoreInst = "DAddSub_fulldsp">   --->   Core 37 'DAddSub_fulldsp' <Latency = 7> <II = 1> <Delay = 1.90> <FuncUnit> <Opcode : 'dadd' 'dsub'> <InPorts = 2> <OutPorts = 1>

State 44 <SV = 43> <Delay = 1.90>
ST_44 : Operation 278 [3/8] (1.90ns)   --->   "%sub1_i = dsub i64 %ep, i64 %em" [../source/hls.cpp:13->../source/hls.cpp:248]   --->   Operation 278 'dsub' 'sub1_i' <Predicate = true> <Delay = 1.90> <CoreInst = "DAddSub_fulldsp">   --->   Core 37 'DAddSub_fulldsp' <Latency = 7> <II = 1> <Delay = 1.90> <FuncUnit> <Opcode : 'dadd' 'dsub'> <InPorts = 2> <OutPorts = 1>
ST_44 : Operation 279 [3/8] (1.90ns)   --->   "%add_i = dadd i64 %ep, i64 %em" [../source/hls.cpp:13->../source/hls.cpp:248]   --->   Operation 279 'dadd' 'add_i' <Predicate = true> <Delay = 1.90> <CoreInst = "DAddSub_fulldsp">   --->   Core 37 'DAddSub_fulldsp' <Latency = 7> <II = 1> <Delay = 1.90> <FuncUnit> <Opcode : 'dadd' 'dsub'> <InPorts = 2> <OutPorts = 1>

State 45 <SV = 44> <Delay = 1.90>
ST_45 : Operation 280 [2/8] (1.90ns)   --->   "%sub1_i = dsub i64 %ep, i64 %em" [../source/hls.cpp:13->../source/hls.cpp:248]   --->   Operation 280 'dsub' 'sub1_i' <Predicate = true> <Delay = 1.90> <CoreInst = "DAddSub_fulldsp">   --->   Core 37 'DAddSub_fulldsp' <Latency = 7> <II = 1> <Delay = 1.90> <FuncUnit> <Opcode : 'dadd' 'dsub'> <InPorts = 2> <OutPorts = 1>
ST_45 : Operation 281 [2/8] (1.90ns)   --->   "%add_i = dadd i64 %ep, i64 %em" [../source/hls.cpp:13->../source/hls.cpp:248]   --->   Operation 281 'dadd' 'add_i' <Predicate = true> <Delay = 1.90> <CoreInst = "DAddSub_fulldsp">   --->   Core 37 'DAddSub_fulldsp' <Latency = 7> <II = 1> <Delay = 1.90> <FuncUnit> <Opcode : 'dadd' 'dsub'> <InPorts = 2> <OutPorts = 1>

State 46 <SV = 45> <Delay = 1.90>
ST_46 : Operation 282 [1/8] (1.90ns)   --->   "%sub1_i = dsub i64 %ep, i64 %em" [../source/hls.cpp:13->../source/hls.cpp:248]   --->   Operation 282 'dsub' 'sub1_i' <Predicate = true> <Delay = 1.90> <CoreInst = "DAddSub_fulldsp">   --->   Core 37 'DAddSub_fulldsp' <Latency = 7> <II = 1> <Delay = 1.90> <FuncUnit> <Opcode : 'dadd' 'dsub'> <InPorts = 2> <OutPorts = 1>
ST_46 : Operation 283 [1/8] (1.90ns)   --->   "%add_i = dadd i64 %ep, i64 %em" [../source/hls.cpp:13->../source/hls.cpp:248]   --->   Operation 283 'dadd' 'add_i' <Predicate = true> <Delay = 1.90> <CoreInst = "DAddSub_fulldsp">   --->   Core 37 'DAddSub_fulldsp' <Latency = 7> <II = 1> <Delay = 1.90> <FuncUnit> <Opcode : 'dadd' 'dsub'> <InPorts = 2> <OutPorts = 1>

State 47 <SV = 46> <Delay = 2.35>
ST_47 : Operation 284 [31/31] (2.35ns)   --->   "%div_i = ddiv i64 %sub1_i, i64 %add_i" [../source/hls.cpp:13->../source/hls.cpp:248]   --->   Operation 284 'ddiv' 'div_i' <Predicate = true> <Delay = 2.35> <CoreInst = "DDiv">   --->   Core 39 'DDiv' <Latency = 30> <II = 1> <Delay = 2.35> <FuncUnit> <Opcode : 'ddiv' 'drem'> <InPorts = 2> <OutPorts = 1>

State 48 <SV = 47> <Delay = 2.35>
ST_48 : Operation 285 [30/31] (2.35ns)   --->   "%div_i = ddiv i64 %sub1_i, i64 %add_i" [../source/hls.cpp:13->../source/hls.cpp:248]   --->   Operation 285 'ddiv' 'div_i' <Predicate = true> <Delay = 2.35> <CoreInst = "DDiv">   --->   Core 39 'DDiv' <Latency = 30> <II = 1> <Delay = 2.35> <FuncUnit> <Opcode : 'ddiv' 'drem'> <InPorts = 2> <OutPorts = 1>

State 49 <SV = 48> <Delay = 2.35>
ST_49 : Operation 286 [29/31] (2.35ns)   --->   "%div_i = ddiv i64 %sub1_i, i64 %add_i" [../source/hls.cpp:13->../source/hls.cpp:248]   --->   Operation 286 'ddiv' 'div_i' <Predicate = true> <Delay = 2.35> <CoreInst = "DDiv">   --->   Core 39 'DDiv' <Latency = 30> <II = 1> <Delay = 2.35> <FuncUnit> <Opcode : 'ddiv' 'drem'> <InPorts = 2> <OutPorts = 1>

State 50 <SV = 49> <Delay = 2.35>
ST_50 : Operation 287 [28/31] (2.35ns)   --->   "%div_i = ddiv i64 %sub1_i, i64 %add_i" [../source/hls.cpp:13->../source/hls.cpp:248]   --->   Operation 287 'ddiv' 'div_i' <Predicate = true> <Delay = 2.35> <CoreInst = "DDiv">   --->   Core 39 'DDiv' <Latency = 30> <II = 1> <Delay = 2.35> <FuncUnit> <Opcode : 'ddiv' 'drem'> <InPorts = 2> <OutPorts = 1>

State 51 <SV = 50> <Delay = 2.35>
ST_51 : Operation 288 [27/31] (2.35ns)   --->   "%div_i = ddiv i64 %sub1_i, i64 %add_i" [../source/hls.cpp:13->../source/hls.cpp:248]   --->   Operation 288 'ddiv' 'div_i' <Predicate = true> <Delay = 2.35> <CoreInst = "DDiv">   --->   Core 39 'DDiv' <Latency = 30> <II = 1> <Delay = 2.35> <FuncUnit> <Opcode : 'ddiv' 'drem'> <InPorts = 2> <OutPorts = 1>

State 52 <SV = 51> <Delay = 2.35>
ST_52 : Operation 289 [26/31] (2.35ns)   --->   "%div_i = ddiv i64 %sub1_i, i64 %add_i" [../source/hls.cpp:13->../source/hls.cpp:248]   --->   Operation 289 'ddiv' 'div_i' <Predicate = true> <Delay = 2.35> <CoreInst = "DDiv">   --->   Core 39 'DDiv' <Latency = 30> <II = 1> <Delay = 2.35> <FuncUnit> <Opcode : 'ddiv' 'drem'> <InPorts = 2> <OutPorts = 1>

State 53 <SV = 52> <Delay = 2.35>
ST_53 : Operation 290 [25/31] (2.35ns)   --->   "%div_i = ddiv i64 %sub1_i, i64 %add_i" [../source/hls.cpp:13->../source/hls.cpp:248]   --->   Operation 290 'ddiv' 'div_i' <Predicate = true> <Delay = 2.35> <CoreInst = "DDiv">   --->   Core 39 'DDiv' <Latency = 30> <II = 1> <Delay = 2.35> <FuncUnit> <Opcode : 'ddiv' 'drem'> <InPorts = 2> <OutPorts = 1>

State 54 <SV = 53> <Delay = 2.35>
ST_54 : Operation 291 [24/31] (2.35ns)   --->   "%div_i = ddiv i64 %sub1_i, i64 %add_i" [../source/hls.cpp:13->../source/hls.cpp:248]   --->   Operation 291 'ddiv' 'div_i' <Predicate = true> <Delay = 2.35> <CoreInst = "DDiv">   --->   Core 39 'DDiv' <Latency = 30> <II = 1> <Delay = 2.35> <FuncUnit> <Opcode : 'ddiv' 'drem'> <InPorts = 2> <OutPorts = 1>

State 55 <SV = 54> <Delay = 2.35>
ST_55 : Operation 292 [23/31] (2.35ns)   --->   "%div_i = ddiv i64 %sub1_i, i64 %add_i" [../source/hls.cpp:13->../source/hls.cpp:248]   --->   Operation 292 'ddiv' 'div_i' <Predicate = true> <Delay = 2.35> <CoreInst = "DDiv">   --->   Core 39 'DDiv' <Latency = 30> <II = 1> <Delay = 2.35> <FuncUnit> <Opcode : 'ddiv' 'drem'> <InPorts = 2> <OutPorts = 1>

State 56 <SV = 55> <Delay = 2.35>
ST_56 : Operation 293 [22/31] (2.35ns)   --->   "%div_i = ddiv i64 %sub1_i, i64 %add_i" [../source/hls.cpp:13->../source/hls.cpp:248]   --->   Operation 293 'ddiv' 'div_i' <Predicate = true> <Delay = 2.35> <CoreInst = "DDiv">   --->   Core 39 'DDiv' <Latency = 30> <II = 1> <Delay = 2.35> <FuncUnit> <Opcode : 'ddiv' 'drem'> <InPorts = 2> <OutPorts = 1>

State 57 <SV = 56> <Delay = 2.35>
ST_57 : Operation 294 [21/31] (2.35ns)   --->   "%div_i = ddiv i64 %sub1_i, i64 %add_i" [../source/hls.cpp:13->../source/hls.cpp:248]   --->   Operation 294 'ddiv' 'div_i' <Predicate = true> <Delay = 2.35> <CoreInst = "DDiv">   --->   Core 39 'DDiv' <Latency = 30> <II = 1> <Delay = 2.35> <FuncUnit> <Opcode : 'ddiv' 'drem'> <InPorts = 2> <OutPorts = 1>

State 58 <SV = 57> <Delay = 2.35>
ST_58 : Operation 295 [20/31] (2.35ns)   --->   "%div_i = ddiv i64 %sub1_i, i64 %add_i" [../source/hls.cpp:13->../source/hls.cpp:248]   --->   Operation 295 'ddiv' 'div_i' <Predicate = true> <Delay = 2.35> <CoreInst = "DDiv">   --->   Core 39 'DDiv' <Latency = 30> <II = 1> <Delay = 2.35> <FuncUnit> <Opcode : 'ddiv' 'drem'> <InPorts = 2> <OutPorts = 1>

State 59 <SV = 58> <Delay = 2.35>
ST_59 : Operation 296 [19/31] (2.35ns)   --->   "%div_i = ddiv i64 %sub1_i, i64 %add_i" [../source/hls.cpp:13->../source/hls.cpp:248]   --->   Operation 296 'ddiv' 'div_i' <Predicate = true> <Delay = 2.35> <CoreInst = "DDiv">   --->   Core 39 'DDiv' <Latency = 30> <II = 1> <Delay = 2.35> <FuncUnit> <Opcode : 'ddiv' 'drem'> <InPorts = 2> <OutPorts = 1>

State 60 <SV = 59> <Delay = 2.35>
ST_60 : Operation 297 [18/31] (2.35ns)   --->   "%div_i = ddiv i64 %sub1_i, i64 %add_i" [../source/hls.cpp:13->../source/hls.cpp:248]   --->   Operation 297 'ddiv' 'div_i' <Predicate = true> <Delay = 2.35> <CoreInst = "DDiv">   --->   Core 39 'DDiv' <Latency = 30> <II = 1> <Delay = 2.35> <FuncUnit> <Opcode : 'ddiv' 'drem'> <InPorts = 2> <OutPorts = 1>

State 61 <SV = 60> <Delay = 2.35>
ST_61 : Operation 298 [17/31] (2.35ns)   --->   "%div_i = ddiv i64 %sub1_i, i64 %add_i" [../source/hls.cpp:13->../source/hls.cpp:248]   --->   Operation 298 'ddiv' 'div_i' <Predicate = true> <Delay = 2.35> <CoreInst = "DDiv">   --->   Core 39 'DDiv' <Latency = 30> <II = 1> <Delay = 2.35> <FuncUnit> <Opcode : 'ddiv' 'drem'> <InPorts = 2> <OutPorts = 1>

State 62 <SV = 61> <Delay = 2.35>
ST_62 : Operation 299 [16/31] (2.35ns)   --->   "%div_i = ddiv i64 %sub1_i, i64 %add_i" [../source/hls.cpp:13->../source/hls.cpp:248]   --->   Operation 299 'ddiv' 'div_i' <Predicate = true> <Delay = 2.35> <CoreInst = "DDiv">   --->   Core 39 'DDiv' <Latency = 30> <II = 1> <Delay = 2.35> <FuncUnit> <Opcode : 'ddiv' 'drem'> <InPorts = 2> <OutPorts = 1>

State 63 <SV = 62> <Delay = 2.35>
ST_63 : Operation 300 [15/31] (2.35ns)   --->   "%div_i = ddiv i64 %sub1_i, i64 %add_i" [../source/hls.cpp:13->../source/hls.cpp:248]   --->   Operation 300 'ddiv' 'div_i' <Predicate = true> <Delay = 2.35> <CoreInst = "DDiv">   --->   Core 39 'DDiv' <Latency = 30> <II = 1> <Delay = 2.35> <FuncUnit> <Opcode : 'ddiv' 'drem'> <InPorts = 2> <OutPorts = 1>

State 64 <SV = 63> <Delay = 2.35>
ST_64 : Operation 301 [14/31] (2.35ns)   --->   "%div_i = ddiv i64 %sub1_i, i64 %add_i" [../source/hls.cpp:13->../source/hls.cpp:248]   --->   Operation 301 'ddiv' 'div_i' <Predicate = true> <Delay = 2.35> <CoreInst = "DDiv">   --->   Core 39 'DDiv' <Latency = 30> <II = 1> <Delay = 2.35> <FuncUnit> <Opcode : 'ddiv' 'drem'> <InPorts = 2> <OutPorts = 1>

State 65 <SV = 64> <Delay = 2.35>
ST_65 : Operation 302 [13/31] (2.35ns)   --->   "%div_i = ddiv i64 %sub1_i, i64 %add_i" [../source/hls.cpp:13->../source/hls.cpp:248]   --->   Operation 302 'ddiv' 'div_i' <Predicate = true> <Delay = 2.35> <CoreInst = "DDiv">   --->   Core 39 'DDiv' <Latency = 30> <II = 1> <Delay = 2.35> <FuncUnit> <Opcode : 'ddiv' 'drem'> <InPorts = 2> <OutPorts = 1>

State 66 <SV = 65> <Delay = 2.35>
ST_66 : Operation 303 [12/31] (2.35ns)   --->   "%div_i = ddiv i64 %sub1_i, i64 %add_i" [../source/hls.cpp:13->../source/hls.cpp:248]   --->   Operation 303 'ddiv' 'div_i' <Predicate = true> <Delay = 2.35> <CoreInst = "DDiv">   --->   Core 39 'DDiv' <Latency = 30> <II = 1> <Delay = 2.35> <FuncUnit> <Opcode : 'ddiv' 'drem'> <InPorts = 2> <OutPorts = 1>

State 67 <SV = 66> <Delay = 2.35>
ST_67 : Operation 304 [11/31] (2.35ns)   --->   "%div_i = ddiv i64 %sub1_i, i64 %add_i" [../source/hls.cpp:13->../source/hls.cpp:248]   --->   Operation 304 'ddiv' 'div_i' <Predicate = true> <Delay = 2.35> <CoreInst = "DDiv">   --->   Core 39 'DDiv' <Latency = 30> <II = 1> <Delay = 2.35> <FuncUnit> <Opcode : 'ddiv' 'drem'> <InPorts = 2> <OutPorts = 1>

State 68 <SV = 67> <Delay = 2.35>
ST_68 : Operation 305 [10/31] (2.35ns)   --->   "%div_i = ddiv i64 %sub1_i, i64 %add_i" [../source/hls.cpp:13->../source/hls.cpp:248]   --->   Operation 305 'ddiv' 'div_i' <Predicate = true> <Delay = 2.35> <CoreInst = "DDiv">   --->   Core 39 'DDiv' <Latency = 30> <II = 1> <Delay = 2.35> <FuncUnit> <Opcode : 'ddiv' 'drem'> <InPorts = 2> <OutPorts = 1>

State 69 <SV = 68> <Delay = 2.35>
ST_69 : Operation 306 [9/31] (2.35ns)   --->   "%div_i = ddiv i64 %sub1_i, i64 %add_i" [../source/hls.cpp:13->../source/hls.cpp:248]   --->   Operation 306 'ddiv' 'div_i' <Predicate = true> <Delay = 2.35> <CoreInst = "DDiv">   --->   Core 39 'DDiv' <Latency = 30> <II = 1> <Delay = 2.35> <FuncUnit> <Opcode : 'ddiv' 'drem'> <InPorts = 2> <OutPorts = 1>

State 70 <SV = 69> <Delay = 2.35>
ST_70 : Operation 307 [8/31] (2.35ns)   --->   "%div_i = ddiv i64 %sub1_i, i64 %add_i" [../source/hls.cpp:13->../source/hls.cpp:248]   --->   Operation 307 'ddiv' 'div_i' <Predicate = true> <Delay = 2.35> <CoreInst = "DDiv">   --->   Core 39 'DDiv' <Latency = 30> <II = 1> <Delay = 2.35> <FuncUnit> <Opcode : 'ddiv' 'drem'> <InPorts = 2> <OutPorts = 1>

State 71 <SV = 70> <Delay = 2.35>
ST_71 : Operation 308 [7/31] (2.35ns)   --->   "%div_i = ddiv i64 %sub1_i, i64 %add_i" [../source/hls.cpp:13->../source/hls.cpp:248]   --->   Operation 308 'ddiv' 'div_i' <Predicate = true> <Delay = 2.35> <CoreInst = "DDiv">   --->   Core 39 'DDiv' <Latency = 30> <II = 1> <Delay = 2.35> <FuncUnit> <Opcode : 'ddiv' 'drem'> <InPorts = 2> <OutPorts = 1>

State 72 <SV = 71> <Delay = 2.35>
ST_72 : Operation 309 [6/31] (2.35ns)   --->   "%div_i = ddiv i64 %sub1_i, i64 %add_i" [../source/hls.cpp:13->../source/hls.cpp:248]   --->   Operation 309 'ddiv' 'div_i' <Predicate = true> <Delay = 2.35> <CoreInst = "DDiv">   --->   Core 39 'DDiv' <Latency = 30> <II = 1> <Delay = 2.35> <FuncUnit> <Opcode : 'ddiv' 'drem'> <InPorts = 2> <OutPorts = 1>

State 73 <SV = 72> <Delay = 2.35>
ST_73 : Operation 310 [5/31] (2.35ns)   --->   "%div_i = ddiv i64 %sub1_i, i64 %add_i" [../source/hls.cpp:13->../source/hls.cpp:248]   --->   Operation 310 'ddiv' 'div_i' <Predicate = true> <Delay = 2.35> <CoreInst = "DDiv">   --->   Core 39 'DDiv' <Latency = 30> <II = 1> <Delay = 2.35> <FuncUnit> <Opcode : 'ddiv' 'drem'> <InPorts = 2> <OutPorts = 1>

State 74 <SV = 73> <Delay = 2.35>
ST_74 : Operation 311 [4/31] (2.35ns)   --->   "%div_i = ddiv i64 %sub1_i, i64 %add_i" [../source/hls.cpp:13->../source/hls.cpp:248]   --->   Operation 311 'ddiv' 'div_i' <Predicate = true> <Delay = 2.35> <CoreInst = "DDiv">   --->   Core 39 'DDiv' <Latency = 30> <II = 1> <Delay = 2.35> <FuncUnit> <Opcode : 'ddiv' 'drem'> <InPorts = 2> <OutPorts = 1>

State 75 <SV = 74> <Delay = 2.35>
ST_75 : Operation 312 [3/31] (2.35ns)   --->   "%div_i = ddiv i64 %sub1_i, i64 %add_i" [../source/hls.cpp:13->../source/hls.cpp:248]   --->   Operation 312 'ddiv' 'div_i' <Predicate = true> <Delay = 2.35> <CoreInst = "DDiv">   --->   Core 39 'DDiv' <Latency = 30> <II = 1> <Delay = 2.35> <FuncUnit> <Opcode : 'ddiv' 'drem'> <InPorts = 2> <OutPorts = 1>

State 76 <SV = 75> <Delay = 2.35>
ST_76 : Operation 313 [2/31] (2.35ns)   --->   "%div_i = ddiv i64 %sub1_i, i64 %add_i" [../source/hls.cpp:13->../source/hls.cpp:248]   --->   Operation 313 'ddiv' 'div_i' <Predicate = true> <Delay = 2.35> <CoreInst = "DDiv">   --->   Core 39 'DDiv' <Latency = 30> <II = 1> <Delay = 2.35> <FuncUnit> <Opcode : 'ddiv' 'drem'> <InPorts = 2> <OutPorts = 1>

State 77 <SV = 76> <Delay = 2.35>
ST_77 : Operation 314 [1/31] (2.35ns)   --->   "%div_i = ddiv i64 %sub1_i, i64 %add_i" [../source/hls.cpp:13->../source/hls.cpp:248]   --->   Operation 314 'ddiv' 'div_i' <Predicate = true> <Delay = 2.35> <CoreInst = "DDiv">   --->   Core 39 'DDiv' <Latency = 30> <II = 1> <Delay = 2.35> <FuncUnit> <Opcode : 'ddiv' 'drem'> <InPorts = 2> <OutPorts = 1>

State 78 <SV = 77> <Delay = 0.96>
ST_78 : Operation 315 [1/1] (0.00ns)   --->   "%specloopname_ln237 = specloopname void @_ssdm_op_SpecLoopName, void @empty_4" [../source/hls.cpp:237]   --->   Operation 315 'specloopname' 'specloopname_ln237' <Predicate = true> <Delay = 0.00>
ST_78 : Operation 316 [1/1] (0.00ns)   --->   "%zext_ln248 = zext i17 %add_ln248_1" [../source/hls.cpp:248]   --->   Operation 316 'zext' 'zext_ln248' <Predicate = true> <Delay = 0.00>
ST_78 : Operation 317 [1/1] (0.00ns)   --->   "%s2_pooling_layer_map_data_addr = getelementptr i64 %s2_pooling_layer_map_data, i64 0, i64 %zext_ln248" [../source/hls.cpp:248]   --->   Operation 317 'getelementptr' 's2_pooling_layer_map_data_addr' <Predicate = true> <Delay = 0.00>
ST_78 : Operation 318 [1/1] (0.00ns)   --->   "%bitcast_ln248 = bitcast i64 %div_i" [../source/hls.cpp:248]   --->   Operation 318 'bitcast' 'bitcast_ln248' <Predicate = true> <Delay = 0.00>
ST_78 : Operation 319 [1/1] ( I:0.96ns O:0.96ns )   --->   "%store_ln248 = store i64 %bitcast_ln248, i17 %s2_pooling_layer_map_data_addr" [../source/hls.cpp:248]   --->   Operation 319 'store' 'store_ln248' <Predicate = true> <Delay = 0.96> <CoreInst = "RAM">   --->   Core 82 'RAM' <Latency = 2> <II = 1> <Delay = 0.96> <Storage> <Opcode : 'load' 'store'> <Ports = 2> <Width = 64> <Depth = 122880> <RAM>
ST_78 : Operation 320 [1/1] (0.00ns)   --->   "%br_ln237 = br void %VITIS_LOOP_240_4" [../source/hls.cpp:237]   --->   Operation 320 'br' 'br_ln237' <Predicate = true> <Delay = 0.00>


============================================================
+ Verbose Summary: Timing violations
============================================================
Target clock period: 3.300ns, clock uncertainty: 0.891ns.

 <State 1>: 0.387ns
The critical path consists of the following:
	'alloca' operation 31 bit ('k', ../source/hls.cpp:233) [28]  (0.000 ns)
	'store' operation 0 bit ('store_ln233', ../source/hls.cpp:233) of constant 0 on local variable 'k', ../source/hls.cpp:233 [92]  (0.387 ns)

 <State 2>: 1.267ns
The critical path consists of the following:
	'load' operation 31 bit ('k', ../source/hls.cpp:233) on local variable 'k', ../source/hls.cpp:233 [95]  (0.000 ns)
	'icmp' operation 1 bit ('icmp_ln233', ../source/hls.cpp:233) [97]  (0.880 ns)
	blocking operation 0.387 ns on control path)

 <State 3>: 1.987ns
The critical path consists of the following:
	'phi' operation 31 bit ('i') with incoming values : ('indvars_iv_next39') [106]  (0.000 ns)
	'mul' operation 17 bit ('empty_16', ../source/hls.cpp:235) [118]  (1.987 ns)

 <State 4>: 1.576ns
The critical path consists of the following:
	'phi' operation 31 bit ('j') with incoming values : ('indvars_iv_next31') [125]  (0.000 ns)
	'add' operation 16 bit ('add_ln239', ../source/hls.cpp:239) [136]  (0.785 ns)
	'add' operation 17 bit ('add_ln239_1', ../source/hls.cpp:239) [138]  (0.791 ns)

 <State 5>: 2.983ns
The critical path consists of the following:
	'getelementptr' operation 17 bit ('c1_conv_layer_map_data_addr', ../source/hls.cpp:239) [140]  (0.000 ns)
	'load' operation 64 bit ('c1_conv_layer_map_data_load', ../source/hls.cpp:239) on array 'c1_conv_layer_map_data' [141]  (2.983 ns)

 <State 6>: 2.983ns
The critical path consists of the following:
	'load' operation 64 bit ('c1_conv_layer_map_data_load', ../source/hls.cpp:239) on array 'c1_conv_layer_map_data' [141]  (2.983 ns)

 <State 7>: 0.387ns
The critical path consists of the following:
	'call' operation 0 bit ('call_ln235', ../source/hls.cpp:235) to 'max_pooling_fprop1_Pipeline_VITIS_LOOP_240_4' [145]  (0.387 ns)

 <State 8>: 0.000ns
The critical path consists of the following:

 <State 9>: 2.077ns
The critical path consists of the following:
	'load' operation 64 bit ('max_value_1_loc_load') on local variable 'max_value_1_loc' [146]  (0.000 ns)
	'xor' operation 1 bit ('xor_ln11', ../source/hls.cpp:11->../source/hls.cpp:248) [150]  (0.122 ns)
	'dexp' operation 64 bit ('em', ../source/hls.cpp:11->../source/hls.cpp:248) [154]  (1.955 ns)

 <State 10>: 1.955ns
The critical path consists of the following:
	'dexp' operation 64 bit ('ep', ../source/hls.cpp:10->../source/hls.cpp:248) [147]  (1.955 ns)

 <State 11>: 1.955ns
The critical path consists of the following:
	'dexp' operation 64 bit ('ep', ../source/hls.cpp:10->../source/hls.cpp:248) [147]  (1.955 ns)

 <State 12>: 1.955ns
The critical path consists of the following:
	'dexp' operation 64 bit ('ep', ../source/hls.cpp:10->../source/hls.cpp:248) [147]  (1.955 ns)

 <State 13>: 1.955ns
The critical path consists of the following:
	'dexp' operation 64 bit ('ep', ../source/hls.cpp:10->../source/hls.cpp:248) [147]  (1.955 ns)

 <State 14>: 1.955ns
The critical path consists of the following:
	'dexp' operation 64 bit ('ep', ../source/hls.cpp:10->../source/hls.cpp:248) [147]  (1.955 ns)

 <State 15>: 1.955ns
The critical path consists of the following:
	'dexp' operation 64 bit ('ep', ../source/hls.cpp:10->../source/hls.cpp:248) [147]  (1.955 ns)

 <State 16>: 1.955ns
The critical path consists of the following:
	'dexp' operation 64 bit ('ep', ../source/hls.cpp:10->../source/hls.cpp:248) [147]  (1.955 ns)

 <State 17>: 1.955ns
The critical path consists of the following:
	'dexp' operation 64 bit ('ep', ../source/hls.cpp:10->../source/hls.cpp:248) [147]  (1.955 ns)

 <State 18>: 1.955ns
The critical path consists of the following:
	'dexp' operation 64 bit ('ep', ../source/hls.cpp:10->../source/hls.cpp:248) [147]  (1.955 ns)

 <State 19>: 1.955ns
The critical path consists of the following:
	'dexp' operation 64 bit ('ep', ../source/hls.cpp:10->../source/hls.cpp:248) [147]  (1.955 ns)

 <State 20>: 1.955ns
The critical path consists of the following:
	'dexp' operation 64 bit ('ep', ../source/hls.cpp:10->../source/hls.cpp:248) [147]  (1.955 ns)

 <State 21>: 1.955ns
The critical path consists of the following:
	'dexp' operation 64 bit ('ep', ../source/hls.cpp:10->../source/hls.cpp:248) [147]  (1.955 ns)

 <State 22>: 1.955ns
The critical path consists of the following:
	'dexp' operation 64 bit ('ep', ../source/hls.cpp:10->../source/hls.cpp:248) [147]  (1.955 ns)

 <State 23>: 1.955ns
The critical path consists of the following:
	'dexp' operation 64 bit ('ep', ../source/hls.cpp:10->../source/hls.cpp:248) [147]  (1.955 ns)

 <State 24>: 1.955ns
The critical path consists of the following:
	'dexp' operation 64 bit ('ep', ../source/hls.cpp:10->../source/hls.cpp:248) [147]  (1.955 ns)

 <State 25>: 1.955ns
The critical path consists of the following:
	'dexp' operation 64 bit ('ep', ../source/hls.cpp:10->../source/hls.cpp:248) [147]  (1.955 ns)

 <State 26>: 1.955ns
The critical path consists of the following:
	'dexp' operation 64 bit ('ep', ../source/hls.cpp:10->../source/hls.cpp:248) [147]  (1.955 ns)

 <State 27>: 1.955ns
The critical path consists of the following:
	'dexp' operation 64 bit ('ep', ../source/hls.cpp:10->../source/hls.cpp:248) [147]  (1.955 ns)

 <State 28>: 1.955ns
The critical path consists of the following:
	'dexp' operation 64 bit ('ep', ../source/hls.cpp:10->../source/hls.cpp:248) [147]  (1.955 ns)

 <State 29>: 1.955ns
The critical path consists of the following:
	'dexp' operation 64 bit ('ep', ../source/hls.cpp:10->../source/hls.cpp:248) [147]  (1.955 ns)

 <State 30>: 1.955ns
The critical path consists of the following:
	'dexp' operation 64 bit ('ep', ../source/hls.cpp:10->../source/hls.cpp:248) [147]  (1.955 ns)

 <State 31>: 1.955ns
The critical path consists of the following:
	'dexp' operation 64 bit ('ep', ../source/hls.cpp:10->../source/hls.cpp:248) [147]  (1.955 ns)

 <State 32>: 1.955ns
The critical path consists of the following:
	'dexp' operation 64 bit ('ep', ../source/hls.cpp:10->../source/hls.cpp:248) [147]  (1.955 ns)

 <State 33>: 1.955ns
The critical path consists of the following:
	'dexp' operation 64 bit ('ep', ../source/hls.cpp:10->../source/hls.cpp:248) [147]  (1.955 ns)

 <State 34>: 1.955ns
The critical path consists of the following:
	'dexp' operation 64 bit ('ep', ../source/hls.cpp:10->../source/hls.cpp:248) [147]  (1.955 ns)

 <State 35>: 1.955ns
The critical path consists of the following:
	'dexp' operation 64 bit ('ep', ../source/hls.cpp:10->../source/hls.cpp:248) [147]  (1.955 ns)

 <State 36>: 1.955ns
The critical path consists of the following:
	'dexp' operation 64 bit ('ep', ../source/hls.cpp:10->../source/hls.cpp:248) [147]  (1.955 ns)

 <State 37>: 1.955ns
The critical path consists of the following:
	'dexp' operation 64 bit ('ep', ../source/hls.cpp:10->../source/hls.cpp:248) [147]  (1.955 ns)

 <State 38>: 1.955ns
The critical path consists of the following:
	'dexp' operation 64 bit ('ep', ../source/hls.cpp:10->../source/hls.cpp:248) [147]  (1.955 ns)

 <State 39>: 1.905ns
The critical path consists of the following:
	'dsub' operation 64 bit ('sub1_i', ../source/hls.cpp:13->../source/hls.cpp:248) [155]  (1.905 ns)

 <State 40>: 1.905ns
The critical path consists of the following:
	'dsub' operation 64 bit ('sub1_i', ../source/hls.cpp:13->../source/hls.cpp:248) [155]  (1.905 ns)

 <State 41>: 1.905ns
The critical path consists of the following:
	'dsub' operation 64 bit ('sub1_i', ../source/hls.cpp:13->../source/hls.cpp:248) [155]  (1.905 ns)

 <State 42>: 1.905ns
The critical path consists of the following:
	'dsub' operation 64 bit ('sub1_i', ../source/hls.cpp:13->../source/hls.cpp:248) [155]  (1.905 ns)

 <State 43>: 1.905ns
The critical path consists of the following:
	'dsub' operation 64 bit ('sub1_i', ../source/hls.cpp:13->../source/hls.cpp:248) [155]  (1.905 ns)

 <State 44>: 1.905ns
The critical path consists of the following:
	'dsub' operation 64 bit ('sub1_i', ../source/hls.cpp:13->../source/hls.cpp:248) [155]  (1.905 ns)

 <State 45>: 1.905ns
The critical path consists of the following:
	'dsub' operation 64 bit ('sub1_i', ../source/hls.cpp:13->../source/hls.cpp:248) [155]  (1.905 ns)

 <State 46>: 1.905ns
The critical path consists of the following:
	'dsub' operation 64 bit ('sub1_i', ../source/hls.cpp:13->../source/hls.cpp:248) [155]  (1.905 ns)

 <State 47>: 2.354ns
The critical path consists of the following:
	'ddiv' operation 64 bit ('div_i', ../source/hls.cpp:13->../source/hls.cpp:248) [157]  (2.354 ns)

 <State 48>: 2.354ns
The critical path consists of the following:
	'ddiv' operation 64 bit ('div_i', ../source/hls.cpp:13->../source/hls.cpp:248) [157]  (2.354 ns)

 <State 49>: 2.354ns
The critical path consists of the following:
	'ddiv' operation 64 bit ('div_i', ../source/hls.cpp:13->../source/hls.cpp:248) [157]  (2.354 ns)

 <State 50>: 2.354ns
The critical path consists of the following:
	'ddiv' operation 64 bit ('div_i', ../source/hls.cpp:13->../source/hls.cpp:248) [157]  (2.354 ns)

 <State 51>: 2.354ns
The critical path consists of the following:
	'ddiv' operation 64 bit ('div_i', ../source/hls.cpp:13->../source/hls.cpp:248) [157]  (2.354 ns)

 <State 52>: 2.354ns
The critical path consists of the following:
	'ddiv' operation 64 bit ('div_i', ../source/hls.cpp:13->../source/hls.cpp:248) [157]  (2.354 ns)

 <State 53>: 2.354ns
The critical path consists of the following:
	'ddiv' operation 64 bit ('div_i', ../source/hls.cpp:13->../source/hls.cpp:248) [157]  (2.354 ns)

 <State 54>: 2.354ns
The critical path consists of the following:
	'ddiv' operation 64 bit ('div_i', ../source/hls.cpp:13->../source/hls.cpp:248) [157]  (2.354 ns)

 <State 55>: 2.354ns
The critical path consists of the following:
	'ddiv' operation 64 bit ('div_i', ../source/hls.cpp:13->../source/hls.cpp:248) [157]  (2.354 ns)

 <State 56>: 2.354ns
The critical path consists of the following:
	'ddiv' operation 64 bit ('div_i', ../source/hls.cpp:13->../source/hls.cpp:248) [157]  (2.354 ns)

 <State 57>: 2.354ns
The critical path consists of the following:
	'ddiv' operation 64 bit ('div_i', ../source/hls.cpp:13->../source/hls.cpp:248) [157]  (2.354 ns)

 <State 58>: 2.354ns
The critical path consists of the following:
	'ddiv' operation 64 bit ('div_i', ../source/hls.cpp:13->../source/hls.cpp:248) [157]  (2.354 ns)

 <State 59>: 2.354ns
The critical path consists of the following:
	'ddiv' operation 64 bit ('div_i', ../source/hls.cpp:13->../source/hls.cpp:248) [157]  (2.354 ns)

 <State 60>: 2.354ns
The critical path consists of the following:
	'ddiv' operation 64 bit ('div_i', ../source/hls.cpp:13->../source/hls.cpp:248) [157]  (2.354 ns)

 <State 61>: 2.354ns
The critical path consists of the following:
	'ddiv' operation 64 bit ('div_i', ../source/hls.cpp:13->../source/hls.cpp:248) [157]  (2.354 ns)

 <State 62>: 2.354ns
The critical path consists of the following:
	'ddiv' operation 64 bit ('div_i', ../source/hls.cpp:13->../source/hls.cpp:248) [157]  (2.354 ns)

 <State 63>: 2.354ns
The critical path consists of the following:
	'ddiv' operation 64 bit ('div_i', ../source/hls.cpp:13->../source/hls.cpp:248) [157]  (2.354 ns)

 <State 64>: 2.354ns
The critical path consists of the following:
	'ddiv' operation 64 bit ('div_i', ../source/hls.cpp:13->../source/hls.cpp:248) [157]  (2.354 ns)

 <State 65>: 2.354ns
The critical path consists of the following:
	'ddiv' operation 64 bit ('div_i', ../source/hls.cpp:13->../source/hls.cpp:248) [157]  (2.354 ns)

 <State 66>: 2.354ns
The critical path consists of the following:
	'ddiv' operation 64 bit ('div_i', ../source/hls.cpp:13->../source/hls.cpp:248) [157]  (2.354 ns)

 <State 67>: 2.354ns
The critical path consists of the following:
	'ddiv' operation 64 bit ('div_i', ../source/hls.cpp:13->../source/hls.cpp:248) [157]  (2.354 ns)

 <State 68>: 2.354ns
The critical path consists of the following:
	'ddiv' operation 64 bit ('div_i', ../source/hls.cpp:13->../source/hls.cpp:248) [157]  (2.354 ns)

 <State 69>: 2.354ns
The critical path consists of the following:
	'ddiv' operation 64 bit ('div_i', ../source/hls.cpp:13->../source/hls.cpp:248) [157]  (2.354 ns)

 <State 70>: 2.354ns
The critical path consists of the following:
	'ddiv' operation 64 bit ('div_i', ../source/hls.cpp:13->../source/hls.cpp:248) [157]  (2.354 ns)

 <State 71>: 2.354ns
The critical path consists of the following:
	'ddiv' operation 64 bit ('div_i', ../source/hls.cpp:13->../source/hls.cpp:248) [157]  (2.354 ns)

 <State 72>: 2.354ns
The critical path consists of the following:
	'ddiv' operation 64 bit ('div_i', ../source/hls.cpp:13->../source/hls.cpp:248) [157]  (2.354 ns)

 <State 73>: 2.354ns
The critical path consists of the following:
	'ddiv' operation 64 bit ('div_i', ../source/hls.cpp:13->../source/hls.cpp:248) [157]  (2.354 ns)

 <State 74>: 2.354ns
The critical path consists of the following:
	'ddiv' operation 64 bit ('div_i', ../source/hls.cpp:13->../source/hls.cpp:248) [157]  (2.354 ns)

 <State 75>: 2.354ns
The critical path consists of the following:
	'ddiv' operation 64 bit ('div_i', ../source/hls.cpp:13->../source/hls.cpp:248) [157]  (2.354 ns)

 <State 76>: 2.354ns
The critical path consists of the following:
	'ddiv' operation 64 bit ('div_i', ../source/hls.cpp:13->../source/hls.cpp:248) [157]  (2.354 ns)

 <State 77>: 2.354ns
The critical path consists of the following:
	'ddiv' operation 64 bit ('div_i', ../source/hls.cpp:13->../source/hls.cpp:248) [157]  (2.354 ns)

 <State 78>: 0.963ns
The critical path consists of the following:
	'getelementptr' operation 17 bit ('s2_pooling_layer_map_data_addr', ../source/hls.cpp:248) [161]  (0.000 ns)
	'store' operation 0 bit ('store_ln248', ../source/hls.cpp:248) of variable 'bitcast_ln248', ../source/hls.cpp:248 on array 's2_pooling_layer_map_data' [163]  (0.963 ns)


============================================================
+ Verbose Summary: Binding
============================================================
N/A
* FSMD analyzer results:
  - Output states:
 - Input state : 
  - Chain level:
	State 1
	State 2
	State 3
	State 4
	State 5
	State 6
	State 7
	State 8
	State 9
	State 10
	State 11
	State 12
	State 13
	State 14
	State 15
	State 16
	State 17
	State 18
	State 19
	State 20
	State 21
	State 22
	State 23
	State 24
	State 25
	State 26
	State 27
	State 28
	State 29
	State 30
	State 31
	State 32
	State 33
	State 34
	State 35
	State 36
	State 37
	State 38
	State 39
	State 40
	State 41
	State 42
	State 43
	State 44
	State 45
	State 46
	State 47
	State 48
	State 49
	State 50
	State 51
	State 52
	State 53
	State 54
	State 55
	State 56
	State 57
	State 58
	State 59
	State 60
	State 61
	State 62
	State 63
	State 64
	State 65
	State 66
	State 67
	State 68
	State 69
	State 70
	State 71
	State 72
	State 73
	State 74
	State 75
	State 76
	State 77
	State 78


============================================================
+ Verbose Summary: Datapath Resource usage 
============================================================
N/A
