==============================================================
Vitis HLS - High-Level Synthesis from C, C++ and OpenCL v2024.2 (64-bit)
Tool Version Limit: 2024.11
Copyright 1986-2022 Xilinx, Inc. All Rights Reserved.
Copyright 2022-2024 Advanced Micro Devices, Inc. All Rights Reserved.

==============================================================
INFO: [HLS 200-1505] Using flow_target 'vivado'
INFO: [HLS 200-1510] Running: set_part xcvu19p-fsvb3824-2-e 
INFO: [HLS 200-1510] Running: create_clock -period 3.3 -name default 
INFO: [SYN 201-201] Setting up clock 'default' with a period of 3.3ns.
INFO: [HLS 200-1510] Running: config_interface -clock_enable=true 
INFO: [HLS 200-1510] Running: csynth_design 
INFO: [HLS 200-111] Finished File checks and directory preparation: CPU user time: 0.16 seconds. CPU system time: 0.05 seconds. Elapsed time: 0.22 seconds; current allocated memory: 846.055 MB.
INFO: [HLS 200-10] Analyzing design file '../tutorial_example/source/hls.cpp' ... 
WARNING: [HLS 207-5292] unused parameter 'ap_core' (../tutorial_example/source/hls.cpp:11:28)
WARNING: [HLS 207-5292] unused parameter 'ap_part' (../tutorial_example/source/hls.cpp:11:45)
WARNING: [HLS 207-5292] unused parameter 'ap_parent' (../tutorial_example/source/hls.cpp:11:62)
WARNING: [HLS 207-5292] unused parameter 'ap_core' (../tutorial_example/source/hls.cpp:16:36)
WARNING: [HLS 207-5292] unused parameter 'ap_part' (../tutorial_example/source/hls.cpp:16:53)
WARNING: [HLS 207-5292] unused parameter 'ap_parent' (../tutorial_example/source/hls.cpp:16:70)
WARNING: [HLS 207-5292] unused parameter 'ap_core' (../tutorial_example/source/hls.cpp:25:24)
WARNING: [HLS 207-5292] unused parameter 'ap_part' (../tutorial_example/source/hls.cpp:25:41)
WARNING: [HLS 207-5292] unused parameter 'ap_parent' (../tutorial_example/source/hls.cpp:25:58)
WARNING: [HLS 207-5292] unused parameter 'ap_core' (../tutorial_example/source/hls.cpp:34:70)
WARNING: [HLS 207-5292] unused parameter 'ap_part' (../tutorial_example/source/hls.cpp:34:87)
WARNING: [HLS 207-5292] unused parameter 'ap_parent' (../tutorial_example/source/hls.cpp:34:104)
WARNING: [HLS 207-5292] unused parameter 'ap_core' (../tutorial_example/source/hls.cpp:44:25)
WARNING: [HLS 207-5292] unused parameter 'ap_part' (../tutorial_example/source/hls.cpp:44:42)
WARNING: [HLS 207-5292] unused parameter 'ap_parent' (../tutorial_example/source/hls.cpp:44:59)
WARNING: [HLS 207-5292] unused parameter 'ap_core' (../tutorial_example/source/hls.cpp:62:47)
WARNING: [HLS 207-5292] unused parameter 'ap_part' (../tutorial_example/source/hls.cpp:62:64)
WARNING: [HLS 207-5292] unused parameter 'ap_parent' (../tutorial_example/source/hls.cpp:62:81)
WARNING: [HLS 207-5292] unused parameter 'ap_core' (../tutorial_example/source/hls.cpp:117:22)
WARNING: [HLS 207-5292] unused parameter 'ap_part' (../tutorial_example/source/hls.cpp:117:39)
WARNING: [HLS 207-5292] unused parameter 'ap_parent' (../tutorial_example/source/hls.cpp:117:56)
INFO: [HLS 200-111] Finished Source Code Analysis and Preprocessing: CPU user time: 10.36 seconds. CPU system time: 2.86 seconds. Elapsed time: 13.27 seconds; current allocated memory: 846.055 MB.
INFO: [HLS 200-777] Using interface defaults for 'Vivado' flow target.
INFO: [HLS 200-1995] There were 18 instructions in the design after the 'Compile/Link' phase of compilation. See the Design Size Report for more details: /home/duludulu/Documents/vishare_tools/vitis_batch_generate_rtl/prj/vector_add_sol/syn/report/csynth_design_size.rpt
INFO: [HLS 200-1995] There were 9 instructions in the design after the 'Unroll/Inline (step 1)' phase of compilation. See the Design Size Report for more details: /home/duludulu/Documents/vishare_tools/vitis_batch_generate_rtl/prj/vector_add_sol/syn/report/csynth_design_size.rpt
INFO: [HLS 200-1995] There were 9 instructions in the design after the 'Unroll/Inline (step 2)' phase of compilation. See the Design Size Report for more details: /home/duludulu/Documents/vishare_tools/vitis_batch_generate_rtl/prj/vector_add_sol/syn/report/csynth_design_size.rpt
INFO: [HLS 200-1995] There were 9 instructions in the design after the 'Unroll/Inline (step 3)' phase of compilation. See the Design Size Report for more details: /home/duludulu/Documents/vishare_tools/vitis_batch_generate_rtl/prj/vector_add_sol/syn/report/csynth_design_size.rpt
INFO: [HLS 200-1995] There were 9 instructions in the design after the 'Unroll/Inline (step 4)' phase of compilation. See the Design Size Report for more details: /home/duludulu/Documents/vishare_tools/vitis_batch_generate_rtl/prj/vector_add_sol/syn/report/csynth_design_size.rpt
INFO: [HLS 200-1995] There were 9 instructions in the design after the 'Array/Struct (step 1)' phase of compilation. See the Design Size Report for more details: /home/duludulu/Documents/vishare_tools/vitis_batch_generate_rtl/prj/vector_add_sol/syn/report/csynth_design_size.rpt
INFO: [HLS 200-1995] There were 9 instructions in the design after the 'Array/Struct (step 2)' phase of compilation. See the Design Size Report for more details: /home/duludulu/Documents/vishare_tools/vitis_batch_generate_rtl/prj/vector_add_sol/syn/report/csynth_design_size.rpt
INFO: [HLS 200-1995] There were 9 instructions in the design after the 'Array/Struct (step 3)' phase of compilation. See the Design Size Report for more details: /home/duludulu/Documents/vishare_tools/vitis_batch_generate_rtl/prj/vector_add_sol/syn/report/csynth_design_size.rpt
INFO: [HLS 200-1995] There were 9 instructions in the design after the 'Array/Struct (step 4)' phase of compilation. See the Design Size Report for more details: /home/duludulu/Documents/vishare_tools/vitis_batch_generate_rtl/prj/vector_add_sol/syn/report/csynth_design_size.rpt
INFO: [HLS 200-1995] There were 9 instructions in the design after the 'Array/Struct (step 5)' phase of compilation. See the Design Size Report for more details: /home/duludulu/Documents/vishare_tools/vitis_batch_generate_rtl/prj/vector_add_sol/syn/report/csynth_design_size.rpt
INFO: [HLS 200-1995] There were 9 instructions in the design after the 'Performance (step 1)' phase of compilation. See the Design Size Report for more details: /home/duludulu/Documents/vishare_tools/vitis_batch_generate_rtl/prj/vector_add_sol/syn/report/csynth_design_size.rpt
INFO: [HLS 200-1995] There were 9 instructions in the design after the 'Performance (step 2)' phase of compilation. See the Design Size Report for more details: /home/duludulu/Documents/vishare_tools/vitis_batch_generate_rtl/prj/vector_add_sol/syn/report/csynth_design_size.rpt
INFO: [HLS 200-1995] There were 9 instructions in the design after the 'Performance (step 3)' phase of compilation. See the Design Size Report for more details: /home/duludulu/Documents/vishare_tools/vitis_batch_generate_rtl/prj/vector_add_sol/syn/report/csynth_design_size.rpt
INFO: [HLS 200-1995] There were 9 instructions in the design after the 'Performance (step 4)' phase of compilation. See the Design Size Report for more details: /home/duludulu/Documents/vishare_tools/vitis_batch_generate_rtl/prj/vector_add_sol/syn/report/csynth_design_size.rpt
INFO: [HLS 200-1995] There were 27 instructions in the design after the 'HW Transforms (step 1)' phase of compilation. See the Design Size Report for more details: /home/duludulu/Documents/vishare_tools/vitis_batch_generate_rtl/prj/vector_add_sol/syn/report/csynth_design_size.rpt
INFO: [HLS 200-1995] There were 28 instructions in the design after the 'HW Transforms (step 2)' phase of compilation. See the Design Size Report for more details: /home/duludulu/Documents/vishare_tools/vitis_batch_generate_rtl/prj/vector_add_sol/syn/report/csynth_design_size.rpt
INFO: [HLS 214-210] Disaggregating variable 'vec_s1' (../tutorial_example/source/hls.cpp:34:0)
INFO: [HLS 214-210] Disaggregating variable 'vec_s2' (../tutorial_example/source/hls.cpp:34:0)
INFO: [HLS 214-210] Disaggregating variable 'vec_d1' (../tutorial_example/source/hls.cpp:34:0)
INFO: [HLS 200-111] Finished Compiling Optimization and Transform: CPU user time: 5.07 seconds. CPU system time: 1.41 seconds. Elapsed time: 10.81 seconds; current allocated memory: 846.055 MB.
INFO: [HLS 200-111] Finished Checking Pragmas: CPU user time: 0.01 seconds. CPU system time: 0 seconds. Elapsed time: 0 seconds; current allocated memory: 846.055 MB.
INFO: [HLS 200-10] Starting code transformations ...
INFO: [HLS 200-111] Finished Standard Transforms: CPU user time: 0.02 seconds. CPU system time: 0.01 seconds. Elapsed time: 0.04 seconds; current allocated memory: 846.055 MB.
INFO: [HLS 200-10] Checking synthesizability ...
INFO: [HLS 200-111] Finished Checking Synthesizability: CPU user time: 0.03 seconds. CPU system time: 0.01 seconds. Elapsed time: 0.04 seconds; current allocated memory: 846.055 MB.
INFO: [HLS 200-111] Finished Loop, function and other optimizations: CPU user time: 0.06 seconds. CPU system time: 0.06 seconds. Elapsed time: 0.12 seconds; current allocated memory: 867.598 MB.
INFO: [HLS 200-111] Finished Architecture Synthesis: CPU user time: 0.05 seconds. CPU system time: 0.02 seconds. Elapsed time: 0.06 seconds; current allocated memory: 867.598 MB.
INFO: [HLS 200-10] Starting hardware synthesis ...
INFO: [HLS 200-10] Synthesizing 'vector_add' ...
INFO: [HLS 200-10] ----------------------------------------------------------------
INFO: [HLS 200-42] -- Implementing module 'vector_add' 
INFO: [HLS 200-10] ----------------------------------------------------------------
INFO: [SCHED 204-11] Starting scheduling ...
INFO: [SCHED 204-11] Finished scheduling.
INFO: [HLS 200-111] Finished Scheduling: CPU user time: 0.06 seconds. CPU system time: 0.11 seconds. Elapsed time: 0.15 seconds; current allocated memory: 867.598 MB.
INFO: [BIND 205-100] Starting micro-architecture generation ...
INFO: [BIND 205-101] Performing variable lifetime analysis.
INFO: [BIND 205-101] Exploring resource sharing.
INFO: [BIND 205-101] Binding ...
INFO: [BIND 205-100] Finished micro-architecture generation.
INFO: [HLS 200-111] Finished Binding: CPU user time: 0.04 seconds. CPU system time: 0.02 seconds. Elapsed time: 0.06 seconds; current allocated memory: 867.598 MB.
INFO: [HLS 200-10] ----------------------------------------------------------------
INFO: [HLS 200-10] -- Generating RTL for module 'vector_add' 
INFO: [HLS 200-10] ----------------------------------------------------------------
INFO: [RTGEN 206-500] Setting interface mode on port 'vector_add/ap_core' to 'ap_none'.
INFO: [RTGEN 206-500] Setting interface mode on port 'vector_add/ap_part' to 'ap_none'.
INFO: [RTGEN 206-500] Setting interface mode on port 'vector_add/ap_parent' to 'ap_none'.
INFO: [RTGEN 206-500] Setting interface mode on port 'vector_add/vec_d1_x' to 'ap_vld'.
INFO: [RTGEN 206-500] Setting interface mode on port 'vector_add/vec_d1_y' to 'ap_vld'.
INFO: [RTGEN 206-500] Setting interface mode on port 'vector_add/vec_s1_x' to 'ap_none'.
INFO: [RTGEN 206-500] Setting interface mode on port 'vector_add/vec_s1_y' to 'ap_none'.
INFO: [RTGEN 206-500] Setting interface mode on port 'vector_add/vec_s2_x' to 'ap_none'.
INFO: [RTGEN 206-500] Setting interface mode on port 'vector_add/vec_s2_y' to 'ap_none'.
INFO: [RTGEN 206-500] Setting interface mode on function 'vector_add' to 'ap_ctrl_hs'.
WARNING: [RTGEN 206-101] Port 'vector_add/ap_core' has no fanin or fanout and is left dangling.
               Please use C simulation to confirm this function argument can be read from or written to.
WARNING: [RTGEN 206-101] Port 'vector_add/ap_part' has no fanin or fanout and is left dangling.
               Please use C simulation to confirm this function argument can be read from or written to.
WARNING: [RTGEN 206-101] Port 'vector_add/ap_parent' has no fanin or fanout and is left dangling.
               Please use C simulation to confirm this function argument can be read from or written to.
INFO: [RTGEN 206-100] Finished creating RTL model for 'vector_add'.
INFO: [HLS 200-111] Finished Creating RTL model: CPU user time: 0.06 seconds. CPU system time: 0.04 seconds. Elapsed time: 0.11 seconds; current allocated memory: 867.598 MB.
INFO: [HLS 200-111] Finished Generating all RTL models: CPU user time: 0.24 seconds. CPU system time: 0.08 seconds. Elapsed time: 0.33 seconds; current allocated memory: 867.598 MB.
INFO: [HLS 200-111] Finished Updating report files: CPU user time: 0.42 seconds. CPU system time: 0.14 seconds. Elapsed time: 0.57 seconds; current allocated memory: 867.598 MB.
INFO: [VHDL 208-304] Generating VHDL RTL for vector_add.
INFO: [VLOG 209-307] Generating Verilog RTL for vector_add.
INFO: [HLS 200-789] **** Estimated Fmax: 1136.36 MHz
INFO: [HLS 200-2161] Finished Command csynth_design Elapsed time: 00:00:25; Allocated memory: 21.543 MB.
INFO: [HLS 200-1510] Running: close_solution 
